#
# There is insufficient memory for the Java Runtime Environment to continue.
# Native memory allocation (malloc) failed to allocate 1706576 bytes for Chunk::new
# Possible reasons:
#   The system is out of physical RAM or swap space
#   The process is running with CompressedOops enabled, and the Java Heap may be blocking the growth of the native heap
# Possible solutions:
#   Reduce memory load on the system
#   Increase physical memory or swap space
#   Check if swap backing store is full
#   Decrease Java heap size (-Xmx/-Xms)
#   Decrease number of Java threads
#   Decrease Java thread stack sizes (-Xss)
#   Set larger code cache with -XX:ReservedCodeCacheSize=
#   JVM is running with Unscaled Compressed Oops mode in which the Java heap is
#     placed in the first 4GB address space. The Java Heap base address is the
#     maximum limit for the native heap growth. Please use -XX:HeapBaseMinAddress
#     to set the Java Heap base and to place the Java Heap above 4GB virtual address.
# This output file may be truncated or incomplete.
#
#  Out of Memory Error (./src/hotspot/share/memory/arena.cpp:197), pid=12112, tid=14300
#
# JRE version: OpenJDK Runtime Environment (11.0.12+7) (build 11.0.12+7-b1504.28-7817840)
# Java VM: OpenJDK 64-Bit Server VM (11.0.12+7-b1504.28-7817840, mixed mode, tiered, compressed oops, g1 gc, windows-amd64)
# No core dump will be written. Minidumps are not enabled by default on client versions of Windows
#

---------------  S U M M A R Y ------------

Command Line: --add-opens=java.base/java.util=ALL-UNNAMED --add-opens=java.base/java.lang=ALL-UNNAMED --add-opens=java.base/java.lang.invoke=ALL-UNNAMED --add-opens=java.base/java.util=ALL-UNNAMED --add-opens=java.prefs/java.util.prefs=ALL-UNNAMED --add-opens=java.prefs/java.util.prefs=ALL-UNNAMED --add-opens=java.base/java.nio.charset=ALL-UNNAMED --add-opens=java.base/java.net=ALL-UNNAMED --add-opens=java.base/java.util.concurrent.atomic=ALL-UNNAMED -Xmx2048m -Dfile.encoding=UTF-8 -Duser.country=ID -Duser.language=en -Duser.variant org.gradle.launcher.daemon.bootstrap.GradleDaemon 7.2

Host: AMD Ryzen 5 3500U with Radeon Vega Mobile Gfx  , 8 cores, 3G,  Windows 10 , 64 bit Build 22000 (10.0.22000.675)
Time: Tue May 24 22:16:01 2022 SE Asia Standard Time elapsed time: 735.864191 seconds (0d 0h 12m 15s)

---------------  T H R E A D  ---------------

Current thread (0x00000261a103c000):  JavaThread "C2 CompilerThread0" daemon [_thread_in_native, id=14300, stack(0x00000086c8800000,0x00000086c8900000)]


Current CompileTask:
C2: 735864 14347       4       groovyjarjarantlr4.v4.runtime.atn.LexerATNSimulator::closure (258 bytes)

Stack: [0x00000086c8800000,0x00000086c8900000]
Native frames: (J=compiled Java code, j=interpreted, Vv=VM code, C=native code)
V  [jvm.dll+0x5fbcea]
V  [jvm.dll+0x731905]
V  [jvm.dll+0x732f1d]
V  [jvm.dll+0x7335d3]
V  [jvm.dll+0x247bf8]
V  [jvm.dll+0xc018c]
V  [jvm.dll+0xc06cc]
V  [jvm.dll+0x35b2db]
V  [jvm.dll+0x328803]
V  [jvm.dll+0x327cfa]
V  [jvm.dll+0x200602]
V  [jvm.dll+0x1ff794]
V  [jvm.dll+0x18868c]
V  [jvm.dll+0x20e0d7]
V  [jvm.dll+0x20c901]
V  [jvm.dll+0x6f9b7f]
V  [jvm.dll+0x6f26a5]
V  [jvm.dll+0x5fabf6]
C  [ucrtbase.dll+0x26c0c]
C  [KERNEL32.DLL+0x154e0]
C  [ntdll.dll+0x485b]


---------------  P R O C E S S  ---------------

Threads class SMR info:
_java_thread_list=0x00000261aba5e140, length=44, elements={
0x0000026186263000, 0x00000261a06ac800, 0x00000261a06b1800, 0x00000261a1030800,
0x00000261a1031000, 0x00000261a1032000, 0x00000261a103c000, 0x00000261a0712800,
0x00000261a0729000, 0x00000261a1183000, 0x00000261a2760800, 0x00000261a266b800,
0x00000261a2bef800, 0x00000261a3149800, 0x00000261a314c000, 0x00000261a314d000,
0x00000261a314a800, 0x00000261a3148000, 0x00000261a4efb000, 0x00000261a4efd000,
0x00000261a4efe800, 0x00000261a4ef9800, 0x00000261a4efa800, 0x00000261a52d2000,
0x00000261a52d8800, 0x00000261a52d5800, 0x00000261a52d3000, 0x00000261a52d3800,
0x00000261a81d8000, 0x00000261a81de800, 0x00000261a1e46000, 0x00000261a1e47800,
0x00000261a1e49000, 0x00000261a1e46800, 0x00000261a1e48800, 0x00000261a1e4a000,
0x00000261a1e44800, 0x00000261a1e4b000, 0x00000261a1e45000, 0x00000261a1e4b800,
0x00000261a1e4c800, 0x00000261a1e4d800, 0x00000261a1e4e000, 0x00000261a1e50800
}

Java Threads: ( => current thread )
  0x0000026186263000 JavaThread "main" [_thread_blocked, id=5376, stack(0x00000086c7c00000,0x00000086c7d00000)]
  0x00000261a06ac800 JavaThread "Reference Handler" daemon [_thread_blocked, id=4388, stack(0x00000086c8300000,0x00000086c8400000)]
  0x00000261a06b1800 JavaThread "Finalizer" daemon [_thread_blocked, id=8408, stack(0x00000086c8400000,0x00000086c8500000)]
  0x00000261a1030800 JavaThread "Signal Dispatcher" daemon [_thread_blocked, id=6548, stack(0x00000086c8500000,0x00000086c8600000)]
  0x00000261a1031000 JavaThread "Attach Listener" daemon [_thread_blocked, id=10652, stack(0x00000086c8600000,0x00000086c8700000)]
  0x00000261a1032000 JavaThread "Service Thread" daemon [_thread_blocked, id=3836, stack(0x00000086c8700000,0x00000086c8800000)]
=>0x00000261a103c000 JavaThread "C2 CompilerThread0" daemon [_thread_in_native, id=14300, stack(0x00000086c8800000,0x00000086c8900000)]
  0x00000261a0712800 JavaThread "C1 CompilerThread0" daemon [_thread_blocked, id=4276, stack(0x00000086c8900000,0x00000086c8a00000)]
  0x00000261a0729000 JavaThread "Sweeper thread" daemon [_thread_blocked, id=13732, stack(0x00000086c8a00000,0x00000086c8b00000)]
  0x00000261a1183000 JavaThread "Common-Cleaner" daemon [_thread_blocked, id=7272, stack(0x00000086c8b00000,0x00000086c8c00000)]
  0x00000261a2760800 JavaThread "Daemon health stats" [_thread_blocked, id=13864, stack(0x00000086c8e00000,0x00000086c8f00000)]
  0x00000261a266b800 JavaThread "Incoming local TCP Connector on port 64902" [_thread_in_native, id=7388, stack(0x00000086c8f00000,0x00000086c9000000)]
  0x00000261a2bef800 JavaThread "Daemon periodic checks" [_thread_blocked, id=9752, stack(0x00000086c9000000,0x00000086c9100000)]
  0x00000261a3149800 JavaThread "Cache worker for journal cache (C:\Users\ACER\.gradle\caches\journal-1)" [_thread_blocked, id=12548, stack(0x00000086c9e00000,0x00000086c9f00000)]
  0x00000261a314c000 JavaThread "File lock request listener" [_thread_in_native, id=12808, stack(0x00000086c9f00000,0x00000086ca000000)]
  0x00000261a314d000 JavaThread "Cache worker for file hash cache (C:\Users\ACER\.gradle\caches\7.2\fileHashes)" [_thread_blocked, id=8308, stack(0x00000086ca000000,0x00000086ca100000)]
  0x00000261a314a800 JavaThread "File watcher server" daemon [_thread_in_native, id=6184, stack(0x00000086ca300000,0x00000086ca400000)]
  0x00000261a3148000 JavaThread "File watcher consumer" daemon [_thread_blocked, id=6432, stack(0x00000086ca400000,0x00000086ca500000)]
  0x00000261a4efb000 JavaThread "Cache worker for execution history cache (C:\Users\ACER\.gradle\caches\7.2\executionHistory)" [_thread_blocked, id=13368, stack(0x00000086ca800000,0x00000086ca900000)]
  0x00000261a4efd000 JavaThread "jar transforms" [_thread_blocked, id=1164, stack(0x00000086ca900000,0x00000086caa00000)]
  0x00000261a4efe800 JavaThread "Cache worker for file content cache (C:\Users\ACER\.gradle\caches\7.2\fileContent)" [_thread_blocked, id=11448, stack(0x00000086caa00000,0x00000086cab00000)]
  0x00000261a4ef9800 JavaThread "jar transforms Thread 2" [_thread_blocked, id=9972, stack(0x00000086cab00000,0x00000086cac00000)]
  0x00000261a4efa800 JavaThread "jar transforms Thread 3" [_thread_blocked, id=12544, stack(0x00000086cad00000,0x00000086cae00000)]
  0x00000261a52d2000 JavaThread "jar transforms Thread 4" [_thread_blocked, id=6248, stack(0x00000086cff00000,0x00000086d0000000)]
  0x00000261a52d8800 JavaThread "jar transforms Thread 5" [_thread_blocked, id=5472, stack(0x00000086d0000000,0x00000086d0100000)]
  0x00000261a52d5800 JavaThread "jar transforms Thread 6" [_thread_blocked, id=6572, stack(0x00000086d0100000,0x00000086d0200000)]
  0x00000261a52d3000 JavaThread "jar transforms Thread 7" [_thread_blocked, id=5728, stack(0x00000086d0200000,0x00000086d0300000)]
  0x00000261a52d3800 JavaThread "jar transforms Thread 8" [_thread_blocked, id=8328, stack(0x00000086d0300000,0x00000086d0400000)]
  0x00000261a81d8000 JavaThread "Memory manager" [_thread_blocked, id=10376, stack(0x00000086d0400000,0x00000086d0500000)]
  0x00000261a81de800 JavaThread "RMI Scheduler(0)" daemon [_thread_blocked, id=12748, stack(0x00000086c7900000,0x00000086c7a00000)]
  0x00000261a1e46000 JavaThread "RMI GC Daemon" daemon [_thread_blocked, id=11472, stack(0x00000086c7b00000,0x00000086c7c00000)]
  0x00000261a1e47800 JavaThread "RMI TCP Accept-0" daemon [_thread_in_native, id=3120, stack(0x00000086d1500000,0x00000086d1600000)]
  0x00000261a1e49000 JavaThread "RMI Reaper" [_thread_blocked, id=8896, stack(0x00000086d1600000,0x00000086d1700000)]
  0x00000261a1e46800 JavaThread "Daemon Thread 2" [_thread_blocked, id=13040, stack(0x00000086c9200000,0x00000086c9300000)]
  0x00000261a1e48800 JavaThread "Handler for socket connection from /127.0.0.1:64902 to /127.0.0.1:55358" [_thread_in_native, id=7496, stack(0x00000086c9300000,0x00000086c9400000)]
  0x00000261a1e4a000 JavaThread "Cancel handler" [_thread_blocked, id=13124, stack(0x00000086c9400000,0x00000086c9500000)]
  0x00000261a1e44800 JavaThread "Daemon worker Thread 2" [_thread_in_Java, id=13532, stack(0x00000086c9500000,0x00000086c9600000)]
  0x00000261a1e4b000 JavaThread "Asynchronous log dispatcher for DefaultDaemonConnection: socket connection from /127.0.0.1:64902 to /127.0.0.1:55358" [_thread_blocked, id=10184, stack(0x00000086c9600000,0x00000086c9700000)]
  0x00000261a1e45000 JavaThread "Stdin handler" [_thread_blocked, id=1956, stack(0x00000086c9700000,0x00000086c9800000)]
  0x00000261a1e4b800 JavaThread "Daemon client event forwarder" [_thread_blocked, id=8152, stack(0x00000086ca500000,0x00000086ca600000)]
  0x00000261a1e4c800 JavaThread "Cache worker for file hash cache (C:\Users\ACER\Documents\GitHub\Dramkos\.gradle\7.2\fileHashes)" [_thread_blocked, id=7864, stack(0x00000086ca600000,0x00000086ca700000)]
  0x00000261a1e4d800 JavaThread "Cache worker for checksums cache (C:\Users\ACER\Documents\GitHub\Dramkos\.gradle\checksums)" [_thread_blocked, id=10152, stack(0x00000086ca700000,0x00000086ca800000)]
  0x00000261a1e4e000 JavaThread "Cache worker for cache directory md-supplier (C:\Users\ACER\.gradle\caches\7.2\md-supplier)" [_thread_blocked, id=10188, stack(0x00000086cac00000,0x00000086cad00000)]
  0x00000261a1e50800 JavaThread "Cache worker for cache directory md-rule (C:\Users\ACER\.gradle\caches\7.2\md-rule)" [_thread_blocked, id=8508, stack(0x00000086cae00000,0x00000086caf00000)]

Other Threads:
  0x00000261a06a9000 VMThread "VM Thread" [stack: 0x00000086c8200000,0x00000086c8300000] [id=4976]
  0x00000261a118f000 WatcherThread [stack: 0x00000086c8c00000,0x00000086c8d00000] [id=8264]
  0x0000026186277800 GCTaskThread "GC Thread#0" [stack: 0x00000086c7d00000,0x00000086c7e00000] [id=5896]
  0x00000261a1b34800 GCTaskThread "GC Thread#1" [stack: 0x00000086c8d00000,0x00000086c8e00000] [id=12872]
  0x00000261a33bd000 GCTaskThread "GC Thread#2" [stack: 0x00000086c9800000,0x00000086c9900000] [id=7488]
  0x00000261a3151000 GCTaskThread "GC Thread#3" [stack: 0x00000086c9900000,0x00000086c9a00000] [id=9796]
  0x00000261a3147000 GCTaskThread "GC Thread#4" [stack: 0x00000086c9a00000,0x00000086c9b00000] [id=12864]
  0x00000261a2be9000 GCTaskThread "GC Thread#5" [stack: 0x00000086c9b00000,0x00000086c9c00000] [id=13528]
  0x00000261a2be9800 GCTaskThread "GC Thread#6" [stack: 0x00000086c9c00000,0x00000086c9d00000] [id=8068]
  0x00000261a33b6000 GCTaskThread "GC Thread#7" [stack: 0x00000086c9d00000,0x00000086c9e00000] [id=12728]
  0x00000261862aa000 ConcurrentGCThread "G1 Main Marker" [stack: 0x00000086c7e00000,0x00000086c7f00000] [id=292]
  0x00000261862ab000 ConcurrentGCThread "G1 Conc#0" [stack: 0x00000086c7f00000,0x00000086c8000000] [id=13524]
  0x00000261a325a800 ConcurrentGCThread "G1 Conc#1" [stack: 0x00000086ca100000,0x00000086ca200000] [id=13868]
  0x0000026186306800 ConcurrentGCThread "G1 Refine#0" [stack: 0x00000086c8000000,0x00000086c8100000] [id=11100]
  0x00000261a7ce1000 ConcurrentGCThread "G1 Refine#1" [stack: 0x00000086ca200000,0x00000086ca300000] [id=8336]
  0x0000026186309800 ConcurrentGCThread "G1 Young RemSet Sampling" [stack: 0x00000086c8100000,0x00000086c8200000] [id=1196]

Threads with active compile tasks:
C2 CompilerThread0 736046 14347       4       groovyjarjarantlr4.v4.runtime.atn.LexerATNSimulator::closure (258 bytes)

VM state:not at safepoint (normal execution)

VM Mutex/Monitor currently owned by a thread: None

Heap address: 0x0000000080000000, size: 2048 MB, Compressed Oops mode: 32-bit
Narrow klass base: 0x0000000000000000, Narrow klass shift: 3
Compressed class space size: 1073741824 Address: 0x0000000100000000

Heap:
 garbage-first heap   total 381952K, used 167158K [0x0000000080000000, 0x0000000100000000)
  region size 1024K, 52 young (53248K), 4 survivors (4096K)
 Metaspace       used 104634K, capacity 107607K, committed 107724K, reserved 1142784K
  class space    used 13618K, capacity 14766K, committed 14848K, reserved 1048576K
Heap Regions: E=young(eden), S=young(survivor), O=old, HS=humongous(starts), HC=humongous(continues), CS=collection set, F=free, A=archive, TAMS=top-at-mark-start (previous, next)
|   0|0x0000000080000000, 0x0000000080100000, 0x0000000080100000|100%| O|  |TAMS 0x0000000080100000, 0x0000000080000000| Untracked 
|   1|0x0000000080100000, 0x0000000080200000, 0x0000000080200000|100%| O|  |TAMS 0x0000000080200000, 0x0000000080100000| Untracked 
|   2|0x0000000080200000, 0x0000000080300000, 0x0000000080300000|100%| O|  |TAMS 0x0000000080300000, 0x0000000080200000| Untracked 
|   3|0x0000000080300000, 0x0000000080400000, 0x0000000080400000|100%|HS|  |TAMS 0x0000000080400000, 0x0000000080300000| Complete 
|   4|0x0000000080400000, 0x0000000080500000, 0x0000000080500000|100%|HC|  |TAMS 0x0000000080500000, 0x0000000080400000| Complete 
|   5|0x0000000080500000, 0x0000000080600000, 0x0000000080600000|100%|HC|  |TAMS 0x0000000080600000, 0x0000000080500000| Complete 
|   6|0x0000000080600000, 0x0000000080700000, 0x0000000080700000|100%| O|  |TAMS 0x0000000080700000, 0x0000000080600000| Untracked 
|   7|0x0000000080700000, 0x0000000080800000, 0x0000000080800000|100%| O|  |TAMS 0x0000000080800000, 0x0000000080700000| Untracked 
|   8|0x0000000080800000, 0x0000000080900000, 0x0000000080900000|100%| O|  |TAMS 0x0000000080900000, 0x0000000080800000| Untracked 
|   9|0x0000000080900000, 0x0000000080a00000, 0x0000000080a00000|100%| O|  |TAMS 0x0000000080a00000, 0x0000000080900000| Untracked 
|  10|0x0000000080a00000, 0x0000000080b00000, 0x0000000080b00000|100%| O|  |TAMS 0x0000000080b00000, 0x0000000080a00000| Untracked 
|  11|0x0000000080b00000, 0x0000000080c00000, 0x0000000080c00000|100%| O|  |TAMS 0x0000000080c00000, 0x0000000080b00000| Untracked 
|  12|0x0000000080c00000, 0x0000000080d00000, 0x0000000080d00000|100%| O|  |TAMS 0x0000000080d00000, 0x0000000080c00000| Untracked 
|  13|0x0000000080d00000, 0x0000000080e00000, 0x0000000080e00000|100%| O|  |TAMS 0x0000000080e00000, 0x0000000080d00000| Untracked 
|  14|0x0000000080e00000, 0x0000000080f00000, 0x0000000080f00000|100%| O|  |TAMS 0x0000000080f00000, 0x0000000080e00000| Untracked 
|  15|0x0000000080f00000, 0x0000000081000000, 0x0000000081000000|100%| O|  |TAMS 0x0000000081000000, 0x0000000080f00000| Untracked 
|  16|0x0000000081000000, 0x0000000081100000, 0x0000000081100000|100%| O|  |TAMS 0x0000000081100000, 0x0000000081000000| Untracked 
|  17|0x0000000081100000, 0x0000000081200000, 0x0000000081200000|100%| O|  |TAMS 0x0000000081200000, 0x0000000081100000| Untracked 
|  18|0x0000000081200000, 0x0000000081300000, 0x0000000081300000|100%| O|  |TAMS 0x0000000081300000, 0x0000000081200000| Untracked 
|  19|0x0000000081300000, 0x0000000081400000, 0x0000000081400000|100%| O|  |TAMS 0x0000000081400000, 0x0000000081300000| Untracked 
|  20|0x0000000081400000, 0x0000000081500000, 0x0000000081500000|100%| O|  |TAMS 0x0000000081500000, 0x0000000081400000| Untracked 
|  21|0x0000000081500000, 0x0000000081600000, 0x0000000081600000|100%| O|  |TAMS 0x0000000081600000, 0x0000000081500000| Untracked 
|  22|0x0000000081600000, 0x0000000081700000, 0x0000000081700000|100%| O|  |TAMS 0x0000000081700000, 0x0000000081600000| Untracked 
|  23|0x0000000081700000, 0x0000000081800000, 0x0000000081800000|100%| O|  |TAMS 0x0000000081800000, 0x0000000081700000| Untracked 
|  24|0x0000000081800000, 0x0000000081900000, 0x0000000081900000|100%| O|  |TAMS 0x0000000081900000, 0x0000000081800000| Untracked 
|  25|0x0000000081900000, 0x0000000081a00000, 0x0000000081a00000|100%| O|  |TAMS 0x0000000081a00000, 0x0000000081900000| Untracked 
|  26|0x0000000081a00000, 0x0000000081b00000, 0x0000000081b00000|100%| O|  |TAMS 0x0000000081b00000, 0x0000000081a00000| Untracked 
|  27|0x0000000081b00000, 0x0000000081c00000, 0x0000000081c00000|100%| O|  |TAMS 0x0000000081c00000, 0x0000000081b00000| Untracked 
|  28|0x0000000081c00000, 0x0000000081d00000, 0x0000000081d00000|100%| O|  |TAMS 0x0000000081d00000, 0x0000000081c00000| Untracked 
|  29|0x0000000081d00000, 0x0000000081e00000, 0x0000000081e00000|100%| O|  |TAMS 0x0000000081e00000, 0x0000000081d00000| Untracked 
|  30|0x0000000081e00000, 0x0000000081f00000, 0x0000000081f00000|100%| O|  |TAMS 0x0000000081f00000, 0x0000000081e00000| Untracked 
|  31|0x0000000081f00000, 0x0000000082000000, 0x0000000082000000|100%| O|  |TAMS 0x0000000082000000, 0x0000000081f00000| Untracked 
|  32|0x0000000082000000, 0x0000000082100000, 0x0000000082100000|100%|HS|  |TAMS 0x0000000082100000, 0x0000000082000000| Complete 
|  33|0x0000000082100000, 0x0000000082200000, 0x0000000082200000|100%|HS|  |TAMS 0x0000000082200000, 0x0000000082100000| Complete 
|  34|0x0000000082200000, 0x0000000082300000, 0x0000000082300000|100%|HS|  |TAMS 0x0000000082300000, 0x0000000082200000| Complete 
|  35|0x0000000082300000, 0x0000000082400000, 0x0000000082400000|100%|HS|  |TAMS 0x0000000082400000, 0x0000000082300000| Complete 
|  36|0x0000000082400000, 0x0000000082500000, 0x0000000082500000|100%| O|  |TAMS 0x0000000082500000, 0x0000000082400000| Untracked 
|  37|0x0000000082500000, 0x0000000082600000, 0x0000000082600000|100%| O|  |TAMS 0x0000000082600000, 0x0000000082500000| Untracked 
|  38|0x0000000082600000, 0x0000000082700000, 0x0000000082700000|100%|HS|  |TAMS 0x0000000082700000, 0x0000000082600000| Complete 
|  39|0x0000000082700000, 0x0000000082800000, 0x0000000082800000|100%|HC|  |TAMS 0x0000000082800000, 0x0000000082700000| Complete 
|  40|0x0000000082800000, 0x0000000082900000, 0x0000000082900000|100%|HC|  |TAMS 0x0000000082900000, 0x0000000082800000| Complete 
|  41|0x0000000082900000, 0x0000000082a00000, 0x0000000082a00000|100%| O|  |TAMS 0x0000000082a00000, 0x0000000082900000| Untracked 
|  42|0x0000000082a00000, 0x0000000082b00000, 0x0000000082b00000|100%| O|  |TAMS 0x0000000082b00000, 0x0000000082a00000| Untracked 
|  43|0x0000000082b00000, 0x0000000082c00000, 0x0000000082c00000|100%|HS|  |TAMS 0x0000000082c00000, 0x0000000082b00000| Complete 
|  44|0x0000000082c00000, 0x0000000082d00000, 0x0000000082d00000|100%|HC|  |TAMS 0x0000000082d00000, 0x0000000082c00000| Complete 
|  45|0x0000000082d00000, 0x0000000082e00000, 0x0000000082e00000|100%| O|  |TAMS 0x0000000082e00000, 0x0000000082d00000| Untracked 
|  46|0x0000000082e00000, 0x0000000082f00000, 0x0000000082f00000|100%| O|  |TAMS 0x0000000082f00000, 0x0000000082e00000| Untracked 
|  47|0x0000000082f00000, 0x0000000083000000, 0x0000000083000000|100%| O|  |TAMS 0x0000000083000000, 0x0000000082f00000| Untracked 
|  48|0x0000000083000000, 0x0000000083100000, 0x0000000083100000|100%| O|  |TAMS 0x0000000083100000, 0x0000000083000000| Untracked 
|  49|0x0000000083100000, 0x0000000083200000, 0x0000000083200000|100%| O|  |TAMS 0x0000000083200000, 0x0000000083100000| Untracked 
|  50|0x0000000083200000, 0x0000000083300000, 0x0000000083300000|100%| O|  |TAMS 0x0000000083300000, 0x0000000083200000| Untracked 
|  51|0x0000000083300000, 0x0000000083400000, 0x0000000083400000|100%| O|  |TAMS 0x0000000083400000, 0x0000000083300000| Untracked 
|  52|0x0000000083400000, 0x0000000083500000, 0x0000000083500000|100%| O|  |TAMS 0x0000000083500000, 0x0000000083400000| Untracked 
|  53|0x0000000083500000, 0x0000000083600000, 0x0000000083600000|100%| O|  |TAMS 0x0000000083600000, 0x0000000083500000| Untracked 
|  54|0x0000000083600000, 0x0000000083700000, 0x0000000083700000|100%| O|  |TAMS 0x0000000083700000, 0x0000000083600000| Untracked 
|  55|0x0000000083700000, 0x0000000083800000, 0x0000000083800000|100%| O|  |TAMS 0x0000000083800000, 0x0000000083700000| Untracked 
|  56|0x0000000083800000, 0x0000000083900000, 0x0000000083900000|100%| O|  |TAMS 0x0000000083900000, 0x0000000083800000| Untracked 
|  57|0x0000000083900000, 0x0000000083a00000, 0x0000000083a00000|100%| O|  |TAMS 0x0000000083a00000, 0x0000000083900000| Untracked 
|  58|0x0000000083a00000, 0x0000000083b00000, 0x0000000083b00000|100%| O|  |TAMS 0x0000000083b00000, 0x0000000083a00000| Untracked 
|  59|0x0000000083b00000, 0x0000000083c00000, 0x0000000083c00000|100%| O|  |TAMS 0x0000000083c00000, 0x0000000083b00000| Untracked 
|  60|0x0000000083c00000, 0x0000000083d00000, 0x0000000083d00000|100%| O|  |TAMS 0x0000000083d00000, 0x0000000083c00000| Untracked 
|  61|0x0000000083d00000, 0x0000000083e00000, 0x0000000083e00000|100%| O|  |TAMS 0x0000000083e00000, 0x0000000083d00000| Untracked 
|  62|0x0000000083e00000, 0x0000000083f00000, 0x0000000083f00000|100%| O|  |TAMS 0x0000000083f00000, 0x0000000083e00000| Untracked 
|  63|0x0000000083f00000, 0x0000000084000000, 0x0000000084000000|100%| O|  |TAMS 0x0000000084000000, 0x0000000083f00000| Untracked 
|  64|0x0000000084000000, 0x0000000084100000, 0x0000000084100000|100%| O|  |TAMS 0x0000000084100000, 0x0000000084000000| Untracked 
|  65|0x0000000084100000, 0x0000000084200000, 0x0000000084200000|100%| O|  |TAMS 0x0000000084200000, 0x0000000084100000| Untracked 
|  66|0x0000000084200000, 0x0000000084300000, 0x0000000084300000|100%| O|  |TAMS 0x0000000084300000, 0x0000000084200000| Untracked 
|  67|0x0000000084300000, 0x0000000084400000, 0x0000000084400000|100%| O|  |TAMS 0x0000000084400000, 0x0000000084300000| Untracked 
|  68|0x0000000084400000, 0x0000000084500000, 0x0000000084500000|100%| O|  |TAMS 0x0000000084500000, 0x0000000084400000| Untracked 
|  69|0x0000000084500000, 0x0000000084600000, 0x0000000084600000|100%| O|  |TAMS 0x0000000084600000, 0x0000000084500000| Untracked 
|  70|0x0000000084600000, 0x0000000084700000, 0x0000000084700000|100%| O|  |TAMS 0x0000000084700000, 0x0000000084600000| Untracked 
|  71|0x0000000084700000, 0x0000000084800000, 0x0000000084800000|100%| O|  |TAMS 0x0000000084800000, 0x0000000084700000| Untracked 
|  72|0x0000000084800000, 0x0000000084900000, 0x0000000084900000|100%| O|  |TAMS 0x0000000084900000, 0x0000000084800000| Untracked 
|  73|0x0000000084900000, 0x0000000084a00000, 0x0000000084a00000|100%| O|  |TAMS 0x0000000084900000, 0x0000000084900000| Untracked 
|  74|0x0000000084a00000, 0x0000000084b00000, 0x0000000084b00000|100%| O|  |TAMS 0x0000000084a00000, 0x0000000084a00000| Untracked 
|  75|0x0000000084b00000, 0x0000000084c00000, 0x0000000084c00000|100%| O|  |TAMS 0x0000000084b00000, 0x0000000084b00000| Untracked 
|  76|0x0000000084c00000, 0x0000000084d00000, 0x0000000084d00000|100%| O|  |TAMS 0x0000000084c00000, 0x0000000084c00000| Untracked 
|  77|0x0000000084d00000, 0x0000000084e00000, 0x0000000084e00000|100%| O|  |TAMS 0x0000000084d00000, 0x0000000084d00000| Untracked 
|  78|0x0000000084e00000, 0x0000000084f00000, 0x0000000084f00000|100%| O|  |TAMS 0x0000000084e00000, 0x0000000084e00000| Untracked 
|  79|0x0000000084f00000, 0x0000000085000000, 0x0000000085000000|100%| O|  |TAMS 0x0000000084f00000, 0x0000000084f00000| Untracked 
|  80|0x0000000085000000, 0x0000000085100000, 0x0000000085100000|100%| O|  |TAMS 0x0000000085000000, 0x0000000085000000| Untracked 
|  81|0x0000000085100000, 0x0000000085200000, 0x0000000085200000|100%| O|  |TAMS 0x0000000085100000, 0x0000000085100000| Untracked 
|  82|0x0000000085200000, 0x0000000085300000, 0x0000000085300000|100%| O|  |TAMS 0x0000000085200000, 0x0000000085200000| Untracked 
|  83|0x0000000085300000, 0x0000000085400000, 0x0000000085400000|100%| O|  |TAMS 0x0000000085300000, 0x0000000085300000| Untracked 
|  84|0x0000000085400000, 0x0000000085500000, 0x0000000085500000|100%| O|  |TAMS 0x0000000085400000, 0x0000000085400000| Untracked 
|  85|0x0000000085500000, 0x0000000085600000, 0x0000000085600000|100%| O|  |TAMS 0x0000000085500000, 0x0000000085500000| Untracked 
|  86|0x0000000085600000, 0x0000000085700000, 0x0000000085700000|100%| O|  |TAMS 0x0000000085600000, 0x0000000085600000| Untracked 
|  87|0x0000000085700000, 0x0000000085800000, 0x0000000085800000|100%| O|  |TAMS 0x0000000085700000, 0x0000000085700000| Untracked 
|  88|0x0000000085800000, 0x0000000085900000, 0x0000000085900000|100%| O|  |TAMS 0x0000000085800000, 0x0000000085800000| Untracked 
|  89|0x0000000085900000, 0x0000000085a00000, 0x0000000085a00000|100%| O|  |TAMS 0x0000000085900000, 0x0000000085900000| Untracked 
|  90|0x0000000085a00000, 0x0000000085b00000, 0x0000000085b00000|100%|HS|  |TAMS 0x0000000085a00000, 0x0000000085a00000| Complete 
|  91|0x0000000085b00000, 0x0000000085c00000, 0x0000000085c00000|100%|HC|  |TAMS 0x0000000085b00000, 0x0000000085b00000| Complete 
|  92|0x0000000085c00000, 0x0000000085d00000, 0x0000000085d00000|100%|HS|  |TAMS 0x0000000085c00000, 0x0000000085c00000| Complete 
|  93|0x0000000085d00000, 0x0000000085e00000, 0x0000000085e00000|100%|HC|  |TAMS 0x0000000085d00000, 0x0000000085d00000| Complete 
|  94|0x0000000085e00000, 0x0000000085f00000, 0x0000000085f00000|100%|HC|  |TAMS 0x0000000085e00000, 0x0000000085e00000| Complete 
|  95|0x0000000085f00000, 0x0000000086000000, 0x0000000086000000|100%|HS|  |TAMS 0x0000000085f00000, 0x0000000085f00000| Complete 
|  96|0x0000000086000000, 0x0000000086100000, 0x0000000086100000|100%|HS|  |TAMS 0x0000000086000000, 0x0000000086000000| Complete 
|  97|0x0000000086100000, 0x0000000086200000, 0x0000000086200000|100%|HC|  |TAMS 0x0000000086100000, 0x0000000086100000| Complete 
|  98|0x0000000086200000, 0x0000000086300000, 0x0000000086300000|100%|HC|  |TAMS 0x0000000086200000, 0x0000000086200000| Complete 
|  99|0x0000000086300000, 0x0000000086400000, 0x0000000086400000|100%|HC|  |TAMS 0x0000000086300000, 0x0000000086300000| Complete 
| 100|0x0000000086400000, 0x0000000086500000, 0x0000000086500000|100%| O|  |TAMS 0x0000000086400000, 0x0000000086400000| Untracked 
| 101|0x0000000086500000, 0x0000000086600000, 0x0000000086600000|100%| O|  |TAMS 0x0000000086500000, 0x0000000086500000| Untracked 
| 102|0x0000000086600000, 0x0000000086700000, 0x0000000086700000|100%| O|  |TAMS 0x0000000086600000, 0x0000000086600000| Untracked 
| 103|0x0000000086700000, 0x0000000086800000, 0x0000000086800000|100%| O|  |TAMS 0x0000000086700000, 0x0000000086700000| Untracked 
| 104|0x0000000086800000, 0x0000000086900000, 0x0000000086900000|100%| O|  |TAMS 0x0000000086800000, 0x0000000086800000| Untracked 
| 105|0x0000000086900000, 0x0000000086a00000, 0x0000000086a00000|100%| O|  |TAMS 0x0000000086900000, 0x0000000086900000| Untracked 
| 106|0x0000000086a00000, 0x0000000086b00000, 0x0000000086b00000|100%| O|  |TAMS 0x0000000086a00000, 0x0000000086a00000| Untracked 
| 107|0x0000000086b00000, 0x0000000086c00000, 0x0000000086c00000|100%| O|  |TAMS 0x0000000086b00000, 0x0000000086b00000| Untracked 
| 108|0x0000000086c00000, 0x0000000086c80e00, 0x0000000086d00000| 50%| O|  |TAMS 0x0000000086c00000, 0x0000000086c00000| Untracked 
| 109|0x0000000086d00000, 0x0000000086e00000, 0x0000000086e00000|100%|HS|  |TAMS 0x0000000086d00000, 0x0000000086d00000| Complete 
| 110|0x0000000086e00000, 0x0000000086f00000, 0x0000000086f00000|100%|HS|  |TAMS 0x0000000086e00000, 0x0000000086e00000| Complete 
| 111|0x0000000086f00000, 0x0000000087000000, 0x0000000087000000|100%|HC|  |TAMS 0x0000000086f00000, 0x0000000086f00000| Complete 
| 112|0x0000000087000000, 0x0000000087100000, 0x0000000087100000|100%|HC|  |TAMS 0x0000000087000000, 0x0000000087000000| Complete 
| 113|0x0000000087100000, 0x0000000087100000, 0x0000000087200000|  0%| F|  |TAMS 0x0000000087100000, 0x0000000087100000| Untracked 
| 114|0x0000000087200000, 0x0000000087200000, 0x0000000087300000|  0%| F|  |TAMS 0x0000000087200000, 0x0000000087200000| Untracked 
| 115|0x0000000087300000, 0x0000000087300000, 0x0000000087400000|  0%| F|  |TAMS 0x0000000087300000, 0x0000000087300000| Untracked 
| 116|0x0000000087400000, 0x0000000087400000, 0x0000000087500000|  0%| F|  |TAMS 0x0000000087400000, 0x0000000087400000| Untracked 
| 117|0x0000000087500000, 0x0000000087500000, 0x0000000087600000|  0%| F|  |TAMS 0x0000000087500000, 0x0000000087500000| Untracked 
| 118|0x0000000087600000, 0x0000000087600000, 0x0000000087700000|  0%| F|  |TAMS 0x0000000087600000, 0x0000000087600000| Untracked 
| 119|0x0000000087700000, 0x0000000087700000, 0x0000000087800000|  0%| F|  |TAMS 0x0000000087700000, 0x0000000087700000| Untracked 
| 120|0x0000000087800000, 0x0000000087800000, 0x0000000087900000|  0%| F|  |TAMS 0x0000000087800000, 0x0000000087800000| Untracked 
| 121|0x0000000087900000, 0x0000000087900000, 0x0000000087a00000|  0%| F|  |TAMS 0x0000000087900000, 0x0000000087900000| Untracked 
| 122|0x0000000087a00000, 0x0000000087a00000, 0x0000000087b00000|  0%| F|  |TAMS 0x0000000087a00000, 0x0000000087a00000| Untracked 
| 123|0x0000000087b00000, 0x0000000087b00000, 0x0000000087c00000|  0%| F|  |TAMS 0x0000000087b00000, 0x0000000087b00000| Untracked 
| 124|0x0000000087c00000, 0x0000000087c00000, 0x0000000087d00000|  0%| F|  |TAMS 0x0000000087c00000, 0x0000000087c00000| Untracked 
| 125|0x0000000087d00000, 0x0000000087d00000, 0x0000000087e00000|  0%| F|  |TAMS 0x0000000087d00000, 0x0000000087d00000| Untracked 
| 126|0x0000000087e00000, 0x0000000087e00000, 0x0000000087f00000|  0%| F|  |TAMS 0x0000000087e00000, 0x0000000087e00000| Untracked 
| 127|0x0000000087f00000, 0x0000000087f00000, 0x0000000088000000|  0%| F|  |TAMS 0x0000000087f00000, 0x0000000087f00000| Untracked 
| 128|0x0000000088000000, 0x0000000088000000, 0x0000000088100000|  0%| F|  |TAMS 0x0000000088000000, 0x0000000088000000| Untracked 
| 129|0x0000000088100000, 0x0000000088100000, 0x0000000088200000|  0%| F|  |TAMS 0x0000000088100000, 0x0000000088100000| Untracked 
| 130|0x0000000088200000, 0x0000000088200000, 0x0000000088300000|  0%| F|  |TAMS 0x0000000088200000, 0x0000000088200000| Untracked 
| 131|0x0000000088300000, 0x0000000088300000, 0x0000000088400000|  0%| F|  |TAMS 0x0000000088300000, 0x0000000088300000| Untracked 
| 132|0x0000000088400000, 0x0000000088400000, 0x0000000088500000|  0%| F|  |TAMS 0x0000000088400000, 0x0000000088400000| Untracked 
| 133|0x0000000088500000, 0x0000000088500000, 0x0000000088600000|  0%| F|  |TAMS 0x0000000088500000, 0x0000000088500000| Untracked 
| 134|0x0000000088600000, 0x0000000088600000, 0x0000000088700000|  0%| F|  |TAMS 0x0000000088600000, 0x0000000088600000| Untracked 
| 135|0x0000000088700000, 0x0000000088700000, 0x0000000088800000|  0%| F|  |TAMS 0x0000000088700000, 0x0000000088700000| Untracked 
| 136|0x0000000088800000, 0x0000000088800000, 0x0000000088900000|  0%| F|  |TAMS 0x0000000088800000, 0x0000000088800000| Untracked 
| 137|0x0000000088900000, 0x0000000088900000, 0x0000000088a00000|  0%| F|  |TAMS 0x0000000088900000, 0x0000000088900000| Untracked 
| 138|0x0000000088a00000, 0x0000000088a00000, 0x0000000088b00000|  0%| F|  |TAMS 0x0000000088a00000, 0x0000000088a00000| Untracked 
| 139|0x0000000088b00000, 0x0000000088b00000, 0x0000000088c00000|  0%| F|  |TAMS 0x0000000088b00000, 0x0000000088b00000| Untracked 
| 140|0x0000000088c00000, 0x0000000088c00000, 0x0000000088d00000|  0%| F|  |TAMS 0x0000000088c00000, 0x0000000088c00000| Untracked 
| 141|0x0000000088d00000, 0x0000000088d00000, 0x0000000088e00000|  0%| F|  |TAMS 0x0000000088d00000, 0x0000000088d00000| Untracked 
| 142|0x0000000088e00000, 0x0000000088e00000, 0x0000000088f00000|  0%| F|  |TAMS 0x0000000088e00000, 0x0000000088e00000| Untracked 
| 143|0x0000000088f00000, 0x0000000088f00000, 0x0000000089000000|  0%| F|  |TAMS 0x0000000088f00000, 0x0000000088f00000| Untracked 
| 144|0x0000000089000000, 0x0000000089000000, 0x0000000089100000|  0%| F|  |TAMS 0x0000000089000000, 0x0000000089000000| Untracked 
| 145|0x0000000089100000, 0x0000000089100000, 0x0000000089200000|  0%| F|  |TAMS 0x0000000089100000, 0x0000000089100000| Untracked 
| 146|0x0000000089200000, 0x0000000089200000, 0x0000000089300000|  0%| F|  |TAMS 0x0000000089200000, 0x0000000089200000| Untracked 
| 147|0x0000000089300000, 0x0000000089300000, 0x0000000089400000|  0%| F|  |TAMS 0x0000000089300000, 0x0000000089300000| Untracked 
| 148|0x0000000089400000, 0x0000000089400000, 0x0000000089500000|  0%| F|  |TAMS 0x0000000089400000, 0x0000000089400000| Untracked 
| 149|0x0000000089500000, 0x0000000089500000, 0x0000000089600000|  0%| F|  |TAMS 0x0000000089500000, 0x0000000089500000| Untracked 
| 150|0x0000000089600000, 0x0000000089600000, 0x0000000089700000|  0%| F|  |TAMS 0x0000000089600000, 0x0000000089600000| Untracked 
| 151|0x0000000089700000, 0x0000000089700000, 0x0000000089800000|  0%| F|  |TAMS 0x0000000089700000, 0x0000000089700000| Untracked 
| 152|0x0000000089800000, 0x0000000089800000, 0x0000000089900000|  0%| F|  |TAMS 0x0000000089800000, 0x0000000089800000| Untracked 
| 153|0x0000000089900000, 0x0000000089900000, 0x0000000089a00000|  0%| F|  |TAMS 0x0000000089900000, 0x0000000089900000| Untracked 
| 154|0x0000000089a00000, 0x0000000089a00000, 0x0000000089b00000|  0%| F|  |TAMS 0x0000000089a00000, 0x0000000089a00000| Untracked 
| 155|0x0000000089b00000, 0x0000000089b00000, 0x0000000089c00000|  0%| F|  |TAMS 0x0000000089b00000, 0x0000000089b00000| Untracked 
| 156|0x0000000089c00000, 0x0000000089c00000, 0x0000000089d00000|  0%| F|  |TAMS 0x0000000089c00000, 0x0000000089c00000| Untracked 
| 157|0x0000000089d00000, 0x0000000089d00000, 0x0000000089e00000|  0%| F|  |TAMS 0x0000000089d00000, 0x0000000089d00000| Untracked 
| 158|0x0000000089e00000, 0x0000000089e00000, 0x0000000089f00000|  0%| F|  |TAMS 0x0000000089e00000, 0x0000000089e00000| Untracked 
| 159|0x0000000089f00000, 0x0000000089f00000, 0x000000008a000000|  0%| F|  |TAMS 0x0000000089f00000, 0x0000000089f00000| Untracked 
| 160|0x000000008a000000, 0x000000008a000000, 0x000000008a100000|  0%| F|  |TAMS 0x000000008a000000, 0x000000008a000000| Untracked 
| 161|0x000000008a100000, 0x000000008a100000, 0x000000008a200000|  0%| F|  |TAMS 0x000000008a100000, 0x000000008a100000| Untracked 
| 162|0x000000008a200000, 0x000000008a200000, 0x000000008a300000|  0%| F|  |TAMS 0x000000008a200000, 0x000000008a200000| Untracked 
| 163|0x000000008a300000, 0x000000008a300000, 0x000000008a400000|  0%| F|  |TAMS 0x000000008a300000, 0x000000008a300000| Untracked 
| 164|0x000000008a400000, 0x000000008a400000, 0x000000008a500000|  0%| F|  |TAMS 0x000000008a400000, 0x000000008a400000| Untracked 
| 165|0x000000008a500000, 0x000000008a500000, 0x000000008a600000|  0%| F|  |TAMS 0x000000008a500000, 0x000000008a500000| Untracked 
| 166|0x000000008a600000, 0x000000008a600000, 0x000000008a700000|  0%| F|  |TAMS 0x000000008a600000, 0x000000008a600000| Untracked 
| 167|0x000000008a700000, 0x000000008a700000, 0x000000008a800000|  0%| F|  |TAMS 0x000000008a700000, 0x000000008a700000| Untracked 
| 168|0x000000008a800000, 0x000000008a800000, 0x000000008a900000|  0%| F|  |TAMS 0x000000008a800000, 0x000000008a800000| Untracked 
| 169|0x000000008a900000, 0x000000008a900000, 0x000000008aa00000|  0%| F|  |TAMS 0x000000008a900000, 0x000000008a900000| Untracked 
| 170|0x000000008aa00000, 0x000000008aa00000, 0x000000008ab00000|  0%| F|  |TAMS 0x000000008aa00000, 0x000000008aa00000| Untracked 
| 171|0x000000008ab00000, 0x000000008ab00000, 0x000000008ac00000|  0%| F|  |TAMS 0x000000008ab00000, 0x000000008ab00000| Untracked 
| 172|0x000000008ac00000, 0x000000008ac00000, 0x000000008ad00000|  0%| F|  |TAMS 0x000000008ac00000, 0x000000008ac00000| Untracked 
| 173|0x000000008ad00000, 0x000000008ad00000, 0x000000008ae00000|  0%| F|  |TAMS 0x000000008ad00000, 0x000000008ad00000| Untracked 
| 174|0x000000008ae00000, 0x000000008ae00000, 0x000000008af00000|  0%| F|  |TAMS 0x000000008ae00000, 0x000000008ae00000| Untracked 
| 175|0x000000008af00000, 0x000000008af00000, 0x000000008b000000|  0%| F|  |TAMS 0x000000008af00000, 0x000000008af00000| Untracked 
| 176|0x000000008b000000, 0x000000008b000000, 0x000000008b100000|  0%| F|  |TAMS 0x000000008b000000, 0x000000008b000000| Untracked 
| 177|0x000000008b100000, 0x000000008b100000, 0x000000008b200000|  0%| F|  |TAMS 0x000000008b100000, 0x000000008b100000| Untracked 
| 178|0x000000008b200000, 0x000000008b200000, 0x000000008b300000|  0%| F|  |TAMS 0x000000008b200000, 0x000000008b200000| Untracked 
| 179|0x000000008b300000, 0x000000008b300000, 0x000000008b400000|  0%| F|  |TAMS 0x000000008b300000, 0x000000008b300000| Untracked 
| 180|0x000000008b400000, 0x000000008b400000, 0x000000008b500000|  0%| F|  |TAMS 0x000000008b400000, 0x000000008b400000| Untracked 
| 181|0x000000008b500000, 0x000000008b500000, 0x000000008b600000|  0%| F|  |TAMS 0x000000008b500000, 0x000000008b500000| Untracked 
| 182|0x000000008b600000, 0x000000008b600000, 0x000000008b700000|  0%| F|  |TAMS 0x000000008b600000, 0x000000008b600000| Untracked 
| 183|0x000000008b700000, 0x000000008b700000, 0x000000008b800000|  0%| F|  |TAMS 0x000000008b700000, 0x000000008b700000| Untracked 
| 184|0x000000008b800000, 0x000000008b800000, 0x000000008b900000|  0%| F|  |TAMS 0x000000008b800000, 0x000000008b800000| Untracked 
| 185|0x000000008b900000, 0x000000008b900000, 0x000000008ba00000|  0%| F|  |TAMS 0x000000008b900000, 0x000000008b900000| Untracked 
| 186|0x000000008ba00000, 0x000000008ba00000, 0x000000008bb00000|  0%| F|  |TAMS 0x000000008ba00000, 0x000000008ba00000| Untracked 
| 187|0x000000008bb00000, 0x000000008bb00000, 0x000000008bc00000|  0%| F|  |TAMS 0x000000008bb00000, 0x000000008bb00000| Untracked 
| 188|0x000000008bc00000, 0x000000008bc00000, 0x000000008bd00000|  0%| F|  |TAMS 0x000000008bc00000, 0x000000008bc00000| Untracked 
| 189|0x000000008bd00000, 0x000000008bd00000, 0x000000008be00000|  0%| F|  |TAMS 0x000000008bd00000, 0x000000008bd00000| Untracked 
| 190|0x000000008be00000, 0x000000008be00000, 0x000000008bf00000|  0%| F|  |TAMS 0x000000008be00000, 0x000000008be00000| Untracked 
| 191|0x000000008bf00000, 0x000000008bf00000, 0x000000008c000000|  0%| F|  |TAMS 0x000000008bf00000, 0x000000008bf00000| Untracked 
| 192|0x000000008c000000, 0x000000008c000000, 0x000000008c100000|  0%| F|  |TAMS 0x000000008c000000, 0x000000008c000000| Untracked 
| 193|0x000000008c100000, 0x000000008c100000, 0x000000008c200000|  0%| F|  |TAMS 0x000000008c100000, 0x000000008c100000| Untracked 
| 194|0x000000008c200000, 0x000000008c200000, 0x000000008c300000|  0%| F|  |TAMS 0x000000008c200000, 0x000000008c200000| Untracked 
| 195|0x000000008c300000, 0x000000008c300000, 0x000000008c400000|  0%| F|  |TAMS 0x000000008c300000, 0x000000008c300000| Untracked 
| 196|0x000000008c400000, 0x000000008c400000, 0x000000008c500000|  0%| F|  |TAMS 0x000000008c400000, 0x000000008c400000| Untracked 
| 197|0x000000008c500000, 0x000000008c500000, 0x000000008c600000|  0%| F|  |TAMS 0x000000008c500000, 0x000000008c500000| Untracked 
| 198|0x000000008c600000, 0x000000008c600000, 0x000000008c700000|  0%| F|  |TAMS 0x000000008c600000, 0x000000008c600000| Untracked 
| 199|0x000000008c700000, 0x000000008c700000, 0x000000008c800000|  0%| F|  |TAMS 0x000000008c700000, 0x000000008c700000| Untracked 
| 200|0x000000008c800000, 0x000000008c800000, 0x000000008c900000|  0%| F|  |TAMS 0x000000008c800000, 0x000000008c800000| Untracked 
| 201|0x000000008c900000, 0x000000008c900000, 0x000000008ca00000|  0%| F|  |TAMS 0x000000008c900000, 0x000000008c900000| Untracked 
| 202|0x000000008ca00000, 0x000000008ca00000, 0x000000008cb00000|  0%| F|  |TAMS 0x000000008ca00000, 0x000000008ca00000| Untracked 
| 203|0x000000008cb00000, 0x000000008cb00000, 0x000000008cc00000|  0%| F|  |TAMS 0x000000008cb00000, 0x000000008cb00000| Untracked 
| 204|0x000000008cc00000, 0x000000008cc00000, 0x000000008cd00000|  0%| F|  |TAMS 0x000000008cc00000, 0x000000008cc00000| Untracked 
| 205|0x000000008cd00000, 0x000000008cd00000, 0x000000008ce00000|  0%| F|  |TAMS 0x000000008cd00000, 0x000000008cd00000| Untracked 
| 206|0x000000008ce00000, 0x000000008ce00000, 0x000000008cf00000|  0%| F|  |TAMS 0x000000008ce00000, 0x000000008ce00000| Untracked 
| 207|0x000000008cf00000, 0x000000008cf00000, 0x000000008d000000|  0%| F|  |TAMS 0x000000008cf00000, 0x000000008cf00000| Untracked 
| 208|0x000000008d000000, 0x000000008d000000, 0x000000008d100000|  0%| F|  |TAMS 0x000000008d000000, 0x000000008d000000| Untracked 
| 209|0x000000008d100000, 0x000000008d100000, 0x000000008d200000|  0%| F|  |TAMS 0x000000008d100000, 0x000000008d100000| Untracked 
| 210|0x000000008d200000, 0x000000008d200000, 0x000000008d300000|  0%| F|  |TAMS 0x000000008d200000, 0x000000008d200000| Untracked 
| 211|0x000000008d300000, 0x000000008d300000, 0x000000008d400000|  0%| F|  |TAMS 0x000000008d300000, 0x000000008d300000| Untracked 
| 212|0x000000008d400000, 0x000000008d400000, 0x000000008d500000|  0%| F|  |TAMS 0x000000008d400000, 0x000000008d400000| Untracked 
| 213|0x000000008d500000, 0x000000008d500000, 0x000000008d600000|  0%| F|  |TAMS 0x000000008d500000, 0x000000008d500000| Untracked 
| 214|0x000000008d600000, 0x000000008d600000, 0x000000008d700000|  0%| F|  |TAMS 0x000000008d600000, 0x000000008d600000| Untracked 
| 215|0x000000008d700000, 0x000000008d700000, 0x000000008d800000|  0%| F|  |TAMS 0x000000008d700000, 0x000000008d700000| Untracked 
| 216|0x000000008d800000, 0x000000008d800000, 0x000000008d900000|  0%| F|  |TAMS 0x000000008d800000, 0x000000008d800000| Untracked 
| 217|0x000000008d900000, 0x000000008d900000, 0x000000008da00000|  0%| F|  |TAMS 0x000000008d900000, 0x000000008d900000| Untracked 
| 218|0x000000008da00000, 0x000000008da00000, 0x000000008db00000|  0%| F|  |TAMS 0x000000008da00000, 0x000000008da00000| Untracked 
| 219|0x000000008db00000, 0x000000008db00000, 0x000000008dc00000|  0%| F|  |TAMS 0x000000008db00000, 0x000000008db00000| Untracked 
| 220|0x000000008dc00000, 0x000000008dc00000, 0x000000008dd00000|  0%| F|  |TAMS 0x000000008dc00000, 0x000000008dc00000| Untracked 
| 221|0x000000008dd00000, 0x000000008dd00000, 0x000000008de00000|  0%| F|  |TAMS 0x000000008dd00000, 0x000000008dd00000| Untracked 
| 222|0x000000008de00000, 0x000000008de00000, 0x000000008df00000|  0%| F|  |TAMS 0x000000008de00000, 0x000000008de00000| Untracked 
| 223|0x000000008df00000, 0x000000008df00000, 0x000000008e000000|  0%| F|  |TAMS 0x000000008df00000, 0x000000008df00000| Untracked 
| 224|0x000000008e000000, 0x000000008e000000, 0x000000008e100000|  0%| F|  |TAMS 0x000000008e000000, 0x000000008e000000| Untracked 
| 225|0x000000008e100000, 0x000000008e100000, 0x000000008e200000|  0%| F|  |TAMS 0x000000008e100000, 0x000000008e100000| Untracked 
| 226|0x000000008e200000, 0x000000008e200000, 0x000000008e300000|  0%| F|  |TAMS 0x000000008e200000, 0x000000008e200000| Untracked 
| 227|0x000000008e300000, 0x000000008e300000, 0x000000008e400000|  0%| F|  |TAMS 0x000000008e300000, 0x000000008e300000| Untracked 
| 228|0x000000008e400000, 0x000000008e400000, 0x000000008e500000|  0%| F|  |TAMS 0x000000008e400000, 0x000000008e400000| Untracked 
| 229|0x000000008e500000, 0x000000008e500000, 0x000000008e600000|  0%| F|  |TAMS 0x000000008e500000, 0x000000008e500000| Untracked 
| 230|0x000000008e600000, 0x000000008e600000, 0x000000008e700000|  0%| F|  |TAMS 0x000000008e600000, 0x000000008e600000| Untracked 
| 231|0x000000008e700000, 0x000000008e700000, 0x000000008e800000|  0%| F|  |TAMS 0x000000008e700000, 0x000000008e700000| Untracked 
| 232|0x000000008e800000, 0x000000008e800000, 0x000000008e900000|  0%| F|  |TAMS 0x000000008e800000, 0x000000008e800000| Untracked 
| 233|0x000000008e900000, 0x000000008e900000, 0x000000008ea00000|  0%| F|  |TAMS 0x000000008e900000, 0x000000008e900000| Untracked 
| 234|0x000000008ea00000, 0x000000008ea00000, 0x000000008eb00000|  0%| F|  |TAMS 0x000000008ea00000, 0x000000008ea00000| Untracked 
| 235|0x000000008eb00000, 0x000000008eb00000, 0x000000008ec00000|  0%| F|  |TAMS 0x000000008eb00000, 0x000000008eb00000| Untracked 
| 236|0x000000008ec00000, 0x000000008ec00000, 0x000000008ed00000|  0%| F|  |TAMS 0x000000008ec00000, 0x000000008ec00000| Untracked 
| 237|0x000000008ed00000, 0x000000008ed00000, 0x000000008ee00000|  0%| F|  |TAMS 0x000000008ed00000, 0x000000008ed00000| Untracked 
| 238|0x000000008ee00000, 0x000000008ee00000, 0x000000008ef00000|  0%| F|  |TAMS 0x000000008ee00000, 0x000000008ee00000| Untracked 
| 239|0x000000008ef00000, 0x000000008ef00000, 0x000000008f000000|  0%| F|  |TAMS 0x000000008ef00000, 0x000000008ef00000| Untracked 
| 240|0x000000008f000000, 0x000000008f000000, 0x000000008f100000|  0%| F|  |TAMS 0x000000008f000000, 0x000000008f000000| Untracked 
| 241|0x000000008f100000, 0x000000008f100000, 0x000000008f200000|  0%| F|  |TAMS 0x000000008f100000, 0x000000008f100000| Untracked 
| 242|0x000000008f200000, 0x000000008f200000, 0x000000008f300000|  0%| F|  |TAMS 0x000000008f200000, 0x000000008f200000| Untracked 
| 243|0x000000008f300000, 0x000000008f300000, 0x000000008f400000|  0%| F|  |TAMS 0x000000008f300000, 0x000000008f300000| Untracked 
| 244|0x000000008f400000, 0x000000008f400000, 0x000000008f500000|  0%| F|  |TAMS 0x000000008f400000, 0x000000008f400000| Untracked 
| 245|0x000000008f500000, 0x000000008f500000, 0x000000008f600000|  0%| F|  |TAMS 0x000000008f500000, 0x000000008f500000| Untracked 
| 246|0x000000008f600000, 0x000000008f600000, 0x000000008f700000|  0%| F|  |TAMS 0x000000008f600000, 0x000000008f600000| Untracked 
| 247|0x000000008f700000, 0x000000008f700000, 0x000000008f800000|  0%| F|  |TAMS 0x000000008f700000, 0x000000008f700000| Untracked 
| 248|0x000000008f800000, 0x000000008f800000, 0x000000008f900000|  0%| F|  |TAMS 0x000000008f800000, 0x000000008f800000| Untracked 
| 249|0x000000008f900000, 0x000000008f900000, 0x000000008fa00000|  0%| F|  |TAMS 0x000000008f900000, 0x000000008f900000| Untracked 
| 250|0x000000008fa00000, 0x000000008fa00000, 0x000000008fb00000|  0%| F|  |TAMS 0x000000008fa00000, 0x000000008fa00000| Untracked 
| 251|0x000000008fb00000, 0x000000008fb00000, 0x000000008fc00000|  0%| F|  |TAMS 0x000000008fb00000, 0x000000008fb00000| Untracked 
| 252|0x000000008fc00000, 0x000000008fc00000, 0x000000008fd00000|  0%| F|  |TAMS 0x000000008fc00000, 0x000000008fc00000| Untracked 
| 253|0x000000008fd00000, 0x000000008fd00000, 0x000000008fe00000|  0%| F|  |TAMS 0x000000008fd00000, 0x000000008fd00000| Untracked 
| 254|0x000000008fe00000, 0x000000008fe00000, 0x000000008ff00000|  0%| F|  |TAMS 0x000000008fe00000, 0x000000008fe00000| Untracked 
| 255|0x000000008ff00000, 0x000000008ff00000, 0x0000000090000000|  0%| F|  |TAMS 0x000000008ff00000, 0x000000008ff00000| Untracked 
| 256|0x0000000090000000, 0x0000000090000000, 0x0000000090100000|  0%| F|  |TAMS 0x0000000090000000, 0x0000000090000000| Untracked 
| 257|0x0000000090100000, 0x0000000090100000, 0x0000000090200000|  0%| F|  |TAMS 0x0000000090100000, 0x0000000090100000| Untracked 
| 258|0x0000000090200000, 0x0000000090200000, 0x0000000090300000|  0%| F|  |TAMS 0x0000000090200000, 0x0000000090200000| Untracked 
| 259|0x0000000090300000, 0x0000000090300000, 0x0000000090400000|  0%| F|  |TAMS 0x0000000090300000, 0x0000000090300000| Untracked 
| 260|0x0000000090400000, 0x0000000090400000, 0x0000000090500000|  0%| F|  |TAMS 0x0000000090400000, 0x0000000090400000| Untracked 
| 261|0x0000000090500000, 0x0000000090500000, 0x0000000090600000|  0%| F|  |TAMS 0x0000000090500000, 0x0000000090500000| Untracked 
| 262|0x0000000090600000, 0x0000000090600000, 0x0000000090700000|  0%| F|  |TAMS 0x0000000090600000, 0x0000000090600000| Untracked 
| 263|0x0000000090700000, 0x0000000090700000, 0x0000000090800000|  0%| F|  |TAMS 0x0000000090700000, 0x0000000090700000| Untracked 
| 264|0x0000000090800000, 0x0000000090800000, 0x0000000090900000|  0%| F|  |TAMS 0x0000000090800000, 0x0000000090800000| Untracked 
| 265|0x0000000090900000, 0x0000000090900000, 0x0000000090a00000|  0%| F|  |TAMS 0x0000000090900000, 0x0000000090900000| Untracked 
| 266|0x0000000090a00000, 0x0000000090a00000, 0x0000000090b00000|  0%| F|  |TAMS 0x0000000090a00000, 0x0000000090a00000| Untracked 
| 267|0x0000000090b00000, 0x0000000090b00000, 0x0000000090c00000|  0%| F|  |TAMS 0x0000000090b00000, 0x0000000090b00000| Untracked 
| 268|0x0000000090c00000, 0x0000000090c00000, 0x0000000090d00000|  0%| F|  |TAMS 0x0000000090c00000, 0x0000000090c00000| Untracked 
| 269|0x0000000090d00000, 0x0000000090d00000, 0x0000000090e00000|  0%| F|  |TAMS 0x0000000090d00000, 0x0000000090d00000| Untracked 
| 270|0x0000000090e00000, 0x0000000090e00000, 0x0000000090f00000|  0%| F|  |TAMS 0x0000000090e00000, 0x0000000090e00000| Untracked 
| 271|0x0000000090f00000, 0x0000000090f00000, 0x0000000091000000|  0%| F|  |TAMS 0x0000000090f00000, 0x0000000090f00000| Untracked 
| 272|0x0000000091000000, 0x0000000091000000, 0x0000000091100000|  0%| F|  |TAMS 0x0000000091000000, 0x0000000091000000| Untracked 
| 273|0x0000000091100000, 0x0000000091100000, 0x0000000091200000|  0%| F|  |TAMS 0x0000000091100000, 0x0000000091100000| Untracked 
| 274|0x0000000091200000, 0x0000000091200000, 0x0000000091300000|  0%| F|  |TAMS 0x0000000091200000, 0x0000000091200000| Untracked 
| 275|0x0000000091300000, 0x0000000091300000, 0x0000000091400000|  0%| F|  |TAMS 0x0000000091300000, 0x0000000091300000| Untracked 
| 276|0x0000000091400000, 0x0000000091400000, 0x0000000091500000|  0%| F|  |TAMS 0x0000000091400000, 0x0000000091400000| Untracked 
| 277|0x0000000091500000, 0x0000000091500000, 0x0000000091600000|  0%| F|  |TAMS 0x0000000091500000, 0x0000000091500000| Untracked 
| 278|0x0000000091600000, 0x0000000091600000, 0x0000000091700000|  0%| F|  |TAMS 0x0000000091600000, 0x0000000091600000| Untracked 
| 279|0x0000000091700000, 0x0000000091700000, 0x0000000091800000|  0%| F|  |TAMS 0x0000000091700000, 0x0000000091700000| Untracked 
| 280|0x0000000091800000, 0x0000000091800000, 0x0000000091900000|  0%| F|  |TAMS 0x0000000091800000, 0x0000000091800000| Untracked 
| 281|0x0000000091900000, 0x0000000091900000, 0x0000000091a00000|  0%| F|  |TAMS 0x0000000091900000, 0x0000000091900000| Untracked 
| 282|0x0000000091a00000, 0x0000000091a00000, 0x0000000091b00000|  0%| F|  |TAMS 0x0000000091a00000, 0x0000000091a00000| Untracked 
| 283|0x0000000091b00000, 0x0000000091b00000, 0x0000000091c00000|  0%| F|  |TAMS 0x0000000091b00000, 0x0000000091b00000| Untracked 
| 284|0x0000000091c00000, 0x0000000091c00000, 0x0000000091d00000|  0%| F|  |TAMS 0x0000000091c00000, 0x0000000091c00000| Untracked 
| 285|0x0000000091d00000, 0x0000000091d00000, 0x0000000091e00000|  0%| F|  |TAMS 0x0000000091d00000, 0x0000000091d00000| Untracked 
| 286|0x0000000091e00000, 0x0000000091e00000, 0x0000000091f00000|  0%| F|  |TAMS 0x0000000091e00000, 0x0000000091e00000| Untracked 
| 287|0x0000000091f00000, 0x0000000091f00000, 0x0000000092000000|  0%| F|  |TAMS 0x0000000091f00000, 0x0000000091f00000| Untracked 
| 288|0x0000000092000000, 0x0000000092000000, 0x0000000092100000|  0%| F|  |TAMS 0x0000000092000000, 0x0000000092000000| Untracked 
| 289|0x0000000092100000, 0x0000000092100000, 0x0000000092200000|  0%| F|  |TAMS 0x0000000092100000, 0x0000000092100000| Untracked 
| 290|0x0000000092200000, 0x0000000092200000, 0x0000000092300000|  0%| F|  |TAMS 0x0000000092200000, 0x0000000092200000| Untracked 
| 291|0x0000000092300000, 0x0000000092300000, 0x0000000092400000|  0%| F|  |TAMS 0x0000000092300000, 0x0000000092300000| Untracked 
| 292|0x0000000092400000, 0x0000000092400000, 0x0000000092500000|  0%| F|  |TAMS 0x0000000092400000, 0x0000000092400000| Untracked 
| 293|0x0000000092500000, 0x0000000092500000, 0x0000000092600000|  0%| F|  |TAMS 0x0000000092500000, 0x0000000092500000| Untracked 
| 294|0x0000000092600000, 0x0000000092600000, 0x0000000092700000|  0%| F|  |TAMS 0x0000000092600000, 0x0000000092600000| Untracked 
| 295|0x0000000092700000, 0x0000000092700000, 0x0000000092800000|  0%| F|  |TAMS 0x0000000092700000, 0x0000000092700000| Untracked 
| 296|0x0000000092800000, 0x0000000092800000, 0x0000000092900000|  0%| F|  |TAMS 0x0000000092800000, 0x0000000092800000| Untracked 
| 297|0x0000000092900000, 0x0000000092900000, 0x0000000092a00000|  0%| F|  |TAMS 0x0000000092900000, 0x0000000092900000| Untracked 
| 298|0x0000000092a00000, 0x0000000092a00000, 0x0000000092b00000|  0%| F|  |TAMS 0x0000000092a00000, 0x0000000092a00000| Untracked 
| 299|0x0000000092b00000, 0x0000000092b00000, 0x0000000092c00000|  0%| F|  |TAMS 0x0000000092b00000, 0x0000000092b00000| Untracked 
| 300|0x0000000092c00000, 0x0000000092c00000, 0x0000000092d00000|  0%| F|  |TAMS 0x0000000092c00000, 0x0000000092c00000| Untracked 
| 301|0x0000000092d00000, 0x0000000092d00000, 0x0000000092e00000|  0%| F|  |TAMS 0x0000000092d00000, 0x0000000092d00000| Untracked 
| 302|0x0000000092e00000, 0x0000000092e00000, 0x0000000092f00000|  0%| F|  |TAMS 0x0000000092e00000, 0x0000000092e00000| Untracked 
| 303|0x0000000092f00000, 0x0000000092f00000, 0x0000000093000000|  0%| F|  |TAMS 0x0000000092f00000, 0x0000000092f00000| Untracked 
| 304|0x0000000093000000, 0x0000000093000000, 0x0000000093100000|  0%| F|  |TAMS 0x0000000093000000, 0x0000000093000000| Untracked 
| 305|0x0000000093100000, 0x0000000093100000, 0x0000000093200000|  0%| F|  |TAMS 0x0000000093100000, 0x0000000093100000| Untracked 
| 306|0x0000000093200000, 0x0000000093200000, 0x0000000093300000|  0%| F|  |TAMS 0x0000000093200000, 0x0000000093200000| Untracked 
| 307|0x0000000093300000, 0x0000000093300000, 0x0000000093400000|  0%| F|  |TAMS 0x0000000093300000, 0x0000000093300000| Untracked 
| 308|0x0000000093400000, 0x0000000093400000, 0x0000000093500000|  0%| F|  |TAMS 0x0000000093400000, 0x0000000093400000| Untracked 
| 309|0x0000000093500000, 0x00000000935bca00, 0x0000000093600000| 73%| S|CS|TAMS 0x0000000093500000, 0x0000000093500000| Complete 
| 310|0x0000000093600000, 0x0000000093700000, 0x0000000093700000|100%| S|CS|TAMS 0x0000000093600000, 0x0000000093600000| Complete 
| 311|0x0000000093700000, 0x0000000093800000, 0x0000000093800000|100%| S|CS|TAMS 0x0000000093700000, 0x0000000093700000| Complete 
| 312|0x0000000093800000, 0x0000000093900000, 0x0000000093900000|100%| S|CS|TAMS 0x0000000093800000, 0x0000000093800000| Complete 
| 313|0x0000000093900000, 0x0000000093900000, 0x0000000093a00000|  0%| F|  |TAMS 0x0000000093900000, 0x0000000093900000| Untracked 
| 314|0x0000000093a00000, 0x0000000093a00000, 0x0000000093b00000|  0%| F|  |TAMS 0x0000000093a00000, 0x0000000093a00000| Untracked 
| 315|0x0000000093b00000, 0x0000000093b00000, 0x0000000093c00000|  0%| F|  |TAMS 0x0000000093b00000, 0x0000000093b00000| Untracked 
| 316|0x0000000093c00000, 0x0000000093c00000, 0x0000000093d00000|  0%| F|  |TAMS 0x0000000093c00000, 0x0000000093c00000| Untracked 
| 317|0x0000000093d00000, 0x0000000093d00000, 0x0000000093e00000|  0%| F|  |TAMS 0x0000000093d00000, 0x0000000093d00000| Untracked 
| 318|0x0000000093e00000, 0x0000000093e00000, 0x0000000093f00000|  0%| F|  |TAMS 0x0000000093e00000, 0x0000000093e00000| Untracked 
| 319|0x0000000093f00000, 0x0000000093f00000, 0x0000000094000000|  0%| F|  |TAMS 0x0000000093f00000, 0x0000000093f00000| Untracked 
| 320|0x0000000094000000, 0x0000000094000000, 0x0000000094100000|  0%| F|  |TAMS 0x0000000094000000, 0x0000000094000000| Untracked 
| 321|0x0000000094100000, 0x0000000094100000, 0x0000000094200000|  0%| F|  |TAMS 0x0000000094100000, 0x0000000094100000| Untracked 
| 322|0x0000000094200000, 0x0000000094200000, 0x0000000094300000|  0%| F|  |TAMS 0x0000000094200000, 0x0000000094200000| Untracked 
| 323|0x0000000094300000, 0x0000000094380800, 0x0000000094400000| 50%| E|  |TAMS 0x0000000094300000, 0x0000000094300000| Complete 
| 324|0x0000000094400000, 0x0000000094500000, 0x0000000094500000|100%| E|CS|TAMS 0x0000000094400000, 0x0000000094400000| Complete 
| 325|0x0000000094500000, 0x0000000094600000, 0x0000000094600000|100%| E|CS|TAMS 0x0000000094500000, 0x0000000094500000| Complete 
| 326|0x0000000094600000, 0x0000000094700000, 0x0000000094700000|100%| E|CS|TAMS 0x0000000094600000, 0x0000000094600000| Complete 
| 327|0x0000000094700000, 0x0000000094800000, 0x0000000094800000|100%| E|CS|TAMS 0x0000000094700000, 0x0000000094700000| Complete 
| 328|0x0000000094800000, 0x0000000094900000, 0x0000000094900000|100%| E|CS|TAMS 0x0000000094800000, 0x0000000094800000| Complete 
| 329|0x0000000094900000, 0x0000000094a00000, 0x0000000094a00000|100%| E|CS|TAMS 0x0000000094900000, 0x0000000094900000| Complete 
| 330|0x0000000094a00000, 0x0000000094b00000, 0x0000000094b00000|100%| E|CS|TAMS 0x0000000094a00000, 0x0000000094a00000| Complete 
| 331|0x0000000094b00000, 0x0000000094c00000, 0x0000000094c00000|100%| E|CS|TAMS 0x0000000094b00000, 0x0000000094b00000| Complete 
| 332|0x0000000094c00000, 0x0000000094d00000, 0x0000000094d00000|100%| E|CS|TAMS 0x0000000094c00000, 0x0000000094c00000| Complete 
| 333|0x0000000094d00000, 0x0000000094e00000, 0x0000000094e00000|100%| E|CS|TAMS 0x0000000094d00000, 0x0000000094d00000| Complete 
| 334|0x0000000094e00000, 0x0000000094f00000, 0x0000000094f00000|100%| E|CS|TAMS 0x0000000094e00000, 0x0000000094e00000| Complete 
| 335|0x0000000094f00000, 0x0000000095000000, 0x0000000095000000|100%| E|CS|TAMS 0x0000000094f00000, 0x0000000094f00000| Complete 
| 336|0x0000000095000000, 0x0000000095100000, 0x0000000095100000|100%| E|CS|TAMS 0x0000000095000000, 0x0000000095000000| Complete 
| 337|0x0000000095100000, 0x0000000095200000, 0x0000000095200000|100%| E|CS|TAMS 0x0000000095100000, 0x0000000095100000| Complete 
| 338|0x0000000095200000, 0x0000000095300000, 0x0000000095300000|100%| E|CS|TAMS 0x0000000095200000, 0x0000000095200000| Complete 
| 339|0x0000000095300000, 0x0000000095400000, 0x0000000095400000|100%| E|CS|TAMS 0x0000000095300000, 0x0000000095300000| Complete 
| 340|0x0000000095400000, 0x0000000095500000, 0x0000000095500000|100%| E|CS|TAMS 0x0000000095400000, 0x0000000095400000| Complete 
| 341|0x0000000095500000, 0x0000000095600000, 0x0000000095600000|100%| E|CS|TAMS 0x0000000095500000, 0x0000000095500000| Complete 
| 342|0x0000000095600000, 0x0000000095700000, 0x0000000095700000|100%| E|CS|TAMS 0x0000000095600000, 0x0000000095600000| Complete 
| 343|0x0000000095700000, 0x0000000095800000, 0x0000000095800000|100%| E|CS|TAMS 0x0000000095700000, 0x0000000095700000| Complete 
| 344|0x0000000095800000, 0x0000000095900000, 0x0000000095900000|100%| E|CS|TAMS 0x0000000095800000, 0x0000000095800000| Complete 
| 345|0x0000000095900000, 0x0000000095a00000, 0x0000000095a00000|100%| E|CS|TAMS 0x0000000095900000, 0x0000000095900000| Complete 
| 346|0x0000000095a00000, 0x0000000095b00000, 0x0000000095b00000|100%| E|CS|TAMS 0x0000000095a00000, 0x0000000095a00000| Complete 
| 347|0x0000000095b00000, 0x0000000095c00000, 0x0000000095c00000|100%| E|CS|TAMS 0x0000000095b00000, 0x0000000095b00000| Complete 
| 348|0x0000000095c00000, 0x0000000095d00000, 0x0000000095d00000|100%| E|CS|TAMS 0x0000000095c00000, 0x0000000095c00000| Complete 
| 349|0x0000000095d00000, 0x0000000095e00000, 0x0000000095e00000|100%| E|CS|TAMS 0x0000000095d00000, 0x0000000095d00000| Complete 
| 350|0x0000000095e00000, 0x0000000095f00000, 0x0000000095f00000|100%| E|CS|TAMS 0x0000000095e00000, 0x0000000095e00000| Complete 
| 351|0x0000000095f00000, 0x0000000096000000, 0x0000000096000000|100%| E|CS|TAMS 0x0000000095f00000, 0x0000000095f00000| Complete 
| 352|0x0000000096000000, 0x0000000096100000, 0x0000000096100000|100%| E|CS|TAMS 0x0000000096000000, 0x0000000096000000| Complete 
| 353|0x0000000096100000, 0x0000000096200000, 0x0000000096200000|100%| E|CS|TAMS 0x0000000096100000, 0x0000000096100000| Complete 
| 354|0x0000000096200000, 0x0000000096300000, 0x0000000096300000|100%| E|CS|TAMS 0x0000000096200000, 0x0000000096200000| Complete 
| 355|0x0000000096300000, 0x0000000096400000, 0x0000000096400000|100%| E|CS|TAMS 0x0000000096300000, 0x0000000096300000| Complete 
| 356|0x0000000096400000, 0x0000000096500000, 0x0000000096500000|100%| E|CS|TAMS 0x0000000096400000, 0x0000000096400000| Complete 
| 357|0x0000000096500000, 0x0000000096600000, 0x0000000096600000|100%| E|CS|TAMS 0x0000000096500000, 0x0000000096500000| Complete 
| 358|0x0000000096600000, 0x0000000096700000, 0x0000000096700000|100%| E|CS|TAMS 0x0000000096600000, 0x0000000096600000| Complete 
| 359|0x0000000096700000, 0x0000000096800000, 0x0000000096800000|100%| E|CS|TAMS 0x0000000096700000, 0x0000000096700000| Complete 
| 360|0x0000000096800000, 0x0000000096900000, 0x0000000096900000|100%| E|CS|TAMS 0x0000000096800000, 0x0000000096800000| Complete 
| 361|0x0000000096900000, 0x0000000096a00000, 0x0000000096a00000|100%| E|CS|TAMS 0x0000000096900000, 0x0000000096900000| Complete 
| 362|0x0000000096a00000, 0x0000000096b00000, 0x0000000096b00000|100%| E|CS|TAMS 0x0000000096a00000, 0x0000000096a00000| Complete 
| 363|0x0000000096b00000, 0x0000000096c00000, 0x0000000096c00000|100%| E|CS|TAMS 0x0000000096b00000, 0x0000000096b00000| Complete 
| 364|0x0000000096c00000, 0x0000000096d00000, 0x0000000096d00000|100%| E|CS|TAMS 0x0000000096c00000, 0x0000000096c00000| Complete 
| 365|0x0000000096d00000, 0x0000000096e00000, 0x0000000096e00000|100%| E|CS|TAMS 0x0000000096d00000, 0x0000000096d00000| Complete 
| 366|0x0000000096e00000, 0x0000000096f00000, 0x0000000096f00000|100%| E|CS|TAMS 0x0000000096e00000, 0x0000000096e00000| Complete 
| 367|0x0000000096f00000, 0x0000000097000000, 0x0000000097000000|100%| E|CS|TAMS 0x0000000096f00000, 0x0000000096f00000| Complete 
| 368|0x0000000097000000, 0x0000000097100000, 0x0000000097100000|100%| E|CS|TAMS 0x0000000097000000, 0x0000000097000000| Complete 
| 369|0x0000000097100000, 0x0000000097200000, 0x0000000097200000|100%| E|CS|TAMS 0x0000000097100000, 0x0000000097100000| Complete 
| 370|0x0000000097200000, 0x0000000097300000, 0x0000000097300000|100%| E|CS|TAMS 0x0000000097200000, 0x0000000097200000| Complete 
| 371|0x0000000097300000, 0x0000000097400000, 0x0000000097400000|100%| E|CS|TAMS 0x0000000097300000, 0x0000000097300000| Complete 
| 372|0x0000000097400000, 0x0000000097500000, 0x0000000097500000|100%| E|CS|TAMS 0x0000000097400000, 0x0000000097400000| Complete 

Card table byte_map: [0x00000261994a0000,0x00000261998a0000] _byte_map_base: 0x00000261990a0000

Marking Bits (Prev, Next): (CMBitMap*) 0x00000261862a1360, (CMBitMap*) 0x00000261862a1328
 Prev Bits: [0x000002619bca0000, 0x000002619dca0000)
 Next Bits: [0x0000026199ca0000, 0x000002619bca0000)

Polling page: 0x0000026184260000

Metaspace:

Usage:
  Non-class:     90.67 MB capacity,    88.88 MB ( 98%) used,     1.44 MB (  2%) free+waste,   350.44 KB ( <1%) overhead. 
      Class:     14.42 MB capacity,    13.30 MB ( 92%) used,   987.45 KB (  7%) free+waste,   160.38 KB (  1%) overhead. 
       Both:    105.08 MB capacity,   102.18 MB ( 97%) used,     2.40 MB (  2%) free+waste,   510.81 KB ( <1%) overhead. 

Virtual space:
  Non-class space:       92.00 MB reserved,      90.70 MB ( 99%) committed 
      Class space:        1.00 GB reserved,      14.50 MB (  1%) committed 
             Both:        1.09 GB reserved,     105.20 MB (  9%) committed 

Chunk freelists:
   Non-Class:  35.00 KB
       Class:  0 bytes
        Both:  35.00 KB

MaxMetaspaceSize: 17179869184.00 GB
CompressedClassSpaceSize: 1.00 GB
Initial GC threshold: 20.80 MB
Current GC threshold: 143.46 MB
CDS: off

CodeHeap 'non-profiled nmethods': size=120000Kb used=8345Kb max_used=8345Kb free=111654Kb
 bounds [0x0000026191840000, 0x0000026192070000, 0x0000026198d70000]
CodeHeap 'profiled nmethods': size=120000Kb used=30209Kb max_used=30209Kb free=89791Kb
 bounds [0x000002618a310000, 0x000002618c0a0000, 0x0000026191840000]
CodeHeap 'non-nmethods': size=5760Kb used=2436Kb max_used=2484Kb free=3323Kb
 bounds [0x0000026189d70000, 0x0000026189ff0000, 0x000002618a310000]
 total_blobs=14949 nmethods=13983 adapters=878
 compilation: enabled
              stopped_count=0, restarted_count=0
 full_count=0

Compilation events (20 events):
Event: 734.758 Thread 0x00000261a103c000 nmethod 14343 0x0000026192063590 code [0x0000026192063760, 0x0000026192064098]
Event: 735.162 Thread 0x00000261a0712800 14344       3       org.gradle.launcher.daemon.registry.PersistentDaemonRegistry$1::isSatisfiedBy (9 bytes)
Event: 735.169 Thread 0x00000261a0712800 nmethod 14344 0x000002618c089c90 code [0x000002618c089e60, 0x000002618c08a158]
Event: 735.169 Thread 0x00000261a0712800 14345       3       org.gradle.launcher.daemon.registry.PersistentDaemonRegistry$1::isSatisfiedBy (16 bytes)
Event: 735.170 Thread 0x00000261a0712800 nmethod 14345 0x000002618c08a290 code [0x000002618c08a440, 0x000002618c08a5d8]
Event: 735.185 Thread 0x00000261a103c000 14346       4       java.net.URLClassLoader::isSealed (70 bytes)
Event: 735.387 Thread 0x00000261a103c000 nmethod 14346 0x0000026192064410 code [0x0000026192064680, 0x0000026192065930]
Event: 735.439 Thread 0x00000261a103c000 14347       4       groovyjarjarantlr4.v4.runtime.atn.LexerATNSimulator::closure (258 bytes)
Event: 735.526 Thread 0x00000261a0712800 14357       3       groovyjarjarantlr4.v4.runtime.misc.IntegerStack::push (6 bytes)
Event: 735.529 Thread 0x00000261a0712800 nmethod 14357 0x000002618c08a690 code [0x000002618c08a840, 0x000002618c08a968]
Event: 735.550 Thread 0x00000261a0712800 14359       3       groovyjarjarantlr4.v4.runtime.misc.IntegerStack::pop (11 bytes)
Event: 735.551 Thread 0x00000261a0712800 nmethod 14359 0x000002618c08aa10 code [0x000002618c08abc0, 0x000002618c08ad08]
Event: 735.551 Thread 0x00000261a0712800 14360       3       groovyjarjarantlr4.v4.runtime.misc.IntegerList::removeAt (53 bytes)
Event: 735.554 Thread 0x00000261a0712800 nmethod 14360 0x000002618c08ad90 code [0x000002618c08af80, 0x000002618c08b378]
Event: 735.554 Thread 0x00000261a0712800 14361       3       groovyjarjarantlr4.v4.runtime.misc.IntegerList::add (43 bytes)
Event: 735.561 Thread 0x00000261a0712800 nmethod 14361 0x000002618c08b590 code [0x000002618c08b760, 0x000002618c08b928]
Event: 735.567 Thread 0x00000261a0712800 14363   !   3       org.apache.groovy.parser.antlr4.GroovyParser::identifier (183 bytes)
Event: 735.575 Thread 0x00000261a0712800 nmethod 14363 0x000002618c08ba90 code [0x000002618c08bd40, 0x000002618c08ce28]
Event: 735.575 Thread 0x00000261a0712800 14364       3       org.apache.groovy.parser.antlr4.GroovyParser$IdentifierContext::<init> (7 bytes)
Event: 735.582 Thread 0x00000261a0712800 nmethod 14364 0x000002618c08d490 code [0x000002618c08d660, 0x000002618c08d978]

GC Heap History (20 events):
Event: 25.747 GC heap before
{Heap before GC invocations=52 (full 0):
 garbage-first heap   total 156672K, used 123106K [0x0000000080000000, 0x0000000100000000)
  region size 1024K, 55 young (56320K), 7 survivors (7168K)
 Metaspace       used 84688K, capacity 86973K, committed 87244K, reserved 1124352K
  class space    used 11107K, capacity 11995K, committed 12032K, reserved 1048576K
}
Event: 25.782 GC heap after
{Heap after GC invocations=53 (full 0):
 garbage-first heap   total 156672K, used 78227K [0x0000000080000000, 0x0000000100000000)
  region size 1024K, 4 young (4096K), 4 survivors (4096K)
 Metaspace       used 84688K, capacity 86973K, committed 87244K, reserved 1124352K
  class space    used 11107K, capacity 11995K, committed 12032K, reserved 1048576K
}
Event: 26.671 GC heap before
{Heap before GC invocations=53 (full 0):
 garbage-first heap   total 156672K, used 125331K [0x0000000080000000, 0x0000000100000000)
  region size 1024K, 51 young (52224K), 4 survivors (4096K)
 Metaspace       used 85298K, capacity 87538K, committed 87756K, reserved 1124352K
  class space    used 11155K, capacity 12021K, committed 12032K, reserved 1048576K
}
Event: 26.703 GC heap after
{Heap after GC invocations=54 (full 0):
 garbage-first heap   total 203776K, used 81436K [0x0000000080000000, 0x0000000100000000)
  region size 1024K, 7 young (7168K), 7 survivors (7168K)
 Metaspace       used 85298K, capacity 87538K, committed 87756K, reserved 1124352K
  class space    used 11155K, capacity 12021K, committed 12032K, reserved 1048576K
}
Event: 32.333 GC heap before
{Heap before GC invocations=55 (full 0):
 garbage-first heap   total 203776K, used 155164K [0x0000000080000000, 0x0000000100000000)
  region size 1024K, 80 young (81920K), 7 survivors (7168K)
 Metaspace       used 87142K, capacity 89416K, committed 89548K, reserved 1126400K
  class space    used 11320K, capacity 12183K, committed 12288K, reserved 1048576K
}
Event: 32.659 GC heap after
{Heap after GC invocations=56 (full 0):
 garbage-first heap   total 203776K, used 86031K [0x0000000080000000, 0x0000000100000000)
  region size 1024K, 9 young (9216K), 9 survivors (9216K)
 Metaspace       used 87142K, capacity 89416K, committed 89548K, reserved 1126400K
  class space    used 11320K, capacity 12183K, committed 12288K, reserved 1048576K
}
Event: 35.268 GC heap before
{Heap before GC invocations=56 (full 0):
 garbage-first heap   total 203776K, used 159759K [0x0000000080000000, 0x0000000100000000)
  region size 1024K, 82 young (83968K), 9 survivors (9216K)
 Metaspace       used 89623K, capacity 91941K, committed 92108K, reserved 1128448K
  class space    used 11645K, capacity 12509K, committed 12544K, reserved 1048576K
}
Event: 35.349 GC heap after
{Heap after GC invocations=57 (full 0):
 garbage-first heap   total 203776K, used 89227K [0x0000000080000000, 0x0000000100000000)
  region size 1024K, 8 young (8192K), 8 survivors (8192K)
 Metaspace       used 89623K, capacity 91941K, committed 92108K, reserved 1128448K
  class space    used 11645K, capacity 12509K, committed 12544K, reserved 1048576K
}
Event: 59.816 GC heap before
{Heap before GC invocations=57 (full 0):
 garbage-first heap   total 203776K, used 163979K [0x0000000080000000, 0x0000000100000000)
  region size 1024K, 82 young (83968K), 8 survivors (8192K)
 Metaspace       used 92362K, capacity 94767K, committed 95052K, reserved 1132544K
  class space    used 11953K, capacity 12834K, committed 12928K, reserved 1048576K
}
Event: 60.022 GC heap after
{Heap after GC invocations=58 (full 0):
 garbage-first heap   total 203776K, used 94826K [0x0000000080000000, 0x0000000100000000)
  region size 1024K, 9 young (9216K), 9 survivors (9216K)
 Metaspace       used 92362K, capacity 94767K, committed 95052K, reserved 1132544K
  class space    used 11953K, capacity 12834K, committed 12928K, reserved 1048576K
}
Event: 146.159 GC heap before
{Heap before GC invocations=58 (full 0):
 garbage-first heap   total 203776K, used 166506K [0x0000000080000000, 0x0000000100000000)
  region size 1024K, 79 young (80896K), 9 survivors (9216K)
 Metaspace       used 97834K, capacity 100467K, committed 100684K, reserved 1136640K
  class space    used 12700K, capacity 13694K, committed 13696K, reserved 1048576K
}
Event: 146.651 GC heap after
{Heap after GC invocations=59 (full 0):
 garbage-first heap   total 381952K, used 96633K [0x0000000080000000, 0x0000000100000000)
  region size 1024K, 5 young (5120K), 5 survivors (5120K)
 Metaspace       used 97834K, capacity 100467K, committed 100684K, reserved 1136640K
  class space    used 12700K, capacity 13694K, committed 13696K, reserved 1048576K
}
Event: 717.489 GC heap before
{Heap before GC invocations=59 (full 0):
 garbage-first heap   total 381952K, used 137593K [0x0000000080000000, 0x0000000100000000)
  region size 1024K, 36 young (36864K), 5 survivors (5120K)
 Metaspace       used 98994K, capacity 101818K, committed 101964K, reserved 1136640K
  class space    used 12855K, capacity 13934K, committed 13952K, reserved 1048576K
}
Event: 717.822 GC heap after
{Heap after GC invocations=60 (full 0):
 garbage-first heap   total 381952K, used 111218K [0x0000000080000000, 0x0000000100000000)
  region size 1024K, 5 young (5120K), 5 survivors (5120K)
 Metaspace       used 98994K, capacity 101818K, committed 101964K, reserved 1136640K
  class space    used 12855K, capacity 13934K, committed 13952K, reserved 1048576K
}
Event: 721.749 GC heap before
{Heap before GC invocations=60 (full 0):
 garbage-first heap   total 381952K, used 123506K [0x0000000080000000, 0x0000000100000000)
  region size 1024K, 18 young (18432K), 5 survivors (5120K)
 Metaspace       used 100989K, capacity 103919K, committed 104140K, reserved 1138688K
  class space    used 13203K, capacity 14333K, committed 14336K, reserved 1048576K
}
Event: 721.983 GC heap after
{Heap after GC invocations=61 (full 0):
 garbage-first heap   total 381952K, used 112353K [0x0000000080000000, 0x0000000100000000)
  region size 1024K, 2 young (2048K), 2 survivors (2048K)
 Metaspace       used 100989K, capacity 103919K, committed 104140K, reserved 1138688K
  class space    used 13203K, capacity 14333K, committed 14336K, reserved 1048576K
}
Event: 723.811 GC heap before
{Heap before GC invocations=61 (full 0):
 garbage-first heap   total 381952K, used 140001K [0x0000000080000000, 0x0000000100000000)
  region size 1024K, 29 young (29696K), 2 survivors (2048K)
 Metaspace       used 102237K, capacity 105176K, committed 105420K, reserved 1140736K
  class space    used 13363K, capacity 14496K, committed 14592K, reserved 1048576K
}
Event: 723.845 GC heap after
{Heap after GC invocations=62 (full 0):
 garbage-first heap   total 381952K, used 113411K [0x0000000080000000, 0x0000000100000000)
  region size 1024K, 3 young (3072K), 3 survivors (3072K)
 Metaspace       used 102237K, capacity 105176K, committed 105420K, reserved 1140736K
  class space    used 13363K, capacity 14496K, committed 14592K, reserved 1048576K
}
Event: 724.379 GC heap before
{Heap before GC invocations=62 (full 0):
 garbage-first heap   total 381952K, used 171779K [0x0000000080000000, 0x0000000100000000)
  region size 1024K, 60 young (61440K), 3 survivors (3072K)
 Metaspace       used 102304K, capacity 105240K, committed 105420K, reserved 1140736K
  class space    used 13363K, capacity 14496K, committed 14592K, reserved 1048576K
}
Event: 724.396 GC heap after
{Heap after GC invocations=63 (full 0):
 garbage-first heap   total 381952K, used 114934K [0x0000000080000000, 0x0000000100000000)
  region size 1024K, 4 young (4096K), 4 survivors (4096K)
 Metaspace       used 102304K, capacity 105240K, committed 105420K, reserved 1140736K
  class space    used 13363K, capacity 14496K, committed 14592K, reserved 1048576K
}

Deoptimization events (20 events):
Event: 727.245 Thread 0x00000261a1e44800 DEOPT PACKING pc=0x000002618bfc4c26 sp=0x00000086c95f8150
Event: 727.247 Thread 0x00000261a1e44800 DEOPT UNPACKING pc=0x0000026189dba95e sp=0x00000086c95f7630 mode 0
Event: 728.011 Thread 0x00000261a1e44800 Uncommon trap: trap_request=0xffffff4d fr.pc=0x0000026191cee904 relative=0x0000000000000484
Event: 728.011 Thread 0x00000261a1e44800 Uncommon trap: reason=unstable_if action=reinterpret pc=0x0000026191cee904 method=java.io.WinNTFileSystem.prefixLength(Ljava/lang/String;)I @ 42 c2
Event: 728.011 Thread 0x00000261a1e44800 DEOPT PACKING pc=0x0000026191cee904 sp=0x00000086c95f8d20
Event: 728.011 Thread 0x00000261a1e44800 DEOPT UNPACKING pc=0x0000026189dba1af sp=0x00000086c95f8c48 mode 2
Event: 728.012 Thread 0x00000261a1e44800 Uncommon trap: trap_request=0xffffff4d fr.pc=0x0000026191c423d4 relative=0x00000000000002f4
Event: 728.012 Thread 0x00000261a1e44800 Uncommon trap: reason=unstable_if action=reinterpret pc=0x0000026191c423d4 method=java.io.WinNTFileSystem.prefixLength(Ljava/lang/String;)I @ 42 c2
Event: 728.012 Thread 0x00000261a1e44800 DEOPT PACKING pc=0x0000026191c423d4 sp=0x00000086c95f8d70
Event: 728.012 Thread 0x00000261a1e44800 DEOPT UNPACKING pc=0x0000026189dba1af sp=0x00000086c95f8cf8 mode 2
Event: 728.013 Thread 0x00000261a1e44800 Uncommon trap: trap_request=0xffffff4d fr.pc=0x0000026191e89794 relative=0x00000000000020f4
Event: 728.013 Thread 0x00000261a1e44800 Uncommon trap: reason=unstable_if action=reinterpret pc=0x0000026191e89794 method=sun.nio.fs.WindowsPathParser.parse(Ljava/lang/String;Z)Lsun/nio/fs/WindowsPathParser$Result; @ 45 c2
Event: 728.013 Thread 0x00000261a1e44800 DEOPT PACKING pc=0x0000026191e89794 sp=0x00000086c95f8cd0
Event: 728.014 Thread 0x00000261a1e44800 DEOPT UNPACKING pc=0x0000026189dba1af sp=0x00000086c95f8cc8 mode 2
Event: 730.379 Thread 0x00000261a4efa800 DEOPT PACKING pc=0x000002618bd3deb7 sp=0x00000086cadfdb00
Event: 730.382 Thread 0x00000261a4efa800 DEOPT UNPACKING pc=0x0000026189dba95e sp=0x00000086cadfcfc0 mode 0
Event: 734.023 Thread 0x00000261a4ef9800 Uncommon trap: trap_request=0xffffff4d fr.pc=0x0000026191cb883c relative=0x000000000000037c
Event: 734.026 Thread 0x00000261a4ef9800 Uncommon trap: reason=unstable_if action=reinterpret pc=0x0000026191cb883c method=java.util.concurrent.ConcurrentLinkedQueue.offer(Ljava/lang/Object;)Z @ 96 c2
Event: 734.026 Thread 0x00000261a4ef9800 DEOPT PACKING pc=0x0000026191cb883c sp=0x00000086cabfe070
Event: 734.030 Thread 0x00000261a4ef9800 DEOPT UNPACKING pc=0x0000026189dba1af sp=0x00000086cabfe008 mode 2

Classes redefined (0 events):
No events

Internal exceptions (20 events):
Event: 719.455 Thread 0x00000261a52d2000 Exception <a 'sun/nio/fs/WindowsException'{0x00000000973e6eb8}> (0x00000000973e6eb8) thrown at [./src/hotspot/share/prims/jni.cpp, line 615]
Event: 719.476 Thread 0x00000261a52d2000 Exception <a 'sun/nio/fs/WindowsException'{0x00000000973e70c0}> (0x00000000973e70c0) thrown at [./src/hotspot/share/prims/jni.cpp, line 615]
Event: 719.692 Thread 0x00000261a1e44800 Exception <a 'java/lang/ClassNotFoundException'{0x0000000097249678}: sync_studio_tooling6_796dsnbnd28rga0x5ditleo1zBeanInfo> (0x0000000097249678) thrown at [./src/hotspot/share/classfile/systemDictionary.cpp, line 231]
Event: 719.695 Thread 0x00000261a1e44800 Exception <a 'java/lang/ClassNotFoundException'{0x00000000972562e0}: sync_studio_tooling6_796dsnbnd28rga0x5ditleo1zCustomizer> (0x00000000972562e0) thrown at [./src/hotspot/share/classfile/systemDictionary.cpp, line 231]
Event: 719.825 Thread 0x00000261a1e44800 Exception <a 'java/lang/ClassNotFoundException'{0x00000000972e5998}: org/gradle/api/internal/initialization/DefaultScriptHandlerBeanInfo> (0x00000000972e5998) thrown at [./src/hotspot/share/classfile/systemDictionary.cpp, line 231]
Event: 719.830 Thread 0x00000261a1e44800 Exception <a 'java/lang/ClassNotFoundException'{0x00000000971114c0}: org/gradle/api/internal/initialization/DefaultScriptHandlerCustomizer> (0x00000000971114c0) thrown at [./src/hotspot/share/classfile/systemDictionary.cpp, line 231]
Event: 720.080 Thread 0x00000261a52d8800 Exception <a 'sun/nio/fs/WindowsException'{0x00000000971763b8}> (0x00000000971763b8) thrown at [./src/hotspot/share/prims/jni.cpp, line 615]
Event: 720.101 Thread 0x00000261a52d8800 Exception <a 'sun/nio/fs/WindowsException'{0x00000000971e2fd0}> (0x00000000971e2fd0) thrown at [./src/hotspot/share/prims/jni.cpp, line 615]
Event: 720.103 Thread 0x00000261a52d8800 Exception <a 'sun/nio/fs/WindowsException'{0x00000000971e3138}> (0x00000000971e3138) thrown at [./src/hotspot/share/prims/jni.cpp, line 615]
Event: 720.123 Thread 0x00000261a1e44800 Exception <a 'java/lang/ClassNotFoundException'{0x000000009703b400}: sync_studio_tooling6_796dsnbnd28rga0x5ditleo1zBeanInfo> (0x000000009703b400) thrown at [./src/hotspot/share/classfile/systemDictionary.cpp, line 231]
Event: 720.123 Thread 0x00000261a1e44800 Exception <a 'java/lang/ClassNotFoundException'{0x0000000097048250}: sync_studio_tooling6_796dsnbnd28rga0x5ditleo1zCustomizer> (0x0000000097048250) thrown at [./src/hotspot/share/classfile/systemDictionary.cpp, line 231]
Event: 725.990 Thread 0x00000261a1e44800 Exception <a 'java/lang/NoSuchMethodError'{0x0000000096429a78}: 'void java.lang.invoke.DirectMethodHandle$Holder.invokeSpecialIFC(java.lang.Object, java.lang.Object, java.lang.Object)'> (0x0000000096429a78) thrown at [./src/hotspot/share/interpreter/linkResolver.cpp, line 773]
Event: 727.661 Thread 0x00000261a1e44800 Exception <a 'java/lang/NoSuchMethodError'{0x0000000095fbc550}: 'int java.lang.invoke.DirectMethodHandle$Holder.invokeStatic(java.lang.Object, int, java.lang.Object, java.lang.Object)'> (0x0000000095fbc550) thrown at [./src/hotspot/share/interpreter/linkResolver.cpp, line 773]
Event: 730.083 Thread 0x00000261a4efa800 Exception <a 'sun/nio/fs/WindowsException'{0x0000000095812a78}> (0x0000000095812a78) thrown at [./src/hotspot/share/prims/jni.cpp, line 615]
Event: 730.508 Thread 0x00000261a4efa800 Exception <a 'sun/nio/fs/WindowsException'{0x00000000958b9ea0}> (0x00000000958b9ea0) thrown at [./src/hotspot/share/prims/jni.cpp, line 615]
Event: 730.516 Thread 0x00000261a4efa800 Exception <a 'sun/nio/fs/WindowsException'{0x00000000958ba010}> (0x00000000958ba010) thrown at [./src/hotspot/share/prims/jni.cpp, line 615]
Event: 731.610 Thread 0x00000261a1e44800 Exception <a 'java/lang/ClassNotFoundException'{0x0000000095716fd8}: ijinit2_10n29tqaxy9q4dqfzddvyv568BeanInfo> (0x0000000095716fd8) thrown at [./src/hotspot/share/classfile/systemDictionary.cpp, line 231]
Event: 731.634 Thread 0x00000261a1e44800 Exception <a 'java/lang/ClassNotFoundException'{0x0000000095723108}: ijinit2_10n29tqaxy9q4dqfzddvyv568Customizer> (0x0000000095723108) thrown at [./src/hotspot/share/classfile/systemDictionary.cpp, line 231]
Event: 733.015 Thread 0x00000261a1e44800 Exception <a 'java/lang/ClassNotFoundException'{0x00000000957709e0}: ijinit2_10n29tqaxy9q4dqfzddvyv568$_run_closure1BeanInfo> (0x00000000957709e0) thrown at [./src/hotspot/share/classfile/systemDictionary.cpp, line 231]
Event: 733.018 Thread 0x00000261a1e44800 Exception <a 'java/lang/ClassNotFoundException'{0x0000000095776bc0}: ijinit2_10n29tqaxy9q4dqfzddvyv568$_run_closure1Customizer> (0x0000000095776bc0) thrown at [./src/hotspot/share/classfile/systemDictionary.cpp, line 231]

Events (20 events):
Event: 733.015 loading class ijinit2_10n29tqaxy9q4dqfzddvyv568$_run_closure1BeanInfo
Event: 733.015 loading class ijinit2_10n29tqaxy9q4dqfzddvyv568$_run_closure1BeanInfo done
Event: 733.018 loading class ijinit2_10n29tqaxy9q4dqfzddvyv568$_run_closure1Customizer
Event: 733.018 loading class ijinit2_10n29tqaxy9q4dqfzddvyv568$_run_closure1Customizer done
Event: 733.018 loading class ijinit2_10n29tqaxy9q4dqfzddvyv568$_run_closure1Customizer
Event: 733.018 loading class ijinit2_10n29tqaxy9q4dqfzddvyv568$_run_closure1Customizer done
Event: 733.023 Executing VM operation: BulkRevokeBias
Event: 733.054 Executing VM operation: BulkRevokeBias done
Event: 733.054 Executing VM operation: RevokeBias
Event: 733.055 Executing VM operation: RevokeBias done
Event: 735.078 loading class org/gradle/groovy/scripts/internal/FilteringScriptTransformer
Event: 735.081 loading class org/gradle/groovy/scripts/internal/FilteringScriptTransformer done
Event: 735.182 loading class org/gradle/groovy/scripts/internal/TaskDefinitionScriptTransformer
Event: 735.182 loading class org/gradle/groovy/scripts/internal/TaskDefinitionScriptTransformer done
Event: 735.199 loading class org/gradle/groovy/scripts/internal/FixMainScriptTransformer
Event: 735.199 loading class org/gradle/groovy/scripts/internal/FixMainScriptTransformer done
Event: 735.211 loading class org/gradle/groovy/scripts/internal/StatementLabelsScriptTransformer
Event: 735.211 loading class org/gradle/groovy/scripts/internal/StatementLabelsScriptTransformer done
Event: 735.224 loading class org/gradle/model/dsl/internal/transform/ModelBlockTransformer
Event: 735.224 loading class org/gradle/model/dsl/internal/transform/ModelBlockTransformer done


Dynamic libraries:
0x00007ff7946d0000 - 0x00007ff7946da000 	C:\Program Files\Android\Android Studio\jre\bin\java.exe
0x00007ff8e6b20000 - 0x00007ff8e6d29000 	C:\WINDOWS\SYSTEM32\ntdll.dll
0x00007ff8e55e0000 - 0x00007ff8e569d000 	C:\WINDOWS\System32\KERNEL32.DLL
0x00007ff8e41b0000 - 0x00007ff8e4529000 	C:\WINDOWS\System32\KERNELBASE.dll
0x00007ff8e4010000 - 0x00007ff8e4121000 	C:\WINDOWS\System32\ucrtbase.dll
0x00007ff8d7400000 - 0x00007ff8d7419000 	C:\Program Files\Android\Android Studio\jre\bin\jli.dll
0x00007ff8e6760000 - 0x00007ff8e690c000 	C:\WINDOWS\System32\USER32.dll
0x00007ff8e4990000 - 0x00007ff8e49b6000 	C:\WINDOWS\System32\win32u.dll
0x00007ff8e5700000 - 0x00007ff8e5729000 	C:\WINDOWS\System32\GDI32.dll
0x00007ff8e4870000 - 0x00007ff8e4982000 	C:\WINDOWS\System32\gdi32full.dll
0x00007ff8e4660000 - 0x00007ff8e46fd000 	C:\WINDOWS\System32\msvcp_win.dll
0x00007ff8d38f0000 - 0x00007ff8d3b95000 	C:\WINDOWS\WinSxS\amd64_microsoft.windows.common-controls_6595b64144ccf1df_6.0.22000.120_none_9d947278b86cc467\COMCTL32.dll
0x00007ff8e5530000 - 0x00007ff8e55d3000 	C:\WINDOWS\System32\msvcrt.dll
0x00007ff8d7390000 - 0x00007ff8d73a7000 	C:\Program Files\Android\Android Studio\jre\bin\VCRUNTIME140.dll
0x00007ff8e4fd0000 - 0x00007ff8e5001000 	C:\WINDOWS\System32\IMM32.DLL
0x00007ff8c28f0000 - 0x00007ff8c298d000 	C:\Program Files\Android\Android Studio\jre\bin\msvcp140.dll
0x00007ff8a2320000 - 0x00007ff8a2e05000 	C:\Program Files\Android\Android Studio\jre\bin\server\jvm.dll
0x00007ff8e5730000 - 0x00007ff8e57de000 	C:\WINDOWS\System32\ADVAPI32.dll
0x00007ff8e57e0000 - 0x00007ff8e587e000 	C:\WINDOWS\System32\sechost.dll
0x00007ff8e5320000 - 0x00007ff8e5440000 	C:\WINDOWS\System32\RPCRT4.dll
0x00007ff8e6910000 - 0x00007ff8e6918000 	C:\WINDOWS\System32\PSAPI.DLL
0x00007ff8de830000 - 0x00007ff8de863000 	C:\WINDOWS\SYSTEM32\WINMM.dll
0x00007ff8dc650000 - 0x00007ff8dc65a000 	C:\WINDOWS\SYSTEM32\VERSION.dll
0x00007ff8d3820000 - 0x00007ff8d3829000 	C:\WINDOWS\SYSTEM32\WSOCK32.dll
0x00007ff8e6980000 - 0x00007ff8e69ef000 	C:\WINDOWS\System32\WS2_32.dll
0x00007ff8e3110000 - 0x00007ff8e3128000 	C:\WINDOWS\SYSTEM32\kernel.appcore.dll
0x00007ff8c1030000 - 0x00007ff8c1041000 	C:\Program Files\Android\Android Studio\jre\bin\verify.dll
0x00007ff8d6900000 - 0x00007ff8d6b21000 	C:\WINDOWS\SYSTEM32\DBGHELP.DLL
0x00007ff8d6680000 - 0x00007ff8d66b1000 	C:\WINDOWS\SYSTEM32\dbgcore.DLL
0x00007ff8e4130000 - 0x00007ff8e41af000 	C:\WINDOWS\System32\bcryptPrimitives.dll
0x00007ff8c1000000 - 0x00007ff8c1029000 	C:\Program Files\Android\Android Studio\jre\bin\java.dll
0x00007ff8d4a90000 - 0x00007ff8d4a9b000 	C:\Program Files\Android\Android Studio\jre\bin\jimage.dll
0x00007ff8b38e0000 - 0x00007ff8b38f8000 	C:\Program Files\Android\Android Studio\jre\bin\zip.dll
0x00007ff8e5ba0000 - 0x00007ff8e634f000 	C:\WINDOWS\System32\SHELL32.dll
0x00007ff8e2180000 - 0x00007ff8e29e8000 	C:\WINDOWS\SYSTEM32\windows.storage.dll
0x00007ff8e63e0000 - 0x00007ff8e6758000 	C:\WINDOWS\System32\combase.dll
0x00007ff8e2010000 - 0x00007ff8e2176000 	C:\WINDOWS\SYSTEM32\wintypes.dll
0x00007ff8e5440000 - 0x00007ff8e552a000 	C:\WINDOWS\System32\SHCORE.dll
0x00007ff8e6920000 - 0x00007ff8e697d000 	C:\WINDOWS\System32\shlwapi.dll
0x00007ff8e3f40000 - 0x00007ff8e3f61000 	C:\WINDOWS\SYSTEM32\profapi.dll
0x00007ff8b38c0000 - 0x00007ff8b38da000 	C:\Program Files\Android\Android Studio\jre\bin\net.dll
0x00007ff8dcaf0000 - 0x00007ff8dcbfc000 	C:\WINDOWS\SYSTEM32\WINHTTP.dll
0x00007ff8e3540000 - 0x00007ff8e35a7000 	C:\WINDOWS\system32\mswsock.dll
0x00007ff8b38a0000 - 0x00007ff8b38b4000 	C:\Program Files\Android\Android Studio\jre\bin\nio.dll
0x00007ff8d73d0000 - 0x00007ff8d73f7000 	C:\Users\ACER\.gradle\native\e1d6ef7f7dcc3fd88c89a11ec53ec762bb8ba0a96d01ffa2cd45eb1d1d8dd5c5\windows-amd64\native-platform.dll
0x00007ff8b9b30000 - 0x00007ff8b9c74000 	C:\Users\ACER\.gradle\native\5664cfc778a61ccfe75a443a1ab52a65af34e5dc3c78e0209fed803814484fcb\windows-amd64\native-platform-file-events.dll
0x00007ff8d4a70000 - 0x00007ff8d4a7a000 	C:\Program Files\Android\Android Studio\jre\bin\management.dll
0x00007ff8c1ac0000 - 0x00007ff8c1acd000 	C:\Program Files\Android\Android Studio\jre\bin\management_ext.dll
0x00007ff8e3780000 - 0x00007ff8e3798000 	C:\WINDOWS\SYSTEM32\CRYPTSP.dll
0x00007ff8e3070000 - 0x00007ff8e30a5000 	C:\WINDOWS\system32\rsaenh.dll
0x00007ff8e3630000 - 0x00007ff8e3659000 	C:\WINDOWS\SYSTEM32\USERENV.dll
0x00007ff8e3900000 - 0x00007ff8e3927000 	C:\WINDOWS\SYSTEM32\bcrypt.dll
0x00007ff8e37a0000 - 0x00007ff8e37ac000 	C:\WINDOWS\SYSTEM32\CRYPTBASE.dll
0x00007ff8e2c80000 - 0x00007ff8e2cad000 	C:\WINDOWS\SYSTEM32\IPHLPAPI.DLL
0x00007ff8e5260000 - 0x00007ff8e5269000 	C:\WINDOWS\System32\NSI.dll
0x00007ff8dcab0000 - 0x00007ff8dcac9000 	C:\WINDOWS\SYSTEM32\dhcpcsvc6.DLL
0x00007ff8dd610000 - 0x00007ff8dd62e000 	C:\WINDOWS\SYSTEM32\dhcpcsvc.DLL
0x00007ff8e2cb0000 - 0x00007ff8e2d98000 	C:\WINDOWS\SYSTEM32\DNSAPI.dll
0x00007ff8cdfd0000 - 0x00007ff8cdfee000 	C:\Users\ACER\AppData\Local\Temp\native-platform14453809921834490666dir\native-platform.dll
0x00007ff8e0a40000 - 0x00007ff8e0a48000 	C:\Program Files\Android\Android Studio\jre\bin\rmi.dll
0x00007ff8d0d80000 - 0x00007ff8d0d97000 	C:\WINDOWS\system32\napinsp.dll
0x00007ff8d0490000 - 0x00007ff8d04ab000 	C:\WINDOWS\system32\pnrpnsp.dll
0x00007ff8d0520000 - 0x00007ff8d0532000 	C:\WINDOWS\System32\winrnr.dll
0x00007ff8d0500000 - 0x00007ff8d0515000 	C:\WINDOWS\system32\wshbth.dll
0x00007ff8d04e0000 - 0x00007ff8d04ff000 	C:\WINDOWS\system32\nlansp_c.dll
0x00007ff8d8970000 - 0x00007ff8d897a000 	C:\Windows\System32\rasadhlp.dll
0x00007ff8d9040000 - 0x00007ff8d90c1000 	C:\WINDOWS\System32\fwpuclnt.dll

dbghelp: loaded successfully - version: 4.0.5 - missing functions: none
symbol engine: initialized successfully - sym options: 0x614 - pdb path: .;C:\Program Files\Android\Android Studio\jre\bin;C:\WINDOWS\SYSTEM32;C:\WINDOWS\WinSxS\amd64_microsoft.windows.common-controls_6595b64144ccf1df_6.0.22000.120_none_9d947278b86cc467;C:\Program Files\Android\Android Studio\jre\bin\server;C:\Users\ACER\.gradle\native\e1d6ef7f7dcc3fd88c89a11ec53ec762bb8ba0a96d01ffa2cd45eb1d1d8dd5c5\windows-amd64;C:\Users\ACER\.gradle\native\5664cfc778a61ccfe75a443a1ab52a65af34e5dc3c78e0209fed803814484fcb\windows-amd64;C:\Users\ACER\AppData\Local\Temp\native-platform14453809921834490666dir

VM Arguments:
jvm_args: --add-opens=java.base/java.util=ALL-UNNAMED --add-opens=java.base/java.lang=ALL-UNNAMED --add-opens=java.base/java.lang.invoke=ALL-UNNAMED --add-opens=java.base/java.util=ALL-UNNAMED --add-opens=java.prefs/java.util.prefs=ALL-UNNAMED --add-opens=java.prefs/java.util.prefs=ALL-UNNAMED --add-opens=java.base/java.nio.charset=ALL-UNNAMED --add-opens=java.base/java.net=ALL-UNNAMED --add-opens=java.base/java.util.concurrent.atomic=ALL-UNNAMED -Xmx2048m -Dfile.encoding=UTF-8 -Duser.country=ID -Duser.language=en -Duser.variant 
java_command: org.gradle.launcher.daemon.bootstrap.GradleDaemon 7.2
java_class_path (initial): C:\Users\ACER\.gradle\wrapper\dists\gradle-7.2-bin\2dnblmf4td7x66yl1d74lt32g\gradle-7.2\lib\gradle-launcher-7.2.jar
Launcher Type: SUN_STANDARD

[Global flags]
     intx CICompilerCount                          = 4                                         {product} {ergonomic}
     uint ConcGCThreads                            = 2                                         {product} {ergonomic}
     uint G1ConcRefinementThreads                  = 8                                         {product} {ergonomic}
   size_t G1HeapRegionSize                         = 1048576                                   {product} {ergonomic}
    uintx GCDrainStackTargetSize                   = 64                                        {product} {ergonomic}
   size_t InitialHeapSize                          = 58720256                                  {product} {ergonomic}
   size_t MarkStackSize                            = 4194304                                   {product} {ergonomic}
   size_t MaxHeapSize                              = 2147483648                                {product} {command line}
   size_t MaxNewSize                               = 1287651328                                {product} {ergonomic}
   size_t MinHeapDeltaBytes                        = 1048576                                   {product} {ergonomic}
    uintx NonNMethodCodeHeapSize                   = 5836300                                {pd product} {ergonomic}
    uintx NonProfiledCodeHeapSize                  = 122910970                              {pd product} {ergonomic}
    uintx ProfiledCodeHeapSize                     = 122910970                              {pd product} {ergonomic}
    uintx ReservedCodeCacheSize                    = 251658240                              {pd product} {ergonomic}
     bool SegmentedCodeCache                       = true                                      {product} {ergonomic}
     bool UseCompressedClassPointers               = true                                 {lp64_product} {ergonomic}
     bool UseCompressedOops                        = true                                 {lp64_product} {ergonomic}
     bool UseG1GC                                  = true                                      {product} {ergonomic}
     bool UseLargePagesIndividualAllocation        = false                                  {pd product} {ergonomic}

Logging:
Log output configuration:
 #0: stdout all=warning uptime,level,tags
 #1: stderr all=off uptime,level,tags

Environment Variables:
PATH=C:\Program Files\Common Files\Oracle\Java\javapath;C:\Program Files (x86)\Common Files\Oracle\Java\javapath;C:\WINDOWS\system32;C:\WINDOWS;C:\WINDOWS\System32\Wbem;C:\WINDOWS\System32\WindowsPowerShell\v1.0\;C:\WINDOWS\System32\OpenSSH\;C:\MinGW\bin;C:\Program Files\Microsoft VS Code\bin;C:\Program Files\nodejs\;C:\Program Files\Java\jdk-18.0.1.1\bin;C:\Program Files\Java\jdk-18.0.1.1\bin;C:\Program Files\Git\cmd;C:\Users\ACER\AppData\Local\Microsoft\WindowsApps;C:\Users\ACER\AppData\Roaming\npm;C:\Users\ACER\AppData\Local\GitHubDesktop\bin;C:\ProgramData\ACER\GitHubDesktop\bin
USERNAME=ACER
OS=Windows_NT
PROCESSOR_IDENTIFIER=AMD64 Family 23 Model 24 Stepping 1, AuthenticAMD



---------------  S Y S T E M  ---------------

OS: Windows 10 , 64 bit Build 22000 (10.0.22000.675)
OS uptime: 0 days 6:03 hours

CPU:total 8 (initial active 8) (8 cores per cpu, 2 threads per core) family 23 model 24 stepping 1 microcode 0x0, cmov, cx8, fxsr, mmx, sse, sse2, sse3, ssse3, sse4.1, sse4.2, popcnt, avx, avx2, aes, clmul, mmxext, 3dnowpref, lzcnt, sse4a, ht, tsc, tscinvbit, tscinv, bmi1, bmi2, adx, sha, fma

Memory: 4k page, system-wide physical 3514M (64M free)
TotalPageFile size 14266M (AvailPageFile size 7M)
current process WorkingSet (physical memory assigned to process): 80M, peak: 238M
current process commit charge ("private bytes"): 692M, peak: 703M

vm_info: OpenJDK 64-Bit Server VM (11.0.12+7-b1504.28-7817840) for windows-amd64 JRE (11.0.12+7-b1504.28-7817840), built on Oct 13 2021 22:12:33 by "builder" with MS VC++ 14.0 (VS2015)

END.
