#
# There is insufficient memory for the Java Runtime Environment to continue.
# Native memory allocation (mmap) failed to map 282066944 bytes for Failed to commit area from 0x0000000091b00000 to 0x00000000a2800000 of length 282066944.
# Possible reasons:
#   The system is out of physical RAM or swap space
#   The process is running with CompressedOops enabled, and the Java Heap may be blocking the growth of the native heap
# Possible solutions:
#   Reduce memory load on the system
#   Increase physical memory or swap space
#   Check if swap backing store is full
#   Decrease Java heap size (-Xmx/-Xms)
#   Decrease number of Java threads
#   Decrease Java thread stack sizes (-Xss)
#   Set larger code cache with -XX:ReservedCodeCacheSize=
#   JVM is running with Unscaled Compressed Oops mode in which the Java heap is
#     placed in the first 4GB address space. The Java Heap base address is the
#     maximum limit for the native heap growth. Please use -XX:HeapBaseMinAddress
#     to set the Java Heap base and to place the Java Heap above 4GB virtual address.
# This output file may be truncated or incomplete.
#
#  Out of Memory Error (./src/hotspot/os/windows/os_windows.cpp:3521), pid=1816, tid=2968
#
# JRE version: OpenJDK Runtime Environment (11.0.12+7) (build 11.0.12+7-b1504.28-7817840)
# Java VM: OpenJDK 64-Bit Server VM (11.0.12+7-b1504.28-7817840, mixed mode, tiered, compressed oops, g1 gc, windows-amd64)
# No core dump will be written. Minidumps are not enabled by default on client versions of Windows
#

---------------  S U M M A R Y ------------

Command Line: --add-opens=java.base/java.util=ALL-UNNAMED --add-opens=java.base/java.lang=ALL-UNNAMED --add-opens=java.base/java.lang.invoke=ALL-UNNAMED --add-opens=java.base/java.util=ALL-UNNAMED --add-opens=java.prefs/java.util.prefs=ALL-UNNAMED --add-opens=java.prefs/java.util.prefs=ALL-UNNAMED --add-opens=java.base/java.nio.charset=ALL-UNNAMED --add-opens=java.base/java.net=ALL-UNNAMED --add-opens=java.base/java.util.concurrent.atomic=ALL-UNNAMED -Xmx2048m -Dfile.encoding=UTF-8 -Duser.country=ID -Duser.language=en -Duser.variant org.gradle.launcher.daemon.bootstrap.GradleDaemon 7.2

Host: AMD Ryzen 5 3500U with Radeon Vega Mobile Gfx  , 8 cores, 3G,  Windows 10 , 64 bit Build 22000 (10.0.22000.675)
Time: Tue May 24 22:00:39 2022 SE Asia Standard Time elapsed time: 47.635867 seconds (0d 0h 0m 47s)

---------------  T H R E A D  ---------------

Current thread (0x000001e6f59e4800):  VMThread "VM Thread" [stack: 0x00000024bc200000,0x00000024bc300000] [id=2968]

Stack: [0x00000024bc200000,0x00000024bc300000]
[error occurred during error reporting (printing stack bounds), id 0xc0000005, EXCEPTION_ACCESS_VIOLATION (0xc0000005) at pc=0x000001e6de90112d]

Native frames: (J=compiled Java code, j=interpreted, Vv=VM code, C=native code)
V  [jvm.dll+0x5fbcea]
V  [jvm.dll+0x731905]
V  [jvm.dll+0x732f1d]
V  [jvm.dll+0x733535]
V  [jvm.dll+0x7334eb]
V  [jvm.dll+0x5fb080]
V  [jvm.dll+0x5fb818]
C  [ntdll.dll+0xa8e4f]
C  [ntdll.dll+0x35e9a]
C  [ntdll.dll+0xa7e5e]
C  0x000001e6de90112d

VM_Operation (0x00000024bdefe290): G1CollectForAllocation, mode: safepoint, requested by thread 0x000001e6f8703000


---------------  P R O C E S S  ---------------

Threads class SMR info:
_java_thread_list=0x000001e6808d3920, length=140, elements={
0x000001e6d960d800, 0x000001e6f59ea000, 0x000001e6f59f5800, 0x000001e6f5a4c800,
0x000001e6f5a4e000, 0x000001e6f5a4f000, 0x000001e6f5a50800, 0x000001e6f5a57800,
0x000001e6f5a5b000, 0x000001e6f64be800, 0x000001e6f77a2800, 0x000001e6f7803800,
0x000001e6f7e8f800, 0x000001e6f791a800, 0x000001e6f6fda800, 0x000001e6f7d87000,
0x000001e6f7d88000, 0x000001e6f83a0000, 0x000001e6f870c800, 0x000001e6f8702800,
0x000001e6f8703000, 0x000001e6f86ff000, 0x000001e6f8704000, 0x000001e6f86fe800,
0x000001e6f8700000, 0x000001e6f8701000, 0x000001e6f8701800, 0x000001e6f8705000,
0x000001e6f6ff5800, 0x000001e6f6ff6000, 0x000001e6f6ff7000, 0x000001e6f6ffa000,
0x000001e6f6ffc000, 0x000001e6f6ffb000, 0x000001e6f6ff8800, 0x000001e6f6ff9800,
0x000001e6f6ff8000, 0x000001e6f7000800, 0x000001e6f7000000, 0x000001e6f7002800,
0x000001e6f7001800, 0x000001e6f7003000, 0x000001e6f6fff000, 0x000001e6f7004000,
0x000001e6f6ffe800, 0x000001e6f668e800, 0x000001e6f668d800, 0x000001e6f668f000,
0x000001e6f6690000, 0x000001e6f6691000, 0x000001e6f6691800, 0x000001e6f668c000,
0x000001e6f6692800, 0x000001e6f668c800, 0x000001e6f6694000, 0x000001e6f6697800,
0x000001e6f6699000, 0x000001e6f6695800, 0x000001e6f6698000, 0x000001e6f6693800,
0x000001e6f6696800, 0x000001e6f669a000, 0x000001e6f669a800, 0x000001e6f6695000,
0x000001e6faf73000, 0x000001e6faf76800, 0x000001e6faf75800, 0x000001e6faf78000,
0x000001e6faf77000, 0x000001e6faf74000, 0x000001e6faf72800, 0x000001e6faf7a800,
0x000001e6faf79000, 0x000001e6faf79800, 0x000001e6faf74800, 0x000001e6faf7d000,
0x000001e6faf7e800, 0x000001e6faf7f800, 0x000001e6faf7c000, 0x000001e6faf7d800,
0x000001e6faf80000, 0x000001e6faf81000, 0x000001e6faf7b000, 0x000001e6facd1800,
0x000001e6facd2800, 0x000001e6facd3000, 0x000001e6facd4000, 0x000001e6facd1000,
0x000001e6facce800, 0x000001e6facd5000, 0x000001e6faccf000, 0x000001e6facd5800,
0x000001e6facd0000, 0x000001e6facda000, 0x000001e6facdc000, 0x000001e6facd7800,
0x000001e6facd6800, 0x000001e6facda800, 0x000001e6facd9000, 0x000001e6facdd000,
0x000001e6facdb800, 0x000001e6facd8000, 0x000001e6fadcc800, 0x000001e6fadcd800,
0x000001e6fadce000, 0x000001e6fadc9000, 0x000001e6fadcb800, 0x000001e6fadca000,
0x000001e6fadc8800, 0x000001e6fadcf000, 0x000001e6fadcf800, 0x000001e6fadd0800,
0x000001e6fadcb000, 0x000001e6fadd1800, 0x000001e6fadd7000, 0x000001e6fadd5800,
0x000001e6fadd4800, 0x000001e6fadd6800, 0x000001e6fadd4000, 0x000001e6fadd2000,
0x000001e6fadd3000, 0x000001e6fcfbc800, 0x000001e6fcfbd000, 0x000001e6fcfbe000,
0x000001e6fcfbf000, 0x000001e6fcfbf800, 0x000001e6fcfba000, 0x000001e6fcfc0800,
0x000001e6fcfba800, 0x000001e6fcfc1800, 0x000001e6fcfbb800, 0x000001e6fcfc3800,
0x000001e6fcfc4800, 0x000001e6fcfc8000, 0x000001e6fcfc3000, 0x000001e6fcfc5800,
0x000001e6fcfc6000, 0x000001e6fcfc7000, 0x000001e6fcfc2000, 0x000001e6fcfc8800
}

Java Threads: ( => current thread )
  0x000001e6d960d800 JavaThread "main" [_thread_blocked, id=12808, stack(0x00000024bbc00000,0x00000024bbd00000)]
  0x000001e6f59ea000 JavaThread "Reference Handler" daemon [_thread_blocked, id=852, stack(0x00000024bc300000,0x00000024bc400000)]
  0x000001e6f59f5800 JavaThread "Finalizer" daemon [_thread_blocked, id=4428, stack(0x00000024bc400000,0x00000024bc500000)]
  0x000001e6f5a4c800 JavaThread "Signal Dispatcher" daemon [_thread_blocked, id=10676, stack(0x00000024bc500000,0x00000024bc600000)]
  0x000001e6f5a4e000 JavaThread "Attach Listener" daemon [_thread_blocked, id=6976, stack(0x00000024bc600000,0x00000024bc700000)]
  0x000001e6f5a4f000 JavaThread "Service Thread" daemon [_thread_blocked, id=5636, stack(0x00000024bc700000,0x00000024bc800000)]
  0x000001e6f5a50800 JavaThread "C2 CompilerThread0" daemon [_thread_blocked, id=7488, stack(0x00000024bc800000,0x00000024bc900000)]
  0x000001e6f5a57800 JavaThread "C1 CompilerThread0" daemon [_thread_blocked, id=9796, stack(0x00000024bc900000,0x00000024bca00000)]
  0x000001e6f5a5b000 JavaThread "Sweeper thread" daemon [_thread_blocked, id=12864, stack(0x00000024bca00000,0x00000024bcb00000)]
  0x000001e6f64be800 JavaThread "Common-Cleaner" daemon [_thread_blocked, id=13528, stack(0x00000024bcb00000,0x00000024bcc00000)]
  0x000001e6f77a2800 JavaThread "Daemon health stats" [_thread_blocked, id=12548, stack(0x00000024bce00000,0x00000024bcf00000)]
  0x000001e6f7803800 JavaThread "Incoming local TCP Connector on port 64836" [_thread_in_native, id=8308, stack(0x00000024bcf00000,0x00000024bd000000)]
  0x000001e6f7e8f800 JavaThread "Daemon periodic checks" [_thread_blocked, id=14276, stack(0x00000024bd000000,0x00000024bd100000)]
  0x000001e6f791a800 JavaThread "Daemon" [_thread_blocked, id=13868, stack(0x00000024bd100000,0x00000024bd200000)]
  0x000001e6f6fda800 JavaThread "Handler for socket connection from /127.0.0.1:64836 to /127.0.0.1:64837" [_thread_in_native, id=10992, stack(0x00000024bd200000,0x00000024bd300000)]
  0x000001e6f7d87000 JavaThread "Cancel handler" [_thread_blocked, id=9520, stack(0x00000024bd300000,0x00000024bd400000)]
  0x000001e6f7d88000 JavaThread "Daemon worker" [_thread_blocked, id=6184, stack(0x00000024bd400000,0x00000024bd500000)]
  0x000001e6f83a0000 JavaThread "Asynchronous log dispatcher for DefaultDaemonConnection: socket connection from /127.0.0.1:64836 to /127.0.0.1:64837" [_thread_blocked, id=1164, stack(0x00000024bd500000,0x00000024bd600000)]
  0x000001e6f870c800 JavaThread "Stdin handler" [_thread_blocked, id=6432, stack(0x00000024bd600000,0x00000024bd700000)]
  0x000001e6f8702800 JavaThread "Daemon client event forwarder" [_thread_blocked, id=13728, stack(0x00000024bd700000,0x00000024bd800000)]
  0x000001e6f8703000 JavaThread "Cache worker for journal cache (C:\Users\ACER\.gradle\caches\journal-1)" [_thread_blocked, id=11448, stack(0x00000024bde00000,0x00000024bdf00000)]
  0x000001e6f86ff000 JavaThread "File lock request listener" [_thread_in_native, id=9972, stack(0x00000024bdf00000,0x00000024be000000)]
  0x000001e6f8704000 JavaThread "Cache worker for file hash cache (C:\Users\ACER\.gradle\caches\7.2\fileHashes)" [_thread_blocked, id=5136, stack(0x00000024be000000,0x00000024be100000)]
  0x000001e6f86fe800 JavaThread "Cache worker for file hash cache (C:\Users\ACER\Documents\GitHub\Dramkos\.gradle\7.2\fileHashes)" [_thread_blocked, id=10076, stack(0x00000024be200000,0x00000024be300000)]
  0x000001e6f8700000 JavaThread "File watcher server" daemon [_thread_blocked, id=3364, stack(0x00000024be300000,0x00000024be400000)]
  0x000001e6f8701000 JavaThread "File watcher consumer" daemon [_thread_blocked, id=1032, stack(0x00000024be400000,0x00000024be500000)]
  0x000001e6f8701800 JavaThread "Cache worker for checksums cache (C:\Users\ACER\Documents\GitHub\Dramkos\.gradle\checksums)" [_thread_blocked, id=7968, stack(0x00000024be500000,0x00000024be600000)]
  0x000001e6f8705000 JavaThread "Cache worker for cache directory md-supplier (C:\Users\ACER\.gradle\caches\7.2\md-supplier)" [_thread_blocked, id=4068, stack(0x00000024be600000,0x00000024be700000)]
  0x000001e6f6ff5800 JavaThread "Cache worker for cache directory md-rule (C:\Users\ACER\.gradle\caches\7.2\md-rule)" [_thread_blocked, id=14304, stack(0x00000024be700000,0x00000024be800000)]
  0x000001e6f6ff6000 JavaThread "Cache worker for execution history cache (C:\Users\ACER\.gradle\caches\7.2\executionHistory)" [_thread_blocked, id=780, stack(0x00000024be800000,0x00000024be900000)]
  0x000001e6f6ff7000 JavaThread "jar transforms" [_thread_blocked, id=6632, stack(0x00000024be900000,0x00000024bea00000)]
  0x000001e6f6ffa000 JavaThread "Cache worker for file content cache (C:\Users\ACER\.gradle\caches\7.2\fileContent)" [_thread_blocked, id=8536, stack(0x00000024bea00000,0x00000024beb00000)]
  0x000001e6f6ffc000 JavaThread "jar transforms Thread 2" [_thread_blocked, id=10148, stack(0x00000024beb00000,0x00000024bec00000)]
  0x000001e6f6ffb000 JavaThread "Cache worker for dependencies-accessors (C:\Users\ACER\Documents\GitHub\Dramkos\.gradle\7.2\dependencies-accessors)" [_thread_blocked, id=4496, stack(0x00000024bec00000,0x00000024bed00000)]
  0x000001e6f6ff8800 JavaThread "jar transforms Thread 3" [_thread_blocked, id=10728, stack(0x00000024bed00000,0x00000024bee00000)]
  0x000001e6f6ff9800 JavaThread "Cache worker for Build Output Cleanup Cache (C:\Users\ACER\Documents\GitHub\Dramkos\.gradle\buildOutputCleanup)" [_thread_blocked, id=8852, stack(0x00000024bee00000,0x00000024bef00000)]
  0x000001e6f6ff8000 JavaThread "Unconstrained build operations" [_thread_blocked, id=9584, stack(0x00000024bef00000,0x00000024bf000000)]
  0x000001e6f7000800 JavaThread "Unconstrained build operations Thread 2" [_thread_blocked, id=13828, stack(0x00000024bf000000,0x00000024bf100000)]
  0x000001e6f7000000 JavaThread "Unconstrained build operations Thread 3" [_thread_blocked, id=11044, stack(0x00000024bf100000,0x00000024bf200000)]
  0x000001e6f7002800 JavaThread "Unconstrained build operations Thread 4" [_thread_blocked, id=2660, stack(0x00000024bf200000,0x00000024bf300000)]
  0x000001e6f7001800 JavaThread "Unconstrained build operations Thread 5" [_thread_blocked, id=7960, stack(0x00000024bf300000,0x00000024bf400000)]
  0x000001e6f7003000 JavaThread "Unconstrained build operations Thread 6" [_thread_blocked, id=7796, stack(0x00000024bf400000,0x00000024bf500000)]
  0x000001e6f6fff000 JavaThread "Unconstrained build operations Thread 7" [_thread_blocked, id=10848, stack(0x00000024bf500000,0x00000024bf600000)]
  0x000001e6f7004000 JavaThread "Unconstrained build operations Thread 8" [_thread_blocked, id=3972, stack(0x00000024bf600000,0x00000024bf700000)]
  0x000001e6f6ffe800 JavaThread "Unconstrained build operations Thread 9" [_thread_blocked, id=8832, stack(0x00000024bf700000,0x00000024bf800000)]
  0x000001e6f668e800 JavaThread "Unconstrained build operations Thread 10" [_thread_blocked, id=3396, stack(0x00000024bf800000,0x00000024bf900000)]
  0x000001e6f668d800 JavaThread "Unconstrained build operations Thread 11" [_thread_blocked, id=6676, stack(0x00000024bf900000,0x00000024bfa00000)]
  0x000001e6f668f000 JavaThread "Unconstrained build operations Thread 12" [_thread_blocked, id=9136, stack(0x00000024bfa00000,0x00000024bfb00000)]
  0x000001e6f6690000 JavaThread "Unconstrained build operations Thread 13" [_thread_blocked, id=2728, stack(0x00000024bfb00000,0x00000024bfc00000)]
  0x000001e6f6691000 JavaThread "Unconstrained build operations Thread 14" [_thread_blocked, id=13692, stack(0x00000024bfc00000,0x00000024bfd00000)]
  0x000001e6f6691800 JavaThread "Unconstrained build operations Thread 15" [_thread_blocked, id=11900, stack(0x00000024bfd00000,0x00000024bfe00000)]
  0x000001e6f668c000 JavaThread "Unconstrained build operations Thread 16" [_thread_blocked, id=9684, stack(0x00000024bfe00000,0x00000024bff00000)]
  0x000001e6f6692800 JavaThread "Unconstrained build operations Thread 17" [_thread_blocked, id=4888, stack(0x00000024bff00000,0x00000024c0000000)]
  0x000001e6f668c800 JavaThread "Unconstrained build operations Thread 18" [_thread_blocked, id=12708, stack(0x00000024c0000000,0x00000024c0100000)]
  0x000001e6f6694000 JavaThread "Unconstrained build operations Thread 19" [_thread_blocked, id=8060, stack(0x00000024c0100000,0x00000024c0200000)]
  0x000001e6f6697800 JavaThread "Unconstrained build operations Thread 20" [_thread_blocked, id=1528, stack(0x00000024c0200000,0x00000024c0300000)]
  0x000001e6f6699000 JavaThread "Unconstrained build operations Thread 21" [_thread_blocked, id=9156, stack(0x00000024c0300000,0x00000024c0400000)]
  0x000001e6f6695800 JavaThread "Unconstrained build operations Thread 22" [_thread_blocked, id=10060, stack(0x00000024c0400000,0x00000024c0500000)]
  0x000001e6f6698000 JavaThread "Unconstrained build operations Thread 23" [_thread_blocked, id=12768, stack(0x00000024c0500000,0x00000024c0600000)]
  0x000001e6f6693800 JavaThread "Unconstrained build operations Thread 24" [_thread_blocked, id=11788, stack(0x00000024c0600000,0x00000024c0700000)]
  0x000001e6f6696800 JavaThread "Unconstrained build operations Thread 25" [_thread_blocked, id=988, stack(0x00000024c0700000,0x00000024c0800000)]
  0x000001e6f669a000 JavaThread "Unconstrained build operations Thread 26" [_thread_blocked, id=2276, stack(0x00000024c0800000,0x00000024c0900000)]
  0x000001e6f669a800 JavaThread "Unconstrained build operations Thread 27" [_thread_blocked, id=1952, stack(0x00000024c0900000,0x00000024c0a00000)]
  0x000001e6f6695000 JavaThread "Unconstrained build operations Thread 28" [_thread_blocked, id=2448, stack(0x00000024c0a00000,0x00000024c0b00000)]
  0x000001e6faf73000 JavaThread "Unconstrained build operations Thread 29" [_thread_blocked, id=4792, stack(0x00000024c0b00000,0x00000024c0c00000)]
  0x000001e6faf76800 JavaThread "Unconstrained build operations Thread 30" [_thread_blocked, id=12740, stack(0x00000024c0c00000,0x00000024c0d00000)]
  0x000001e6faf75800 JavaThread "Unconstrained build operations Thread 31" [_thread_blocked, id=10516, stack(0x00000024c0d00000,0x00000024c0e00000)]
  0x000001e6faf78000 JavaThread "Unconstrained build operations Thread 32" [_thread_blocked, id=784, stack(0x00000024c0e00000,0x00000024c0f00000)]
  0x000001e6faf77000 JavaThread "Unconstrained build operations Thread 33" [_thread_blocked, id=4844, stack(0x00000024c0f00000,0x00000024c1000000)]
  0x000001e6faf74000 JavaThread "Unconstrained build operations Thread 34" [_thread_blocked, id=4144, stack(0x00000024c1000000,0x00000024c1100000)]
  0x000001e6faf72800 JavaThread "Unconstrained build operations Thread 35" [_thread_blocked, id=13808, stack(0x00000024c1100000,0x00000024c1200000)]
  0x000001e6faf7a800 JavaThread "Unconstrained build operations Thread 36" [_thread_blocked, id=14196, stack(0x00000024c1200000,0x00000024c1300000)]
  0x000001e6faf79000 JavaThread "Unconstrained build operations Thread 37" [_thread_blocked, id=9380, stack(0x00000024c1300000,0x00000024c1400000)]
  0x000001e6faf79800 JavaThread "Unconstrained build operations Thread 38" [_thread_blocked, id=9516, stack(0x00000024c1400000,0x00000024c1500000)]
  0x000001e6faf74800 JavaThread "Unconstrained build operations Thread 39" [_thread_blocked, id=12384, stack(0x00000024c1500000,0x00000024c1600000)]
  0x000001e6faf7d000 JavaThread "Unconstrained build operations Thread 40" [_thread_blocked, id=13860, stack(0x00000024c1600000,0x00000024c1700000)]
  0x000001e6faf7e800 JavaThread "Unconstrained build operations Thread 41" [_thread_blocked, id=14176, stack(0x00000024c1700000,0x00000024c1800000)]
  0x000001e6faf7f800 JavaThread "Unconstrained build operations Thread 42" [_thread_blocked, id=2832, stack(0x00000024c1800000,0x00000024c1900000)]
  0x000001e6faf7c000 JavaThread "Unconstrained build operations Thread 43" [_thread_blocked, id=3380, stack(0x00000024c1900000,0x00000024c1a00000)]
  0x000001e6faf7d800 JavaThread "Unconstrained build operations Thread 44" [_thread_blocked, id=6628, stack(0x00000024c1a00000,0x00000024c1b00000)]
  0x000001e6faf80000 JavaThread "Unconstrained build operations Thread 45" [_thread_blocked, id=2440, stack(0x00000024c1b00000,0x00000024c1c00000)]
  0x000001e6faf81000 JavaThread "Unconstrained build operations Thread 46" [_thread_blocked, id=11684, stack(0x00000024c1c00000,0x00000024c1d00000)]
  0x000001e6faf7b000 JavaThread "Unconstrained build operations Thread 47" [_thread_blocked, id=2712, stack(0x00000024c1d00000,0x00000024c1e00000)]
  0x000001e6facd1800 JavaThread "Unconstrained build operations Thread 48" [_thread_blocked, id=14116, stack(0x00000024c1e00000,0x00000024c1f00000)]
  0x000001e6facd2800 JavaThread "Unconstrained build operations Thread 49" [_thread_blocked, id=5620, stack(0x00000024c1f00000,0x00000024c2000000)]
  0x000001e6facd3000 JavaThread "Unconstrained build operations Thread 50" [_thread_blocked, id=2708, stack(0x00000024c2000000,0x00000024c2100000)]
  0x000001e6facd4000 JavaThread "Unconstrained build operations Thread 51" [_thread_blocked, id=12972, stack(0x00000024c2100000,0x00000024c2200000)]
  0x000001e6facd1000 JavaThread "Unconstrained build operations Thread 52" [_thread_blocked, id=4992, stack(0x00000024c2200000,0x00000024c2300000)]
  0x000001e6facce800 JavaThread "Unconstrained build operations Thread 53" [_thread_blocked, id=1764, stack(0x00000024c2300000,0x00000024c2400000)]
  0x000001e6facd5000 JavaThread "Unconstrained build operations Thread 54" [_thread_blocked, id=13156, stack(0x00000024c2400000,0x00000024c2500000)]
  0x000001e6faccf000 JavaThread "Unconstrained build operations Thread 55" [_thread_blocked, id=2704, stack(0x00000024c2500000,0x00000024c2600000)]
  0x000001e6facd5800 JavaThread "Unconstrained build operations Thread 56" [_thread_blocked, id=7048, stack(0x00000024c2600000,0x00000024c2700000)]
  0x000001e6facd0000 JavaThread "Unconstrained build operations Thread 57" [_thread_blocked, id=7948, stack(0x00000024c2700000,0x00000024c2800000)]
  0x000001e6facda000 JavaThread "Unconstrained build operations Thread 58" [_thread_blocked, id=11708, stack(0x00000024c2800000,0x00000024c2900000)]
  0x000001e6facdc000 JavaThread "Unconstrained build operations Thread 59" [_thread_blocked, id=4704, stack(0x00000024c2900000,0x00000024c2a00000)]
  0x000001e6facd7800 JavaThread "Unconstrained build operations Thread 60" [_thread_blocked, id=14012, stack(0x00000024c2a00000,0x00000024c2b00000)]
  0x000001e6facd6800 JavaThread "Unconstrained build operations Thread 61" [_thread_blocked, id=6016, stack(0x00000024c2b00000,0x00000024c2c00000)]
  0x000001e6facda800 JavaThread "Unconstrained build operations Thread 62" [_thread_blocked, id=5768, stack(0x00000024c2c00000,0x00000024c2d00000)]
  0x000001e6facd9000 JavaThread "Unconstrained build operations Thread 63" [_thread_blocked, id=11712, stack(0x00000024c2d00000,0x00000024c2e00000)]
  0x000001e6facdd000 JavaThread "Unconstrained build operations Thread 64" [_thread_blocked, id=14308, stack(0x00000024c2e00000,0x00000024c2f00000)]
  0x000001e6facdb800 JavaThread "Unconstrained build operations Thread 65" [_thread_blocked, id=5076, stack(0x00000024c2f00000,0x00000024c3000000)]
  0x000001e6facd8000 JavaThread "Unconstrained build operations Thread 66" [_thread_blocked, id=9724, stack(0x00000024c3000000,0x00000024c3100000)]
  0x000001e6fadcc800 JavaThread "Unconstrained build operations Thread 67" [_thread_blocked, id=11720, stack(0x00000024c3100000,0x00000024c3200000)]
  0x000001e6fadcd800 JavaThread "Unconstrained build operations Thread 68" [_thread_blocked, id=3100, stack(0x00000024c3200000,0x00000024c3300000)]
  0x000001e6fadce000 JavaThread "Unconstrained build operations Thread 69" [_thread_blocked, id=13644, stack(0x00000024c3300000,0x00000024c3400000)]
  0x000001e6fadc9000 JavaThread "Unconstrained build operations Thread 70" [_thread_blocked, id=6248, stack(0x00000024c3400000,0x00000024c3500000)]
  0x000001e6fadcb800 JavaThread "Unconstrained build operations Thread 71" [_thread_blocked, id=5472, stack(0x00000024c3500000,0x00000024c3600000)]
  0x000001e6fadca000 JavaThread "Unconstrained build operations Thread 72" [_thread_blocked, id=6572, stack(0x00000024c3600000,0x00000024c3700000)]
  0x000001e6fadc8800 JavaThread "Unconstrained build operations Thread 73" [_thread_blocked, id=5728, stack(0x00000024c3700000,0x00000024c3800000)]
  0x000001e6fadcf000 JavaThread "Unconstrained build operations Thread 74" [_thread_blocked, id=8328, stack(0x00000024c3800000,0x00000024c3900000)]
  0x000001e6fadcf800 JavaThread "Unconstrained build operations Thread 75" [_thread_blocked, id=5684, stack(0x00000024c3900000,0x00000024c3a00000)]
  0x000001e6fadd0800 JavaThread "Unconstrained build operations Thread 76" [_thread_blocked, id=6916, stack(0x00000024c3a00000,0x00000024c3b00000)]
  0x000001e6fadcb000 JavaThread "Unconstrained build operations Thread 77" [_thread_blocked, id=11568, stack(0x00000024c3b00000,0x00000024c3c00000)]
  0x000001e6fadd1800 JavaThread "Unconstrained build operations Thread 78" [_thread_blocked, id=8800, stack(0x00000024c3c00000,0x00000024c3d00000)]
  0x000001e6fadd7000 JavaThread "Unconstrained build operations Thread 79" [_thread_blocked, id=10376, stack(0x00000024c3d00000,0x00000024c3e00000)]
  0x000001e6fadd5800 JavaThread "Unconstrained build operations Thread 80" [_thread_blocked, id=6020, stack(0x00000024c3e00000,0x00000024c3f00000)]
  0x000001e6fadd4800 JavaThread "jar transforms Thread 4" [_thread_blocked, id=3924, stack(0x00000024c3f00000,0x00000024c4000000)]
  0x000001e6fadd6800 JavaThread "jar transforms Thread 5" [_thread_blocked, id=14212, stack(0x00000024c4000000,0x00000024c4100000)]
  0x000001e6fadd4000 JavaThread "jar transforms Thread 6" [_thread_blocked, id=9004, stack(0x00000024c4100000,0x00000024c4200000)]
  0x000001e6fadd2000 JavaThread "jar transforms Thread 7" [_thread_blocked, id=744, stack(0x00000024c4200000,0x00000024c4300000)]
  0x000001e6fadd3000 JavaThread "jar transforms Thread 8" [_thread_blocked, id=9616, stack(0x00000024c4300000,0x00000024c4400000)]
  0x000001e6fcfbc800 JavaThread "Memory manager" [_thread_blocked, id=8824, stack(0x00000024c4400000,0x00000024c4500000)]
  0x000001e6fcfbd000 JavaThread "build event listener" [_thread_blocked, id=4452, stack(0x00000024c4500000,0x00000024c4600000)]
  0x000001e6fcfbe000 JavaThread "build event listener" [_thread_blocked, id=2780, stack(0x00000024c4600000,0x00000024c4700000)]
  0x000001e6fcfbf000 JavaThread "Execution worker for ':'" [_thread_blocked, id=13652, stack(0x00000024c4700000,0x00000024c4800000)]
  0x000001e6fcfbf800 JavaThread "Execution worker for ':' Thread 2" [_thread_blocked, id=4676, stack(0x00000024c4800000,0x00000024c4900000)]
  0x000001e6fcfba000 JavaThread "Execution worker for ':' Thread 3" [_thread_blocked, id=3076, stack(0x00000024c4900000,0x00000024c4a00000)]
  0x000001e6fcfc0800 JavaThread "Execution worker for ':' Thread 4" [_thread_blocked, id=6004, stack(0x00000024c4a00000,0x00000024c4b00000)]
  0x000001e6fcfba800 JavaThread "Execution worker for ':' Thread 5" [_thread_blocked, id=1704, stack(0x00000024c4b00000,0x00000024c4c00000)]
  0x000001e6fcfc1800 JavaThread "Execution worker for ':' Thread 6" [_thread_blocked, id=10040, stack(0x00000024c4c00000,0x00000024c4d00000)]
  0x000001e6fcfbb800 JavaThread "Execution worker for ':' Thread 7" [_thread_blocked, id=5372, stack(0x00000024c4d00000,0x00000024c4e00000)]
  0x000001e6fcfc3800 JavaThread "Cache worker for execution history cache (C:\Users\ACER\Documents\GitHub\Dramkos\.gradle\7.2\executionHistory)" [_thread_blocked, id=4240, stack(0x00000024c4e00000,0x00000024c4f00000)]
  0x000001e6fcfc4800 JavaThread "WorkerExecutor Queue" [_thread_blocked, id=1504, stack(0x00000024c5200000,0x00000024c5300000)]
  0x000001e6fcfc8000 JavaThread "WorkerExecutor Queue Thread 2" [_thread_blocked, id=6912, stack(0x00000024c5300000,0x00000024c5400000)]
  0x000001e6fcfc3000 JavaThread "WorkerExecutor Queue Thread 3" [_thread_blocked, id=10844, stack(0x00000024c5400000,0x00000024c5500000)]
  0x000001e6fcfc5800 JavaThread "WorkerExecutor Queue Thread 4" [_thread_blocked, id=1876, stack(0x00000024c5500000,0x00000024c5600000)]
  0x000001e6fcfc6000 JavaThread "WorkerExecutor Queue Thread 5" [_thread_blocked, id=13060, stack(0x00000024c5600000,0x00000024c5700000)]
  0x000001e6fcfc7000 JavaThread "WorkerExecutor Queue Thread 6" [_thread_blocked, id=11308, stack(0x00000024c5700000,0x00000024c5800000)]
  0x000001e6fcfc2000 JavaThread "WorkerExecutor Queue Thread 7" [_thread_blocked, id=8576, stack(0x00000024c5800000,0x00000024c5900000)]
  0x000001e6fcfc8800 JavaThread "WorkerExecutor Queue Thread 8" [_thread_blocked, id=10392, stack(0x00000024c5900000,0x00000024c5a00000)]

Other Threads:
=>0x000001e6f59e4800 VMThread "VM Thread" [stack: 0x00000024bc200000,0x00000024bc300000] [id=2968]
  0x000001e6f64db000 WatcherThread [stack: 0x00000024bcc00000,0x00000024bcd00000] [id=8068]
  0x000001e6d9625800 GCTaskThread "GC Thread#0" [stack: 0x00000024bbd00000,0x00000024bbe00000] [id=5064]
  0x000001e6f6f91000 GCTaskThread "GC Thread#1" [stack: 0x00000024bcd00000,0x00000024bce00000] [id=12728]
  0x000001e6f870d800 GCTaskThread "GC Thread#2" [stack: 0x00000024bd800000,0x00000024bd900000] [id=7888]
  0x000001e6f86fd800 GCTaskThread "GC Thread#3" [stack: 0x00000024bd900000,0x00000024bda00000] [id=2912]
  0x000001e6f83ad000 GCTaskThread "GC Thread#4" [stack: 0x00000024bda00000,0x00000024bdb00000] [id=6616]
  0x000001e6f7d89000 GCTaskThread "GC Thread#5" [stack: 0x00000024bdb00000,0x00000024bdc00000] [id=436]
  0x000001e6f7d8a000 GCTaskThread "GC Thread#6" [stack: 0x00000024bdc00000,0x00000024bdd00000] [id=4556]
  0x000001e6f8706800 GCTaskThread "GC Thread#7" [stack: 0x00000024bdd00000,0x00000024bde00000] [id=13368]
  0x000001e6d965a000 ConcurrentGCThread "G1 Main Marker" [stack: 0x00000024bbe00000,0x00000024bbf00000] [id=7116]
  0x000001e6d965b800 ConcurrentGCThread "G1 Conc#0" [stack: 0x00000024bbf00000,0x00000024bc000000] [id=7100]
  0x000001e6f84f4800 ConcurrentGCThread "G1 Conc#1" [stack: 0x00000024be100000,0x00000024be200000] [id=12544]
  0x000001e6d96b3800 ConcurrentGCThread "G1 Refine#0" [stack: 0x00000024bc000000,0x00000024bc100000] [id=10896]
  0x000001e6808c9000 ConcurrentGCThread "G1 Refine#1" [stack: 0x00000024c4f00000,0x00000024c5000000] [id=13000]
  0x000001e6d96b4800 ConcurrentGCThread "G1 Young RemSet Sampling" [stack: 0x00000024bc100000,0x00000024bc200000] [id=7476]

Threads with active compile tasks:
C2 CompilerThread0  47829 12975       4       org.gradle.internal.snapshot.impl.DefaultValueSnapshotter::processValue (675 bytes)
C1 CompilerThread0  47829 13037       2       org.gradle.internal.vfs.impl.DefaultFileSystemAccess::snapshot (237 bytes)

VM state:at safepoint (normal execution)

VM Mutex/Monitor currently owned by a thread:  ([mutex/lock_event])
[0x000001e6d960a5b0] Threads_lock - owner thread: 0x000001e6f59e4800
[0x000001e6d960a6d0] Heap_lock - owner thread: 0x000001e6f8703000

Heap address: 0x0000000080000000, size: 2048 MB, Compressed Oops mode: 32-bit
Narrow klass base: 0x0000000000000000, Narrow klass shift: 3
Compressed class space size: 1073741824 Address: 0x0000000100000000

Heap:
 garbage-first heap   total 565248K, used 111974K [0x0000000080000000, 0x0000000100000000)
  region size 1024K, 2 young (2048K), 2 survivors (2048K)
 Metaspace       used 99931K, capacity 102016K, committed 102348K, reserved 1138688K
  class space    used 12592K, capacity 13386K, committed 13516K, reserved 1048576K
Heap Regions: E=young(eden), S=young(survivor), O=old, HS=humongous(starts), HC=humongous(continues), CS=collection set, F=free, A=archive, TAMS=top-at-mark-start (previous, next)
|   0|0x0000000080000000, 0x0000000080100000, 0x0000000080100000|100%| O|  |TAMS 0x0000000080100000, 0x0000000080000000| Untracked 
|   1|0x0000000080100000, 0x0000000080200000, 0x0000000080200000|100%| O|  |TAMS 0x0000000080200000, 0x0000000080100000| Untracked 
|   2|0x0000000080200000, 0x0000000080300000, 0x0000000080300000|100%| O|  |TAMS 0x0000000080300000, 0x0000000080200000| Untracked 
|   3|0x0000000080300000, 0x0000000080400000, 0x0000000080400000|100%|HS|  |TAMS 0x0000000080400000, 0x0000000080300000| Complete 
|   4|0x0000000080400000, 0x0000000080500000, 0x0000000080500000|100%|HC|  |TAMS 0x0000000080500000, 0x0000000080400000| Complete 
|   5|0x0000000080500000, 0x0000000080600000, 0x0000000080600000|100%|HC|  |TAMS 0x0000000080600000, 0x0000000080500000| Complete 
|   6|0x0000000080600000, 0x0000000080700000, 0x0000000080700000|100%| O|  |TAMS 0x0000000080700000, 0x0000000080600000| Untracked 
|   7|0x0000000080700000, 0x0000000080800000, 0x0000000080800000|100%| O|  |TAMS 0x0000000080800000, 0x0000000080700000| Untracked 
|   8|0x0000000080800000, 0x0000000080900000, 0x0000000080900000|100%| O|  |TAMS 0x0000000080900000, 0x0000000080800000| Untracked 
|   9|0x0000000080900000, 0x0000000080a00000, 0x0000000080a00000|100%| O|  |TAMS 0x0000000080a00000, 0x0000000080900000| Untracked 
|  10|0x0000000080a00000, 0x0000000080b00000, 0x0000000080b00000|100%| O|  |TAMS 0x0000000080b00000, 0x0000000080a00000| Untracked 
|  11|0x0000000080b00000, 0x0000000080c00000, 0x0000000080c00000|100%| O|  |TAMS 0x0000000080c00000, 0x0000000080b00000| Untracked 
|  12|0x0000000080c00000, 0x0000000080d00000, 0x0000000080d00000|100%| O|  |TAMS 0x0000000080d00000, 0x0000000080c00000| Untracked 
|  13|0x0000000080d00000, 0x0000000080e00000, 0x0000000080e00000|100%| O|  |TAMS 0x0000000080e00000, 0x0000000080d00000| Untracked 
|  14|0x0000000080e00000, 0x0000000080f00000, 0x0000000080f00000|100%| O|  |TAMS 0x0000000080f00000, 0x0000000080e00000| Untracked 
|  15|0x0000000080f00000, 0x0000000081000000, 0x0000000081000000|100%| O|  |TAMS 0x0000000081000000, 0x0000000080f00000| Untracked 
|  16|0x0000000081000000, 0x0000000081100000, 0x0000000081100000|100%| O|  |TAMS 0x0000000081100000, 0x0000000081000000| Untracked 
|  17|0x0000000081100000, 0x0000000081200000, 0x0000000081200000|100%| O|  |TAMS 0x0000000081200000, 0x0000000081100000| Untracked 
|  18|0x0000000081200000, 0x0000000081300000, 0x0000000081300000|100%| O|  |TAMS 0x0000000081300000, 0x0000000081200000| Untracked 
|  19|0x0000000081300000, 0x0000000081400000, 0x0000000081400000|100%| O|  |TAMS 0x0000000081400000, 0x0000000081300000| Untracked 
|  20|0x0000000081400000, 0x0000000081500000, 0x0000000081500000|100%| O|  |TAMS 0x0000000081500000, 0x0000000081400000| Untracked 
|  21|0x0000000081500000, 0x0000000081600000, 0x0000000081600000|100%| O|  |TAMS 0x0000000081600000, 0x0000000081500000| Untracked 
|  22|0x0000000081600000, 0x0000000081700000, 0x0000000081700000|100%| O|  |TAMS 0x0000000081700000, 0x0000000081600000| Untracked 
|  23|0x0000000081700000, 0x0000000081800000, 0x0000000081800000|100%| O|  |TAMS 0x0000000081800000, 0x0000000081700000| Untracked 
|  24|0x0000000081800000, 0x0000000081900000, 0x0000000081900000|100%| O|  |TAMS 0x0000000081900000, 0x0000000081800000| Untracked 
|  25|0x0000000081900000, 0x0000000081a00000, 0x0000000081a00000|100%| O|  |TAMS 0x0000000081a00000, 0x0000000081900000| Untracked 
|  26|0x0000000081a00000, 0x0000000081b00000, 0x0000000081b00000|100%| O|  |TAMS 0x0000000081b00000, 0x0000000081a00000| Untracked 
|  27|0x0000000081b00000, 0x0000000081c00000, 0x0000000081c00000|100%| O|  |TAMS 0x0000000081c00000, 0x0000000081b00000| Untracked 
|  28|0x0000000081c00000, 0x0000000081d00000, 0x0000000081d00000|100%|HS|  |TAMS 0x0000000081d00000, 0x0000000081c00000| Complete 
|  29|0x0000000081d00000, 0x0000000081e00000, 0x0000000081e00000|100%|HS|  |TAMS 0x0000000081e00000, 0x0000000081d00000| Complete 
|  30|0x0000000081e00000, 0x0000000081f00000, 0x0000000081f00000|100%|HS|  |TAMS 0x0000000081f00000, 0x0000000081e00000| Complete 
|  31|0x0000000081f00000, 0x0000000082000000, 0x0000000082000000|100%|HS|  |TAMS 0x0000000082000000, 0x0000000081f00000| Complete 
|  32|0x0000000082000000, 0x0000000082100000, 0x0000000082100000|100%|HS|  |TAMS 0x0000000082100000, 0x0000000082000000| Complete 
|  33|0x0000000082100000, 0x0000000082200000, 0x0000000082200000|100%|HC|  |TAMS 0x0000000082200000, 0x0000000082100000| Complete 
|  34|0x0000000082200000, 0x0000000082300000, 0x0000000082300000|100%|HC|  |TAMS 0x0000000082300000, 0x0000000082200000| Complete 
|  35|0x0000000082300000, 0x0000000082400000, 0x0000000082400000|100%|HS|  |TAMS 0x0000000082400000, 0x0000000082300000| Complete 
|  36|0x0000000082400000, 0x0000000082500000, 0x0000000082500000|100%|HC|  |TAMS 0x0000000082500000, 0x0000000082400000| Complete 
|  37|0x0000000082500000, 0x0000000082600000, 0x0000000082600000|100%| O|  |TAMS 0x0000000082600000, 0x0000000082500000| Untracked 
|  38|0x0000000082600000, 0x0000000082700000, 0x0000000082700000|100%| O|  |TAMS 0x0000000082700000, 0x0000000082600000| Untracked 
|  39|0x0000000082700000, 0x0000000082800000, 0x0000000082800000|100%| O|  |TAMS 0x0000000082800000, 0x0000000082700000| Untracked 
|  40|0x0000000082800000, 0x0000000082900000, 0x0000000082900000|100%| O|  |TAMS 0x0000000082900000, 0x0000000082800000| Untracked 
|  41|0x0000000082900000, 0x0000000082a00000, 0x0000000082a00000|100%| O|  |TAMS 0x0000000082a00000, 0x0000000082900000| Untracked 
|  42|0x0000000082a00000, 0x0000000082b00000, 0x0000000082b00000|100%| O|  |TAMS 0x0000000082b00000, 0x0000000082a00000| Untracked 
|  43|0x0000000082b00000, 0x0000000082c00000, 0x0000000082c00000|100%| O|  |TAMS 0x0000000082c00000, 0x0000000082b00000| Untracked 
|  44|0x0000000082c00000, 0x0000000082d00000, 0x0000000082d00000|100%| O|  |TAMS 0x0000000082d00000, 0x0000000082c00000| Untracked 
|  45|0x0000000082d00000, 0x0000000082e00000, 0x0000000082e00000|100%| O|  |TAMS 0x0000000082e00000, 0x0000000082d00000| Untracked 
|  46|0x0000000082e00000, 0x0000000082f00000, 0x0000000082f00000|100%| O|  |TAMS 0x0000000082f00000, 0x0000000082e00000| Untracked 
|  47|0x0000000082f00000, 0x0000000083000000, 0x0000000083000000|100%| O|  |TAMS 0x0000000083000000, 0x0000000082f00000| Untracked 
|  48|0x0000000083000000, 0x0000000083100000, 0x0000000083100000|100%| O|  |TAMS 0x0000000083100000, 0x0000000083000000| Untracked 
|  49|0x0000000083100000, 0x0000000083200000, 0x0000000083200000|100%| O|  |TAMS 0x0000000083200000, 0x0000000083100000| Untracked 
|  50|0x0000000083200000, 0x0000000083300000, 0x0000000083300000|100%| O|  |TAMS 0x0000000083300000, 0x0000000083200000| Untracked 
|  51|0x0000000083300000, 0x0000000083400000, 0x0000000083400000|100%| O|  |TAMS 0x0000000083400000, 0x0000000083300000| Untracked 
|  52|0x0000000083400000, 0x0000000083500000, 0x0000000083500000|100%| O|  |TAMS 0x0000000083500000, 0x0000000083400000| Untracked 
|  53|0x0000000083500000, 0x0000000083600000, 0x0000000083600000|100%| O|  |TAMS 0x0000000083600000, 0x0000000083500000| Untracked 
|  54|0x0000000083600000, 0x0000000083700000, 0x0000000083700000|100%| O|  |TAMS 0x0000000083700000, 0x0000000083600000| Untracked 
|  55|0x0000000083700000, 0x0000000083800000, 0x0000000083800000|100%| O|  |TAMS 0x0000000083800000, 0x0000000083700000| Untracked 
|  56|0x0000000083800000, 0x0000000083900000, 0x0000000083900000|100%| O|  |TAMS 0x0000000083900000, 0x0000000083800000| Untracked 
|  57|0x0000000083900000, 0x0000000083a00000, 0x0000000083a00000|100%| O|  |TAMS 0x0000000083a00000, 0x0000000083900000| Untracked 
|  58|0x0000000083a00000, 0x0000000083b00000, 0x0000000083b00000|100%| O|  |TAMS 0x0000000083b00000, 0x0000000083a00000| Untracked 
|  59|0x0000000083b00000, 0x0000000083c00000, 0x0000000083c00000|100%| O|  |TAMS 0x0000000083c00000, 0x0000000083b00000| Untracked 
|  60|0x0000000083c00000, 0x0000000083d00000, 0x0000000083d00000|100%| O|  |TAMS 0x0000000083d00000, 0x0000000083c00000| Untracked 
|  61|0x0000000083d00000, 0x0000000083e00000, 0x0000000083e00000|100%| O|  |TAMS 0x0000000083e00000, 0x0000000083d00000| Untracked 
|  62|0x0000000083e00000, 0x0000000083f00000, 0x0000000083f00000|100%| O|  |TAMS 0x0000000083f00000, 0x0000000083e00000| Untracked 
|  63|0x0000000083f00000, 0x0000000084000000, 0x0000000084000000|100%| O|  |TAMS 0x0000000084000000, 0x0000000083f00000| Untracked 
|  64|0x0000000084000000, 0x0000000084100000, 0x0000000084100000|100%| O|  |TAMS 0x0000000084100000, 0x0000000084000000| Untracked 
|  65|0x0000000084100000, 0x0000000084200000, 0x0000000084200000|100%| O|  |TAMS 0x0000000084200000, 0x0000000084100000| Untracked 
|  66|0x0000000084200000, 0x0000000084300000, 0x0000000084300000|100%| O|  |TAMS 0x0000000084300000, 0x0000000084200000| Untracked 
|  67|0x0000000084300000, 0x0000000084400000, 0x0000000084400000|100%| O|  |TAMS 0x0000000084400000, 0x0000000084300000| Untracked 
|  68|0x0000000084400000, 0x0000000084500000, 0x0000000084500000|100%| O|  |TAMS 0x0000000084500000, 0x0000000084400000| Untracked 
|  69|0x0000000084500000, 0x0000000084600000, 0x0000000084600000|100%| O|  |TAMS 0x0000000084600000, 0x0000000084500000| Untracked 
|  70|0x0000000084600000, 0x0000000084700000, 0x0000000084700000|100%| O|  |TAMS 0x0000000084700000, 0x0000000084600000| Untracked 
|  71|0x0000000084700000, 0x0000000084800000, 0x0000000084800000|100%| O|  |TAMS 0x0000000084800000, 0x0000000084700000| Untracked 
|  72|0x0000000084800000, 0x0000000084900000, 0x0000000084900000|100%| O|  |TAMS 0x0000000084900000, 0x0000000084800000| Untracked 
|  73|0x0000000084900000, 0x0000000084a00000, 0x0000000084a00000|100%| O|  |TAMS 0x0000000084a00000, 0x0000000084900000| Untracked 
|  74|0x0000000084a00000, 0x0000000084b00000, 0x0000000084b00000|100%| O|  |TAMS 0x0000000084b00000, 0x0000000084a00000| Untracked 
|  75|0x0000000084b00000, 0x0000000084c00000, 0x0000000084c00000|100%| O|  |TAMS 0x0000000084c00000, 0x0000000084b00000| Untracked 
|  76|0x0000000084c00000, 0x0000000084d00000, 0x0000000084d00000|100%| O|  |TAMS 0x0000000084d00000, 0x0000000084c00000| Untracked 
|  77|0x0000000084d00000, 0x0000000084e00000, 0x0000000084e00000|100%| O|  |TAMS 0x0000000084e00000, 0x0000000084d00000| Untracked 
|  78|0x0000000084e00000, 0x0000000084f00000, 0x0000000084f00000|100%| O|  |TAMS 0x0000000084f00000, 0x0000000084e00000| Untracked 
|  79|0x0000000084f00000, 0x0000000085000000, 0x0000000085000000|100%| O|  |TAMS 0x0000000085000000, 0x0000000084f00000| Untracked 
|  80|0x0000000085000000, 0x0000000085100000, 0x0000000085100000|100%| O|  |TAMS 0x0000000085100000, 0x0000000085000000| Untracked 
|  81|0x0000000085100000, 0x0000000085200000, 0x0000000085200000|100%| O|  |TAMS 0x0000000085200000, 0x0000000085100000| Untracked 
|  82|0x0000000085200000, 0x0000000085300000, 0x0000000085300000|100%| O|  |TAMS 0x0000000085300000, 0x0000000085200000| Untracked 
|  83|0x0000000085300000, 0x0000000085400000, 0x0000000085400000|100%| O|  |TAMS 0x0000000085400000, 0x0000000085300000| Untracked 
|  84|0x0000000085400000, 0x0000000085500000, 0x0000000085500000|100%| O|  |TAMS 0x0000000085500000, 0x0000000085400000| Untracked 
|  85|0x0000000085500000, 0x0000000085600000, 0x0000000085600000|100%| O|  |TAMS 0x0000000085600000, 0x0000000085500000| Untracked 
|  86|0x0000000085600000, 0x0000000085700000, 0x0000000085700000|100%| O|  |TAMS 0x0000000085700000, 0x0000000085600000| Untracked 
|  87|0x0000000085700000, 0x0000000085800000, 0x0000000085800000|100%| O|  |TAMS 0x0000000085800000, 0x0000000085700000| Untracked 
|  88|0x0000000085800000, 0x0000000085900000, 0x0000000085900000|100%| O|  |TAMS 0x0000000085900000, 0x0000000085800000| Untracked 
|  89|0x0000000085900000, 0x0000000085a00000, 0x0000000085a00000|100%| O|  |TAMS 0x0000000085a00000, 0x0000000085900000| Untracked 
|  90|0x0000000085a00000, 0x0000000085b00000, 0x0000000085b00000|100%| O|  |TAMS 0x0000000085b00000, 0x0000000085a00000| Untracked 
|  91|0x0000000085b00000, 0x0000000085c00000, 0x0000000085c00000|100%| O|  |TAMS 0x0000000085b79a00, 0x0000000085b00000| Untracked 
|  92|0x0000000085c00000, 0x0000000085d00000, 0x0000000085d00000|100%| O|  |TAMS 0x0000000085c00000, 0x0000000085c00000| Untracked 
|  93|0x0000000085d00000, 0x0000000085e00000, 0x0000000085e00000|100%| O|  |TAMS 0x0000000085d00000, 0x0000000085d00000| Untracked 
|  94|0x0000000085e00000, 0x0000000085f00000, 0x0000000085f00000|100%| O|  |TAMS 0x0000000085e00000, 0x0000000085e00000| Untracked 
|  95|0x0000000085f00000, 0x0000000086000000, 0x0000000086000000|100%| O|  |TAMS 0x0000000085f00000, 0x0000000085f00000| Untracked 
|  96|0x0000000086000000, 0x0000000086100000, 0x0000000086100000|100%| O|  |TAMS 0x0000000086000000, 0x0000000086000000| Untracked 
|  97|0x0000000086100000, 0x0000000086200000, 0x0000000086200000|100%| O|  |TAMS 0x0000000086100000, 0x0000000086100000| Untracked 
|  98|0x0000000086200000, 0x0000000086300000, 0x0000000086300000|100%| O|  |TAMS 0x0000000086200000, 0x0000000086200000| Untracked 
|  99|0x0000000086300000, 0x0000000086400000, 0x0000000086400000|100%| O|  |TAMS 0x0000000086300000, 0x0000000086300000| Untracked 
| 100|0x0000000086400000, 0x0000000086500000, 0x0000000086500000|100%| O|  |TAMS 0x0000000086400000, 0x0000000086400000| Untracked 
| 101|0x0000000086500000, 0x0000000086600000, 0x0000000086600000|100%| O|  |TAMS 0x0000000086500000, 0x0000000086500000| Untracked 
| 102|0x0000000086600000, 0x00000000866b3800, 0x0000000086700000| 70%| O|  |TAMS 0x0000000086600000, 0x0000000086600000| Untracked 
| 103|0x0000000086700000, 0x0000000086700000, 0x0000000086800000|  0%| F|  |TAMS 0x0000000086700000, 0x0000000086700000| Untracked 
| 104|0x0000000086800000, 0x0000000086800000, 0x0000000086900000|  0%| F|  |TAMS 0x0000000086800000, 0x0000000086800000| Untracked 
| 105|0x0000000086900000, 0x0000000086900000, 0x0000000086a00000|  0%| F|  |TAMS 0x0000000086900000, 0x0000000086900000| Untracked 
| 106|0x0000000086a00000, 0x0000000086a00000, 0x0000000086b00000|  0%| F|  |TAMS 0x0000000086a00000, 0x0000000086a00000| Untracked 
| 107|0x0000000086b00000, 0x0000000086b00000, 0x0000000086c00000|  0%| F|  |TAMS 0x0000000086b00000, 0x0000000086b00000| Untracked 
| 108|0x0000000086c00000, 0x0000000086c00000, 0x0000000086d00000|  0%| F|  |TAMS 0x0000000086c00000, 0x0000000086c00000| Untracked 
| 109|0x0000000086d00000, 0x0000000086d00000, 0x0000000086e00000|  0%| F|  |TAMS 0x0000000086d00000, 0x0000000086d00000| Untracked 
| 110|0x0000000086e00000, 0x0000000086e00000, 0x0000000086f00000|  0%| F|  |TAMS 0x0000000086e00000, 0x0000000086e00000| Untracked 
| 111|0x0000000086f00000, 0x0000000086f00000, 0x0000000087000000|  0%| F|  |TAMS 0x0000000086f00000, 0x0000000086f00000| Untracked 
| 112|0x0000000087000000, 0x0000000087000000, 0x0000000087100000|  0%| F|  |TAMS 0x0000000087000000, 0x0000000087000000| Untracked 
| 113|0x0000000087100000, 0x0000000087100000, 0x0000000087200000|  0%| F|  |TAMS 0x0000000087100000, 0x0000000087100000| Untracked 
| 114|0x0000000087200000, 0x0000000087200000, 0x0000000087300000|  0%| F|  |TAMS 0x0000000087200000, 0x0000000087200000| Untracked 
| 115|0x0000000087300000, 0x0000000087300000, 0x0000000087400000|  0%| F|  |TAMS 0x0000000087300000, 0x0000000087300000| Untracked 
| 116|0x0000000087400000, 0x0000000087400000, 0x0000000087500000|  0%| F|  |TAMS 0x0000000087400000, 0x0000000087400000| Untracked 
| 117|0x0000000087500000, 0x0000000087600000, 0x0000000087600000|100%| O|  |TAMS 0x0000000087500000, 0x0000000087500000| Untracked 
| 118|0x0000000087600000, 0x0000000087700000, 0x0000000087700000|100%| O|  |TAMS 0x0000000087600000, 0x0000000087600000| Untracked 
| 119|0x0000000087700000, 0x0000000087800000, 0x0000000087800000|100%| O|  |TAMS 0x0000000087700000, 0x0000000087700000| Untracked 
| 120|0x0000000087800000, 0x0000000087900000, 0x0000000087900000|100%| O|  |TAMS 0x0000000087800000, 0x0000000087800000| Untracked 
| 121|0x0000000087900000, 0x0000000087a00000, 0x0000000087a00000|100%| O|  |TAMS 0x0000000087900000, 0x0000000087900000| Untracked 
| 122|0x0000000087a00000, 0x0000000087a00000, 0x0000000087b00000|  0%| F|  |TAMS 0x0000000087a00000, 0x0000000087a00000| Untracked 
| 123|0x0000000087b00000, 0x0000000087b00000, 0x0000000087c00000|  0%| F|  |TAMS 0x0000000087b00000, 0x0000000087b00000| Untracked 
| 124|0x0000000087c00000, 0x0000000087c00000, 0x0000000087d00000|  0%| F|  |TAMS 0x0000000087c00000, 0x0000000087c00000| Untracked 
| 125|0x0000000087d00000, 0x0000000087d00000, 0x0000000087e00000|  0%| F|  |TAMS 0x0000000087d00000, 0x0000000087d00000| Untracked 
| 126|0x0000000087e00000, 0x0000000087e00000, 0x0000000087f00000|  0%| F|  |TAMS 0x0000000087e00000, 0x0000000087e00000| Untracked 
| 127|0x0000000087f00000, 0x0000000087f00000, 0x0000000088000000|  0%| F|  |TAMS 0x0000000087f00000, 0x0000000087f00000| Untracked 
| 128|0x0000000088000000, 0x0000000088000000, 0x0000000088100000|  0%| F|  |TAMS 0x0000000088000000, 0x0000000088000000| Untracked 
| 129|0x0000000088100000, 0x0000000088100000, 0x0000000088200000|  0%| F|  |TAMS 0x0000000088100000, 0x0000000088100000| Untracked 
| 130|0x0000000088200000, 0x0000000088200000, 0x0000000088300000|  0%| F|  |TAMS 0x0000000088200000, 0x0000000088200000| Untracked 
| 131|0x0000000088300000, 0x0000000088300000, 0x0000000088400000|  0%| F|  |TAMS 0x0000000088300000, 0x0000000088300000| Untracked 
| 132|0x0000000088400000, 0x0000000088400000, 0x0000000088500000|  0%| F|  |TAMS 0x0000000088400000, 0x0000000088400000| Untracked 
| 133|0x0000000088500000, 0x0000000088500000, 0x0000000088600000|  0%| F|  |TAMS 0x0000000088500000, 0x0000000088500000| Untracked 
| 134|0x0000000088600000, 0x0000000088600000, 0x0000000088700000|  0%| F|  |TAMS 0x0000000088600000, 0x0000000088600000| Untracked 
| 135|0x0000000088700000, 0x0000000088700000, 0x0000000088800000|  0%| F|  |TAMS 0x0000000088700000, 0x0000000088700000| Untracked 
| 136|0x0000000088800000, 0x0000000088800000, 0x0000000088900000|  0%| F|  |TAMS 0x0000000088800000, 0x0000000088800000| Untracked 
| 137|0x0000000088900000, 0x0000000088900000, 0x0000000088a00000|  0%| F|  |TAMS 0x0000000088900000, 0x0000000088900000| Untracked 
| 138|0x0000000088a00000, 0x0000000088a00000, 0x0000000088b00000|  0%| F|  |TAMS 0x0000000088a00000, 0x0000000088a00000| Untracked 
| 139|0x0000000088b00000, 0x0000000088b00000, 0x0000000088c00000|  0%| F|  |TAMS 0x0000000088b00000, 0x0000000088b00000| Untracked 
| 140|0x0000000088c00000, 0x0000000088c00000, 0x0000000088d00000|  0%| F|  |TAMS 0x0000000088c00000, 0x0000000088c00000| Untracked 
| 141|0x0000000088d00000, 0x0000000088d00000, 0x0000000088e00000|  0%| F|  |TAMS 0x0000000088d00000, 0x0000000088d00000| Untracked 
| 142|0x0000000088e00000, 0x0000000088e00000, 0x0000000088f00000|  0%| F|  |TAMS 0x0000000088e00000, 0x0000000088e00000| Untracked 
| 143|0x0000000088f00000, 0x0000000088f00000, 0x0000000089000000|  0%| F|  |TAMS 0x0000000088f00000, 0x0000000088f00000| Untracked 
| 144|0x0000000089000000, 0x0000000089000000, 0x0000000089100000|  0%| F|  |TAMS 0x0000000089000000, 0x0000000089000000| Untracked 
| 145|0x0000000089100000, 0x0000000089100000, 0x0000000089200000|  0%| F|  |TAMS 0x0000000089100000, 0x0000000089100000| Untracked 
| 146|0x0000000089200000, 0x0000000089200000, 0x0000000089300000|  0%| F|  |TAMS 0x0000000089200000, 0x0000000089200000| Untracked 
| 147|0x0000000089300000, 0x0000000089300000, 0x0000000089400000|  0%| F|  |TAMS 0x0000000089300000, 0x0000000089300000| Untracked 
| 148|0x0000000089400000, 0x0000000089400000, 0x0000000089500000|  0%| F|  |TAMS 0x0000000089400000, 0x0000000089400000| Untracked 
| 149|0x0000000089500000, 0x0000000089500000, 0x0000000089600000|  0%| F|  |TAMS 0x0000000089500000, 0x0000000089500000| Untracked 
| 150|0x0000000089600000, 0x0000000089600000, 0x0000000089700000|  0%| F|  |TAMS 0x0000000089600000, 0x0000000089600000| Untracked 
| 151|0x0000000089700000, 0x0000000089700000, 0x0000000089800000|  0%| F|  |TAMS 0x0000000089700000, 0x0000000089700000| Untracked 
| 152|0x0000000089800000, 0x0000000089800000, 0x0000000089900000|  0%| F|  |TAMS 0x0000000089800000, 0x0000000089800000| Untracked 
| 153|0x0000000089900000, 0x0000000089900000, 0x0000000089a00000|  0%| F|  |TAMS 0x0000000089900000, 0x0000000089900000| Untracked 
| 154|0x0000000089a00000, 0x0000000089a00000, 0x0000000089b00000|  0%| F|  |TAMS 0x0000000089a00000, 0x0000000089a00000| Untracked 
| 155|0x0000000089b00000, 0x0000000089b00000, 0x0000000089c00000|  0%| F|  |TAMS 0x0000000089b00000, 0x0000000089b00000| Untracked 
| 156|0x0000000089c00000, 0x0000000089c00000, 0x0000000089d00000|  0%| F|  |TAMS 0x0000000089c00000, 0x0000000089c00000| Untracked 
| 157|0x0000000089d00000, 0x0000000089d00000, 0x0000000089e00000|  0%| F|  |TAMS 0x0000000089d00000, 0x0000000089d00000| Untracked 
| 158|0x0000000089e00000, 0x0000000089e00000, 0x0000000089f00000|  0%| F|  |TAMS 0x0000000089e00000, 0x0000000089e00000| Untracked 
| 159|0x0000000089f00000, 0x0000000089f00000, 0x000000008a000000|  0%| F|  |TAMS 0x0000000089f00000, 0x0000000089f00000| Untracked 
| 160|0x000000008a000000, 0x000000008a000000, 0x000000008a100000|  0%| F|  |TAMS 0x000000008a000000, 0x000000008a000000| Untracked 
| 161|0x000000008a100000, 0x000000008a100000, 0x000000008a200000|  0%| F|  |TAMS 0x000000008a100000, 0x000000008a100000| Untracked 
| 162|0x000000008a200000, 0x000000008a200000, 0x000000008a300000|  0%| F|  |TAMS 0x000000008a200000, 0x000000008a200000| Untracked 
| 163|0x000000008a300000, 0x000000008a300000, 0x000000008a400000|  0%| F|  |TAMS 0x000000008a300000, 0x000000008a300000| Untracked 
| 164|0x000000008a400000, 0x000000008a400000, 0x000000008a500000|  0%| F|  |TAMS 0x000000008a400000, 0x000000008a400000| Untracked 
| 165|0x000000008a500000, 0x000000008a500000, 0x000000008a600000|  0%| F|  |TAMS 0x000000008a500000, 0x000000008a500000| Untracked 
| 166|0x000000008a600000, 0x000000008a600000, 0x000000008a700000|  0%| F|  |TAMS 0x000000008a600000, 0x000000008a600000| Untracked 
| 167|0x000000008a700000, 0x000000008a700000, 0x000000008a800000|  0%| F|  |TAMS 0x000000008a700000, 0x000000008a700000| Untracked 
| 168|0x000000008a800000, 0x000000008a800000, 0x000000008a900000|  0%| F|  |TAMS 0x000000008a800000, 0x000000008a800000| Untracked 
| 169|0x000000008a900000, 0x000000008a900000, 0x000000008aa00000|  0%| F|  |TAMS 0x000000008a900000, 0x000000008a900000| Untracked 
| 170|0x000000008aa00000, 0x000000008aa00000, 0x000000008ab00000|  0%| F|  |TAMS 0x000000008aa00000, 0x000000008aa00000| Untracked 
| 171|0x000000008ab00000, 0x000000008ab00000, 0x000000008ac00000|  0%| F|  |TAMS 0x000000008ab00000, 0x000000008ab00000| Untracked 
| 172|0x000000008ac00000, 0x000000008ac00000, 0x000000008ad00000|  0%| F|  |TAMS 0x000000008ac00000, 0x000000008ac00000| Untracked 
| 173|0x000000008ad00000, 0x000000008ad00000, 0x000000008ae00000|  0%| F|  |TAMS 0x000000008ad00000, 0x000000008ad00000| Untracked 
| 174|0x000000008ae00000, 0x000000008ae00000, 0x000000008af00000|  0%| F|  |TAMS 0x000000008ae00000, 0x000000008ae00000| Untracked 
| 175|0x000000008af00000, 0x000000008af00000, 0x000000008b000000|  0%| F|  |TAMS 0x000000008af00000, 0x000000008af00000| Untracked 
| 176|0x000000008b000000, 0x000000008b000000, 0x000000008b100000|  0%| F|  |TAMS 0x000000008b000000, 0x000000008b000000| Untracked 
| 177|0x000000008b100000, 0x000000008b100000, 0x000000008b200000|  0%| F|  |TAMS 0x000000008b100000, 0x000000008b100000| Untracked 
| 178|0x000000008b200000, 0x000000008b200000, 0x000000008b300000|  0%| F|  |TAMS 0x000000008b200000, 0x000000008b200000| Untracked 
| 179|0x000000008b300000, 0x000000008b300000, 0x000000008b400000|  0%| F|  |TAMS 0x000000008b300000, 0x000000008b300000| Untracked 
| 180|0x000000008b400000, 0x000000008b400000, 0x000000008b500000|  0%| F|  |TAMS 0x000000008b400000, 0x000000008b400000| Untracked 
| 181|0x000000008b500000, 0x000000008b500000, 0x000000008b600000|  0%| F|  |TAMS 0x000000008b500000, 0x000000008b500000| Untracked 
| 182|0x000000008b600000, 0x000000008b600000, 0x000000008b700000|  0%| F|  |TAMS 0x000000008b600000, 0x000000008b600000| Untracked 
| 183|0x000000008b700000, 0x000000008b700000, 0x000000008b800000|  0%| F|  |TAMS 0x000000008b700000, 0x000000008b700000| Untracked 
| 184|0x000000008b800000, 0x000000008b800000, 0x000000008b900000|  0%| F|  |TAMS 0x000000008b800000, 0x000000008b800000| Untracked 
| 185|0x000000008b900000, 0x000000008b900000, 0x000000008ba00000|  0%| F|  |TAMS 0x000000008b900000, 0x000000008b900000| Untracked 
| 186|0x000000008ba00000, 0x000000008ba00000, 0x000000008bb00000|  0%| F|  |TAMS 0x000000008ba00000, 0x000000008ba00000| Untracked 
| 187|0x000000008bb00000, 0x000000008bb00000, 0x000000008bc00000|  0%| F|  |TAMS 0x000000008bb00000, 0x000000008bb00000| Untracked 
| 188|0x000000008bc00000, 0x000000008bc00000, 0x000000008bd00000|  0%| F|  |TAMS 0x000000008bc00000, 0x000000008bc00000| Untracked 
| 189|0x000000008bd00000, 0x000000008bd00000, 0x000000008be00000|  0%| F|  |TAMS 0x000000008bd00000, 0x000000008bd00000| Untracked 
| 190|0x000000008be00000, 0x000000008be00000, 0x000000008bf00000|  0%| F|  |TAMS 0x000000008be00000, 0x000000008be00000| Untracked 
| 191|0x000000008bf00000, 0x000000008bf00000, 0x000000008c000000|  0%| F|  |TAMS 0x000000008bf00000, 0x000000008bf00000| Untracked 
| 192|0x000000008c000000, 0x000000008c000000, 0x000000008c100000|  0%| F|  |TAMS 0x000000008c000000, 0x000000008c000000| Untracked 
| 193|0x000000008c100000, 0x000000008c100000, 0x000000008c200000|  0%| F|  |TAMS 0x000000008c100000, 0x000000008c100000| Untracked 
| 194|0x000000008c200000, 0x000000008c200000, 0x000000008c300000|  0%| F|  |TAMS 0x000000008c200000, 0x000000008c200000| Untracked 
| 195|0x000000008c300000, 0x000000008c300000, 0x000000008c400000|  0%| F|  |TAMS 0x000000008c300000, 0x000000008c300000| Untracked 
| 196|0x000000008c400000, 0x000000008c400000, 0x000000008c500000|  0%| F|  |TAMS 0x000000008c400000, 0x000000008c400000| Untracked 
| 197|0x000000008c500000, 0x000000008c500000, 0x000000008c600000|  0%| F|  |TAMS 0x000000008c500000, 0x000000008c500000| Untracked 
| 198|0x000000008c600000, 0x000000008c600000, 0x000000008c700000|  0%| F|  |TAMS 0x000000008c600000, 0x000000008c600000| Untracked 
| 199|0x000000008c700000, 0x000000008c700000, 0x000000008c800000|  0%| F|  |TAMS 0x000000008c700000, 0x000000008c700000| Untracked 
| 200|0x000000008c800000, 0x000000008c800000, 0x000000008c900000|  0%| F|  |TAMS 0x000000008c800000, 0x000000008c800000| Untracked 
| 201|0x000000008c900000, 0x000000008c900000, 0x000000008ca00000|  0%| F|  |TAMS 0x000000008c900000, 0x000000008c900000| Untracked 
| 202|0x000000008ca00000, 0x000000008ca00000, 0x000000008cb00000|  0%| F|  |TAMS 0x000000008ca00000, 0x000000008ca00000| Untracked 
| 203|0x000000008cb00000, 0x000000008cb00000, 0x000000008cc00000|  0%| F|  |TAMS 0x000000008cb00000, 0x000000008cb00000| Untracked 
| 204|0x000000008cc00000, 0x000000008cc00000, 0x000000008cd00000|  0%| F|  |TAMS 0x000000008cc00000, 0x000000008cc00000| Untracked 
| 205|0x000000008cd00000, 0x000000008cd00000, 0x000000008ce00000|  0%| F|  |TAMS 0x000000008cd00000, 0x000000008cd00000| Untracked 
| 206|0x000000008ce00000, 0x000000008ce00000, 0x000000008cf00000|  0%| F|  |TAMS 0x000000008ce00000, 0x000000008ce00000| Untracked 
| 207|0x000000008cf00000, 0x000000008cf00000, 0x000000008d000000|  0%| F|  |TAMS 0x000000008cf00000, 0x000000008cf00000| Untracked 
| 208|0x000000008d000000, 0x000000008d000000, 0x000000008d100000|  0%| F|  |TAMS 0x000000008d000000, 0x000000008d000000| Untracked 
| 209|0x000000008d100000, 0x000000008d100000, 0x000000008d200000|  0%| F|  |TAMS 0x000000008d100000, 0x000000008d100000| Untracked 
| 210|0x000000008d200000, 0x000000008d200000, 0x000000008d300000|  0%| F|  |TAMS 0x000000008d200000, 0x000000008d200000| Untracked 
| 211|0x000000008d300000, 0x000000008d300000, 0x000000008d400000|  0%| F|  |TAMS 0x000000008d300000, 0x000000008d300000| Untracked 
| 212|0x000000008d400000, 0x000000008d400000, 0x000000008d500000|  0%| F|  |TAMS 0x000000008d400000, 0x000000008d400000| Untracked 
| 213|0x000000008d500000, 0x000000008d500000, 0x000000008d600000|  0%| F|  |TAMS 0x000000008d500000, 0x000000008d500000| Untracked 
| 214|0x000000008d600000, 0x000000008d600000, 0x000000008d700000|  0%| F|  |TAMS 0x000000008d600000, 0x000000008d600000| Untracked 
| 215|0x000000008d700000, 0x000000008d700000, 0x000000008d800000|  0%| F|  |TAMS 0x000000008d700000, 0x000000008d700000| Untracked 
| 216|0x000000008d800000, 0x000000008d800000, 0x000000008d900000|  0%| F|  |TAMS 0x000000008d800000, 0x000000008d800000| Untracked 
| 217|0x000000008d900000, 0x000000008d900000, 0x000000008da00000|  0%| F|  |TAMS 0x000000008d900000, 0x000000008d900000| Untracked 
| 218|0x000000008da00000, 0x000000008da00000, 0x000000008db00000|  0%| F|  |TAMS 0x000000008da00000, 0x000000008da00000| Untracked 
| 219|0x000000008db00000, 0x000000008db00000, 0x000000008dc00000|  0%| F|  |TAMS 0x000000008db00000, 0x000000008db00000| Untracked 
| 220|0x000000008dc00000, 0x000000008dc00000, 0x000000008dd00000|  0%| F|  |TAMS 0x000000008dc00000, 0x000000008dc00000| Untracked 
| 221|0x000000008dd00000, 0x000000008dd00000, 0x000000008de00000|  0%| F|  |TAMS 0x000000008dd00000, 0x000000008dd00000| Untracked 
| 222|0x000000008de00000, 0x000000008de00000, 0x000000008df00000|  0%| F|  |TAMS 0x000000008de00000, 0x000000008de00000| Untracked 
| 223|0x000000008df00000, 0x000000008df00000, 0x000000008e000000|  0%| F|  |TAMS 0x000000008df00000, 0x000000008df00000| Untracked 
| 224|0x000000008e000000, 0x000000008e000000, 0x000000008e100000|  0%| F|  |TAMS 0x000000008e000000, 0x000000008e000000| Untracked 
| 225|0x000000008e100000, 0x000000008e100000, 0x000000008e200000|  0%| F|  |TAMS 0x000000008e100000, 0x000000008e100000| Untracked 
| 226|0x000000008e200000, 0x000000008e200000, 0x000000008e300000|  0%| F|  |TAMS 0x000000008e200000, 0x000000008e200000| Untracked 
| 227|0x000000008e300000, 0x000000008e300000, 0x000000008e400000|  0%| F|  |TAMS 0x000000008e300000, 0x000000008e300000| Untracked 
| 228|0x000000008e400000, 0x000000008e400000, 0x000000008e500000|  0%| F|  |TAMS 0x000000008e400000, 0x000000008e400000| Untracked 
| 229|0x000000008e500000, 0x000000008e500000, 0x000000008e600000|  0%| F|  |TAMS 0x000000008e500000, 0x000000008e500000| Untracked 
| 230|0x000000008e600000, 0x000000008e600000, 0x000000008e700000|  0%| F|  |TAMS 0x000000008e600000, 0x000000008e600000| Untracked 
| 231|0x000000008e700000, 0x000000008e700000, 0x000000008e800000|  0%| F|  |TAMS 0x000000008e700000, 0x000000008e700000| Untracked 
| 232|0x000000008e800000, 0x000000008e800000, 0x000000008e900000|  0%| F|  |TAMS 0x000000008e800000, 0x000000008e800000| Untracked 
| 233|0x000000008e900000, 0x000000008e900000, 0x000000008ea00000|  0%| F|  |TAMS 0x000000008e900000, 0x000000008e900000| Untracked 
| 234|0x000000008ea00000, 0x000000008ea00000, 0x000000008eb00000|  0%| F|  |TAMS 0x000000008ea00000, 0x000000008ea00000| Untracked 
| 235|0x000000008eb00000, 0x000000008eb00000, 0x000000008ec00000|  0%| F|  |TAMS 0x000000008eb00000, 0x000000008eb00000| Untracked 
| 236|0x000000008ec00000, 0x000000008ec00000, 0x000000008ed00000|  0%| F|  |TAMS 0x000000008ec00000, 0x000000008ec00000| Untracked 
| 237|0x000000008ed00000, 0x000000008ed00000, 0x000000008ee00000|  0%| F|  |TAMS 0x000000008ed00000, 0x000000008ed00000| Untracked 
| 238|0x000000008ee00000, 0x000000008ee00000, 0x000000008ef00000|  0%| F|  |TAMS 0x000000008ee00000, 0x000000008ee00000| Untracked 
| 239|0x000000008ef00000, 0x000000008ef00000, 0x000000008f000000|  0%| F|  |TAMS 0x000000008ef00000, 0x000000008ef00000| Untracked 
| 240|0x000000008f000000, 0x000000008f000000, 0x000000008f100000|  0%| F|  |TAMS 0x000000008f000000, 0x000000008f000000| Untracked 
| 241|0x000000008f100000, 0x000000008f100000, 0x000000008f200000|  0%| F|  |TAMS 0x000000008f100000, 0x000000008f100000| Untracked 
| 242|0x000000008f200000, 0x000000008f200000, 0x000000008f300000|  0%| F|  |TAMS 0x000000008f200000, 0x000000008f200000| Untracked 
| 243|0x000000008f300000, 0x000000008f300000, 0x000000008f400000|  0%| F|  |TAMS 0x000000008f300000, 0x000000008f300000| Untracked 
| 244|0x000000008f400000, 0x000000008f400000, 0x000000008f500000|  0%| F|  |TAMS 0x000000008f400000, 0x000000008f400000| Untracked 
| 245|0x000000008f500000, 0x000000008f500000, 0x000000008f600000|  0%| F|  |TAMS 0x000000008f500000, 0x000000008f500000| Untracked 
| 246|0x000000008f600000, 0x000000008f600000, 0x000000008f700000|  0%| F|  |TAMS 0x000000008f600000, 0x000000008f600000| Untracked 
| 247|0x000000008f700000, 0x000000008f700000, 0x000000008f800000|  0%| F|  |TAMS 0x000000008f700000, 0x000000008f700000| Untracked 
| 248|0x000000008f800000, 0x000000008f800000, 0x000000008f900000|  0%| F|  |TAMS 0x000000008f800000, 0x000000008f800000| Untracked 
| 249|0x000000008f900000, 0x000000008f900000, 0x000000008fa00000|  0%| F|  |TAMS 0x000000008f900000, 0x000000008f900000| Untracked 
| 250|0x000000008fa00000, 0x000000008fa00000, 0x000000008fb00000|  0%| F|  |TAMS 0x000000008fa00000, 0x000000008fa00000| Untracked 
| 251|0x000000008fb00000, 0x000000008fb00000, 0x000000008fc00000|  0%| F|  |TAMS 0x000000008fb00000, 0x000000008fb00000| Untracked 
| 252|0x000000008fc00000, 0x000000008fc00000, 0x000000008fd00000|  0%| F|  |TAMS 0x000000008fc00000, 0x000000008fc00000| Untracked 
| 253|0x000000008fd00000, 0x000000008fda6380, 0x000000008fe00000| 64%| S|CS|TAMS 0x000000008fd00000, 0x000000008fd00000| Complete 
| 254|0x000000008fe00000, 0x000000008ff00000, 0x000000008ff00000|100%| S|CS|TAMS 0x000000008fe00000, 0x000000008fe00000| Complete 
| 255|0x000000008ff00000, 0x000000008ff00000, 0x0000000090000000|  0%| F|  |TAMS 0x000000008ff00000, 0x000000008ff00000| Untracked 
| 256|0x0000000090000000, 0x0000000090000000, 0x0000000090100000|  0%| F|  |TAMS 0x0000000090000000, 0x0000000090000000| Untracked 
| 257|0x0000000090100000, 0x0000000090100000, 0x0000000090200000|  0%| F|  |TAMS 0x0000000090100000, 0x0000000090100000| Untracked 
| 258|0x0000000090200000, 0x0000000090200000, 0x0000000090300000|  0%| F|  |TAMS 0x0000000090200000, 0x0000000090200000| Untracked 
| 259|0x0000000090300000, 0x0000000090300000, 0x0000000090400000|  0%| F|  |TAMS 0x0000000090300000, 0x0000000090300000| Untracked 
| 260|0x0000000090400000, 0x0000000090400000, 0x0000000090500000|  0%| F|  |TAMS 0x0000000090400000, 0x0000000090400000| Untracked 
| 261|0x0000000090500000, 0x0000000090500000, 0x0000000090600000|  0%| F|  |TAMS 0x0000000090500000, 0x0000000090500000| Untracked 
| 262|0x0000000090600000, 0x0000000090600000, 0x0000000090700000|  0%| F|  |TAMS 0x0000000090600000, 0x0000000090600000| Untracked 
| 263|0x0000000090700000, 0x0000000090700000, 0x0000000090800000|  0%| F|  |TAMS 0x0000000090700000, 0x0000000090700000| Untracked 
| 264|0x0000000090800000, 0x0000000090800000, 0x0000000090900000|  0%| F|  |TAMS 0x0000000090800000, 0x0000000090800000| Untracked 
| 265|0x0000000090900000, 0x0000000090900000, 0x0000000090a00000|  0%| F|  |TAMS 0x0000000090900000, 0x0000000090900000| Untracked 
| 266|0x0000000090a00000, 0x0000000090a00000, 0x0000000090b00000|  0%| F|  |TAMS 0x0000000090a00000, 0x0000000090a00000| Untracked 
| 267|0x0000000090b00000, 0x0000000090b00000, 0x0000000090c00000|  0%| F|  |TAMS 0x0000000090b00000, 0x0000000090b00000| Untracked 
| 268|0x0000000090c00000, 0x0000000090c00000, 0x0000000090d00000|  0%| F|  |TAMS 0x0000000090c00000, 0x0000000090c00000| Untracked 
| 269|0x0000000090d00000, 0x0000000090d00000, 0x0000000090e00000|  0%| F|  |TAMS 0x0000000090d00000, 0x0000000090d00000| Untracked 
| 270|0x0000000090e00000, 0x0000000090e00000, 0x0000000090f00000|  0%| F|  |TAMS 0x0000000090e00000, 0x0000000090e00000| Untracked 
| 271|0x0000000090f00000, 0x0000000090f00000, 0x0000000091000000|  0%| F|  |TAMS 0x0000000090f00000, 0x0000000090f00000| Untracked 
| 272|0x0000000091000000, 0x0000000091000000, 0x0000000091100000|  0%| F|  |TAMS 0x0000000091000000, 0x0000000091000000| Untracked 
| 273|0x0000000091100000, 0x0000000091100000, 0x0000000091200000|  0%| F|  |TAMS 0x0000000091100000, 0x0000000091100000| Untracked 
| 274|0x0000000091200000, 0x0000000091200000, 0x0000000091300000|  0%| F|  |TAMS 0x0000000091200000, 0x0000000091200000| Untracked 
| 275|0x0000000091300000, 0x0000000091300000, 0x0000000091400000|  0%| F|  |TAMS 0x0000000091300000, 0x0000000091300000| Untracked 
| 276|0x0000000091400000, 0x0000000091400000, 0x0000000091500000|  0%| F|  |TAMS 0x0000000091400000, 0x0000000091400000| Untracked 
| 277|0x0000000091500000, 0x0000000091500000, 0x0000000091600000|  0%| F|  |TAMS 0x0000000091500000, 0x0000000091500000| Untracked 
| 278|0x0000000091600000, 0x0000000091600000, 0x0000000091700000|  0%| F|  |TAMS 0x0000000091600000, 0x0000000091600000| Untracked 
| 279|0x0000000091700000, 0x0000000091700000, 0x0000000091800000|  0%| F|  |TAMS 0x0000000091700000, 0x0000000091700000| Untracked 
| 280|0x0000000091800000, 0x0000000091800000, 0x0000000091900000|  0%| F|  |TAMS 0x0000000091800000, 0x0000000091800000| Untracked 
| 281|0x0000000091900000, 0x0000000091900000, 0x0000000091a00000|  0%| F|  |TAMS 0x0000000091900000, 0x0000000091900000| Untracked 
| 282|0x0000000091a00000, 0x0000000091a00000, 0x0000000091b00000|  0%| F|  |TAMS 0x0000000091a00000, 0x0000000091a00000| Untracked 

Card table byte_map: [0x000001e6ee760000,0x000001e6eeb60000] _byte_map_base: 0x000001e6ee360000

Marking Bits (Prev, Next): (CMBitMap*) 0x000001e6d9651320, (CMBitMap*) 0x000001e6d96512e8
 Prev Bits: [0x000001e6f0f60000, 0x000001e6f2f60000)
 Next Bits: [0x000001e6eef60000, 0x000001e6f0f60000)

Polling page: 0x000001e6d96f0000

Metaspace:

Usage:
  Non-class:     86.55 MB capacity,    85.29 MB ( 99%) used,  1019.15 KB (  1%) free+waste,   271.25 KB ( <1%) overhead. 
      Class:     13.07 MB capacity,    12.30 MB ( 94%) used,   674.09 KB (  5%) free+waste,   119.88 KB ( <1%) overhead. 
       Both:     99.63 MB capacity,    97.59 MB ( 98%) used,     1.65 MB (  2%) free+waste,   391.13 KB ( <1%) overhead. 

Virtual space:
  Non-class space:       88.00 MB reserved,      86.75 MB ( 99%) committed 
      Class space:        1.00 GB reserved,      13.20 MB (  1%) committed 
             Both:        1.09 GB reserved,      99.95 MB (  9%) committed 

Chunk freelists:
   Non-Class:  10.00 KB
       Class:  22.00 KB
        Both:  32.00 KB

MaxMetaspaceSize: 17179869184.00 GB
CompressedClassSpaceSize: 1.00 GB
Initial GC threshold: 20.80 MB
Current GC threshold: 149.50 MB
CDS: off

CodeHeap 'non-profiled nmethods': size=120000Kb used=6766Kb max_used=6766Kb free=113233Kb
 bounds [0x000001e6e63d0000, 0x000001e6e6a70000, 0x000001e6ed900000]
CodeHeap 'profiled nmethods': size=120000Kb used=27302Kb max_used=27302Kb free=92697Kb
 bounds [0x000001e6deea0000, 0x000001e6e0950000, 0x000001e6e63d0000]
CodeHeap 'non-nmethods': size=5760Kb used=2397Kb max_used=2450Kb free=3362Kb
 bounds [0x000001e6de900000, 0x000001e6deb80000, 0x000001e6deea0000]
 total_blobs=13559 nmethods=12641 adapters=830
 compilation: enabled
              stopped_count=0, restarted_count=0
 full_count=0

Compilation events (20 events):
Event: 47.366 Thread 0x000001e6f5a57800 nmethod 13025 0x000001e6e0947990 code [0x000001e6e0947b40, 0x000001e6e0947c68]
Event: 47.366 Thread 0x000001e6f5a57800 13026       1       org.gradle.internal.build.event.types.DefaultTaskDescriptor::getDisplayName (5 bytes)
Event: 47.366 Thread 0x000001e6f5a57800 nmethod 13026 0x000001e6e6a6b090 code [0x000001e6e6a6b240, 0x000001e6e6a6b2f8]
Event: 47.366 Thread 0x000001e6f5a57800 13027       2       org.gradle.api.internal.provider.AbstractCollectionProperty::<init> (59 bytes)
Event: 47.371 Thread 0x000001e6f5a57800 nmethod 13027 0x000001e6e0947d10 code [0x000001e6e0947f00, 0x000001e6e09485c8]
Event: 47.371 Thread 0x000001e6f5a57800 13028       2       org.gradle.api.internal.provider.AbstractCollectionProperty::emptySupplier (10 bytes)
Event: 47.372 Thread 0x000001e6f5a57800 nmethod 13028 0x000001e6e0948710 code [0x000001e6e09488c0, 0x000001e6e0948a58]
Event: 47.373 Thread 0x000001e6f5a57800 13029       2       org.gradle.api.internal.tasks.properties.DefaultValidatingProperty::<init> (10 bytes)
Event: 47.373 Thread 0x000001e6f5a57800 nmethod 13029 0x000001e6e0948b10 code [0x000001e6e0948cc0, 0x000001e6e0948ed8]
Event: 47.374 Thread 0x000001e6f5a57800 13030       1       org.gradle.execution.plan.ValuedVfsHierarchy::getValues (5 bytes)
Event: 47.374 Thread 0x000001e6f5a57800 nmethod 13030 0x000001e6e6a6b390 code [0x000001e6e6a6b540, 0x000001e6e6a6b5f8]
Event: 47.382 Thread 0x000001e6f5a57800 13031       2       com.android.build.gradle.internal.dependency.VariantDependencies$Companion$getComponentFilter$1::isSatisfiedBy (9 bytes)
Event: 47.382 Thread 0x000001e6f5a57800 nmethod 13031 0x000001e6e0948f90 code [0x000001e6e0949140, 0x000001e6e09492f8]
Event: 47.382 Thread 0x000001e6f5a57800 13032       2       com.android.build.gradle.internal.dependency.VariantDependencies$Companion$getComponentFilter$1::isSatisfiedBy (13 bytes)
Event: 47.383 Thread 0x000001e6f5a57800 nmethod 13032 0x000001e6e0949390 code [0x000001e6e0949540, 0x000001e6e0949698]
Event: 47.385 Thread 0x000001e6f5a57800 13033       2       java.nio.channels.spi.AbstractSelectableChannel::isBlocking (13 bytes)
Event: 47.385 Thread 0x000001e6f5a57800 nmethod 13033 0x000001e6e0949710 code [0x000001e6e09498c0, 0x000001e6e09499d8]
Event: 47.393 Thread 0x000001e6f5a57800 13034       1       com.google.common.cache.LocalCache$WeakValueReference::isActive (2 bytes)
Event: 47.393 Thread 0x000001e6f5a57800 nmethod 13034 0x000001e6e6a6b690 code [0x000001e6e6a6b840, 0x000001e6e6a6b8f8]
Event: 47.416 Thread 0x000001e6f5a57800 13037       2       org.gradle.internal.vfs.impl.DefaultFileSystemAccess::snapshot (237 bytes)

GC Heap History (20 events):
Event: 21.854 GC heap after
{Heap after GC invocations=37 (full 0):
 garbage-first heap   total 134144K, used 65690K [0x0000000080000000, 0x0000000100000000)
  region size 1024K, 5 young (5120K), 5 survivors (5120K)
 Metaspace       used 73368K, capacity 74905K, committed 75212K, reserved 1114112K
  class space    used 9486K, capacity 10079K, committed 10188K, reserved 1048576K
}
Event: 23.088 GC heap before
{Heap before GC invocations=38 (full 0):
 garbage-first heap   total 134144K, used 102554K [0x0000000080000000, 0x0000000100000000)
  region size 1024K, 41 young (41984K), 5 survivors (5120K)
 Metaspace       used 76247K, capacity 77903K, committed 78156K, reserved 1116160K
  class space    used 9879K, capacity 10509K, committed 10572K, reserved 1048576K
}
Event: 23.120 GC heap after
{Heap after GC invocations=39 (full 0):
 garbage-first heap   total 134144K, used 68627K [0x0000000080000000, 0x0000000100000000)
  region size 1024K, 6 young (6144K), 6 survivors (6144K)
 Metaspace       used 76247K, capacity 77903K, committed 78156K, reserved 1116160K
  class space    used 9879K, capacity 10509K, committed 10572K, reserved 1048576K
}
Event: 24.165 GC heap before
{Heap before GC invocations=39 (full 0):
 garbage-first heap   total 134144K, used 104467K [0x0000000080000000, 0x0000000100000000)
  region size 1024K, 41 young (41984K), 6 survivors (6144K)
 Metaspace       used 80649K, capacity 82359K, committed 82636K, reserved 1120256K
  class space    used 10485K, capacity 11147K, committed 11212K, reserved 1048576K
}
Event: 24.188 GC heap after
{Heap after GC invocations=40 (full 0):
 garbage-first heap   total 171008K, used 70707K [0x0000000080000000, 0x0000000100000000)
  region size 1024K, 5 young (5120K), 5 survivors (5120K)
 Metaspace       used 80649K, capacity 82359K, committed 82636K, reserved 1120256K
  class space    used 10485K, capacity 11147K, committed 11212K, reserved 1048576K
}
Event: 26.760 GC heap before
{Heap before GC invocations=41 (full 0):
 garbage-first heap   total 171008K, used 121907K [0x0000000080000000, 0x0000000100000000)
  region size 1024K, 56 young (57344K), 5 survivors (5120K)
 Metaspace       used 84078K, capacity 86175K, committed 86348K, reserved 1124352K
  class space    used 11013K, capacity 11817K, committed 11852K, reserved 1048576K
}
Event: 26.883 GC heap after
{Heap after GC invocations=42 (full 0):
 garbage-first heap   total 171008K, used 74316K [0x0000000080000000, 0x0000000100000000)
  region size 1024K, 6 young (6144K), 6 survivors (6144K)
 Metaspace       used 84078K, capacity 86175K, committed 86348K, reserved 1124352K
  class space    used 11013K, capacity 11817K, committed 11852K, reserved 1048576K
}
Event: 28.251 GC heap before
{Heap before GC invocations=42 (full 0):
 garbage-first heap   total 171008K, used 129612K [0x0000000080000000, 0x0000000100000000)
  region size 1024K, 61 young (62464K), 6 survivors (6144K)
 Metaspace       used 84789K, capacity 86880K, committed 86988K, reserved 1124352K
  class space    used 11068K, capacity 11890K, committed 11980K, reserved 1048576K
}
Event: 28.274 GC heap after
{Heap after GC invocations=43 (full 0):
 garbage-first heap   total 171008K, used 78372K [0x0000000080000000, 0x0000000100000000)
  region size 1024K, 8 young (8192K), 8 survivors (8192K)
 Metaspace       used 84789K, capacity 86880K, committed 86988K, reserved 1124352K
  class space    used 11068K, capacity 11890K, committed 11980K, reserved 1048576K
}
Event: 30.800 GC heap before
{Heap before GC invocations=43 (full 0):
 garbage-first heap   total 171008K, used 135716K [0x0000000080000000, 0x0000000100000000)
  region size 1024K, 63 young (64512K), 8 survivors (8192K)
 Metaspace       used 87721K, capacity 89896K, committed 90060K, reserved 1126400K
  class space    used 11357K, capacity 12187K, committed 12236K, reserved 1048576K
}
Event: 30.942 GC heap after
{Heap after GC invocations=44 (full 0):
 garbage-first heap   total 171008K, used 92575K [0x0000000080000000, 0x0000000100000000)
  region size 1024K, 8 young (8192K), 8 survivors (8192K)
 Metaspace       used 87721K, capacity 89896K, committed 90060K, reserved 1126400K
  class space    used 11357K, capacity 12187K, committed 12236K, reserved 1048576K
}
Event: 31.698 GC heap before
{Heap before GC invocations=44 (full 0):
 garbage-first heap   total 171008K, used 121247K [0x0000000080000000, 0x0000000100000000)
  region size 1024K, 38 young (38912K), 8 survivors (8192K)
 Metaspace       used 88039K, capacity 90255K, committed 90316K, reserved 1128448K
  class space    used 11382K, capacity 12221K, committed 12236K, reserved 1048576K
}
Event: 31.868 GC heap after
{Heap after GC invocations=45 (full 0):
 garbage-first heap   total 289792K, used 99814K [0x0000000080000000, 0x0000000100000000)
  region size 1024K, 6 young (6144K), 6 survivors (6144K)
 Metaspace       used 88039K, capacity 90255K, committed 90316K, reserved 1128448K
  class space    used 11382K, capacity 12221K, committed 12236K, reserved 1048576K
}
Event: 35.574 GC heap before
{Heap before GC invocations=46 (full 0):
 garbage-first heap   total 289792K, used 181734K [0x0000000080000000, 0x0000000100000000)
  region size 1024K, 62 young (63488K), 6 survivors (6144K)
 Metaspace       used 90676K, capacity 92829K, committed 93260K, reserved 1130496K
  class space    used 11670K, capacity 12488K, committed 12620K, reserved 1048576K
}
Event: 35.626 GC heap after
{Heap after GC invocations=47 (full 0):
 garbage-first heap   total 289792K, used 101791K [0x0000000080000000, 0x0000000100000000)
  region size 1024K, 3 young (3072K), 3 survivors (3072K)
 Metaspace       used 90676K, capacity 92829K, committed 93260K, reserved 1130496K
  class space    used 11670K, capacity 12488K, committed 12620K, reserved 1048576K
}
Event: 38.000 GC heap before
{Heap before GC invocations=47 (full 0):
 garbage-first heap   total 289792K, used 169375K [0x0000000080000000, 0x0000000100000000)
  region size 1024K, 70 young (71680K), 3 survivors (3072K)
 Metaspace       used 95833K, capacity 97956K, committed 98252K, reserved 1134592K
  class space    used 12109K, capacity 12901K, committed 13004K, reserved 1048576K
}
Event: 38.078 GC heap after
{Heap after GC invocations=48 (full 0):
 garbage-first heap   total 289792K, used 102289K [0x0000000080000000, 0x0000000100000000)
  region size 1024K, 3 young (3072K), 3 survivors (3072K)
 Metaspace       used 95833K, capacity 97956K, committed 98252K, reserved 1134592K
  class space    used 12109K, capacity 12901K, committed 13004K, reserved 1048576K
}
Event: 46.055 GC heap before
{Heap before GC invocations=48 (full 0):
 garbage-first heap   total 289792K, used 225169K [0x0000000080000000, 0x0000000100000000)
  region size 1024K, 124 young (126976K), 3 survivors (3072K)
 Metaspace       used 98904K, capacity 100975K, committed 101196K, reserved 1136640K
  class space    used 12457K, capacity 13253K, committed 13388K, reserved 1048576K
}
Event: 46.524 GC heap after
{Heap after GC invocations=49 (full 0):
 garbage-first heap   total 289792K, used 110725K [0x0000000080000000, 0x0000000100000000)
  region size 1024K, 12 young (12288K), 12 survivors (12288K)
 Metaspace       used 98904K, capacity 100975K, committed 101196K, reserved 1136640K
  class space    used 12457K, capacity 13253K, committed 13388K, reserved 1048576K
}
Event: 47.426 GC heap before
{Heap before GC invocations=49 (full 0):
 garbage-first heap   total 289792K, used 138373K [0x0000000080000000, 0x0000000100000000)
  region size 1024K, 40 young (40960K), 12 survivors (12288K)
 Metaspace       used 99931K, capacity 102016K, committed 102348K, reserved 1138688K
  class space    used 12592K, capacity 13386K, committed 13516K, reserved 1048576K
}

Deoptimization events (20 events):
Event: 46.860 Thread 0x000001e6fadc9000 Uncommon trap: trap_request=0xffffffde fr.pc=0x000001e6e683749c relative=0x000000000000025c
Event: 46.860 Thread 0x000001e6fadc9000 Uncommon trap: reason=class_check action=maybe_recompile pc=0x000001e6e683749c method=java.util.concurrent.ConcurrentHashMap.get(Ljava/lang/Object;)Ljava/lang/Object; @ 93 c2
Event: 46.860 Thread 0x000001e6fadc9000 DEOPT PACKING pc=0x000001e6e683749c sp=0x00000024c34fd860
Event: 46.861 Thread 0x000001e6fadc9000 DEOPT UNPACKING pc=0x000001e6de94a1af sp=0x00000024c34fd7b8 mode 2
Event: 46.861 Thread 0x000001e6facd1000 Uncommon trap: trap_request=0xffffffde fr.pc=0x000001e6e683749c relative=0x000000000000025c
Event: 46.861 Thread 0x000001e6facd1000 Uncommon trap: reason=class_check action=maybe_recompile pc=0x000001e6e683749c method=java.util.concurrent.ConcurrentHashMap.get(Ljava/lang/Object;)Ljava/lang/Object; @ 93 c2
Event: 46.861 Thread 0x000001e6facd1000 DEOPT PACKING pc=0x000001e6e683749c sp=0x00000024c22fdf30
Event: 46.861 Thread 0x000001e6facd1000 DEOPT UNPACKING pc=0x000001e6de94a1af sp=0x00000024c22fde88 mode 2
Event: 46.868 Thread 0x000001e6faf7a800 Uncommon trap: trap_request=0xffffffde fr.pc=0x000001e6e683749c relative=0x000000000000025c
Event: 46.868 Thread 0x000001e6facd7800 Uncommon trap: trap_request=0xffffffde fr.pc=0x000001e6e683749c relative=0x000000000000025c
Event: 46.868 Thread 0x000001e6facd7800 Uncommon trap: reason=class_check action=maybe_recompile pc=0x000001e6e683749c method=java.util.concurrent.ConcurrentHashMap.get(Ljava/lang/Object;)Ljava/lang/Object; @ 93 c2
Event: 46.868 Thread 0x000001e6facd7800 DEOPT PACKING pc=0x000001e6e683749c sp=0x00000024c2afdac0
Event: 46.868 Thread 0x000001e6facd7800 DEOPT UNPACKING pc=0x000001e6de94a1af sp=0x00000024c2afda18 mode 2
Event: 46.868 Thread 0x000001e6facdc000 Uncommon trap: trap_request=0xffffffde fr.pc=0x000001e6e683749c relative=0x000000000000025c
Event: 46.868 Thread 0x000001e6facdc000 Uncommon trap: reason=class_check action=maybe_recompile pc=0x000001e6e683749c method=java.util.concurrent.ConcurrentHashMap.get(Ljava/lang/Object;)Ljava/lang/Object; @ 93 c2
Event: 46.868 Thread 0x000001e6facdc000 DEOPT PACKING pc=0x000001e6e683749c sp=0x00000024c29fe090
Event: 46.868 Thread 0x000001e6faf7a800 Uncommon trap: reason=class_check action=maybe_recompile pc=0x000001e6e683749c method=java.util.concurrent.ConcurrentHashMap.get(Ljava/lang/Object;)Ljava/lang/Object; @ 93 c2
Event: 46.868 Thread 0x000001e6faf7a800 DEOPT PACKING pc=0x000001e6e683749c sp=0x00000024c12fd8f0
Event: 46.868 Thread 0x000001e6faf7a800 DEOPT UNPACKING pc=0x000001e6de94a1af sp=0x00000024c12fd848 mode 2
Event: 46.869 Thread 0x000001e6facdc000 DEOPT UNPACKING pc=0x000001e6de94a1af sp=0x00000024c29fdfe8 mode 2

Classes redefined (0 events):
No events

Internal exceptions (20 events):
Event: 28.499 Thread 0x000001e6faf7a800 Implicit null exception at 0x000001e6e683fa81 to 0x000001e6e68402b0
Event: 28.499 Thread 0x000001e6facd5800 Implicit null exception at 0x000001e6e683fa81 to 0x000001e6e68402b0
Event: 28.509 Thread 0x000001e6faf7f800 Implicit null exception at 0x000001e6e683d652 to 0x000001e6e683da5c
Event: 35.319 Thread 0x000001e6fcfba800 Exception <a 'java/lang/NoSuchMethodError'{0x000000008e8e94e0}: <clinit>> (0x000000008e8e94e0) thrown at [./src/hotspot/share/prims/jni.cpp, line 1365]
Event: 35.350 Thread 0x000001e6fcfba800 Exception <a 'java/lang/NoSuchMethodError'{0x000000008e778fa8}: <clinit>> (0x000000008e778fa8) thrown at [./src/hotspot/share/prims/jni.cpp, line 1365]
Event: 36.766 Thread 0x000001e6fcfbf000 Exception <a 'sun/nio/fs/WindowsException'{0x000000008feed138}> (0x000000008feed138) thrown at [./src/hotspot/share/prims/jni.cpp, line 615]
Event: 36.772 Thread 0x000001e6fcfbf000 Exception <a 'sun/nio/fs/WindowsException'{0x000000008feee128}> (0x000000008feee128) thrown at [./src/hotspot/share/prims/jni.cpp, line 615]
Event: 36.776 Thread 0x000001e6fcfbf000 Exception <a 'sun/nio/fs/WindowsException'{0x000000008feef140}> (0x000000008feef140) thrown at [./src/hotspot/share/prims/jni.cpp, line 615]
Event: 36.801 Thread 0x000001e6fcfbf000 Exception <a 'sun/nio/fs/WindowsException'{0x000000008fc4c2f8}> (0x000000008fc4c2f8) thrown at [./src/hotspot/share/prims/jni.cpp, line 615]
Event: 36.826 Thread 0x000001e6fcfbf000 Exception <a 'sun/nio/fs/WindowsException'{0x000000008fb6bc38}> (0x000000008fb6bc38) thrown at [./src/hotspot/share/prims/jni.cpp, line 615]
Event: 36.837 Thread 0x000001e6fcfbf000 Exception <a 'sun/nio/fs/WindowsException'{0x000000008fbad808}> (0x000000008fbad808) thrown at [./src/hotspot/share/prims/jni.cpp, line 615]
Event: 37.088 Thread 0x000001e6fcfbf000 Exception <a 'java/lang/NoSuchMethodError'{0x000000008f7aee48}: 'void java.lang.invoke.DirectMethodHandle$Holder.invokeStatic(java.lang.Object, java.lang.Object, java.lang.Object, java.lang.Object, java.lang.Object, java.lang.Object, java.lang.Object)'> (0x000000008f7aee48) thrown at [./src/hotspot/share/interpreter/linkResolver.cpp, line 773]
Event: 43.405 Thread 0x000001e6fcfba000 Exception <a 'java/lang/NoSuchMethodError'{0x000000008e9029f0}: <clinit>> (0x000000008e9029f0) thrown at [./src/hotspot/share/prims/jni.cpp, line 1365]
Event: 43.411 Thread 0x000001e6fcfba000 Exception <a 'java/lang/NoSuchMethodError'{0x000000008e903fe0}: <clinit>> (0x000000008e903fe0) thrown at [./src/hotspot/share/prims/jni.cpp, line 1365]
Event: 43.411 Thread 0x000001e6fcfba000 Exception <a 'java/lang/NoSuchMethodError'{0x000000008e906180}: <clinit>> (0x000000008e906180) thrown at [./src/hotspot/share/prims/jni.cpp, line 1365]
Event: 43.417 Thread 0x000001e6fcfba000 Exception <a 'java/lang/NoSuchMethodError'{0x000000008e91d548}: <clinit>> (0x000000008e91d548) thrown at [./src/hotspot/share/prims/jni.cpp, line 1365]
Event: 43.417 Thread 0x000001e6fcfba000 Exception <a 'java/lang/NoSuchMethodError'{0x000000008e91ea28}: <clinit>> (0x000000008e91ea28) thrown at [./src/hotspot/share/prims/jni.cpp, line 1365]
Event: 44.335 Thread 0x000001e6fcfba000 Exception <a 'java/lang/NoSuchMethodError'{0x000000008d79ef60}: <clinit>> (0x000000008d79ef60) thrown at [./src/hotspot/share/prims/jni.cpp, line 1365]
Event: 44.349 Thread 0x000001e6fcfba000 Exception <a 'java/lang/NoSuchMethodError'{0x000000008d7d24d0}: <clinit>> (0x000000008d7d24d0) thrown at [./src/hotspot/share/prims/jni.cpp, line 1365]
Event: 44.354 Thread 0x000001e6fcfba000 Exception <a 'java/lang/NoSuchMethodError'{0x000000008d7e54b8}: <clinit>> (0x000000008d7e54b8) thrown at [./src/hotspot/share/prims/jni.cpp, line 1365]

Events (20 events):
Event: 47.394 loading class kotlin/reflect/jvm/internal/impl/load/java/lazy/LazyJavaPackageFragmentProvider$getPackageFragment$1 done
Event: 47.395 loading class kotlin/reflect/jvm/internal/impl/storage/LockBasedStorageManager$KeyWithComputation
Event: 47.395 loading class kotlin/reflect/jvm/internal/impl/storage/LockBasedStorageManager$KeyWithComputation done
Event: 47.396 loading class kotlin/reflect/jvm/internal/impl/load/java/lazy/descriptors/LazyJavaPackageFragment
Event: 47.396 loading class kotlin/reflect/jvm/internal/impl/load/java/lazy/descriptors/LazyJavaPackageFragment done
Event: 47.401 loading class kotlin/reflect/jvm/internal/impl/load/java/lazy/ContextKt
Event: 47.401 loading class kotlin/reflect/jvm/internal/impl/load/java/lazy/ContextKt done
Event: 47.406 loading class kotlin/reflect/jvm/internal/impl/load/java/lazy/ContextKt$childForClassOrPackage$1
Event: 47.406 loading class kotlin/reflect/jvm/internal/impl/load/java/lazy/ContextKt$childForClassOrPackage$1 done
Event: 47.408 loading class kotlin/reflect/jvm/internal/impl/load/java/lazy/descriptors/LazyJavaPackageFragment$binaryClasses$2
Event: 47.408 loading class kotlin/reflect/jvm/internal/impl/load/java/lazy/descriptors/LazyJavaPackageFragment$binaryClasses$2 done
Event: 47.410 loading class kotlin/reflect/jvm/internal/impl/load/java/lazy/descriptors/JvmPackageScope
Event: 47.410 loading class kotlin/reflect/jvm/internal/impl/load/java/lazy/descriptors/JvmPackageScope done
Event: 47.413 loading class kotlin/reflect/jvm/internal/impl/load/java/lazy/descriptors/LazyJavaPackageScope
Event: 47.413 loading class kotlin/reflect/jvm/internal/impl/load/java/lazy/descriptors/LazyJavaPackageScope done
Event: 47.415 loading class kotlin/reflect/jvm/internal/impl/load/java/lazy/descriptors/LazyJavaStaticScope
Event: 47.415 loading class kotlin/reflect/jvm/internal/impl/load/java/lazy/descriptors/LazyJavaStaticScope done
Event: 47.420 loading class kotlin/reflect/jvm/internal/impl/load/java/lazy/descriptors/LazyJavaScope
Event: 47.420 loading class kotlin/reflect/jvm/internal/impl/load/java/lazy/descriptors/LazyJavaScope done
Event: 47.424 Executing VM operation: G1CollectForAllocation


Dynamic libraries:
0x00007ff660b40000 - 0x00007ff660b4a000 	C:\Program Files\Android\Android Studio\jre\bin\java.exe
0x00007ff8e6b20000 - 0x00007ff8e6d29000 	C:\WINDOWS\SYSTEM32\ntdll.dll
0x00007ff8e55e0000 - 0x00007ff8e569d000 	C:\WINDOWS\System32\KERNEL32.DLL
0x00007ff8e41b0000 - 0x00007ff8e4529000 	C:\WINDOWS\System32\KERNELBASE.dll
0x00007ff8e4010000 - 0x00007ff8e4121000 	C:\WINDOWS\System32\ucrtbase.dll
0x00007ff8cdfd0000 - 0x00007ff8cdfe9000 	C:\Program Files\Android\Android Studio\jre\bin\jli.dll
0x00007ff8d7390000 - 0x00007ff8d73a7000 	C:\Program Files\Android\Android Studio\jre\bin\VCRUNTIME140.dll
0x00007ff8e6760000 - 0x00007ff8e690c000 	C:\WINDOWS\System32\USER32.dll
0x00007ff8e4990000 - 0x00007ff8e49b6000 	C:\WINDOWS\System32\win32u.dll
0x00007ff8e5700000 - 0x00007ff8e5729000 	C:\WINDOWS\System32\GDI32.dll
0x00007ff8e4870000 - 0x00007ff8e4982000 	C:\WINDOWS\System32\gdi32full.dll
0x00007ff8e4660000 - 0x00007ff8e46fd000 	C:\WINDOWS\System32\msvcp_win.dll
0x00007ff8d38f0000 - 0x00007ff8d3b95000 	C:\WINDOWS\WinSxS\amd64_microsoft.windows.common-controls_6595b64144ccf1df_6.0.22000.120_none_9d947278b86cc467\COMCTL32.dll
0x00007ff8e5530000 - 0x00007ff8e55d3000 	C:\WINDOWS\System32\msvcrt.dll
0x00007ff8e4fd0000 - 0x00007ff8e5001000 	C:\WINDOWS\System32\IMM32.DLL
0x00007ff8c2800000 - 0x00007ff8c289d000 	C:\Program Files\Android\Android Studio\jre\bin\msvcp140.dll
0x00007ff8a2320000 - 0x00007ff8a2e05000 	C:\Program Files\Android\Android Studio\jre\bin\server\jvm.dll
0x00007ff8e5730000 - 0x00007ff8e57de000 	C:\WINDOWS\System32\ADVAPI32.dll
0x00007ff8e57e0000 - 0x00007ff8e587e000 	C:\WINDOWS\System32\sechost.dll
0x00007ff8e5320000 - 0x00007ff8e5440000 	C:\WINDOWS\System32\RPCRT4.dll
0x00007ff8de830000 - 0x00007ff8de863000 	C:\WINDOWS\SYSTEM32\WINMM.dll
0x00007ff8dc650000 - 0x00007ff8dc65a000 	C:\WINDOWS\SYSTEM32\VERSION.dll
0x00007ff8e6910000 - 0x00007ff8e6918000 	C:\WINDOWS\System32\PSAPI.DLL
0x00007ff8d3820000 - 0x00007ff8d3829000 	C:\WINDOWS\SYSTEM32\WSOCK32.dll
0x00007ff8e6980000 - 0x00007ff8e69ef000 	C:\WINDOWS\System32\ws2_32.DLL
0x00007ff8e3110000 - 0x00007ff8e3128000 	C:\WINDOWS\SYSTEM32\kernel.appcore.dll
0x00007ff8c1030000 - 0x00007ff8c1041000 	C:\Program Files\Android\Android Studio\jre\bin\verify.dll
0x00007ff8d6900000 - 0x00007ff8d6b21000 	C:\WINDOWS\SYSTEM32\DBGHELP.DLL
0x00007ff8d6680000 - 0x00007ff8d66b1000 	C:\WINDOWS\SYSTEM32\dbgcore.DLL
0x00007ff8e4130000 - 0x00007ff8e41af000 	C:\WINDOWS\System32\bcryptPrimitives.dll
0x00007ff8c1000000 - 0x00007ff8c1029000 	C:\Program Files\Android\Android Studio\jre\bin\java.dll
0x00007ff8d4a90000 - 0x00007ff8d4a9b000 	C:\Program Files\Android\Android Studio\jre\bin\jimage.dll
0x00007ff8b38e0000 - 0x00007ff8b38f8000 	C:\Program Files\Android\Android Studio\jre\bin\zip.dll
0x00007ff8e5ba0000 - 0x00007ff8e634f000 	C:\WINDOWS\System32\SHELL32.dll
0x00007ff8e2180000 - 0x00007ff8e29e8000 	C:\WINDOWS\SYSTEM32\windows.storage.dll
0x00007ff8e63e0000 - 0x00007ff8e6758000 	C:\WINDOWS\System32\combase.dll
0x00007ff8e2010000 - 0x00007ff8e2176000 	C:\WINDOWS\SYSTEM32\wintypes.dll
0x00007ff8e5440000 - 0x00007ff8e552a000 	C:\WINDOWS\System32\SHCORE.dll
0x00007ff8e6920000 - 0x00007ff8e697d000 	C:\WINDOWS\System32\shlwapi.dll
0x00007ff8e3f40000 - 0x00007ff8e3f61000 	C:\WINDOWS\SYSTEM32\profapi.dll
0x00007ff8b38c0000 - 0x00007ff8b38da000 	C:\Program Files\Android\Android Studio\jre\bin\net.dll
0x00007ff8dcaf0000 - 0x00007ff8dcbfc000 	C:\WINDOWS\SYSTEM32\WINHTTP.dll
0x00007ff8e3540000 - 0x00007ff8e35a7000 	C:\WINDOWS\system32\mswsock.dll
0x00007ff8b38a0000 - 0x00007ff8b38b4000 	C:\Program Files\Android\Android Studio\jre\bin\nio.dll
0x00007ff8d73d0000 - 0x00007ff8d73f7000 	C:\Users\ACER\.gradle\native\e1d6ef7f7dcc3fd88c89a11ec53ec762bb8ba0a96d01ffa2cd45eb1d1d8dd5c5\windows-amd64\native-platform.dll
0x00007ff8b9550000 - 0x00007ff8b9694000 	C:\Users\ACER\.gradle\native\5664cfc778a61ccfe75a443a1ab52a65af34e5dc3c78e0209fed803814484fcb\windows-amd64\native-platform-file-events.dll
0x00007ff8d4a70000 - 0x00007ff8d4a7a000 	C:\Program Files\Android\Android Studio\jre\bin\management.dll
0x00007ff8c1ac0000 - 0x00007ff8c1acd000 	C:\Program Files\Android\Android Studio\jre\bin\management_ext.dll
0x00007ff8e3780000 - 0x00007ff8e3798000 	C:\WINDOWS\SYSTEM32\CRYPTSP.dll
0x00007ff8e3070000 - 0x00007ff8e30a5000 	C:\WINDOWS\system32\rsaenh.dll
0x00007ff8e3630000 - 0x00007ff8e3659000 	C:\WINDOWS\SYSTEM32\USERENV.dll
0x00007ff8e3900000 - 0x00007ff8e3927000 	C:\WINDOWS\SYSTEM32\bcrypt.dll
0x00007ff8e37a0000 - 0x00007ff8e37ac000 	C:\WINDOWS\SYSTEM32\CRYPTBASE.dll
0x00007ff8e2c80000 - 0x00007ff8e2cad000 	C:\WINDOWS\SYSTEM32\IPHLPAPI.DLL
0x00007ff8e5260000 - 0x00007ff8e5269000 	C:\WINDOWS\System32\NSI.dll
0x00007ff8dcab0000 - 0x00007ff8dcac9000 	C:\WINDOWS\SYSTEM32\dhcpcsvc6.DLL
0x00007ff8dd610000 - 0x00007ff8dd62e000 	C:\WINDOWS\SYSTEM32\dhcpcsvc.DLL
0x00007ff8e2cb0000 - 0x00007ff8e2d98000 	C:\WINDOWS\SYSTEM32\DNSAPI.dll
0x00007ff8e1660000 - 0x00007ff8e1694000 	C:\WINDOWS\SYSTEM32\ntmarta.dll

dbghelp: loaded successfully - version: 4.0.5 - missing functions: none
symbol engine: initialized successfully - sym options: 0x614 - pdb path: .;C:\Program Files\Android\Android Studio\jre\bin;C:\WINDOWS\SYSTEM32;C:\WINDOWS\WinSxS\amd64_microsoft.windows.common-controls_6595b64144ccf1df_6.0.22000.120_none_9d947278b86cc467;C:\Program Files\Android\Android Studio\jre\bin\server;C:\Users\ACER\.gradle\native\e1d6ef7f7dcc3fd88c89a11ec53ec762bb8ba0a96d01ffa2cd45eb1d1d8dd5c5\windows-amd64;C:\Users\ACER\.gradle\native\5664cfc778a61ccfe75a443a1ab52a65af34e5dc3c78e0209fed803814484fcb\windows-amd64

VM Arguments:
jvm_args: --add-opens=java.base/java.util=ALL-UNNAMED --add-opens=java.base/java.lang=ALL-UNNAMED --add-opens=java.base/java.lang.invoke=ALL-UNNAMED --add-opens=java.base/java.util=ALL-UNNAMED --add-opens=java.prefs/java.util.prefs=ALL-UNNAMED --add-opens=java.prefs/java.util.prefs=ALL-UNNAMED --add-opens=java.base/java.nio.charset=ALL-UNNAMED --add-opens=java.base/java.net=ALL-UNNAMED --add-opens=java.base/java.util.concurrent.atomic=ALL-UNNAMED -Xmx2048m -Dfile.encoding=UTF-8 -Duser.country=ID -Duser.language=en -Duser.variant 
java_command: org.gradle.launcher.daemon.bootstrap.GradleDaemon 7.2
java_class_path (initial): C:\Users\ACER\.gradle\wrapper\dists\gradle-7.2-bin\2dnblmf4td7x66yl1d74lt32g\gradle-7.2\lib\gradle-launcher-7.2.jar
Launcher Type: SUN_STANDARD

[Global flags]
     intx CICompilerCount                          = 4                                         {product} {ergonomic}
     uint ConcGCThreads                            = 2                                         {product} {ergonomic}
     uint G1ConcRefinementThreads                  = 8                                         {product} {ergonomic}
   size_t G1HeapRegionSize                         = 1048576                                   {product} {ergonomic}
    uintx GCDrainStackTargetSize                   = 64                                        {product} {ergonomic}
   size_t InitialHeapSize                          = 58720256                                  {product} {ergonomic}
   size_t MarkStackSize                            = 4194304                                   {product} {ergonomic}
   size_t MaxHeapSize                              = 2147483648                                {product} {command line}
   size_t MaxNewSize                               = 1287651328                                {product} {ergonomic}
   size_t MinHeapDeltaBytes                        = 1048576                                   {product} {ergonomic}
    uintx NonNMethodCodeHeapSize                   = 5836300                                {pd product} {ergonomic}
    uintx NonProfiledCodeHeapSize                  = 122910970                              {pd product} {ergonomic}
    uintx ProfiledCodeHeapSize                     = 122910970                              {pd product} {ergonomic}
    uintx ReservedCodeCacheSize                    = 251658240                              {pd product} {ergonomic}
     bool SegmentedCodeCache                       = true                                      {product} {ergonomic}
     bool UseCompressedClassPointers               = true                                 {lp64_product} {ergonomic}
     bool UseCompressedOops                        = true                                 {lp64_product} {ergonomic}
     bool UseG1GC                                  = true                                      {product} {ergonomic}
     bool UseLargePagesIndividualAllocation        = false                                  {pd product} {ergonomic}

Logging:
Log output configuration:
 #0: stdout all=warning uptime,level,tags
 #1: stderr all=off uptime,level,tags

Environment Variables:
PATH=C:\Program Files\Common Files\Oracle\Java\javapath;C:\Program Files (x86)\Common Files\Oracle\Java\javapath;C:\WINDOWS\system32;C:\WINDOWS;C:\WINDOWS\System32\Wbem;C:\WINDOWS\System32\WindowsPowerShell\v1.0\;C:\WINDOWS\System32\OpenSSH\;C:\MinGW\bin;C:\Program Files\Microsoft VS Code\bin;C:\Program Files\nodejs\;C:\Program Files\Java\jdk-18.0.1.1\bin;C:\Program Files\Java\jdk-18.0.1.1\bin;C:\Program Files\Git\cmd;C:\Users\ACER\AppData\Local\Microsoft\WindowsApps;C:\Users\ACER\AppData\Roaming\npm;C:\Users\ACER\AppData\Local\GitHubDesktop\bin;C:\ProgramData\ACER\GitHubDesktop\bin
USERNAME=ACER
OS=Windows_NT
PROCESSOR_IDENTIFIER=AMD64 Family 23 Model 24 Stepping 1, AuthenticAMD



---------------  S Y S T E M  ---------------

OS: Windows 10 , 64 bit Build 22000 (10.0.22000.675)
OS uptime: 0 days 5:48 hours

CPU:total 8 (initial active 8) (8 cores per cpu, 2 threads per core) family 23 model 24 stepping 1 microcode 0x0, cmov, cx8, fxsr, mmx, sse, sse2, sse3, ssse3, sse4.1, sse4.2, popcnt, avx, avx2, aes, clmul, mmxext, 3dnowpref, lzcnt, sse4a, ht, tsc, tscinvbit, tscinv, bmi1, bmi2, adx, sha, fma

Memory: 4k page, system-wide physical 3514M (15M free)
TotalPageFile size 14266M (AvailPageFile size 182M)
current process WorkingSet (physical memory assigned to process): 147M, peak: 276M
current process commit charge ("private bytes"): 600M, peak: 869M

vm_info: OpenJDK 64-Bit Server VM (11.0.12+7-b1504.28-7817840) for windows-amd64 JRE (11.0.12+7-b1504.28-7817840), built on Oct 13 2021 22:12:33 by "builder" with MS VC++ 14.0 (VS2015)

END.
