#
# There is insufficient memory for the Java Runtime Environment to continue.
# Native memory allocation (mmap) failed to map 32505856 bytes for Failed to commit area from 0x00000000ce200000 to 0x00000000d0100000 of length 32505856.
# Possible reasons:
#   The system is out of physical RAM or swap space
#   The process is running with CompressedOops enabled, and the Java Heap may be blocking the growth of the native heap
# Possible solutions:
#   Reduce memory load on the system
#   Increase physical memory or swap space
#   Check if swap backing store is full
#   Decrease Java heap size (-Xmx/-Xms)
#   Decrease number of Java threads
#   Decrease Java thread stack sizes (-Xss)
#   Set larger code cache with -XX:ReservedCodeCacheSize=
#   JVM is running with Unscaled Compressed Oops mode in which the Java heap is
#     placed in the first 4GB address space. The Java Heap base address is the
#     maximum limit for the native heap growth. Please use -XX:HeapBaseMinAddress
#     to set the Java Heap base and to place the Java Heap above 4GB virtual address.
# This output file may be truncated or incomplete.
#
#  Out of Memory Error (./src/hotspot/os/windows/os_windows.cpp:3521), pid=10812, tid=3368
#
# JRE version: OpenJDK Runtime Environment (11.0.12+7) (build 11.0.12+7-b1504.28-7817840)
# Java VM: OpenJDK 64-Bit Server VM (11.0.12+7-b1504.28-7817840, mixed mode, tiered, compressed oops, g1 gc, windows-amd64)
# No core dump will be written. Minidumps are not enabled by default on client versions of Windows
#

---------------  S U M M A R Y ------------

Command Line: org.jetbrains.kotlin.cli.jvm.K2JVMCompiler @C:\Users\ACER\Documents\GitHub\Dramkos\app\build\20220524_6359862237553828904.compiler.options

Host: AMD Ryzen 5 3500U with Radeon Vega Mobile Gfx  , 8 cores, 3G,  Windows 10 , 64 bit Build 22000 (10.0.22000.675)
Time: Tue May 24 22:06:08 2022 SE Asia Standard Time elapsed time: 9.178332 seconds (0d 0h 0m 9s)

---------------  T H R E A D  ---------------

Current thread (0x000002411b652000):  VMThread "VM Thread" [stack: 0x0000008a40500000,0x0000008a40600000] [id=3368]

Stack: [0x0000008a40500000,0x0000008a40600000]
[error occurred during error reporting (printing stack bounds), id 0xc0000005, EXCEPTION_ACCESS_VIOLATION (0xc0000005) at pc=0x000002410694112d]

Native frames: (J=compiled Java code, j=interpreted, Vv=VM code, C=native code)
V  [jvm.dll+0x5fbcea]
V  [jvm.dll+0x731905]
V  [jvm.dll+0x732f1d]
V  [jvm.dll+0x733535]
V  [jvm.dll+0x7334eb]
V  [jvm.dll+0x5fb080]
V  [jvm.dll+0x5fb818]
C  [ntdll.dll+0xa8e4f]
C  [ntdll.dll+0x35e9a]
C  [ntdll.dll+0xa7e5e]
C  0x000002410694112d

VM_Operation (0x0000008a3fffcf20): G1CollectForAllocation, mode: safepoint, requested by thread 0x0000024102e2c000


---------------  P R O C E S S  ---------------

Threads class SMR info:
_java_thread_list=0x000002411b9444b0, length=10, elements={
0x0000024102e2c000, 0x000002411b654800, 0x000002411b681000, 0x000002411b69b000,
0x000002411b69c000, 0x000002411b69f800, 0x000002411b6a3800, 0x000002411b6a4800,
0x000002411b6f3000, 0x000002411b94b800
}

Java Threads: ( => current thread )
  0x0000024102e2c000 JavaThread "main" [_thread_blocked, id=10252, stack(0x0000008a3ff00000,0x0000008a40000000)]
  0x000002411b654800 JavaThread "Reference Handler" daemon [_thread_blocked, id=11080, stack(0x0000008a40600000,0x0000008a40700000)]
  0x000002411b681000 JavaThread "Finalizer" daemon [_thread_blocked, id=9044, stack(0x0000008a40700000,0x0000008a40800000)]
  0x000002411b69b000 JavaThread "Signal Dispatcher" daemon [_thread_blocked, id=6868, stack(0x0000008a40800000,0x0000008a40900000)]
  0x000002411b69c000 JavaThread "Attach Listener" daemon [_thread_blocked, id=12212, stack(0x0000008a40900000,0x0000008a40a00000)]
  0x000002411b69f800 JavaThread "Service Thread" daemon [_thread_blocked, id=13444, stack(0x0000008a40a00000,0x0000008a40b00000)]
  0x000002411b6a3800 JavaThread "C2 CompilerThread0" daemon [_thread_blocked, id=1644, stack(0x0000008a40b00000,0x0000008a40c00000)]
  0x000002411b6a4800 JavaThread "C1 CompilerThread0" daemon [_thread_blocked, id=804, stack(0x0000008a40c00000,0x0000008a40d00000)]
  0x000002411b6f3000 JavaThread "Sweeper thread" daemon [_thread_blocked, id=1612, stack(0x0000008a40d00000,0x0000008a40e00000)]
  0x000002411b94b800 JavaThread "Common-Cleaner" daemon [_thread_blocked, id=3360, stack(0x0000008a40f00000,0x0000008a41000000)]

Other Threads:
=>0x000002411b652000 VMThread "VM Thread" [stack: 0x0000008a40500000,0x0000008a40600000] [id=3368]
  0x000002411b943800 WatcherThread [stack: 0x0000008a40e00000,0x0000008a40f00000] [id=1780]
  0x0000024102e44000 GCTaskThread "GC Thread#0" [stack: 0x0000008a40000000,0x0000008a40100000] [id=424]
  0x000002411bf56800 GCTaskThread "GC Thread#1" [stack: 0x0000008a41000000,0x0000008a41100000] [id=6088]
  0x0000024102e5c000 ConcurrentGCThread "G1 Main Marker" [stack: 0x0000008a40100000,0x0000008a40200000] [id=13888]
  0x0000024102e5d800 ConcurrentGCThread "G1 Conc#0" [stack: 0x0000008a40200000,0x0000008a40300000] [id=11984]
  0x000002411c289800 ConcurrentGCThread "G1 Conc#1" [stack: 0x0000008a41100000,0x0000008a41200000] [id=4348]
  0x0000024102eb5800 ConcurrentGCThread "G1 Refine#0" [stack: 0x0000008a40300000,0x0000008a40400000] [id=6096]
  0x0000024102eb6800 ConcurrentGCThread "G1 Young RemSet Sampling" [stack: 0x0000008a40400000,0x0000008a40500000] [id=6672]

Threads with active compile tasks:
C2 CompilerThread0   9225 5460       4       java.util.HashSet::size (8 bytes)
C1 CompilerThread0   9225 5469       3       org.jetbrains.kotlin.resolve.DescriptorUtils::getContainingModuleOrNull (54 bytes)

VM state:at safepoint (normal execution)

VM Mutex/Monitor currently owned by a thread:  ([mutex/lock_event])
[0x0000024102e28410] Threads_lock - owner thread: 0x000002411b652000
[0x0000024102e28890] Heap_lock - owner thread: 0x0000024102e2c000

Heap address: 0x00000000c9000000, size: 880 MB, Compressed Oops mode: 32-bit
Narrow klass base: 0x0000000000000000, Narrow klass shift: 3
Compressed class space size: 1073741824 Address: 0x0000000100000000

Heap:
 garbage-first heap   total 115712K, used 43353K [0x00000000c9000000, 0x0000000100000000)
  region size 1024K, 3 young (3072K), 3 survivors (3072K)
 Metaspace       used 52806K, capacity 53395K, committed 53456K, reserved 1097728K
  class space    used 6026K, capacity 6262K, committed 6272K, reserved 1048576K
Heap Regions: E=young(eden), S=young(survivor), O=old, HS=humongous(starts), HC=humongous(continues), CS=collection set, F=free, A=archive, TAMS=top-at-mark-start (previous, next)
|   0|0x00000000c9000000, 0x00000000c9100000, 0x00000000c9100000|100%|HS|  |TAMS 0x00000000c9100000, 0x00000000c9000000| Complete 
|   1|0x00000000c9100000, 0x00000000c9200000, 0x00000000c9200000|100%|HC|  |TAMS 0x00000000c9200000, 0x00000000c9100000| Complete 
|   2|0x00000000c9200000, 0x00000000c9300000, 0x00000000c9300000|100%|HC|  |TAMS 0x00000000c9300000, 0x00000000c9200000| Complete 
|   3|0x00000000c9300000, 0x00000000c9400000, 0x00000000c9400000|100%| O|  |TAMS 0x00000000c9400000, 0x00000000c9300000| Untracked 
|   4|0x00000000c9400000, 0x00000000c9500000, 0x00000000c9500000|100%| O|  |TAMS 0x00000000c9500000, 0x00000000c9400000| Untracked 
|   5|0x00000000c9500000, 0x00000000c9600000, 0x00000000c9600000|100%| O|  |TAMS 0x00000000c9600000, 0x00000000c9500000| Untracked 
|   6|0x00000000c9600000, 0x00000000c9700000, 0x00000000c9700000|100%| O|  |TAMS 0x00000000c9700000, 0x00000000c9600000| Untracked 
|   7|0x00000000c9700000, 0x00000000c9800000, 0x00000000c9800000|100%| O|  |TAMS 0x00000000c9800000, 0x00000000c9700000| Untracked 
|   8|0x00000000c9800000, 0x00000000c9900000, 0x00000000c9900000|100%| O|  |TAMS 0x00000000c9900000, 0x00000000c9800000| Untracked 
|   9|0x00000000c9900000, 0x00000000c9a00000, 0x00000000c9a00000|100%|HS|  |TAMS 0x00000000c9a00000, 0x00000000c9900000| Complete 
|  10|0x00000000c9a00000, 0x00000000c9b00000, 0x00000000c9b00000|100%|HC|  |TAMS 0x00000000c9b00000, 0x00000000c9a00000| Complete 
|  11|0x00000000c9b00000, 0x00000000c9c00000, 0x00000000c9c00000|100%|HC|  |TAMS 0x00000000c9c00000, 0x00000000c9b00000| Complete 
|  12|0x00000000c9c00000, 0x00000000c9d00000, 0x00000000c9d00000|100%| O|  |TAMS 0x00000000c9c00000, 0x00000000c9c00000| Untracked 
|  13|0x00000000c9d00000, 0x00000000c9e00000, 0x00000000c9e00000|100%| O|  |TAMS 0x00000000c9d00000, 0x00000000c9d00000| Untracked 
|  14|0x00000000c9e00000, 0x00000000c9f00000, 0x00000000c9f00000|100%| O|  |TAMS 0x00000000c9f00000, 0x00000000c9e00000| Untracked 
|  15|0x00000000c9f00000, 0x00000000ca000000, 0x00000000ca000000|100%| O|  |TAMS 0x00000000ca000000, 0x00000000c9f00000| Untracked 
|  16|0x00000000ca000000, 0x00000000ca100000, 0x00000000ca100000|100%| O|  |TAMS 0x00000000ca100000, 0x00000000ca000000| Untracked 
|  17|0x00000000ca100000, 0x00000000ca200000, 0x00000000ca200000|100%| O|  |TAMS 0x00000000ca200000, 0x00000000ca100000| Untracked 
|  18|0x00000000ca200000, 0x00000000ca300000, 0x00000000ca300000|100%| O|  |TAMS 0x00000000ca300000, 0x00000000ca200000| Untracked 
|  19|0x00000000ca300000, 0x00000000ca400000, 0x00000000ca400000|100%| O|  |TAMS 0x00000000ca400000, 0x00000000ca300000| Untracked 
|  20|0x00000000ca400000, 0x00000000ca500000, 0x00000000ca500000|100%| O|  |TAMS 0x00000000ca4fac00, 0x00000000ca400000| Untracked 
|  21|0x00000000ca500000, 0x00000000ca600000, 0x00000000ca600000|100%| O|  |TAMS 0x00000000ca500000, 0x00000000ca500000| Untracked 
|  22|0x00000000ca600000, 0x00000000ca700000, 0x00000000ca700000|100%|HS|  |TAMS 0x00000000ca600000, 0x00000000ca600000| Complete 
|  23|0x00000000ca700000, 0x00000000ca800000, 0x00000000ca800000|100%|HC|  |TAMS 0x00000000ca700000, 0x00000000ca700000| Complete 
|  24|0x00000000ca800000, 0x00000000ca900000, 0x00000000ca900000|100%| O|  |TAMS 0x00000000ca800000, 0x00000000ca800000| Untracked 
|  25|0x00000000ca900000, 0x00000000caa00000, 0x00000000caa00000|100%| O|  |TAMS 0x00000000ca900000, 0x00000000ca900000| Untracked 
|  26|0x00000000caa00000, 0x00000000cab00000, 0x00000000cab00000|100%| O|  |TAMS 0x00000000caa00000, 0x00000000caa00000| Untracked 
|  27|0x00000000cab00000, 0x00000000cac00000, 0x00000000cac00000|100%| O|  |TAMS 0x00000000cab00000, 0x00000000cab00000| Untracked 
|  28|0x00000000cac00000, 0x00000000cad00000, 0x00000000cad00000|100%| O|  |TAMS 0x00000000cac00000, 0x00000000cac00000| Untracked 
|  29|0x00000000cad00000, 0x00000000cae00000, 0x00000000cae00000|100%| O|  |TAMS 0x00000000cad00000, 0x00000000cad00000| Untracked 
|  30|0x00000000cae00000, 0x00000000caf00000, 0x00000000caf00000|100%| O|  |TAMS 0x00000000cae00000, 0x00000000cae00000| Untracked 
|  31|0x00000000caf00000, 0x00000000cb000000, 0x00000000cb000000|100%| O|  |TAMS 0x00000000caf00000, 0x00000000caf00000| Untracked 
|  32|0x00000000cb000000, 0x00000000cb100000, 0x00000000cb100000|100%| O|  |TAMS 0x00000000cb000000, 0x00000000cb000000| Untracked 
|  33|0x00000000cb100000, 0x00000000cb200000, 0x00000000cb200000|100%| O|  |TAMS 0x00000000cb100000, 0x00000000cb100000| Untracked 
|  34|0x00000000cb200000, 0x00000000cb300000, 0x00000000cb300000|100%| O|  |TAMS 0x00000000cb200000, 0x00000000cb200000| Untracked 
|  35|0x00000000cb300000, 0x00000000cb400000, 0x00000000cb400000|100%| O|  |TAMS 0x00000000cb300000, 0x00000000cb300000| Untracked 
|  36|0x00000000cb400000, 0x00000000cb500000, 0x00000000cb500000|100%| O|  |TAMS 0x00000000cb400000, 0x00000000cb400000| Untracked 
|  37|0x00000000cb500000, 0x00000000cb600000, 0x00000000cb600000|100%| O|  |TAMS 0x00000000cb500000, 0x00000000cb500000| Untracked 
|  38|0x00000000cb600000, 0x00000000cb700000, 0x00000000cb700000|100%| O|  |TAMS 0x00000000cb600000, 0x00000000cb600000| Untracked 
|  39|0x00000000cb700000, 0x00000000cb756400, 0x00000000cb800000| 33%| O|  |TAMS 0x00000000cb700000, 0x00000000cb700000| Untracked 
|  40|0x00000000cb800000, 0x00000000cb800000, 0x00000000cb900000|  0%| F|  |TAMS 0x00000000cb800000, 0x00000000cb800000| Untracked 
|  41|0x00000000cb900000, 0x00000000cb900000, 0x00000000cba00000|  0%| F|  |TAMS 0x00000000cb900000, 0x00000000cb900000| Untracked 
|  42|0x00000000cba00000, 0x00000000cba00000, 0x00000000cbb00000|  0%| F|  |TAMS 0x00000000cba00000, 0x00000000cba00000| Untracked 
|  43|0x00000000cbb00000, 0x00000000cbb00000, 0x00000000cbc00000|  0%| F|  |TAMS 0x00000000cbb00000, 0x00000000cbb00000| Untracked 
|  44|0x00000000cbc00000, 0x00000000cbc00000, 0x00000000cbd00000|  0%| F|  |TAMS 0x00000000cbc00000, 0x00000000cbc00000| Untracked 
|  45|0x00000000cbd00000, 0x00000000cbd00000, 0x00000000cbe00000|  0%| F|  |TAMS 0x00000000cbd00000, 0x00000000cbd00000| Untracked 
|  46|0x00000000cbe00000, 0x00000000cbe00000, 0x00000000cbf00000|  0%| F|  |TAMS 0x00000000cbe00000, 0x00000000cbe00000| Untracked 
|  47|0x00000000cbf00000, 0x00000000cbf00000, 0x00000000cc000000|  0%| F|  |TAMS 0x00000000cbf00000, 0x00000000cbf00000| Untracked 
|  48|0x00000000cc000000, 0x00000000cc000000, 0x00000000cc100000|  0%| F|  |TAMS 0x00000000cc000000, 0x00000000cc000000| Untracked 
|  49|0x00000000cc100000, 0x00000000cc100000, 0x00000000cc200000|  0%| F|  |TAMS 0x00000000cc100000, 0x00000000cc100000| Untracked 
|  50|0x00000000cc200000, 0x00000000cc200000, 0x00000000cc300000|  0%| F|  |TAMS 0x00000000cc200000, 0x00000000cc200000| Untracked 
|  51|0x00000000cc300000, 0x00000000cc300000, 0x00000000cc400000|  0%| F|  |TAMS 0x00000000cc300000, 0x00000000cc300000| Untracked 
|  52|0x00000000cc400000, 0x00000000cc400000, 0x00000000cc500000|  0%| F|  |TAMS 0x00000000cc400000, 0x00000000cc400000| Untracked 
|  53|0x00000000cc500000, 0x00000000cc500000, 0x00000000cc600000|  0%| F|  |TAMS 0x00000000cc500000, 0x00000000cc500000| Untracked 
|  54|0x00000000cc600000, 0x00000000cc600000, 0x00000000cc700000|  0%| F|  |TAMS 0x00000000cc600000, 0x00000000cc600000| Untracked 
|  55|0x00000000cc700000, 0x00000000cc800000, 0x00000000cc800000|100%| S|CS|TAMS 0x00000000cc700000, 0x00000000cc700000| Complete 
|  56|0x00000000cc800000, 0x00000000cc800000, 0x00000000cc900000|  0%| F|  |TAMS 0x00000000cc800000, 0x00000000cc800000| Untracked 
|  57|0x00000000cc900000, 0x00000000cc900000, 0x00000000cca00000|  0%| F|  |TAMS 0x00000000cc900000, 0x00000000cc900000| Untracked 
|  58|0x00000000cca00000, 0x00000000ccb00000, 0x00000000ccb00000|100%| S|CS|TAMS 0x00000000cca00000, 0x00000000cca00000| Complete 
|  59|0x00000000ccb00000, 0x00000000ccc00000, 0x00000000ccc00000|100%| S|CS|TAMS 0x00000000ccb00000, 0x00000000ccb00000| Complete 
|  60|0x00000000ccc00000, 0x00000000ccc00000, 0x00000000ccd00000|  0%| F|  |TAMS 0x00000000ccc00000, 0x00000000ccc00000| Untracked 
|  61|0x00000000ccd00000, 0x00000000ccd00000, 0x00000000cce00000|  0%| F|  |TAMS 0x00000000ccd00000, 0x00000000ccd00000| Untracked 
|  62|0x00000000cce00000, 0x00000000cce00000, 0x00000000ccf00000|  0%| F|  |TAMS 0x00000000cce00000, 0x00000000cce00000| Untracked 
|  63|0x00000000ccf00000, 0x00000000ccf00000, 0x00000000cd000000|  0%| F|  |TAMS 0x00000000ccf00000, 0x00000000ccf00000| Untracked 
|  64|0x00000000cd000000, 0x00000000cd000000, 0x00000000cd100000|  0%| F|  |TAMS 0x00000000cd000000, 0x00000000cd000000| Untracked 
|  65|0x00000000cd100000, 0x00000000cd100000, 0x00000000cd200000|  0%| F|  |TAMS 0x00000000cd100000, 0x00000000cd100000| Untracked 
|  66|0x00000000cd200000, 0x00000000cd200000, 0x00000000cd300000|  0%| F|  |TAMS 0x00000000cd200000, 0x00000000cd200000| Untracked 
|  67|0x00000000cd300000, 0x00000000cd300000, 0x00000000cd400000|  0%| F|  |TAMS 0x00000000cd300000, 0x00000000cd300000| Untracked 
|  68|0x00000000cd400000, 0x00000000cd400000, 0x00000000cd500000|  0%| F|  |TAMS 0x00000000cd400000, 0x00000000cd400000| Untracked 
|  69|0x00000000cd500000, 0x00000000cd500000, 0x00000000cd600000|  0%| F|  |TAMS 0x00000000cd500000, 0x00000000cd500000| Untracked 
|  70|0x00000000cd600000, 0x00000000cd600000, 0x00000000cd700000|  0%| F|  |TAMS 0x00000000cd600000, 0x00000000cd600000| Untracked 
|  71|0x00000000cd700000, 0x00000000cd700000, 0x00000000cd800000|  0%| F|  |TAMS 0x00000000cd700000, 0x00000000cd700000| Untracked 
|  72|0x00000000cd800000, 0x00000000cd800000, 0x00000000cd900000|  0%| F|  |TAMS 0x00000000cd800000, 0x00000000cd800000| Untracked 
|  73|0x00000000cd900000, 0x00000000cd900000, 0x00000000cda00000|  0%| F|  |TAMS 0x00000000cd900000, 0x00000000cd900000| Untracked 
|  74|0x00000000cda00000, 0x00000000cda00000, 0x00000000cdb00000|  0%| F|  |TAMS 0x00000000cda00000, 0x00000000cda00000| Untracked 
|  75|0x00000000cdb00000, 0x00000000cdb00000, 0x00000000cdc00000|  0%| F|  |TAMS 0x00000000cdb00000, 0x00000000cdb00000| Untracked 
|  76|0x00000000cdc00000, 0x00000000cdc00000, 0x00000000cdd00000|  0%| F|  |TAMS 0x00000000cdc00000, 0x00000000cdc00000| Untracked 
|  77|0x00000000cdd00000, 0x00000000cdd00000, 0x00000000cde00000|  0%| F|  |TAMS 0x00000000cdd00000, 0x00000000cdd00000| Untracked 
|  78|0x00000000cde00000, 0x00000000cde00000, 0x00000000cdf00000|  0%| F|  |TAMS 0x00000000cde00000, 0x00000000cde00000| Untracked 
|  79|0x00000000cdf00000, 0x00000000cdf00000, 0x00000000ce000000|  0%| F|  |TAMS 0x00000000cdf00000, 0x00000000cdf00000| Untracked 
|  80|0x00000000ce000000, 0x00000000ce000000, 0x00000000ce100000|  0%| F|  |TAMS 0x00000000ce000000, 0x00000000ce000000| Untracked 
|  81|0x00000000ce100000, 0x00000000ce100000, 0x00000000ce200000|  0%| F|  |TAMS 0x00000000ce100000, 0x00000000ce100000| Untracked 

Card table byte_map: [0x0000024116570000,0x0000024116730000] _byte_map_base: 0x0000024115f28000

Marking Bits (Prev, Next): (CMBitMap*) 0x0000024102e57918, (CMBitMap*) 0x0000024102e57950
 Prev Bits: [0x00000241168f0000, 0x00000241176b0000)
 Next Bits: [0x00000241176b0000, 0x0000024118470000)

Polling page: 0x0000024101580000

Metaspace:

Usage:
  Non-class:     46.03 MB capacity,    45.68 MB (>99%) used,   270.35 KB ( <1%) free+waste,    82.38 KB ( <1%) overhead. 
      Class:      6.12 MB capacity,     5.89 MB ( 96%) used,   198.25 KB (  3%) free+waste,    37.31 KB ( <1%) overhead. 
       Both:     52.14 MB capacity,    51.57 MB ( 99%) used,   468.60 KB ( <1%) free+waste,   119.69 KB ( <1%) overhead. 

Virtual space:
  Non-class space:       48.00 MB reserved,      46.08 MB ( 96%) committed 
      Class space:        1.00 GB reserved,       6.13 MB ( <1%) committed 
             Both:        1.05 GB reserved,      52.20 MB (  5%) committed 

Chunk freelists:
   Non-Class:  51.00 KB
       Class:  10.00 KB
        Both:  61.00 KB

MaxMetaspaceSize: 17179869184.00 GB
CompressedClassSpaceSize: 1.00 GB
Initial GC threshold: 20.80 MB
Current GC threshold: 58.88 MB
CDS: off

CodeHeap 'non-profiled nmethods': size=120000Kb used=2018Kb max_used=2018Kb free=117981Kb
 bounds [0x000002410e410000, 0x000002410e680000, 0x0000024115940000]
CodeHeap 'profiled nmethods': size=120000Kb used=12400Kb max_used=12400Kb free=107599Kb
 bounds [0x0000024106ee0000, 0x0000024107b00000, 0x000002410e410000]
CodeHeap 'non-nmethods': size=5760Kb used=1280Kb max_used=1330Kb free=4479Kb
 bounds [0x0000024106940000, 0x0000024106bb0000, 0x0000024106ee0000]
 total_blobs=5940 nmethods=5381 adapters=471
 compilation: enabled
              stopped_count=0, restarted_count=0
 full_count=0

Compilation events (20 events):
Event: 9.115 Thread 0x000002411b6a4800 nmethod 5461 0x0000024107af2a90 code [0x0000024107af2d20, 0x0000024107af3388]
Event: 9.115 Thread 0x000002411b6a4800 5451       2       org.jetbrains.kotlin.com.intellij.util.containers.SmartHashSet::<init> (5 bytes)
Event: 9.115 Thread 0x000002411b6a4800 nmethod 5451 0x0000024107af3790 code [0x0000024107af3960, 0x0000024107af3ae8]
Event: 9.115 Thread 0x000002411b6a4800 5462       2       org.jetbrains.kotlin.resolve.OverrideResolver$CollectWarningInformationForInheritedMembersStrategy::doReportErrors (265 bytes)
Event: 9.116 Thread 0x000002411b6a4800 nmethod 5462 0x0000024107af3c10 code [0x0000024107af3ec0, 0x0000024107af45d8]
Event: 9.116 Thread 0x000002411b6a4800 5457       2       org.jetbrains.kotlin.resolve.OverrideResolver$CollectErrorInformationForInheritedMembersStrategy::<init> (115 bytes)
Event: 9.117 Thread 0x000002411b6a4800 nmethod 5457 0x0000024107af4b10 code [0x0000024107af4ea0, 0x0000024107af61a8]
Event: 9.117 Thread 0x000002411b6a4800 5467 %     3       org.jetbrains.kotlin.resolve.DescriptorUtils::getContainingModuleOrNull @ 9 (54 bytes)
Event: 9.118 Thread 0x000002411b6a4800 nmethod 5467% 0x0000024107af6990 code [0x0000024107af6bc0, 0x0000024107af7438]
Event: 9.118 Thread 0x000002411b6a4800 5463       2       org.jetbrains.kotlin.resolve.DescriptorUtils::classCanHaveAbstractFakeOverride (31 bytes)
Event: 9.118 Thread 0x000002411b6a4800 nmethod 5463 0x0000024107af7610 code [0x0000024107af77e0, 0x0000024107af7968]
Event: 9.118 Thread 0x000002411b6a4800 5464       2       org.jetbrains.kotlin.resolve.DescriptorUtils::classCanHaveAbstractDeclaration (46 bytes)
Event: 9.118 Thread 0x000002411b6a4800 nmethod 5464 0x0000024107af7a90 code [0x0000024107af7c60, 0x0000024107af7e18]
Event: 9.118 Thread 0x000002411b6a4800 5453       2       gnu.trove.THash::<init> (31 bytes)
Event: 9.118 Thread 0x000002411b6a4800 nmethod 5453 0x0000024107af7f10 code [0x0000024107af80e0, 0x0000024107af8248]
Event: 9.118 Thread 0x000002411b6a4800 5468       2       org.jetbrains.kotlin.resolve.OverrideResolver$Companion::checkInheritedAndDelegatedSignatures (642 bytes)
Event: 9.122 Thread 0x000002411b6a3800 nmethod 5276 0x000002410e606b10 code [0x000002410e606d80, 0x000002410e608138]
Event: 9.122 Thread 0x000002411b6a3800 5460       4       java.util.HashSet::size (8 bytes)
Event: 9.122 Thread 0x000002411b6a4800 nmethod 5468 0x0000024107af8310 code [0x0000024107af88e0, 0x0000024107afaaf8]
Event: 9.122 Thread 0x000002411b6a4800 5469       3       org.jetbrains.kotlin.resolve.DescriptorUtils::getContainingModuleOrNull (54 bytes)

GC Heap History (20 events):
Event: 2.113 GC heap after
{Heap after GC invocations=3 (full 0):
 garbage-first heap   total 57344K, used 9472K [0x00000000c9000000, 0x0000000100000000)
  region size 1024K, 1 young (1024K), 1 survivors (1024K)
 Metaspace       used 20877K, capacity 21087K, committed 21296K, reserved 1069056K
  class space    used 2219K, capacity 2312K, committed 2432K, reserved 1048576K
}
Event: 3.337 GC heap before
{Heap before GC invocations=4 (full 0):
 garbage-first heap   total 57344K, used 42240K [0x00000000c9000000, 0x0000000100000000)
  region size 1024K, 30 young (30720K), 1 survivors (1024K)
 Metaspace       used 29985K, capacity 30410K, committed 30640K, reserved 1077248K
  class space    used 3569K, capacity 3731K, committed 3840K, reserved 1048576K
}
Event: 3.345 GC heap after
{Heap after GC invocations=5 (full 0):
 garbage-first heap   total 57344K, used 14978K [0x00000000c9000000, 0x0000000100000000)
  region size 1024K, 3 young (3072K), 3 survivors (3072K)
 Metaspace       used 29985K, capacity 30410K, committed 30640K, reserved 1077248K
  class space    used 3569K, capacity 3731K, committed 3840K, reserved 1048576K
}
Event: 4.260 GC heap before
{Heap before GC invocations=5 (full 0):
 garbage-first heap   total 57344K, used 44674K [0x00000000c9000000, 0x0000000100000000)
  region size 1024K, 30 young (30720K), 3 survivors (3072K)
 Metaspace       used 34463K, capacity 34913K, committed 35120K, reserved 1079296K
  class space    used 4280K, capacity 4442K, committed 4480K, reserved 1048576K
}
Event: 4.278 GC heap after
{Heap after GC invocations=6 (full 0):
 garbage-first heap   total 69632K, used 21284K [0x00000000c9000000, 0x0000000100000000)
  region size 1024K, 4 young (4096K), 4 survivors (4096K)
 Metaspace       used 34463K, capacity 34913K, committed 35120K, reserved 1079296K
  class space    used 4280K, capacity 4442K, committed 4480K, reserved 1048576K
}
Event: 4.422 GC heap before
{Heap before GC invocations=6 (full 0):
 garbage-first heap   total 69632K, used 26404K [0x00000000c9000000, 0x0000000100000000)
  region size 1024K, 10 young (10240K), 4 survivors (4096K)
 Metaspace       used 35348K, capacity 35778K, committed 35920K, reserved 1081344K
  class space    used 4366K, capacity 4538K, committed 4608K, reserved 1048576K
}
Event: 4.435 GC heap after
{Heap after GC invocations=7 (full 0):
 garbage-first heap   total 69632K, used 20459K [0x00000000c9000000, 0x0000000100000000)
  region size 1024K, 1 young (1024K), 1 survivors (1024K)
 Metaspace       used 35348K, capacity 35778K, committed 35920K, reserved 1081344K
  class space    used 4366K, capacity 4538K, committed 4608K, reserved 1048576K
}
Event: 4.987 GC heap before
{Heap before GC invocations=8 (full 0):
 garbage-first heap   total 69632K, used 40939K [0x00000000c9000000, 0x0000000100000000)
  region size 1024K, 22 young (22528K), 1 survivors (1024K)
 Metaspace       used 39242K, capacity 39680K, committed 39888K, reserved 1085440K
  class space    used 4713K, capacity 4897K, committed 4992K, reserved 1048576K
}
Event: 4.995 GC heap after
{Heap after GC invocations=9 (full 0):
 garbage-first heap   total 69632K, used 22225K [0x00000000c9000000, 0x0000000100000000)
  region size 1024K, 3 young (3072K), 3 survivors (3072K)
 Metaspace       used 39242K, capacity 39680K, committed 39888K, reserved 1085440K
  class space    used 4713K, capacity 4897K, committed 4992K, reserved 1048576K
}
Event: 5.729 GC heap before
{Heap before GC invocations=9 (full 0):
 garbage-first heap   total 69632K, used 42705K [0x00000000c9000000, 0x0000000100000000)
  region size 1024K, 24 young (24576K), 3 survivors (3072K)
 Metaspace       used 44712K, capacity 45245K, committed 45392K, reserved 1089536K
  class space    used 5324K, capacity 5511K, committed 5632K, reserved 1048576K
}
Event: 5.742 GC heap after
{Heap after GC invocations=10 (full 0):
 garbage-first heap   total 69632K, used 23901K [0x00000000c9000000, 0x0000000100000000)
  region size 1024K, 2 young (2048K), 2 survivors (2048K)
 Metaspace       used 44712K, capacity 45245K, committed 45392K, reserved 1089536K
  class space    used 5324K, capacity 5511K, committed 5632K, reserved 1048576K
}
Event: 6.231 GC heap before
{Heap before GC invocations=10 (full 0):
 garbage-first heap   total 69632K, used 48477K [0x00000000c9000000, 0x0000000100000000)
  region size 1024K, 24 young (24576K), 2 survivors (2048K)
 Metaspace       used 46505K, capacity 47040K, committed 47312K, reserved 1091584K
  class space    used 5480K, capacity 5682K, committed 5760K, reserved 1048576K
}
Event: 6.246 GC heap after
{Heap after GC invocations=11 (full 0):
 garbage-first heap   total 83968K, used 30562K [0x00000000c9000000, 0x0000000100000000)
  region size 1024K, 3 young (3072K), 3 survivors (3072K)
 Metaspace       used 46505K, capacity 47040K, committed 47312K, reserved 1091584K
  class space    used 5480K, capacity 5682K, committed 5760K, reserved 1048576K
}
Event: 6.883 GC heap before
{Heap before GC invocations=11 (full 0):
 garbage-first heap   total 83968K, used 54114K [0x00000000c9000000, 0x0000000100000000)
  region size 1024K, 27 young (27648K), 3 survivors (3072K)
 Metaspace       used 48108K, capacity 48621K, committed 48720K, reserved 1091584K
  class space    used 5643K, capacity 5845K, committed 5888K, reserved 1048576K
}
Event: 6.902 GC heap after
{Heap after GC invocations=12 (full 0):
 garbage-first heap   total 83968K, used 32722K [0x00000000c9000000, 0x0000000100000000)
  region size 1024K, 2 young (2048K), 2 survivors (2048K)
 Metaspace       used 48108K, capacity 48621K, committed 48720K, reserved 1091584K
  class space    used 5643K, capacity 5845K, committed 5888K, reserved 1048576K
}
Event: 7.915 GC heap before
{Heap before GC invocations=12 (full 0):
 garbage-first heap   total 83968K, used 56274K [0x00000000c9000000, 0x0000000100000000)
  region size 1024K, 26 young (26624K), 2 survivors (2048K)
 Metaspace       used 51453K, capacity 52060K, committed 52176K, reserved 1095680K
  class space    used 5971K, capacity 6222K, committed 6272K, reserved 1048576K
}
Event: 7.971 GC heap after
{Heap after GC invocations=13 (full 0):
 garbage-first heap   total 83968K, used 35671K [0x00000000c9000000, 0x0000000100000000)
  region size 1024K, 4 young (4096K), 4 survivors (4096K)
 Metaspace       used 51453K, capacity 52060K, committed 52176K, reserved 1095680K
  class space    used 5971K, capacity 6222K, committed 6272K, reserved 1048576K
}
Event: 8.779 GC heap before
{Heap before GC invocations=13 (full 0):
 garbage-first heap   total 83968K, used 60247K [0x00000000c9000000, 0x0000000100000000)
  region size 1024K, 28 young (28672K), 4 survivors (4096K)
 Metaspace       used 52372K, capacity 52925K, committed 52944K, reserved 1095680K
  class space    used 5998K, capacity 6254K, committed 6272K, reserved 1048576K
}
Event: 8.819 GC heap after
{Heap after GC invocations=14 (full 0):
 garbage-first heap   total 83968K, used 40182K [0x00000000c9000000, 0x0000000100000000)
  region size 1024K, 4 young (4096K), 4 survivors (4096K)
 Metaspace       used 52372K, capacity 52925K, committed 52944K, reserved 1095680K
  class space    used 5998K, capacity 6254K, committed 6272K, reserved 1048576K
}
Event: 9.123 GC heap before
{Heap before GC invocations=14 (full 0):
 garbage-first heap   total 83968K, used 62710K [0x00000000c9000000, 0x0000000100000000)
  region size 1024K, 26 young (26624K), 4 survivors (4096K)
 Metaspace       used 52806K, capacity 53395K, committed 53456K, reserved 1097728K
  class space    used 6026K, capacity 6262K, committed 6272K, reserved 1048576K
}

Deoptimization events (20 events):
Event: 8.971 Thread 0x0000024102e2c000 Uncommon trap: trap_request=0xffffffbe fr.pc=0x000002410e5f65a0 relative=0x0000000000000420
Event: 8.971 Thread 0x0000024102e2c000 Uncommon trap: reason=profile_predicate action=maybe_recompile pc=0x000002410e5f65a0 method=java.util.regex.Pattern$Slice.match(Ljava/util/regex/Matcher;ILjava/lang/CharSequence;)Z @ 18 c2
Event: 8.971 Thread 0x0000024102e2c000 DEOPT PACKING pc=0x000002410e5f65a0 sp=0x0000008a3fffc9e0
Event: 8.971 Thread 0x0000024102e2c000 DEOPT UNPACKING pc=0x000002410698a1af sp=0x0000008a3fffc900 mode 2
Event: 8.972 Thread 0x0000024102e2c000 Uncommon trap: trap_request=0xffffffbe fr.pc=0x000002410e5f65a0 relative=0x0000000000000420
Event: 8.972 Thread 0x0000024102e2c000 Uncommon trap: reason=profile_predicate action=maybe_recompile pc=0x000002410e5f65a0 method=java.util.regex.Pattern$Slice.match(Ljava/util/regex/Matcher;ILjava/lang/CharSequence;)Z @ 18 c2
Event: 8.972 Thread 0x0000024102e2c000 DEOPT PACKING pc=0x000002410e5f65a0 sp=0x0000008a3fffcde0
Event: 8.972 Thread 0x0000024102e2c000 DEOPT UNPACKING pc=0x000002410698a1af sp=0x0000008a3fffcd00 mode 2
Event: 8.972 Thread 0x0000024102e2c000 Uncommon trap: trap_request=0xffffffbe fr.pc=0x000002410e5f65a0 relative=0x0000000000000420
Event: 8.972 Thread 0x0000024102e2c000 Uncommon trap: reason=profile_predicate action=maybe_recompile pc=0x000002410e5f65a0 method=java.util.regex.Pattern$Slice.match(Ljava/util/regex/Matcher;ILjava/lang/CharSequence;)Z @ 18 c2
Event: 8.972 Thread 0x0000024102e2c000 DEOPT PACKING pc=0x000002410e5f65a0 sp=0x0000008a3fffc9e0
Event: 8.972 Thread 0x0000024102e2c000 DEOPT UNPACKING pc=0x000002410698a1af sp=0x0000008a3fffc900 mode 2
Event: 8.973 Thread 0x0000024102e2c000 Uncommon trap: trap_request=0xffffffbe fr.pc=0x000002410e5f65a0 relative=0x0000000000000420
Event: 8.973 Thread 0x0000024102e2c000 Uncommon trap: reason=profile_predicate action=maybe_recompile pc=0x000002410e5f65a0 method=java.util.regex.Pattern$Slice.match(Ljava/util/regex/Matcher;ILjava/lang/CharSequence;)Z @ 18 c2
Event: 8.973 Thread 0x0000024102e2c000 DEOPT PACKING pc=0x000002410e5f65a0 sp=0x0000008a3fffcde0
Event: 8.973 Thread 0x0000024102e2c000 DEOPT UNPACKING pc=0x000002410698a1af sp=0x0000008a3fffcd00 mode 2
Event: 8.992 Thread 0x0000024102e2c000 Uncommon trap: trap_request=0xffffff7e fr.pc=0x000002410e5f9240 relative=0x00000000000003e0
Event: 8.992 Thread 0x0000024102e2c000 Uncommon trap: reason=predicate action=maybe_recompile pc=0x000002410e5f9240 method=java.util.regex.Pattern$Slice.match(Ljava/util/regex/Matcher;ILjava/lang/CharSequence;)Z @ 18 c2
Event: 8.992 Thread 0x0000024102e2c000 DEOPT PACKING pc=0x000002410e5f9240 sp=0x0000008a3fffca70
Event: 8.992 Thread 0x0000024102e2c000 DEOPT UNPACKING pc=0x000002410698a1af sp=0x0000008a3fffc978 mode 2

Classes redefined (0 events):
No events

Internal exceptions (20 events):
Event: 2.594 Thread 0x0000024102e2c000 Exception <a 'sun/nio/fs/WindowsException'{0x00000000cb96c5e8}> (0x00000000cb96c5e8) thrown at [./src/hotspot/share/prims/jni.cpp, line 615]
Event: 2.595 Thread 0x0000024102e2c000 Exception <a 'sun/nio/fs/WindowsException'{0x00000000cb96ce70}> (0x00000000cb96ce70) thrown at [./src/hotspot/share/prims/jni.cpp, line 615]
Event: 2.596 Thread 0x0000024102e2c000 Exception <a 'sun/nio/fs/WindowsException'{0x00000000cb96d858}> (0x00000000cb96d858) thrown at [./src/hotspot/share/prims/jni.cpp, line 615]
Event: 2.596 Thread 0x0000024102e2c000 Exception <a 'sun/nio/fs/WindowsException'{0x00000000cb96e140}> (0x00000000cb96e140) thrown at [./src/hotspot/share/prims/jni.cpp, line 615]
Event: 2.596 Thread 0x0000024102e2c000 Exception <a 'sun/nio/fs/WindowsException'{0x00000000cb96ea78}> (0x00000000cb96ea78) thrown at [./src/hotspot/share/prims/jni.cpp, line 615]
Event: 2.600 Thread 0x0000024102e2c000 Exception <a 'java/lang/NoSuchMethodError'{0x00000000cb975238}: 'void java.lang.invoke.DirectMethodHandle$Holder.invokeStatic(java.lang.Object, java.lang.Object, java.lang.Object, java.lang.Object)'> (0x00000000cb975238) thrown at [./src/hotspot/share/interpreter/linkResolver.cpp, line 773]
Event: 2.708 Thread 0x0000024102e2c000 Exception <a 'java/lang/NoSuchMethodError'{0x00000000cb553270}: 'void java.lang.invoke.DirectMethodHandle$Holder.invokeStaticInit(java.lang.Object, java.lang.Object)'> (0x00000000cb553270) thrown at [./src/hotspot/share/interpreter/linkResolver.cpp, line 773]
Event: 2.858 Thread 0x0000024102e2c000 Exception <a 'java/lang/NoSuchMethodError'{0x00000000cb1739f0}: 'void java.lang.invoke.DirectMethodHandle$Holder.invokeVirtual(java.lang.Object, java.lang.Object)'> (0x00000000cb1739f0) thrown at [./src/hotspot/share/interpreter/linkResolver.cpp, line 773]
Event: 2.874 Thread 0x0000024102e2c000 Exception <a 'java/lang/NoSuchMethodError'{0x00000000cb1e65a8}: 'int java.lang.invoke.DirectMethodHandle$Holder.invokeVirtual(java.lang.Object, java.lang.Object)'> (0x00000000cb1e65a8) thrown at [./src/hotspot/share/interpreter/linkResolver.cpp, line 773]
Event: 4.233 Thread 0x0000024102e2c000 Exception <a 'java/lang/NoSuchMethodError'{0x00000000cad37110}: 'java.lang.Object java.lang.invoke.DirectMethodHandle$Holder.invokeVirtual(java.lang.Object, java.lang.Object, java.lang.Object)'> (0x00000000cad37110) thrown at [./src/hotspot/share/interpreter/linkResolver.cpp, line 773]
Event: 5.413 Thread 0x0000024102e2c000 Exception <a 'java/lang/NoSuchMethodError'{0x00000000cc6a7a20}: 'java.lang.Object java.lang.invoke.Invokers$Holder.linkToTargetMethod(java.lang.Object, int, java.lang.Object)'> (0x00000000cc6a7a20) thrown at [./src/hotspot/share/interpreter/linkResolver.cpp, line 773]
Event: 5.506 Thread 0x0000024102e2c000 Exception <a 'java/lang/NoSuchMethodError'{0x00000000cc47ad18}: 'java.lang.Object java.lang.invoke.DirectMethodHandle$Holder.invokeStatic(java.lang.Object, java.lang.Object, java.lang.Object, int)'> (0x00000000cc47ad18) thrown at [./src/hotspot/share/interpreter/linkResolver.cpp, line 773]
Event: 5.506 Thread 0x0000024102e2c000 Exception <a 'java/lang/NoSuchMethodError'{0x00000000cc47e988}: 'java.lang.Object java.lang.invoke.DirectMethodHandle$Holder.invokeSpecial(java.lang.Object, java.lang.Object, java.lang.Object, java.lang.Object, int)'> (0x00000000cc47e988) thrown at [./src/hotspot/share/interpreter/linkResolver.cpp, line 773]
Event: 5.506 Thread 0x0000024102e2c000 Exception <a 'java/lang/NoSuchMethodError'{0x00000000cc481c98}: 'java.lang.Object java.lang.invoke.Invokers$Holder.linkToTargetMethod(java.lang.Object, java.lang.Object, int, java.lang.Object)'> (0x00000000cc481c98) thrown at [./src/hotspot/share/interpreter/linkResolver.cpp, line 773]
Event: 7.214 Thread 0x0000024102e2c000 Implicit null exception at 0x000002410e54eefe to 0x000002410e54f1a4
Event: 7.474 Thread 0x0000024102e2c000 Exception <a 'java/lang/NoSuchMethodError'{0x00000000cd185140}: 'java.lang.Object java.lang.invoke.DirectMethodHandle$Holder.invokeSpecial(java.lang.Object, java.lang.Object, java.lang.Object, java.lang.Object, java.lang.Object, java.lang.Object, java.lang.Object, java.lang.Object, java.lang.Object)'> (0x00000000cd185140) thrown at [./src/hotspot/share/interpreter/linkResolver.cpp, line 773]
Event: 7.475 Thread 0x0000024102e2c000 Exception <a 'java/lang/NoSuchMethodError'{0x00000000cd189338}: 'java.lang.Object java.lang.invoke.Invokers$Holder.linkToTargetMethod(java.lang.Object, java.lang.Object, java.lang.Object, java.lang.Object, java.lang.Object, java.lang.Object, java.lang.Object, java.lang.Object)'> (0x00000000cd189338) thrown at [./src/hotspot/share/interpreter/linkResolver.cpp, line 773]
Event: 7.728 Thread 0x0000024102e2c000 Exception <a 'java/lang/NoSuchMethodError'{0x00000000ccc2c920}: 'java.lang.Object java.lang.invoke.DirectMethodHandle$Holder.invokeStaticInit(java.lang.Object, java.lang.Object, java.lang.Object)'> (0x00000000ccc2c920) thrown at [./src/hotspot/share/interpreter/linkResolver.cpp, line 773]
Event: 8.966 Thread 0x0000024102e2c000 Exception <a 'java/lang/NoSuchMethodError'{0x00000000cd92a628}: 'java.lang.Object java.lang.invoke.DirectMethodHandle$Holder.invokeStatic(java.lang.Object, int, java.lang.Object, java.lang.Object)'> (0x00000000cd92a628) thrown at [./src/hotspot/share/interpreter/linkResolver.cpp, line 773]
Event: 8.967 Thread 0x0000024102e2c000 Exception <a 'java/lang/NoSuchMethodError'{0x00000000cd934a68}: 'int java.lang.invoke.DirectMethodHandle$Holder.invokeInterface(java.lang.Object, java.lang.Object)'> (0x00000000cd934a68) thrown at [./src/hotspot/share/interpreter/linkResolver.cpp, line 773]

Events (20 events):
Event: 9.093 loading class org/jetbrains/kotlin/resolve/source/PsiSourceElementKt done
Event: 9.093 loading class org/jetbrains/kotlin/resolve/OverrideResolver$checkOverrideForMember$1
Event: 9.093 loading class org/jetbrains/kotlin/resolve/OverrideResolver$checkOverrideForMember$1 done
Event: 9.093 loading class org/jetbrains/kotlin/resolve/OverrideResolver$CheckOverrideReportForDeclaredMemberStrategy
Event: 9.093 loading class org/jetbrains/kotlin/resolve/OverrideResolver$CheckOverrideReportForDeclaredMemberStrategy done
Event: 9.094 loading class org/jetbrains/kotlin/resolve/OverrideResolver$CheckOverrideReportStrategy
Event: 9.094 loading class org/jetbrains/kotlin/resolve/OverrideResolver$CheckOverrideReportStrategy done
Event: 9.094 loading class org/jetbrains/kotlin/resolve/OverrideResolver$CollectErrorInformationForInheritedMembersStrategy
Event: 9.094 loading class org/jetbrains/kotlin/resolve/OverrideResolver$CollectErrorInformationForInheritedMembersStrategy done
Event: 9.095 loading class org/jetbrains/kotlin/resolve/OverrideResolver$CheckInheritedSignaturesReportStrategy
Event: 9.095 loading class org/jetbrains/kotlin/resolve/OverrideResolver$CheckInheritedSignaturesReportStrategy done
Event: 9.096 loading class org/jetbrains/kotlin/resolve/OverridingUtil$2
Event: 9.096 loading class org/jetbrains/kotlin/resolve/OverridingUtil$2 done
Event: 9.096 loading class org/jetbrains/kotlin/com/google/common/collect/Collections2
Event: 9.096 loading class org/jetbrains/kotlin/com/google/common/collect/Collections2 done
Event: 9.097 loading class org/jetbrains/kotlin/resolve/OverrideResolver$CollectWarningInformationForInheritedMembersStrategy
Event: 9.097 loading class org/jetbrains/kotlin/resolve/OverrideResolver$CollectWarningInformationForInheritedMembersStrategy done
Event: 9.098 loading class org/jetbrains/kotlin/resolve/calls/callResolverUtil/CallResolverUtilKt
Event: 9.098 loading class org/jetbrains/kotlin/resolve/calls/callResolverUtil/CallResolverUtilKt done
Event: 9.123 Executing VM operation: G1CollectForAllocation


Dynamic libraries:
0x00007ff7946d0000 - 0x00007ff7946da000 	C:\Program Files\Android\Android Studio\jre\bin\java.exe
0x00007ff8e6b20000 - 0x00007ff8e6d29000 	C:\WINDOWS\SYSTEM32\ntdll.dll
0x00007ff8e55e0000 - 0x00007ff8e569d000 	C:\WINDOWS\System32\KERNEL32.DLL
0x00007ff8e41b0000 - 0x00007ff8e4529000 	C:\WINDOWS\System32\KERNELBASE.dll
0x00007ff8e4010000 - 0x00007ff8e4121000 	C:\WINDOWS\System32\ucrtbase.dll
0x00007ff8d7400000 - 0x00007ff8d7419000 	C:\Program Files\Android\Android Studio\jre\bin\jli.dll
0x00007ff8d7390000 - 0x00007ff8d73a7000 	C:\Program Files\Android\Android Studio\jre\bin\VCRUNTIME140.dll
0x00007ff8e6760000 - 0x00007ff8e690c000 	C:\WINDOWS\System32\USER32.dll
0x00007ff8e4990000 - 0x00007ff8e49b6000 	C:\WINDOWS\System32\win32u.dll
0x00007ff8e5700000 - 0x00007ff8e5729000 	C:\WINDOWS\System32\GDI32.dll
0x00007ff8e4870000 - 0x00007ff8e4982000 	C:\WINDOWS\System32\gdi32full.dll
0x00007ff8e4660000 - 0x00007ff8e46fd000 	C:\WINDOWS\System32\msvcp_win.dll
0x00007ff8d38f0000 - 0x00007ff8d3b95000 	C:\WINDOWS\WinSxS\amd64_microsoft.windows.common-controls_6595b64144ccf1df_6.0.22000.120_none_9d947278b86cc467\COMCTL32.dll
0x00007ff8e5530000 - 0x00007ff8e55d3000 	C:\WINDOWS\System32\msvcrt.dll
0x00007ff8e4fd0000 - 0x00007ff8e5001000 	C:\WINDOWS\System32\IMM32.DLL
0x00007ff8c28f0000 - 0x00007ff8c298d000 	C:\Program Files\Android\Android Studio\jre\bin\msvcp140.dll
0x00007ff8a2320000 - 0x00007ff8a2e05000 	C:\Program Files\Android\Android Studio\jre\bin\server\jvm.dll
0x00007ff8e5730000 - 0x00007ff8e57de000 	C:\WINDOWS\System32\ADVAPI32.dll
0x00007ff8e57e0000 - 0x00007ff8e587e000 	C:\WINDOWS\System32\sechost.dll
0x00007ff8e5320000 - 0x00007ff8e5440000 	C:\WINDOWS\System32\RPCRT4.dll
0x00007ff8e6910000 - 0x00007ff8e6918000 	C:\WINDOWS\System32\PSAPI.DLL
0x00007ff8de830000 - 0x00007ff8de863000 	C:\WINDOWS\SYSTEM32\WINMM.dll
0x00007ff8d3820000 - 0x00007ff8d3829000 	C:\WINDOWS\SYSTEM32\WSOCK32.dll
0x00007ff8dc650000 - 0x00007ff8dc65a000 	C:\WINDOWS\SYSTEM32\VERSION.dll
0x00007ff8e6980000 - 0x00007ff8e69ef000 	C:\WINDOWS\System32\WS2_32.dll
0x00007ff8e3110000 - 0x00007ff8e3128000 	C:\WINDOWS\SYSTEM32\kernel.appcore.dll
0x00007ff8c1030000 - 0x00007ff8c1041000 	C:\Program Files\Android\Android Studio\jre\bin\verify.dll
0x00007ff8d6900000 - 0x00007ff8d6b21000 	C:\WINDOWS\SYSTEM32\DBGHELP.DLL
0x00007ff8d6680000 - 0x00007ff8d66b1000 	C:\WINDOWS\SYSTEM32\dbgcore.DLL
0x00007ff8e4130000 - 0x00007ff8e41af000 	C:\WINDOWS\System32\bcryptPrimitives.dll
0x00007ff8c1000000 - 0x00007ff8c1029000 	C:\Program Files\Android\Android Studio\jre\bin\java.dll
0x00007ff8d4a90000 - 0x00007ff8d4a9b000 	C:\Program Files\Android\Android Studio\jre\bin\jimage.dll
0x00007ff8b38e0000 - 0x00007ff8b38f8000 	C:\Program Files\Android\Android Studio\jre\bin\zip.dll
0x00007ff8e5ba0000 - 0x00007ff8e634f000 	C:\WINDOWS\System32\SHELL32.dll
0x00007ff8e2180000 - 0x00007ff8e29e8000 	C:\WINDOWS\SYSTEM32\windows.storage.dll
0x00007ff8e63e0000 - 0x00007ff8e6758000 	C:\WINDOWS\System32\combase.dll
0x00007ff8e2010000 - 0x00007ff8e2176000 	C:\WINDOWS\SYSTEM32\wintypes.dll
0x00007ff8e5440000 - 0x00007ff8e552a000 	C:\WINDOWS\System32\SHCORE.dll
0x00007ff8e6920000 - 0x00007ff8e697d000 	C:\WINDOWS\System32\shlwapi.dll
0x00007ff8e3f40000 - 0x00007ff8e3f61000 	C:\WINDOWS\SYSTEM32\profapi.dll
0x00007ff8b38c0000 - 0x00007ff8b38da000 	C:\Program Files\Android\Android Studio\jre\bin\net.dll
0x00007ff8dcaf0000 - 0x00007ff8dcbfc000 	C:\WINDOWS\SYSTEM32\WINHTTP.dll
0x00007ff8e3540000 - 0x00007ff8e35a7000 	C:\WINDOWS\system32\mswsock.dll
0x00007ff8b38a0000 - 0x00007ff8b38b4000 	C:\Program Files\Android\Android Studio\jre\bin\nio.dll

dbghelp: loaded successfully - version: 4.0.5 - missing functions: none
symbol engine: initialized successfully - sym options: 0x614 - pdb path: .;C:\Program Files\Android\Android Studio\jre\bin;C:\WINDOWS\SYSTEM32;C:\WINDOWS\WinSxS\amd64_microsoft.windows.common-controls_6595b64144ccf1df_6.0.22000.120_none_9d947278b86cc467;C:\Program Files\Android\Android Studio\jre\bin\server

VM Arguments:
java_command: org.jetbrains.kotlin.cli.jvm.K2JVMCompiler @C:\Users\ACER\Documents\GitHub\Dramkos\app\build\20220524_6359862237553828904.compiler.options
java_class_path (initial): C:\Users\ACER\.gradle\caches\modules-2\files-2.1\org.jetbrains.kotlin\kotlin-compiler-embeddable\1.6.10\88f2073f4020cdb83132cfe940ceb9a60aba54ea\kotlin-compiler-embeddable-1.6.10.jar;C:\Users\ACER\.gradle\caches\modules-2\files-2.1\org.jetbrains.kotlin\kotlin-reflect\1.6.10\1cbe9c92c12a94eea200d23c2bbaedaf3daf5132\kotlin-reflect-1.6.10.jar;C:\Users\ACER\.gradle\caches\modules-2\files-2.1\org.jetbrains.kotlin\kotlin-stdlib\1.6.10\b8af3fe6f1ca88526914929add63cf5e7c5049af\kotlin-stdlib-1.6.10.jar;C:\Users\ACER\.gradle\caches\modules-2\files-2.1\org.jetbrains.kotlin\kotlin-script-runtime\1.6.10\d0a7ff2e2500ef497ed0214ae40ad3c8387a6164\kotlin-script-runtime-1.6.10.jar;C:\Users\ACER\.gradle\caches\modules-2\files-2.1\org.jetbrains.kotlin\kotlin-daemon-embeddable\1.6.10\a56d79bcbea411fa6058e4ecffc2de73e742bd2a\kotlin-daemon-embeddable-1.6.10.jar;C:\Users\ACER\.gradle\caches\modules-2\files-2.1\org.jetbrains.intellij.deps\trove4j\1.0.20181211\216c2e14b070f334479d800987affe4054cd563f\trove4j-1.0.20181211.jar;C:\Users\ACER\.gradle\caches\modules-2\files-2.1\net.java.dev.jna\jna\5.6.0\330f2244e9030119ab3030fc3fededc86713d9cc\jna-5.6.0.jar;C:\Users\ACER\.gradle\caches\modules-2\files-2.1\org.jetbrains\annotations\13.0\919f0dfe192fb4e063e7dacadee7f8bb9a2672a9\annotations-13.0.jar;C:\Users\ACER\.gradle\caches\modules-2\files-2.1\org.jetbrains.kotlin\kotlin-stdlib-common\1.6.10\c118700e3a33c8a0d9adc920e9dec0831171925\kotlin-stdlib-common-1.6.10.jar
Launcher Type: SUN_STANDARD

[Global flags]
     intx CICompilerCount                          = 4                                         {product} {ergonomic}
     uint ConcGCThreads                            = 2                                         {product} {ergonomic}
     uint G1ConcRefinementThreads                  = 8                                         {product} {ergonomic}
   size_t G1HeapRegionSize                         = 1048576                                   {product} {ergonomic}
    uintx GCDrainStackTargetSize                   = 64                                        {product} {ergonomic}
   size_t InitialHeapSize                          = 58720256                                  {product} {ergonomic}
   size_t MarkStackSize                            = 4194304                                   {product} {ergonomic}
   size_t MaxHeapSize                              = 922746880                                 {product} {ergonomic}
   size_t MaxNewSize                               = 553648128                                 {product} {ergonomic}
   size_t MinHeapDeltaBytes                        = 1048576                                   {product} {ergonomic}
    uintx NonNMethodCodeHeapSize                   = 5836300                                {pd product} {ergonomic}
    uintx NonProfiledCodeHeapSize                  = 122910970                              {pd product} {ergonomic}
    uintx ProfiledCodeHeapSize                     = 122910970                              {pd product} {ergonomic}
    uintx ReservedCodeCacheSize                    = 251658240                              {pd product} {ergonomic}
     bool SegmentedCodeCache                       = true                                      {product} {ergonomic}
     bool UseCompressedClassPointers               = true                                 {lp64_product} {ergonomic}
     bool UseCompressedOops                        = true                                 {lp64_product} {ergonomic}
     bool UseG1GC                                  = true                                      {product} {ergonomic}
     bool UseLargePagesIndividualAllocation        = false                                  {pd product} {ergonomic}

Logging:
Log output configuration:
 #0: stdout all=warning uptime,level,tags
 #1: stderr all=off uptime,level,tags

Environment Variables:
PATH=C:\Program Files\Common Files\Oracle\Java\javapath;C:\Program Files (x86)\Common Files\Oracle\Java\javapath;C:\WINDOWS\system32;C:\WINDOWS;C:\WINDOWS\System32\Wbem;C:\WINDOWS\System32\WindowsPowerShell\v1.0\;C:\WINDOWS\System32\OpenSSH\;C:\MinGW\bin;C:\Program Files\Microsoft VS Code\bin;C:\Program Files\nodejs\;C:\Program Files\Java\jdk-18.0.1.1\bin;C:\Program Files\Java\jdk-18.0.1.1\bin;C:\Program Files\Git\cmd;C:\Users\ACER\AppData\Local\Microsoft\WindowsApps;C:\Users\ACER\AppData\Roaming\npm;C:\Users\ACER\AppData\Local\GitHubDesktop\bin;C:\ProgramData\ACER\GitHubDesktop\bin
USERNAME=ACER
OS=Windows_NT
PROCESSOR_IDENTIFIER=AMD64 Family 23 Model 24 Stepping 1, AuthenticAMD



---------------  S Y S T E M  ---------------

OS: Windows 10 , 64 bit Build 22000 (10.0.22000.675)
OS uptime: 0 days 5:54 hours

CPU:total 8 (initial active 8) (8 cores per cpu, 2 threads per core) family 23 model 24 stepping 1 microcode 0x0, cmov, cx8, fxsr, mmx, sse, sse2, sse3, ssse3, sse4.1, sse4.2, popcnt, avx, avx2, aes, clmul, mmxext, 3dnowpref, lzcnt, sse4a, ht, tsc, tscinvbit, tscinv, bmi1, bmi2, adx, sha, fma

Memory: 4k page, system-wide physical 3514M (63M free)
TotalPageFile size 14266M (AvailPageFile size 13M)
current process WorkingSet (physical memory assigned to process): 144M, peak: 187M
current process commit charge ("private bytes"): 264M, peak: 295M

vm_info: OpenJDK 64-Bit Server VM (11.0.12+7-b1504.28-7817840) for windows-amd64 JRE (11.0.12+7-b1504.28-7817840), built on Oct 13 2021 22:12:33 by "builder" with MS VC++ 14.0 (VS2015)

END.
