#
# There is insufficient memory for the Java Runtime Environment to continue.
# Native memory allocation (malloc) failed to allocate 1347056 bytes for Chunk::new
# Possible reasons:
#   The system is out of physical RAM or swap space
#   The process is running with CompressedOops enabled, and the Java Heap may be blocking the growth of the native heap
# Possible solutions:
#   Reduce memory load on the system
#   Increase physical memory or swap space
#   Check if swap backing store is full
#   Decrease Java heap size (-Xmx/-Xms)
#   Decrease number of Java threads
#   Decrease Java thread stack sizes (-Xss)
#   Set larger code cache with -XX:ReservedCodeCacheSize=
#   JVM is running with Unscaled Compressed Oops mode in which the Java heap is
#     placed in the first 4GB address space. The Java Heap base address is the
#     maximum limit for the native heap growth. Please use -XX:HeapBaseMinAddress
#     to set the Java Heap base and to place the Java Heap above 4GB virtual address.
# This output file may be truncated or incomplete.
#
#  Out of Memory Error (./src/hotspot/share/memory/arena.cpp:197), pid=5956, tid=1092
#
# JRE version: OpenJDK Runtime Environment (11.0.12+7) (build 11.0.12+7-b1504.28-7817840)
# Java VM: OpenJDK 64-Bit Server VM (11.0.12+7-b1504.28-7817840, mixed mode, tiered, compressed oops, g1 gc, windows-amd64)
# No core dump will be written. Minidumps are not enabled by default on client versions of Windows
#

---------------  S U M M A R Y ------------

Command Line: --add-opens=java.base/java.util=ALL-UNNAMED --add-opens=java.base/java.lang=ALL-UNNAMED --add-opens=java.base/java.lang.invoke=ALL-UNNAMED --add-opens=java.base/java.util=ALL-UNNAMED --add-opens=java.prefs/java.util.prefs=ALL-UNNAMED --add-opens=java.prefs/java.util.prefs=ALL-UNNAMED --add-opens=java.base/java.nio.charset=ALL-UNNAMED --add-opens=java.base/java.net=ALL-UNNAMED --add-opens=java.base/java.util.concurrent.atomic=ALL-UNNAMED -Xmx2048m -Dfile.encoding=UTF-8 -Duser.country=ID -Duser.language=en -Duser.variant org.gradle.launcher.daemon.bootstrap.GradleDaemon 7.2

Host: AMD Ryzen 5 3500U with Radeon Vega Mobile Gfx  , 8 cores, 3G,  Windows 10 , 64 bit Build 22000 (10.0.22000.675)
Time: Fri May 27 14:23:59 2022 SE Asia Standard Time elapsed time: 6.459994 seconds (0d 0h 0m 6s)

---------------  T H R E A D  ---------------

Current thread (0x00000182604a1000):  JavaThread "C2 CompilerThread0" daemon [_thread_in_native, id=1092, stack(0x0000000c8c100000,0x0000000c8c200000)]


Current CompileTask:
C2:   6460 2013   !   4       java.lang.ClassLoader::loadClass (122 bytes)

Stack: [0x0000000c8c100000,0x0000000c8c200000]
Native frames: (J=compiled Java code, j=interpreted, Vv=VM code, C=native code)
V  [jvm.dll+0x5fbcea]
V  [jvm.dll+0x731905]
V  [jvm.dll+0x732f1d]
V  [jvm.dll+0x7335d3]
V  [jvm.dll+0x247bf8]
V  [jvm.dll+0xc018c]
V  [jvm.dll+0xc06cc]
V  [jvm.dll+0x35b2db]
V  [jvm.dll+0x328803]
V  [jvm.dll+0x327cfa]
V  [jvm.dll+0x200602]
V  [jvm.dll+0x1ff794]
V  [jvm.dll+0x18868c]
V  [jvm.dll+0x20e0d7]
V  [jvm.dll+0x20c901]
V  [jvm.dll+0x6f9b7f]
V  [jvm.dll+0x6f26a5]
V  [jvm.dll+0x5fabf6]
C  [ucrtbase.dll+0x26c0c]
C  [KERNEL32.DLL+0x154e0]
C  [ntdll.dll+0x485b]


---------------  P R O C E S S  ---------------

Threads class SMR info:
_java_thread_list=0x0000018260f5f6d0, length=23, elements={
0x0000018245ff3800, 0x000001826043b000, 0x0000018260449000, 0x000001826049a800,
0x000001826049c000, 0x000001826049d800, 0x00000182604a1000, 0x00000182604a6000,
0x00000182604b2800, 0x0000018260f13800, 0x0000018262508000, 0x0000018262b19800,
0x0000018262dc9800, 0x00000182625be800, 0x0000018262ede000, 0x0000018262f02800,
0x0000018262f05800, 0x0000018262ec3000, 0x0000018262ec4000, 0x0000018262efc000,
0x0000018262efe800, 0x0000018262efc800, 0x0000018262efb000
}

Java Threads: ( => current thread )
  0x0000018245ff3800 JavaThread "main" [_thread_blocked, id=11256, stack(0x0000000c8b500000,0x0000000c8b600000)]
  0x000001826043b000 JavaThread "Reference Handler" daemon [_thread_blocked, id=7796, stack(0x0000000c8bc00000,0x0000000c8bd00000)]
  0x0000018260449000 JavaThread "Finalizer" daemon [_thread_blocked, id=16600, stack(0x0000000c8bd00000,0x0000000c8be00000)]
  0x000001826049a800 JavaThread "Signal Dispatcher" daemon [_thread_blocked, id=18180, stack(0x0000000c8be00000,0x0000000c8bf00000)]
  0x000001826049c000 JavaThread "Attach Listener" daemon [_thread_blocked, id=12944, stack(0x0000000c8bf00000,0x0000000c8c000000)]
  0x000001826049d800 JavaThread "Service Thread" daemon [_thread_blocked, id=7152, stack(0x0000000c8c000000,0x0000000c8c100000)]
=>0x00000182604a1000 JavaThread "C2 CompilerThread0" daemon [_thread_in_native, id=1092, stack(0x0000000c8c100000,0x0000000c8c200000)]
  0x00000182604a6000 JavaThread "C1 CompilerThread0" daemon [_thread_blocked, id=13440, stack(0x0000000c8c200000,0x0000000c8c300000)]
  0x00000182604b2800 JavaThread "Sweeper thread" daemon [_thread_blocked, id=5812, stack(0x0000000c8c300000,0x0000000c8c400000)]
  0x0000018260f13800 JavaThread "Common-Cleaner" daemon [_thread_blocked, id=15348, stack(0x0000000c8c400000,0x0000000c8c500000)]
  0x0000018262508000 JavaThread "Daemon health stats" [_thread_blocked, id=8048, stack(0x0000000c8c700000,0x0000000c8c800000)]
  0x0000018262b19800 JavaThread "Incoming local TCP Connector on port 64726" [_thread_in_native, id=13264, stack(0x0000000c8c800000,0x0000000c8c900000)]
  0x0000018262dc9800 JavaThread "Daemon periodic checks" [_thread_blocked, id=2520, stack(0x0000000c8c900000,0x0000000c8ca00000)]
  0x00000182625be800 JavaThread "Daemon" [_thread_blocked, id=4940, stack(0x0000000c8ca00000,0x0000000c8cb00000)]
  0x0000018262ede000 JavaThread "Handler for socket connection from /127.0.0.1:64726 to /127.0.0.1:64727" [_thread_in_native, id=13376, stack(0x0000000c8cb00000,0x0000000c8cc00000)]
  0x0000018262f02800 JavaThread "Cancel handler" [_thread_blocked, id=12284, stack(0x0000000c8cc00000,0x0000000c8cd00000)]
  0x0000018262f05800 JavaThread "Daemon worker" [_thread_in_native, id=7112, stack(0x0000000c8cd00000,0x0000000c8ce00000)]
  0x0000018262ec3000 JavaThread "Asynchronous log dispatcher for DefaultDaemonConnection: socket connection from /127.0.0.1:64726 to /127.0.0.1:64727" [_thread_blocked, id=7980, stack(0x0000000c8ce00000,0x0000000c8cf00000)]
  0x0000018262ec4000 JavaThread "Stdin handler" [_thread_blocked, id=2816, stack(0x0000000c8cf00000,0x0000000c8d000000)]
  0x0000018262efc000 JavaThread "Daemon client event forwarder" [_thread_blocked, id=5360, stack(0x0000000c8d000000,0x0000000c8d100000)]
  0x0000018262efe800 JavaThread "Cache worker for journal cache (C:\Users\ACER\.gradle\caches\journal-1)" [_thread_blocked, id=11576, stack(0x0000000c8d700000,0x0000000c8d800000)]
  0x0000018262efc800 JavaThread "File lock request listener" [_thread_in_native, id=10640, stack(0x0000000c8d800000,0x0000000c8d900000)]
  0x0000018262efb000 JavaThread "Cache worker for file hash cache (C:\Users\ACER\.gradle\caches\7.2\fileHashes)" [_thread_blocked, id=11944, stack(0x0000000c8d900000,0x0000000c8da00000)]

Other Threads:
  0x0000018260438000 VMThread "VM Thread" [stack: 0x0000000c8bb00000,0x0000000c8bc00000] [id=9140]
  0x0000018260f98800 WatcherThread [stack: 0x0000000c8c500000,0x0000000c8c600000] [id=7548]
  0x0000018246008800 GCTaskThread "GC Thread#0" [stack: 0x0000000c8b600000,0x0000000c8b700000] [id=5800]
  0x0000018261913800 GCTaskThread "GC Thread#1" [stack: 0x0000000c8c600000,0x0000000c8c700000] [id=4632]
  0x000001826333a800 GCTaskThread "GC Thread#2" [stack: 0x0000000c8d100000,0x0000000c8d200000] [id=15108]
  0x0000018262dc8800 GCTaskThread "GC Thread#3" [stack: 0x0000000c8d200000,0x0000000c8d300000] [id=8796]
  0x0000018262dc3800 GCTaskThread "GC Thread#4" [stack: 0x0000000c8d300000,0x0000000c8d400000] [id=4908]
  0x00000182632e2000 GCTaskThread "GC Thread#5" [stack: 0x0000000c8d400000,0x0000000c8d500000] [id=17872]
  0x0000018262eb5800 GCTaskThread "GC Thread#6" [stack: 0x0000000c8d500000,0x0000000c8d600000] [id=12152]
  0x0000018262eb6000 GCTaskThread "GC Thread#7" [stack: 0x0000000c8d600000,0x0000000c8d700000] [id=3232]
  0x000001824603a000 ConcurrentGCThread "G1 Main Marker" [stack: 0x0000000c8b700000,0x0000000c8b800000] [id=10204]
  0x000001824603b000 ConcurrentGCThread "G1 Conc#0" [stack: 0x0000000c8b800000,0x0000000c8b900000] [id=10428]
  0x0000018262eba000 ConcurrentGCThread "G1 Conc#1" [stack: 0x0000000c8da00000,0x0000000c8db00000] [id=12984]
  0x0000018246093800 ConcurrentGCThread "G1 Refine#0" [stack: 0x0000000c8b900000,0x0000000c8ba00000] [id=7520]
  0x0000018246094800 ConcurrentGCThread "G1 Young RemSet Sampling" [stack: 0x0000000c8ba00000,0x0000000c8bb00000] [id=17464]

Threads with active compile tasks:
C2 CompilerThread0   6575 2013   !   4       java.lang.ClassLoader::loadClass (122 bytes)

VM state:not at safepoint (normal execution)

VM Mutex/Monitor currently owned by a thread: None

Heap address: 0x0000000080000000, size: 2048 MB, Compressed Oops mode: 32-bit
Narrow klass base: 0x0000000000000000, Narrow klass shift: 3
Compressed class space size: 1073741824 Address: 0x0000000100000000

Heap:
 garbage-first heap   total 57344K, used 25766K [0x0000000080000000, 0x0000000100000000)
  region size 1024K, 11 young (11264K), 2 survivors (2048K)
 Metaspace       used 23470K, capacity 24063K, committed 24192K, reserved 1071104K
  class space    used 2983K, capacity 3180K, committed 3200K, reserved 1048576K
Heap Regions: E=young(eden), S=young(survivor), O=old, HS=humongous(starts), HC=humongous(continues), CS=collection set, F=free, A=archive, TAMS=top-at-mark-start (previous, next)
|   0|0x0000000080000000, 0x0000000080100000, 0x0000000080100000|100%| O|  |TAMS 0x0000000080100000, 0x0000000080000000| Untracked 
|   1|0x0000000080100000, 0x0000000080200000, 0x0000000080200000|100%| O|  |TAMS 0x0000000080200000, 0x0000000080100000| Untracked 
|   2|0x0000000080200000, 0x0000000080300000, 0x0000000080300000|100%| O|  |TAMS 0x0000000080300000, 0x0000000080200000| Untracked 
|   3|0x0000000080300000, 0x0000000080400000, 0x0000000080400000|100%|HS|  |TAMS 0x0000000080400000, 0x0000000080300000| Complete 
|   4|0x0000000080400000, 0x0000000080500000, 0x0000000080500000|100%|HC|  |TAMS 0x0000000080500000, 0x0000000080400000| Complete 
|   5|0x0000000080500000, 0x0000000080600000, 0x0000000080600000|100%|HC|  |TAMS 0x0000000080600000, 0x0000000080500000| Complete 
|   6|0x0000000080600000, 0x0000000080700000, 0x0000000080700000|100%| O|  |TAMS 0x0000000080700000, 0x0000000080600000| Untracked 
|   7|0x0000000080700000, 0x0000000080800000, 0x0000000080800000|100%| O|  |TAMS 0x0000000080800000, 0x0000000080700000| Untracked 
|   8|0x0000000080800000, 0x0000000080900000, 0x0000000080900000|100%| O|  |TAMS 0x0000000080900000, 0x0000000080800000| Untracked 
|   9|0x0000000080900000, 0x0000000080a00000, 0x0000000080a00000|100%| O|  |TAMS 0x0000000080a00000, 0x0000000080900000| Untracked 
|  10|0x0000000080a00000, 0x0000000080b00000, 0x0000000080b00000|100%| O|  |TAMS 0x0000000080b00000, 0x0000000080a00000| Untracked 
|  11|0x0000000080b00000, 0x0000000080c00000, 0x0000000080c00000|100%| O|  |TAMS 0x0000000080c00000, 0x0000000080b00000| Untracked 
|  12|0x0000000080c00000, 0x0000000080d00000, 0x0000000080d00000|100%| O|  |TAMS 0x0000000080d00000, 0x0000000080c00000| Untracked 
|  13|0x0000000080d00000, 0x0000000080e00000, 0x0000000080e00000|100%| O|  |TAMS 0x0000000080e00000, 0x0000000080d00000| Untracked 
|  14|0x0000000080e00000, 0x0000000080f00000, 0x0000000080f00000|100%| O|  |TAMS 0x0000000080f00000, 0x0000000080e00000| Untracked 
|  15|0x0000000080f00000, 0x0000000080f55400, 0x0000000081000000| 33%| O|  |TAMS 0x0000000080f55400, 0x0000000080f00000| Untracked 
|  16|0x0000000081000000, 0x0000000081000000, 0x0000000081100000|  0%| F|  |TAMS 0x0000000081000000, 0x0000000081000000| Untracked 
|  17|0x0000000081100000, 0x0000000081100000, 0x0000000081200000|  0%| F|  |TAMS 0x0000000081100000, 0x0000000081100000| Untracked 
|  18|0x0000000081200000, 0x0000000081200000, 0x0000000081300000|  0%| F|  |TAMS 0x0000000081200000, 0x0000000081200000| Untracked 
|  19|0x0000000081300000, 0x0000000081300000, 0x0000000081400000|  0%| F|  |TAMS 0x0000000081300000, 0x0000000081300000| Untracked 
|  20|0x0000000081400000, 0x0000000081400000, 0x0000000081500000|  0%| F|  |TAMS 0x0000000081400000, 0x0000000081400000| Untracked 
|  21|0x0000000081500000, 0x0000000081500000, 0x0000000081600000|  0%| F|  |TAMS 0x0000000081500000, 0x0000000081500000| Untracked 
|  22|0x0000000081600000, 0x0000000081600000, 0x0000000081700000|  0%| F|  |TAMS 0x0000000081600000, 0x0000000081600000| Untracked 
|  23|0x0000000081700000, 0x0000000081700000, 0x0000000081800000|  0%| F|  |TAMS 0x0000000081700000, 0x0000000081700000| Untracked 
|  24|0x0000000081800000, 0x0000000081800000, 0x0000000081900000|  0%| F|  |TAMS 0x0000000081800000, 0x0000000081800000| Untracked 
|  25|0x0000000081900000, 0x0000000081900000, 0x0000000081a00000|  0%| F|  |TAMS 0x0000000081900000, 0x0000000081900000| Untracked 
|  26|0x0000000081a00000, 0x0000000081a00000, 0x0000000081b00000|  0%| F|  |TAMS 0x0000000081a00000, 0x0000000081a00000| Untracked 
|  27|0x0000000081b00000, 0x0000000081b00000, 0x0000000081c00000|  0%| F|  |TAMS 0x0000000081b00000, 0x0000000081b00000| Untracked 
|  28|0x0000000081c00000, 0x0000000081c00000, 0x0000000081d00000|  0%| F|  |TAMS 0x0000000081c00000, 0x0000000081c00000| Untracked 
|  29|0x0000000081d00000, 0x0000000081d00000, 0x0000000081e00000|  0%| F|  |TAMS 0x0000000081d00000, 0x0000000081d00000| Untracked 
|  30|0x0000000081e00000, 0x0000000081e00000, 0x0000000081f00000|  0%| F|  |TAMS 0x0000000081e00000, 0x0000000081e00000| Untracked 
|  31|0x0000000081f00000, 0x0000000081f00000, 0x0000000082000000|  0%| F|  |TAMS 0x0000000081f00000, 0x0000000081f00000| Untracked 
|  32|0x0000000082000000, 0x0000000082000000, 0x0000000082100000|  0%| F|  |TAMS 0x0000000082000000, 0x0000000082000000| Untracked 
|  33|0x0000000082100000, 0x0000000082100000, 0x0000000082200000|  0%| F|  |TAMS 0x0000000082100000, 0x0000000082100000| Untracked 
|  34|0x0000000082200000, 0x00000000822d4798, 0x0000000082300000| 82%| S|CS|TAMS 0x0000000082200000, 0x0000000082200000| Complete 
|  35|0x0000000082300000, 0x0000000082400000, 0x0000000082400000|100%| S|CS|TAMS 0x0000000082300000, 0x0000000082300000| Complete 
|  36|0x0000000082400000, 0x0000000082400000, 0x0000000082500000|  0%| F|  |TAMS 0x0000000082400000, 0x0000000082400000| Untracked 
|  37|0x0000000082500000, 0x0000000082500000, 0x0000000082600000|  0%| F|  |TAMS 0x0000000082500000, 0x0000000082500000| Untracked 
|  38|0x0000000082600000, 0x0000000082600000, 0x0000000082700000|  0%| F|  |TAMS 0x0000000082600000, 0x0000000082600000| Untracked 
|  39|0x0000000082700000, 0x0000000082700000, 0x0000000082800000|  0%| F|  |TAMS 0x0000000082700000, 0x0000000082700000| Untracked 
|  40|0x0000000082800000, 0x0000000082800000, 0x0000000082900000|  0%| F|  |TAMS 0x0000000082800000, 0x0000000082800000| Untracked 
|  41|0x0000000082900000, 0x0000000082900000, 0x0000000082a00000|  0%| F|  |TAMS 0x0000000082900000, 0x0000000082900000| Untracked 
|  42|0x0000000082a00000, 0x0000000082a00000, 0x0000000082b00000|  0%| F|  |TAMS 0x0000000082a00000, 0x0000000082a00000| Untracked 
|  43|0x0000000082b00000, 0x0000000082b00000, 0x0000000082c00000|  0%| F|  |TAMS 0x0000000082b00000, 0x0000000082b00000| Untracked 
|  44|0x0000000082c00000, 0x0000000082c00000, 0x0000000082d00000|  0%| F|  |TAMS 0x0000000082c00000, 0x0000000082c00000| Untracked 
|  45|0x0000000082d00000, 0x0000000082d00000, 0x0000000082e00000|  0%| F|  |TAMS 0x0000000082d00000, 0x0000000082d00000| Untracked 
|  46|0x0000000082e00000, 0x0000000082e00000, 0x0000000082f00000|  0%| F|  |TAMS 0x0000000082e00000, 0x0000000082e00000| Untracked 
|  47|0x0000000082f00000, 0x0000000082f47650, 0x0000000083000000| 27%| E|  |TAMS 0x0000000082f00000, 0x0000000082f00000| Complete 
|  48|0x0000000083000000, 0x0000000083100000, 0x0000000083100000|100%| E|CS|TAMS 0x0000000083000000, 0x0000000083000000| Complete 
|  49|0x0000000083100000, 0x0000000083200000, 0x0000000083200000|100%| E|CS|TAMS 0x0000000083100000, 0x0000000083100000| Complete 
|  50|0x0000000083200000, 0x0000000083300000, 0x0000000083300000|100%| E|CS|TAMS 0x0000000083200000, 0x0000000083200000| Complete 
|  51|0x0000000083300000, 0x0000000083400000, 0x0000000083400000|100%| E|CS|TAMS 0x0000000083300000, 0x0000000083300000| Complete 
|  52|0x0000000083400000, 0x0000000083500000, 0x0000000083500000|100%| E|CS|TAMS 0x0000000083400000, 0x0000000083400000| Complete 
|  53|0x0000000083500000, 0x0000000083600000, 0x0000000083600000|100%| E|CS|TAMS 0x0000000083500000, 0x0000000083500000| Complete 
|  54|0x0000000083600000, 0x0000000083700000, 0x0000000083700000|100%| E|CS|TAMS 0x0000000083600000, 0x0000000083600000| Complete 
|  55|0x0000000083700000, 0x0000000083800000, 0x0000000083800000|100%| E|CS|TAMS 0x0000000083700000, 0x0000000083700000| Complete 

Card table byte_map: [0x0000018259230000,0x0000018259630000] _byte_map_base: 0x0000018258e30000

Marking Bits (Prev, Next): (CMBitMap*) 0x00000182460314d0, (CMBitMap*) 0x0000018246031498
 Prev Bits: [0x000001825ba30000, 0x000001825da30000)
 Next Bits: [0x0000018259a30000, 0x000001825ba30000)

Polling page: 0x0000018243f50000

Metaspace:

Usage:
  Non-class:     20.39 MB capacity,    20.02 MB ( 98%) used,   346.31 KB (  2%) free+waste,    41.06 KB ( <1%) overhead. 
      Class:      3.11 MB capacity,     2.91 MB ( 94%) used,   175.90 KB (  6%) free+waste,    20.44 KB ( <1%) overhead. 
       Both:     23.50 MB capacity,    22.93 MB ( 98%) used,   522.21 KB (  2%) free+waste,    61.50 KB ( <1%) overhead. 

Virtual space:
  Non-class space:       22.00 MB reserved,      20.50 MB ( 93%) committed 
      Class space:        1.00 GB reserved,       3.13 MB ( <1%) committed 
             Both:        1.02 GB reserved,      23.63 MB (  2%) committed 

Chunk freelists:
   Non-Class:  45.00 KB
       Class:  20.00 KB
        Both:  65.00 KB

MaxMetaspaceSize: 17179869184.00 GB
CompressedClassSpaceSize: 1.00 GB
Initial GC threshold: 20.80 MB
Current GC threshold: 35.00 MB
CDS: off

CodeHeap 'non-profiled nmethods': size=120000Kb used=861Kb max_used=861Kb free=119138Kb
 bounds [0x00000182515d0000, 0x0000018251840000, 0x0000018258b00000]
CodeHeap 'profiled nmethods': size=120000Kb used=4502Kb max_used=4502Kb free=115497Kb
 bounds [0x000001824a0a0000, 0x000001824a510000, 0x00000182515d0000]
CodeHeap 'non-nmethods': size=5760Kb used=1220Kb max_used=1229Kb free=4539Kb
 bounds [0x0000018249b00000, 0x0000018249d70000, 0x000001824a0a0000]
 total_blobs=2560 nmethods=2071 adapters=401
 compilation: enabled
              stopped_count=0, restarted_count=0
 full_count=0

Compilation events (20 events):
Event: 6.394 Thread 0x00000182604a6000 2036       3       java.lang.System$2::getAnnotationType (5 bytes)
Event: 6.395 Thread 0x00000182604a6000 nmethod 2036 0x000001824a4eb590 code [0x000001824a4eb740, 0x000001824a4eb858]
Event: 6.395 Thread 0x00000182604a6000 2037       1       sun.reflect.annotation.AnnotationType::memberTypes (5 bytes)
Event: 6.395 Thread 0x00000182604a6000 nmethod 2037 0x00000182516a5f10 code [0x00000182516a60c0, 0x00000182516a6178]
Event: 6.395 Thread 0x00000182604a6000 2038       1       sun.reflect.annotation.AnnotationType::memberDefaults (5 bytes)
Event: 6.395 Thread 0x00000182604a6000 nmethod 2038 0x00000182516a6210 code [0x00000182516a63c0, 0x00000182516a6478]
Event: 6.395 Thread 0x00000182604a6000 2039       1       sun.reflect.annotation.AnnotationType::retention (5 bytes)
Event: 6.395 Thread 0x00000182604a6000 nmethod 2039 0x00000182516a6510 code [0x00000182516a66c0, 0x00000182516a6778]
Event: 6.395 Thread 0x00000182604a6000 2040       3       sun.reflect.annotation.AnnotationParser::parseSig (61 bytes)
Event: 6.397 Thread 0x00000182604a6000 nmethod 2040 0x000001824a4eb910 code [0x000001824a4ebc00, 0x000001824a4ecd18]
Event: 6.397 Thread 0x00000182604a6000 2041       3       sun.reflect.generics.parser.SignatureParser::parseTypeSig (10 bytes)
Event: 6.398 Thread 0x00000182604a6000 nmethod 2041 0x000001824a4ed290 code [0x000001824a4ed460, 0x000001824a4ed648]
Event: 6.398 Thread 0x00000182604a6000 2042       3       sun.reflect.annotation.AnnotationParser::parseMemberValue (162 bytes)
Event: 6.400 Thread 0x00000182604a6000 nmethod 2042 0x000001824a4ed710 code [0x000001824a4eda60, 0x000001824a4eecd8]
Event: 6.400 Thread 0x00000182604a6000 2043       3       java.nio.ByteBuffer::limit (6 bytes)
Event: 6.400 Thread 0x00000182604a6000 nmethod 2043 0x000001824a4ef310 code [0x000001824a4ef4c0, 0x000001824a4ef668]
Event: 6.402 Thread 0x00000182604a6000 2044       3       jdk.internal.reflect.ByteVectorImpl::getLength (7 bytes)
Event: 6.402 Thread 0x00000182604a6000 nmethod 2044 0x000001824a4ef710 code [0x000001824a4ef8c0, 0x000001824a4ef9b8]
Event: 6.404 Thread 0x00000182604a6000 2045       3       jdk.internal.reflect.ConstantPool::getIntAt (10 bytes)
Event: 6.404 Thread 0x00000182604a6000 nmethod 2045 0x000001824a4efa90 code [0x000001824a4efc40, 0x000001824a4efd68]

GC Heap History (14 events):
Event: 1.818 GC heap before
{Heap before GC invocations=0 (full 0):
 garbage-first heap   total 57344K, used 29696K [0x0000000080000000, 0x0000000100000000)
  region size 1024K, 24 young (24576K), 0 survivors (0K)
 Metaspace       used 10231K, capacity 10428K, committed 10624K, reserved 1058816K
  class space    used 1070K, capacity 1140K, committed 1152K, reserved 1048576K
}
Event: 1.832 GC heap after
{Heap after GC invocations=1 (full 0):
 garbage-first heap   total 57344K, used 9252K [0x0000000080000000, 0x0000000100000000)
  region size 1024K, 3 young (3072K), 3 survivors (3072K)
 Metaspace       used 10231K, capacity 10428K, committed 10624K, reserved 1058816K
  class space    used 1070K, capacity 1140K, committed 1152K, reserved 1048576K
}
Event: 2.383 GC heap before
{Heap before GC invocations=1 (full 0):
 garbage-first heap   total 57344K, used 30756K [0x0000000080000000, 0x0000000100000000)
  region size 1024K, 24 young (24576K), 3 survivors (3072K)
 Metaspace       used 11177K, capacity 11383K, committed 11520K, reserved 1058816K
  class space    used 1172K, capacity 1245K, committed 1280K, reserved 1048576K
}
Event: 2.388 GC heap after
{Heap after GC invocations=2 (full 0):
 garbage-first heap   total 57344K, used 9800K [0x0000000080000000, 0x0000000100000000)
  region size 1024K, 1 young (1024K), 1 survivors (1024K)
 Metaspace       used 11177K, capacity 11383K, committed 11520K, reserved 1058816K
  class space    used 1172K, capacity 1245K, committed 1280K, reserved 1048576K
}
Event: 2.657 GC heap before
{Heap before GC invocations=2 (full 0):
 garbage-first heap   total 57344K, used 32328K [0x0000000080000000, 0x0000000100000000)
  region size 1024K, 23 young (23552K), 1 survivors (1024K)
 Metaspace       used 11375K, capacity 11695K, committed 11904K, reserved 1060864K
  class space    used 1206K, capacity 1285K, committed 1408K, reserved 1048576K
}
Event: 2.663 GC heap after
{Heap after GC invocations=3 (full 0):
 garbage-first heap   total 57344K, used 14039K [0x0000000080000000, 0x0000000100000000)
  region size 1024K, 3 young (3072K), 3 survivors (3072K)
 Metaspace       used 11375K, capacity 11695K, committed 11904K, reserved 1060864K
  class space    used 1206K, capacity 1285K, committed 1408K, reserved 1048576K
}
Event: 4.385 GC heap before
{Heap before GC invocations=3 (full 0):
 garbage-first heap   total 57344K, used 35543K [0x0000000080000000, 0x0000000100000000)
  region size 1024K, 24 young (24576K), 3 survivors (3072K)
 Metaspace       used 17163K, capacity 17522K, committed 17792K, reserved 1064960K
  class space    used 1995K, capacity 2100K, committed 2176K, reserved 1048576K
}
Event: 4.391 GC heap after
{Heap after GC invocations=4 (full 0):
 garbage-first heap   total 57344K, used 15811K [0x0000000080000000, 0x0000000100000000)
  region size 1024K, 2 young (2048K), 2 survivors (2048K)
 Metaspace       used 17163K, capacity 17522K, committed 17792K, reserved 1064960K
  class space    used 1995K, capacity 2100K, committed 2176K, reserved 1048576K
}
Event: 5.273 GC heap before
{Heap before GC invocations=4 (full 0):
 garbage-first heap   total 57344K, used 38339K [0x0000000080000000, 0x0000000100000000)
  region size 1024K, 24 young (24576K), 2 survivors (2048K)
 Metaspace       used 19439K, capacity 19875K, committed 19968K, reserved 1067008K
  class space    used 2374K, capacity 2547K, committed 2560K, reserved 1048576K
}
Event: 5.277 GC heap after
{Heap after GC invocations=5 (full 0):
 garbage-first heap   total 57344K, used 16685K [0x0000000080000000, 0x0000000100000000)
  region size 1024K, 1 young (1024K), 1 survivors (1024K)
 Metaspace       used 19439K, capacity 19875K, committed 19968K, reserved 1067008K
  class space    used 2374K, capacity 2547K, committed 2560K, reserved 1048576K
}
Event: 5.751 GC heap before
{Heap before GC invocations=5 (full 0):
 garbage-first heap   total 57344K, used 24877K [0x0000000080000000, 0x0000000100000000)
  region size 1024K, 10 young (10240K), 1 survivors (1024K)
 Metaspace       used 20713K, capacity 21082K, committed 21248K, reserved 1067008K
  class space    used 2542K, capacity 2694K, committed 2816K, reserved 1048576K
}
Event: 5.756 GC heap after
{Heap after GC invocations=6 (full 0):
 garbage-first heap   total 57344K, used 17045K [0x0000000080000000, 0x0000000100000000)
  region size 1024K, 2 young (2048K), 2 survivors (2048K)
 Metaspace       used 20713K, capacity 21082K, committed 21248K, reserved 1067008K
  class space    used 2542K, capacity 2694K, committed 2816K, reserved 1048576K
}
Event: 6.317 GC heap before
{Heap before GC invocations=7 (full 0):
 garbage-first heap   total 57344K, used 35477K [0x0000000080000000, 0x0000000100000000)
  region size 1024K, 20 young (20480K), 2 survivors (2048K)
 Metaspace       used 22483K, capacity 22974K, committed 23040K, reserved 1069056K
  class space    used 2857K, capacity 3011K, committed 3072K, reserved 1048576K
}
Event: 6.320 GC heap after
{Heap after GC invocations=8 (full 0):
 garbage-first heap   total 57344K, used 17574K [0x0000000080000000, 0x0000000100000000)
  region size 1024K, 2 young (2048K), 2 survivors (2048K)
 Metaspace       used 22483K, capacity 22974K, committed 23040K, reserved 1069056K
  class space    used 2857K, capacity 3011K, committed 3072K, reserved 1048576K
}

Deoptimization events (20 events):
Event: 5.674 Thread 0x0000018262f05800 Uncommon trap: trap_request=0xffffffc6 fr.pc=0x000001825163c2a4 relative=0x0000000000000084
Event: 5.674 Thread 0x0000018262f05800 Uncommon trap: reason=bimorphic_or_optimized_type_check action=maybe_recompile pc=0x000001825163c2a4 method=java.util.AbstractList$Itr.hasNext()Z @ 8 c2
Event: 5.674 Thread 0x0000018262f05800 DEOPT PACKING pc=0x000001825163c2a4 sp=0x0000000c8cdfa410
Event: 5.674 Thread 0x0000018262f05800 DEOPT UNPACKING pc=0x0000018249b4a1af sp=0x0000000c8cdfa3a8 mode 2
Event: 5.674 Thread 0x0000018262f05800 Uncommon trap: trap_request=0xffffffc6 fr.pc=0x000001825163f654 relative=0x0000000000000114
Event: 5.674 Thread 0x0000018262f05800 Uncommon trap: reason=bimorphic_or_optimized_type_check action=maybe_recompile pc=0x000001825163f654 method=java.util.AbstractList$Itr.next()Ljava/lang/Object; @ 14 c2
Event: 5.674 Thread 0x0000018262f05800 DEOPT PACKING pc=0x000001825163f654 sp=0x0000000c8cdfa400
Event: 5.674 Thread 0x0000018262f05800 DEOPT UNPACKING pc=0x0000018249b4a1af sp=0x0000000c8cdfa398 mode 2
Event: 5.675 Thread 0x0000018262f05800 Uncommon trap: trap_request=0xffffff4d fr.pc=0x0000018251639770 relative=0x0000000000000630
Event: 5.675 Thread 0x0000018262f05800 Uncommon trap: reason=unstable_if action=reinterpret pc=0x0000018251639770 method=java.io.File.getName()Ljava/lang/String; @ 16 c2
Event: 5.675 Thread 0x0000018262f05800 DEOPT PACKING pc=0x0000018251639770 sp=0x0000000c8cdfadd0
Event: 5.675 Thread 0x0000018262f05800 DEOPT UNPACKING pc=0x0000018249b4a1af sp=0x0000000c8cdfada0 mode 2
Event: 5.675 Thread 0x0000018262f05800 Uncommon trap: trap_request=0xffffff4d fr.pc=0x000001825163a188 relative=0x00000000000004c8
Event: 5.675 Thread 0x0000018262f05800 Uncommon trap: reason=unstable_if action=reinterpret pc=0x000001825163a188 method=java.lang.String.substring(I)Ljava/lang/String; @ 34 c2
Event: 5.675 Thread 0x0000018262f05800 DEOPT PACKING pc=0x000001825163a188 sp=0x0000000c8cdfad50
Event: 5.675 Thread 0x0000018262f05800 DEOPT UNPACKING pc=0x0000018249b4a1af sp=0x0000000c8cdfad28 mode 2
Event: 5.977 Thread 0x0000018262f05800 Uncommon trap: trap_request=0xffffff4d fr.pc=0x000001825169f430 relative=0x00000000000003b0
Event: 5.977 Thread 0x0000018262f05800 Uncommon trap: reason=unstable_if action=reinterpret pc=0x000001825169f430 method=jdk.internal.org.objectweb.asm.Type.getArgumentsAndReturnSizes(Ljava/lang/String;)I @ 88 c2
Event: 5.977 Thread 0x0000018262f05800 DEOPT PACKING pc=0x000001825169f430 sp=0x0000000c8cdf9340
Event: 5.977 Thread 0x0000018262f05800 DEOPT UNPACKING pc=0x0000018249b4a1af sp=0x0000000c8cdf92c8 mode 2

Classes redefined (0 events):
No events

Internal exceptions (20 events):
Event: 2.546 Thread 0x0000018245ff3800 Exception <a 'java/security/PrivilegedActionException'{0x0000000082a27148}> (0x0000000082a27148) thrown at [./src/hotspot/share/prims/jvm.cpp, line 1306]
Event: 2.546 Thread 0x0000018245ff3800 Exception <a 'java/security/PrivilegedActionException'{0x0000000082a276c0}> (0x0000000082a276c0) thrown at [./src/hotspot/share/prims/jvm.cpp, line 1306]
Event: 2.969 Thread 0x0000018245ff3800 Exception <a 'java/lang/NoSuchMethodError'{0x0000000082f49ff8}: 'java.lang.Object java.lang.invoke.DirectMethodHandle$Holder.invokeStaticInit(java.lang.Object, java.lang.Object, java.lang.Object)'> (0x0000000082f49ff8) thrown at [./src/hotspot/share/interpreter/linkResolver.cpp, line 773]
Event: 3.282 Thread 0x0000018245ff3800 Exception <a 'java/lang/NoSuchMethodError'{0x0000000082961820}: 'java.lang.Object java.lang.invoke.DirectMethodHandle$Holder.invokeStaticInit(java.lang.Object, int, int, int, int)'> (0x0000000082961820) thrown at [./src/hotspot/share/interpreter/linkResolver.cpp, line 773]
Event: 3.583 Thread 0x0000018245ff3800 Exception <a 'java/lang/NoSuchMethodError'{0x00000000829c0c98}: 'java.lang.Object java.lang.invoke.DirectMethodHandle$Holder.invokeStaticInit(java.lang.Object, java.lang.Object, int, int, int, int)'> (0x00000000829c0c98) thrown at [./src/hotspot/share/interpreter/linkResolver.cpp, line 773]
Event: 4.097 Thread 0x0000018245ff3800 Exception <a 'java/io/IOException'{0x00000000827aa408}> (0x00000000827aa408) thrown at [./src/hotspot/share/prims/jni.cpp, line 615]
Event: 4.392 Thread 0x0000018262f05800 Exception <a 'java/lang/NoSuchMethodError'{0x000000008220e0a0}: 'void java.lang.invoke.DirectMethodHandle$Holder.invokeVirtual(java.lang.Object, java.lang.Object, java.lang.Object, java.lang.Object)'> (0x000000008220e0a0) thrown at [./src/hotspot/share/interpreter/linkResolver.cpp, line 773]
Event: 4.400 Thread 0x0000018262f05800 Exception <a 'java/lang/NoSuchMethodError'{0x000000008372b340}: 'void java.lang.invoke.DelegatingMethodHandle$Holder.reinvoke_L(java.lang.Object, java.lang.Object, java.lang.Object, java.lang.Object)'> (0x000000008372b340) thrown at [./src/hotspot/share/interpreter/linkResolver.cpp, line 773]
Event: 4.409 Thread 0x0000018262f05800 Exception <a 'java/lang/NoSuchMethodError'{0x000000008375c4f8}: 'long java.lang.invoke.DirectMethodHandle$Holder.invokeInterface(java.lang.Object, java.lang.Object)'> (0x000000008375c4f8) thrown at [./src/hotspot/share/interpreter/linkResolver.cpp, line 773]
Event: 4.418 Thread 0x0000018262f05800 Exception <a 'java/lang/NoSuchMethodError'{0x000000008377ff98}: 'void java.lang.invoke.DelegatingMethodHandle$Holder.reinvoke_L(java.lang.Object, java.lang.Object, java.lang.Object, java.lang.Object, java.lang.Object, java.lang.Object, java.lang.Object)'> (0x000000008377ff98) thrown at [./src/hotspot/share/interpreter/linkResolver.cpp, line 773]
Event: 5.425 Thread 0x0000018262f05800 Exception <a 'java/lang/NoSuchMethodError'{0x00000000834280e0}: 'void java.lang.invoke.DirectMethodHandle$Holder.invokeStaticInit(java.lang.Object)'> (0x00000000834280e0) thrown at [./src/hotspot/share/interpreter/linkResolver.cpp, line 773]
Event: 5.567 Thread 0x0000018262f05800 Exception <a 'java/lang/NoSuchMethodError'{0x000000008324dc98}: 'java.lang.Object java.lang.invoke.DirectMethodHandle$Holder.invokeStatic(java.lang.Object, java.lang.Object, java.lang.Object, int)'> (0x000000008324dc98) thrown at [./src/hotspot/share/interpreter/linkResolver.cpp, line 773]
Event: 5.568 Thread 0x0000018262f05800 Exception <a 'java/lang/NoSuchMethodError'{0x0000000083252108}: 'java.lang.Object java.lang.invoke.DirectMethodHandle$Holder.invokeSpecial(java.lang.Object, java.lang.Object, java.lang.Object, java.lang.Object, int)'> (0x0000000083252108) thrown at [./src/hotspot/share/interpreter/linkResolver.cpp, line 773]
Event: 5.568 Thread 0x0000018262f05800 Exception <a 'java/lang/NoSuchMethodError'{0x0000000083256068}: 'java.lang.Object java.lang.invoke.Invokers$Holder.linkToTargetMethod(java.lang.Object, java.lang.Object, int, java.lang.Object)'> (0x0000000083256068) thrown at [./src/hotspot/share/interpreter/linkResolver.cpp, line 773]
Event: 5.811 Thread 0x0000018262f05800 Exception <a 'java/lang/NoSuchMethodError'{0x00000000837ef5f0}: 'int java.lang.invoke.DirectMethodHandle$Holder.invokeSpecialIFC(java.lang.Object, java.lang.Object, java.lang.Object, java.lang.Object)'> (0x00000000837ef5f0) thrown at [./src/hotspot/share/interpreter/linkResolver.cpp, line 773]
Event: 5.815 Thread 0x0000018262f05800 Exception <a 'java/lang/NoSuchMethodError'{0x00000000837fd5a8}: 'java.lang.Object java.lang.invoke.DirectMethodHandle$Holder.invokeInterface(java.lang.Object, java.lang.Object, java.lang.Object)'> (0x00000000837fd5a8) thrown at [./src/hotspot/share/interpreter/linkResolver.cpp, line 773]
Event: 5.816 Thread 0x0000018262f05800 Exception <a 'java/lang/IncompatibleClassChangeError'{0x0000000083600f10}: Found class java.lang.Object, but interface was expected> (0x0000000083600f10) thrown at [./src/hotspot/share/interpreter/linkResolver.cpp, line 839]
Event: 5.905 Thread 0x0000018262f05800 Exception <a 'java/lang/NoSuchMethodError'{0x0000000083409970}: 'void java.lang.invoke.DirectMethodHandle$Holder.invokeStatic(java.lang.Object, java.lang.Object, java.lang.Object, java.lang.Object, java.lang.Object)'> (0x0000000083409970) thrown at [./src/hotspot/share/interpreter/linkResolver.cpp, line 773]
Event: 6.137 Thread 0x0000018262f05800 Exception <a 'java/lang/NoSuchMethodError'{0x0000000082cf74c8}: 'java.lang.Object java.lang.invoke.DirectMethodHandle$Holder.invokeSpecial(java.lang.Object, java.lang.Object, java.lang.Object, java.lang.Object, java.lang.Object, java.lang.Object, java.lang.Object, java.lang.Object, java.lang.Object)'> (0x0000000082cf74c8) thrown at [./src/hotspot/share/interpreter/linkResolver.cpp, line 773]
Event: 6.351 Thread 0x0000018262f05800 Exception <a 'java/lang/NoSuchMethodError'{0x00000000836afa98}: 'java.lang.Object java.lang.invoke.DirectMethodHandle$Holder.invokeVirtual(java.lang.Object, java.lang.Object, java.lang.Object, java.lang.Object)'> (0x00000000836afa98) thrown at [./src/hotspot/share/interpreter/linkResolver.cpp, line 773]

Events (20 events):
Event: 6.445 loading class com/google/common/collect/LinkedHashMultimap$ValueSetLink
Event: 6.445 loading class com/google/common/collect/LinkedHashMultimap$ValueSetLink done
Event: 6.446 loading class org/gradle/internal/instantiation/generator/AbstractClassGenerator$DisabledAnnotationValidator
Event: 6.446 loading class org/gradle/internal/instantiation/generator/AbstractClassGenerator$DisabledAnnotationValidator done
Event: 6.447 loading class org/gradle/internal/instantiation/generator/AbstractClassGenerator$ClassValidator
Event: 6.447 loading class org/gradle/internal/instantiation/generator/AbstractClassGenerator$ClassValidator done
Event: 6.448 loading class org/gradle/internal/instantiation/generator/AbstractClassGenerator$InjectionAnnotationValidator
Event: 6.448 loading class org/gradle/internal/instantiation/generator/AbstractClassGenerator$InjectionAnnotationValidator done
Event: 6.449 loading class org/gradle/internal/instantiation/generator/AsmBackedClassGenerator$ClassInspectionVisitorImpl
Event: 6.449 loading class org/gradle/internal/instantiation/generator/AsmBackedClassGenerator$ClassInspectionVisitorImpl done
Event: 6.451 loading class org/gradle/internal/instantiation/generator/AbstractClassGenerator$ClassGenerationVisitor
Event: 6.451 loading class org/gradle/internal/instantiation/generator/AbstractClassGenerator$ClassGenerationVisitor done
Event: 6.452 loading class org/gradle/internal/reflect/ClassInspector
Event: 6.452 loading class org/gradle/internal/reflect/ClassInspector done
Event: 6.453 loading class org/gradle/internal/reflect/ClassDetails
Event: 6.453 loading class org/gradle/internal/reflect/ClassDetails done
Event: 6.454 loading class org/gradle/internal/reflect/MutableClassDetails
Event: 6.454 loading class org/gradle/internal/reflect/MutableClassDetails done
Event: 6.455 loading class org/gradle/internal/reflect/NoSuchPropertyException
Event: 6.455 loading class org/gradle/internal/reflect/NoSuchPropertyException done


Dynamic libraries:
0x00007ff7124e0000 - 0x00007ff7124ea000 	C:\Program Files\Android\Android Studio\jre\bin\java.exe
0x00007ffff3700000 - 0x00007ffff3909000 	C:\WINDOWS\SYSTEM32\ntdll.dll
0x00007ffff28f0000 - 0x00007ffff29ad000 	C:\WINDOWS\System32\KERNEL32.DLL
0x00007ffff0bf0000 - 0x00007ffff0f69000 	C:\WINDOWS\System32\KERNELBASE.dll
0x00007ffff1410000 - 0x00007ffff1521000 	C:\WINDOWS\System32\ucrtbase.dll
0x00007fffd9560000 - 0x00007fffd9577000 	C:\Program Files\Android\Android Studio\jre\bin\VCRUNTIME140.dll
0x00007fffd9540000 - 0x00007fffd9559000 	C:\Program Files\Android\Android Studio\jre\bin\jli.dll
0x00007ffff2350000 - 0x00007ffff24fc000 	C:\WINDOWS\System32\USER32.dll
0x00007ffff13e0000 - 0x00007ffff1406000 	C:\WINDOWS\System32\win32u.dll
0x00007fffde4e0000 - 0x00007fffde785000 	C:\WINDOWS\WinSxS\amd64_microsoft.windows.common-controls_6595b64144ccf1df_6.0.22000.120_none_9d947278b86cc467\COMCTL32.dll
0x00007ffff2700000 - 0x00007ffff2729000 	C:\WINDOWS\System32\GDI32.dll
0x00007ffff10d0000 - 0x00007ffff11e2000 	C:\WINDOWS\System32\gdi32full.dll
0x00007ffff0f70000 - 0x00007ffff100d000 	C:\WINDOWS\System32\msvcp_win.dll
0x00007ffff1b20000 - 0x00007ffff1bc3000 	C:\WINDOWS\System32\msvcrt.dll
0x00007ffff3560000 - 0x00007ffff3591000 	C:\WINDOWS\System32\IMM32.DLL
0x00007fffc6fc0000 - 0x00007fffc705d000 	C:\Program Files\Android\Android Studio\jre\bin\msvcp140.dll
0x00007fff7a580000 - 0x00007fff7b065000 	C:\Program Files\Android\Android Studio\jre\bin\server\jvm.dll
0x00007ffff16c0000 - 0x00007ffff176e000 	C:\WINDOWS\System32\ADVAPI32.dll
0x00007ffff1820000 - 0x00007ffff18be000 	C:\WINDOWS\System32\sechost.dll
0x00007ffff35a0000 - 0x00007ffff36c0000 	C:\WINDOWS\System32\RPCRT4.dll
0x00007ffff1b10000 - 0x00007ffff1b18000 	C:\WINDOWS\System32\PSAPI.DLL
0x00007fffeb650000 - 0x00007fffeb683000 	C:\WINDOWS\SYSTEM32\WINMM.dll
0x00007fffe8aa0000 - 0x00007fffe8aaa000 	C:\WINDOWS\SYSTEM32\VERSION.dll
0x00007fffe32b0000 - 0x00007fffe32b9000 	C:\WINDOWS\SYSTEM32\WSOCK32.dll
0x00007ffff1940000 - 0x00007ffff19af000 	C:\WINDOWS\System32\ws2_32.DLL
0x00007fffefcf0000 - 0x00007fffefd08000 	C:\WINDOWS\SYSTEM32\kernel.appcore.dll
0x00007fffeac20000 - 0x00007fffeac31000 	C:\Program Files\Android\Android Studio\jre\bin\verify.dll
0x00007fffe3470000 - 0x00007fffe3691000 	C:\WINDOWS\SYSTEM32\DBGHELP.DLL
0x00007fffe2d10000 - 0x00007fffe2d41000 	C:\WINDOWS\SYSTEM32\dbgcore.DLL
0x00007ffff11f0000 - 0x00007ffff126f000 	C:\WINDOWS\System32\bcryptPrimitives.dll
0x00007fffeabf0000 - 0x00007fffeac19000 	C:\Program Files\Android\Android Studio\jre\bin\java.dll
0x00007fffeabe0000 - 0x00007fffeabeb000 	C:\Program Files\Android\Android Studio\jre\bin\jimage.dll
0x00007fffbb240000 - 0x00007fffbb258000 	C:\Program Files\Android\Android Studio\jre\bin\zip.dll
0x00007ffff2a10000 - 0x00007ffff31bf000 	C:\WINDOWS\System32\SHELL32.dll
0x00007fffeed60000 - 0x00007fffef5c8000 	C:\WINDOWS\SYSTEM32\windows.storage.dll
0x00007ffff31e0000 - 0x00007ffff3558000 	C:\WINDOWS\System32\combase.dll
0x00007fffeebf0000 - 0x00007fffeed56000 	C:\WINDOWS\SYSTEM32\wintypes.dll
0x00007ffff1bd0000 - 0x00007ffff1cba000 	C:\WINDOWS\System32\SHCORE.dll
0x00007ffff26a0000 - 0x00007ffff26fd000 	C:\WINDOWS\System32\shlwapi.dll
0x00007ffff0b20000 - 0x00007ffff0b41000 	C:\WINDOWS\SYSTEM32\profapi.dll
0x00007fffba690000 - 0x00007fffba6aa000 	C:\Program Files\Android\Android Studio\jre\bin\net.dll
0x00007fffe9500000 - 0x00007fffe960c000 	C:\WINDOWS\SYSTEM32\WINHTTP.dll
0x00007ffff0120000 - 0x00007ffff0187000 	C:\WINDOWS\system32\mswsock.dll
0x00007fffb87e0000 - 0x00007fffb87f4000 	C:\Program Files\Android\Android Studio\jre\bin\nio.dll
0x00007fffdd180000 - 0x00007fffdd1a7000 	C:\Users\ACER\.gradle\native\e1d6ef7f7dcc3fd88c89a11ec53ec762bb8ba0a96d01ffa2cd45eb1d1d8dd5c5\windows-amd64\native-platform.dll
0x00007fffc6360000 - 0x00007fffc64a4000 	C:\Users\ACER\.gradle\native\5664cfc778a61ccfe75a443a1ab52a65af34e5dc3c78e0209fed803814484fcb\windows-amd64\native-platform-file-events.dll
0x00007fffe2dc0000 - 0x00007fffe2dca000 	C:\Program Files\Android\Android Studio\jre\bin\management.dll
0x00007fffd9fb0000 - 0x00007fffd9fbd000 	C:\Program Files\Android\Android Studio\jre\bin\management_ext.dll
0x00007ffff0360000 - 0x00007ffff0378000 	C:\WINDOWS\SYSTEM32\CRYPTSP.dll
0x00007fffefc50000 - 0x00007fffefc85000 	C:\WINDOWS\system32\rsaenh.dll
0x00007ffff0210000 - 0x00007ffff0239000 	C:\WINDOWS\SYSTEM32\USERENV.dll
0x00007ffff04e0000 - 0x00007ffff0507000 	C:\WINDOWS\SYSTEM32\bcrypt.dll
0x00007ffff0380000 - 0x00007ffff038c000 	C:\WINDOWS\SYSTEM32\CRYPTBASE.dll
0x00007fffef820000 - 0x00007fffef84d000 	C:\WINDOWS\SYSTEM32\IPHLPAPI.DLL
0x00007ffff2590000 - 0x00007ffff2599000 	C:\WINDOWS\System32\NSI.dll
0x00007fffe9420000 - 0x00007fffe9439000 	C:\WINDOWS\SYSTEM32\dhcpcsvc6.DLL
0x00007fffe9ad0000 - 0x00007fffe9aee000 	C:\WINDOWS\SYSTEM32\dhcpcsvc.DLL
0x00007fffef850000 - 0x00007fffef938000 	C:\WINDOWS\SYSTEM32\DNSAPI.dll

dbghelp: loaded successfully - version: 4.0.5 - missing functions: none
symbol engine: initialized successfully - sym options: 0x614 - pdb path: .;C:\Program Files\Android\Android Studio\jre\bin;C:\WINDOWS\SYSTEM32;C:\WINDOWS\WinSxS\amd64_microsoft.windows.common-controls_6595b64144ccf1df_6.0.22000.120_none_9d947278b86cc467;C:\Program Files\Android\Android Studio\jre\bin\server;C:\Users\ACER\.gradle\native\e1d6ef7f7dcc3fd88c89a11ec53ec762bb8ba0a96d01ffa2cd45eb1d1d8dd5c5\windows-amd64;C:\Users\ACER\.gradle\native\5664cfc778a61ccfe75a443a1ab52a65af34e5dc3c78e0209fed803814484fcb\windows-amd64

VM Arguments:
jvm_args: --add-opens=java.base/java.util=ALL-UNNAMED --add-opens=java.base/java.lang=ALL-UNNAMED --add-opens=java.base/java.lang.invoke=ALL-UNNAMED --add-opens=java.base/java.util=ALL-UNNAMED --add-opens=java.prefs/java.util.prefs=ALL-UNNAMED --add-opens=java.prefs/java.util.prefs=ALL-UNNAMED --add-opens=java.base/java.nio.charset=ALL-UNNAMED --add-opens=java.base/java.net=ALL-UNNAMED --add-opens=java.base/java.util.concurrent.atomic=ALL-UNNAMED -Xmx2048m -Dfile.encoding=UTF-8 -Duser.country=ID -Duser.language=en -Duser.variant 
java_command: org.gradle.launcher.daemon.bootstrap.GradleDaemon 7.2
java_class_path (initial): C:\Users\ACER\.gradle\wrapper\dists\gradle-7.2-bin\2dnblmf4td7x66yl1d74lt32g\gradle-7.2\lib\gradle-launcher-7.2.jar
Launcher Type: SUN_STANDARD

[Global flags]
     intx CICompilerCount                          = 4                                         {product} {ergonomic}
     uint ConcGCThreads                            = 2                                         {product} {ergonomic}
     uint G1ConcRefinementThreads                  = 8                                         {product} {ergonomic}
   size_t G1HeapRegionSize                         = 1048576                                   {product} {ergonomic}
    uintx GCDrainStackTargetSize                   = 64                                        {product} {ergonomic}
   size_t InitialHeapSize                          = 58720256                                  {product} {ergonomic}
   size_t MarkStackSize                            = 4194304                                   {product} {ergonomic}
   size_t MaxHeapSize                              = 2147483648                                {product} {command line}
   size_t MaxNewSize                               = 1287651328                                {product} {ergonomic}
   size_t MinHeapDeltaBytes                        = 1048576                                   {product} {ergonomic}
    uintx NonNMethodCodeHeapSize                   = 5836300                                {pd product} {ergonomic}
    uintx NonProfiledCodeHeapSize                  = 122910970                              {pd product} {ergonomic}
    uintx ProfiledCodeHeapSize                     = 122910970                              {pd product} {ergonomic}
    uintx ReservedCodeCacheSize                    = 251658240                              {pd product} {ergonomic}
     bool SegmentedCodeCache                       = true                                      {product} {ergonomic}
     bool UseCompressedClassPointers               = true                                 {lp64_product} {ergonomic}
     bool UseCompressedOops                        = true                                 {lp64_product} {ergonomic}
     bool UseG1GC                                  = true                                      {product} {ergonomic}
     bool UseLargePagesIndividualAllocation        = false                                  {pd product} {ergonomic}

Logging:
Log output configuration:
 #0: stdout all=warning uptime,level,tags
 #1: stderr all=off uptime,level,tags

Environment Variables:
PATH=C:\Program Files\Common Files\Oracle\Java\javapath;C:\Program Files (x86)\Common Files\Oracle\Java\javapath;C:\WINDOWS\system32;C:\WINDOWS;C:\WINDOWS\System32\Wbem;C:\WINDOWS\System32\WindowsPowerShell\v1.0\;C:\WINDOWS\System32\OpenSSH\;C:\MinGW\bin;C:\Program Files\Microsoft VS Code\bin;C:\Program Files\nodejs\;C:\Program Files\Java\jdk-18.0.1.1\bin;C:\Program Files\Java\jdk-18.0.1.1\bin;C:\Program Files\Git\cmd;C:\Users\ACER\AppData\Local\Microsoft\WindowsApps;C:\Users\ACER\AppData\Roaming\npm;C:\Users\ACER\AppData\Local\GitHubDesktop\bin;C:\ProgramData\ACER\GitHubDesktop\bin
USERNAME=ACER
OS=Windows_NT
PROCESSOR_IDENTIFIER=AMD64 Family 23 Model 24 Stepping 1, AuthenticAMD



---------------  S Y S T E M  ---------------

OS: Windows 10 , 64 bit Build 22000 (10.0.22000.675)
OS uptime: 1 days 5:03 hours

CPU:total 8 (initial active 8) (8 cores per cpu, 2 threads per core) family 23 model 24 stepping 1 microcode 0x0, cmov, cx8, fxsr, mmx, sse, sse2, sse3, ssse3, sse4.1, sse4.2, popcnt, avx, avx2, aes, clmul, mmxext, 3dnowpref, lzcnt, sse4a, ht, tsc, tscinvbit, tscinv, bmi1, bmi2, adx, sha, fma

Memory: 4k page, system-wide physical 3514M (137M free)
TotalPageFile size 14266M (AvailPageFile size 0M)
current process WorkingSet (physical memory assigned to process): 134M, peak: 134M
current process commit charge ("private bytes"): 185M, peak: 186M

vm_info: OpenJDK 64-Bit Server VM (11.0.12+7-b1504.28-7817840) for windows-amd64 JRE (11.0.12+7-b1504.28-7817840), built on Oct 13 2021 22:12:33 by "builder" with MS VC++ 14.0 (VS2015)

END.
