#
# There is insufficient memory for the Java Runtime Environment to continue.
# Native memory allocation (mmap) failed to map 145752064 bytes for Failed to commit area from 0x0000000090900000 to 0x0000000099400000 of length 145752064.
# Possible reasons:
#   The system is out of physical RAM or swap space
#   The process is running with CompressedOops enabled, and the Java Heap may be blocking the growth of the native heap
# Possible solutions:
#   Reduce memory load on the system
#   Increase physical memory or swap space
#   Check if swap backing store is full
#   Decrease Java heap size (-Xmx/-Xms)
#   Decrease number of Java threads
#   Decrease Java thread stack sizes (-Xss)
#   Set larger code cache with -XX:ReservedCodeCacheSize=
#   JVM is running with Unscaled Compressed Oops mode in which the Java heap is
#     placed in the first 4GB address space. The Java Heap base address is the
#     maximum limit for the native heap growth. Please use -XX:HeapBaseMinAddress
#     to set the Java Heap base and to place the Java Heap above 4GB virtual address.
# This output file may be truncated or incomplete.
#
#  Out of Memory Error (./src/hotspot/os/windows/os_windows.cpp:3521), pid=5980, tid=2544
#
# JRE version: OpenJDK Runtime Environment (11.0.12+7) (build 11.0.12+7-b1504.28-7817840)
# Java VM: OpenJDK 64-Bit Server VM (11.0.12+7-b1504.28-7817840, mixed mode, tiered, compressed oops, g1 gc, windows-amd64)
# No core dump will be written. Minidumps are not enabled by default on client versions of Windows
#

---------------  S U M M A R Y ------------

Command Line: --add-opens=java.base/java.util=ALL-UNNAMED --add-opens=java.base/java.lang=ALL-UNNAMED --add-opens=java.base/java.lang.invoke=ALL-UNNAMED --add-opens=java.base/java.util=ALL-UNNAMED --add-opens=java.prefs/java.util.prefs=ALL-UNNAMED --add-opens=java.prefs/java.util.prefs=ALL-UNNAMED --add-opens=java.base/java.nio.charset=ALL-UNNAMED --add-opens=java.base/java.net=ALL-UNNAMED --add-opens=java.base/java.util.concurrent.atomic=ALL-UNNAMED -Xmx2048m -Dfile.encoding=UTF-8 -Duser.country=ID -Duser.language=en -Duser.variant org.gradle.launcher.daemon.bootstrap.GradleDaemon 7.2

Host: AMD Ryzen 5 3500U with Radeon Vega Mobile Gfx  , 8 cores, 3G,  Windows 10 , 64 bit Build 22000 (10.0.22000.675)
Time: Tue May 24 22:22:11 2022 SE Asia Standard Time elapsed time: 79.209880 seconds (0d 0h 1m 19s)

---------------  T H R E A D  ---------------

Current thread (0x00000163154a7000):  VMThread "VM Thread" [stack: 0x00000002bc200000,0x00000002bc300000] [id=2544]

Stack: [0x00000002bc200000,0x00000002bc300000]
[error occurred during error reporting (printing stack bounds), id 0xc0000005, EXCEPTION_ACCESS_VIOLATION (0xc0000005) at pc=0x000001630000112d]

Native frames: (J=compiled Java code, j=interpreted, Vv=VM code, C=native code)
V  [jvm.dll+0x5fbcea]
V  [jvm.dll+0x731905]
V  [jvm.dll+0x732f1d]
V  [jvm.dll+0x733535]
V  [jvm.dll+0x7334eb]
V  [jvm.dll+0x5fb080]
V  [jvm.dll+0x5fb818]
C  [ntdll.dll+0xa8e4f]
C  [ntdll.dll+0x35e9a]
C  [ntdll.dll+0xa7e5e]
C  0x000001630000112d

VM_Operation (0x00000002bd4f9c50): G1CollectForAllocation, mode: safepoint, requested by thread 0x0000016318028000


---------------  P R O C E S S  ---------------

Threads class SMR info:
_java_thread_list=0x0000016316cbccc0, length=123, elements={
0x000001637af9d800, 0x00000163154a9800, 0x00000163154b7000, 0x000001631550b800,
0x000001631550d000, 0x0000016315519800, 0x000001631551b800, 0x000001631551e800,
0x0000016315522000, 0x0000016315f93000, 0x0000016316a98000, 0x0000016317782800,
0x0000016317c1e800, 0x0000016317875800, 0x0000016317d2a800, 0x0000016317ff7800,
0x0000016318028000, 0x000001631802c000, 0x0000016317d7c000, 0x0000016317d7b800,
0x0000016317d7d000, 0x0000016317d7e000, 0x0000016317d79000, 0x0000016317d78000,
0x0000016317d7e800, 0x0000016317d79800, 0x0000016317d7a800, 0x0000016318075800,
0x0000016318074800, 0x0000016318072000, 0x0000016318078800, 0x0000016318077000,
0x0000016318076000, 0x0000016318078000, 0x0000016318073000, 0x0000016318079800,
0x0000016318073800, 0x000001631807c000, 0x0000016318081000, 0x000001631807f000,
0x000001631807c800, 0x000001631807b000, 0x000001631807e800, 0x0000016318080000,
0x0000016319ff7000, 0x0000016319ffa000, 0x0000016319ffb000, 0x0000016319ffb800,
0x0000016319ff6000, 0x0000016319ffd800, 0x0000016319ffc800, 0x0000016319ff7800,
0x0000016319ff9000, 0x0000016319ffe000, 0x0000016319ff8800, 0x000001631a002000,
0x000001631a004800, 0x000001631a004000, 0x000001631a000000, 0x0000016319fff000,
0x000001631a000800, 0x000001631a001800, 0x000001631a003000, 0x0000016315f29800,
0x0000016315f29000, 0x0000016315f2b800, 0x0000016315f2c000, 0x0000016315f26800,
0x0000016315f2a800, 0x0000016315f2d000, 0x0000016315f27800, 0x0000016315f28000,
0x0000016315f31000, 0x0000016315f32800, 0x0000016315f33800, 0x0000016315f32000,
0x0000016315f2e000, 0x0000016315f2e800, 0x0000016315f34800, 0x0000016315f35000,
0x0000016315f2f800, 0x0000016315f30800, 0x0000016318a3b000, 0x0000016318a3c000,
0x0000016318a38000, 0x0000016318a38800, 0x0000016318a37000, 0x0000016318a39800,
0x0000016318a3d000, 0x0000016318a3f800, 0x0000016318a3d800, 0x0000016318a3e800,
0x0000016318a40000, 0x0000016318a3a800, 0x0000016318a46000, 0x0000016318a41000,
0x0000016318a45000, 0x0000016318a41800, 0x0000016318a44000, 0x0000016318a42800,
0x0000016318a43800, 0x000001631a625800, 0x000001631a625000, 0x000001631a626800,
0x000001631a628000, 0x000001631a627800, 0x000001631a622800, 0x000001631a623000,
0x000001631a629000, 0x000001631a62a000, 0x000001631a624000, 0x000001631a62a800,
0x000001631a62d000, 0x000001631a62e000, 0x000001631a630800, 0x000001631a62e800,
0x000001631a62f800, 0x000001631a631000, 0x000001631a62b800, 0x000001631a62c000,
0x000001631c71b800, 0x000001631c71a000, 0x000001631c726000
}

Java Threads: ( => current thread )
  0x000001637af9d800 JavaThread "main" [_thread_blocked, id=5604, stack(0x00000002bbc00000,0x00000002bbd00000)]
  0x00000163154a9800 JavaThread "Reference Handler" daemon [_thread_blocked, id=728, stack(0x00000002bc300000,0x00000002bc400000)]
  0x00000163154b7000 JavaThread "Finalizer" daemon [_thread_blocked, id=13016, stack(0x00000002bc400000,0x00000002bc500000)]
  0x000001631550b800 JavaThread "Signal Dispatcher" daemon [_thread_blocked, id=12444, stack(0x00000002bc500000,0x00000002bc600000)]
  0x000001631550d000 JavaThread "Attach Listener" daemon [_thread_blocked, id=10712, stack(0x00000002bc600000,0x00000002bc700000)]
  0x0000016315519800 JavaThread "Service Thread" daemon [_thread_blocked, id=12020, stack(0x00000002bc700000,0x00000002bc800000)]
  0x000001631551b800 JavaThread "C2 CompilerThread0" daemon [_thread_blocked, id=12600, stack(0x00000002bc800000,0x00000002bc900000)]
  0x000001631551e800 JavaThread "C1 CompilerThread0" daemon [_thread_blocked, id=5328, stack(0x00000002bc900000,0x00000002bca00000)]
  0x0000016315522000 JavaThread "Sweeper thread" daemon [_thread_blocked, id=11196, stack(0x00000002bca00000,0x00000002bcb00000)]
  0x0000016315f93000 JavaThread "Common-Cleaner" daemon [_thread_blocked, id=4916, stack(0x00000002bcb00000,0x00000002bcc00000)]
  0x0000016316a98000 JavaThread "Daemon health stats" [_thread_blocked, id=11568, stack(0x00000002bce00000,0x00000002bcf00000)]
  0x0000016317782800 JavaThread "Incoming local TCP Connector on port 55496" [_thread_in_native, id=12668, stack(0x00000002bcf00000,0x00000002bd000000)]
  0x0000016317c1e800 JavaThread "Daemon periodic checks" [_thread_blocked, id=9044, stack(0x00000002bd000000,0x00000002bd100000)]
  0x0000016317875800 JavaThread "Daemon" [_thread_blocked, id=12312, stack(0x00000002bd100000,0x00000002bd200000)]
  0x0000016317d2a800 JavaThread "Handler for socket connection from /127.0.0.1:55496 to /127.0.0.1:55497" [_thread_in_native, id=6956, stack(0x00000002bd200000,0x00000002bd300000)]
  0x0000016317ff7800 JavaThread "Cancel handler" [_thread_blocked, id=2260, stack(0x00000002bd300000,0x00000002bd400000)]
  0x0000016318028000 JavaThread "Daemon worker" [_thread_blocked, id=10972, stack(0x00000002bd400000,0x00000002bd500000)]
  0x000001631802c000 JavaThread "Asynchronous log dispatcher for DefaultDaemonConnection: socket connection from /127.0.0.1:55496 to /127.0.0.1:55497" [_thread_blocked, id=10728, stack(0x00000002bd500000,0x00000002bd600000)]
  0x0000016317d7c000 JavaThread "Daemon client event forwarder" [_thread_blocked, id=1820, stack(0x00000002bd700000,0x00000002bd800000)]
  0x0000016317d7b800 JavaThread "Cache worker for journal cache (C:\Users\ACER\.gradle\caches\journal-1)" [_thread_blocked, id=812, stack(0x00000002bde00000,0x00000002bdf00000)]
  0x0000016317d7d000 JavaThread "File lock request listener" [_thread_in_native, id=13664, stack(0x00000002bdf00000,0x00000002be000000)]
  0x0000016317d7e000 JavaThread "Cache worker for file hash cache (C:\Users\ACER\.gradle\caches\7.2\fileHashes)" [_thread_blocked, id=1032, stack(0x00000002be100000,0x00000002be200000)]
  0x0000016317d79000 JavaThread "Cache worker for file hash cache (C:\Users\ACER\Documents\GitHub\Dramkos\.gradle\7.2\fileHashes)" [_thread_blocked, id=7856, stack(0x00000002be200000,0x00000002be300000)]
  0x0000016317d78000 JavaThread "File watcher server" daemon [_thread_in_native, id=1840, stack(0x00000002be300000,0x00000002be400000)]
  0x0000016317d7e800 JavaThread "File watcher consumer" daemon [_thread_blocked, id=4560, stack(0x00000002be400000,0x00000002be500000)]
  0x0000016317d79800 JavaThread "jar transforms" [_thread_blocked, id=2392, stack(0x00000002be500000,0x00000002be600000)]
  0x0000016317d7a800 JavaThread "jar transforms Thread 2" [_thread_blocked, id=14180, stack(0x00000002be600000,0x00000002be700000)]
  0x0000016318075800 JavaThread "jar transforms Thread 3" [_thread_blocked, id=11556, stack(0x00000002be700000,0x00000002be800000)]
  0x0000016318074800 JavaThread "jar transforms Thread 4" [_thread_blocked, id=4556, stack(0x00000002be800000,0x00000002be900000)]
  0x0000016318072000 JavaThread "jar transforms Thread 5" [_thread_blocked, id=6396, stack(0x00000002be900000,0x00000002bea00000)]
  0x0000016318078800 JavaThread "jar transforms Thread 6" [_thread_blocked, id=8744, stack(0x00000002bea00000,0x00000002beb00000)]
  0x0000016318077000 JavaThread "jar transforms Thread 7" [_thread_blocked, id=10692, stack(0x00000002beb00000,0x00000002bec00000)]
  0x0000016318076000 JavaThread "jar transforms Thread 8" [_thread_blocked, id=5648, stack(0x00000002bec00000,0x00000002bed00000)]
  0x0000016318078000 JavaThread "Cache worker for checksums cache (C:\Users\ACER\Documents\GitHub\Dramkos\.gradle\checksums)" [_thread_blocked, id=10464, stack(0x00000002bed00000,0x00000002bee00000)]
  0x0000016318073000 JavaThread "Cache worker for cache directory md-supplier (C:\Users\ACER\.gradle\caches\7.2\md-supplier)" [_thread_blocked, id=5776, stack(0x00000002bee00000,0x00000002bef00000)]
  0x0000016318079800 JavaThread "Cache worker for cache directory md-rule (C:\Users\ACER\.gradle\caches\7.2\md-rule)" [_thread_blocked, id=7792, stack(0x00000002bef00000,0x00000002bf000000)]
  0x0000016318073800 JavaThread "Cache worker for execution history cache (C:\Users\ACER\.gradle\caches\7.2\executionHistory)" [_thread_blocked, id=1784, stack(0x00000002bf000000,0x00000002bf100000)]
  0x000001631807c000 JavaThread "Cache worker for file content cache (C:\Users\ACER\.gradle\caches\7.2\fileContent)" [_thread_blocked, id=2152, stack(0x00000002bf100000,0x00000002bf200000)]
  0x0000016318081000 JavaThread "Cache worker for dependencies-accessors (C:\Users\ACER\Documents\GitHub\Dramkos\.gradle\7.2\dependencies-accessors)" [_thread_blocked, id=744, stack(0x00000002bf300000,0x00000002bf400000)]
  0x000001631807f000 JavaThread "Cache worker for Build Output Cleanup Cache (C:\Users\ACER\Documents\GitHub\Dramkos\.gradle\buildOutputCleanup)" [_thread_blocked, id=8484, stack(0x00000002bf500000,0x00000002bf600000)]
  0x000001631807c800 JavaThread "Unconstrained build operations" [_thread_blocked, id=13408, stack(0x00000002bf600000,0x00000002bf700000)]
  0x000001631807b000 JavaThread "Unconstrained build operations Thread 2" [_thread_blocked, id=13672, stack(0x00000002bf700000,0x00000002bf800000)]
  0x000001631807e800 JavaThread "Unconstrained build operations Thread 3" [_thread_blocked, id=3540, stack(0x00000002bf800000,0x00000002bf900000)]
  0x0000016318080000 JavaThread "Unconstrained build operations Thread 4" [_thread_blocked, id=2668, stack(0x00000002bf900000,0x00000002bfa00000)]
  0x0000016319ff7000 JavaThread "Unconstrained build operations Thread 5" [_thread_blocked, id=12476, stack(0x00000002bfa00000,0x00000002bfb00000)]
  0x0000016319ffa000 JavaThread "Unconstrained build operations Thread 6" [_thread_blocked, id=13756, stack(0x00000002bfb00000,0x00000002bfc00000)]
  0x0000016319ffb000 JavaThread "Unconstrained build operations Thread 7" [_thread_blocked, id=14172, stack(0x00000002bfc00000,0x00000002bfd00000)]
  0x0000016319ffb800 JavaThread "Unconstrained build operations Thread 8" [_thread_blocked, id=13708, stack(0x00000002bfd00000,0x00000002bfe00000)]
  0x0000016319ff6000 JavaThread "Unconstrained build operations Thread 9" [_thread_blocked, id=9644, stack(0x00000002bfe00000,0x00000002bff00000)]
  0x0000016319ffd800 JavaThread "Unconstrained build operations Thread 10" [_thread_blocked, id=1680, stack(0x00000002bff00000,0x00000002c0000000)]
  0x0000016319ffc800 JavaThread "Unconstrained build operations Thread 11" [_thread_blocked, id=13876, stack(0x00000002c0000000,0x00000002c0100000)]
  0x0000016319ff7800 JavaThread "Unconstrained build operations Thread 12" [_thread_blocked, id=11076, stack(0x00000002c0100000,0x00000002c0200000)]
  0x0000016319ff9000 JavaThread "Unconstrained build operations Thread 13" [_thread_blocked, id=9612, stack(0x00000002c0200000,0x00000002c0300000)]
  0x0000016319ffe000 JavaThread "Unconstrained build operations Thread 14" [_thread_blocked, id=5456, stack(0x00000002c0300000,0x00000002c0400000)]
  0x0000016319ff8800 JavaThread "Unconstrained build operations Thread 15" [_thread_blocked, id=11340, stack(0x00000002c0400000,0x00000002c0500000)]
  0x000001631a002000 JavaThread "Unconstrained build operations Thread 16" [_thread_blocked, id=14044, stack(0x00000002c0500000,0x00000002c0600000)]
  0x000001631a004800 JavaThread "Unconstrained build operations Thread 17" [_thread_blocked, id=11824, stack(0x00000002c0600000,0x00000002c0700000)]
  0x000001631a004000 JavaThread "Unconstrained build operations Thread 18" [_thread_blocked, id=7080, stack(0x00000002c0700000,0x00000002c0800000)]
  0x000001631a000000 JavaThread "Unconstrained build operations Thread 19" [_thread_blocked, id=7692, stack(0x00000002c0800000,0x00000002c0900000)]
  0x0000016319fff000 JavaThread "Unconstrained build operations Thread 20" [_thread_blocked, id=3280, stack(0x00000002c0900000,0x00000002c0a00000)]
  0x000001631a000800 JavaThread "Unconstrained build operations Thread 21" [_thread_blocked, id=12044, stack(0x00000002c0a00000,0x00000002c0b00000)]
  0x000001631a001800 JavaThread "Unconstrained build operations Thread 22" [_thread_blocked, id=8100, stack(0x00000002c0b00000,0x00000002c0c00000)]
  0x000001631a003000 JavaThread "Unconstrained build operations Thread 23" [_thread_blocked, id=10256, stack(0x00000002c0c00000,0x00000002c0d00000)]
  0x0000016315f29800 JavaThread "Unconstrained build operations Thread 24" [_thread_blocked, id=11228, stack(0x00000002c0d00000,0x00000002c0e00000)]
  0x0000016315f29000 JavaThread "Unconstrained build operations Thread 25" [_thread_blocked, id=8972, stack(0x00000002c0e00000,0x00000002c0f00000)]
  0x0000016315f2b800 JavaThread "Unconstrained build operations Thread 26" [_thread_blocked, id=1716, stack(0x00000002c0f00000,0x00000002c1000000)]
  0x0000016315f2c000 JavaThread "Unconstrained build operations Thread 27" [_thread_blocked, id=1372, stack(0x00000002c1000000,0x00000002c1100000)]
  0x0000016315f26800 JavaThread "Unconstrained build operations Thread 28" [_thread_blocked, id=2088, stack(0x00000002c1100000,0x00000002c1200000)]
  0x0000016315f2a800 JavaThread "Unconstrained build operations Thread 29" [_thread_blocked, id=7992, stack(0x00000002c1200000,0x00000002c1300000)]
  0x0000016315f2d000 JavaThread "Unconstrained build operations Thread 30" [_thread_blocked, id=276, stack(0x00000002c1300000,0x00000002c1400000)]
  0x0000016315f27800 JavaThread "Unconstrained build operations Thread 31" [_thread_blocked, id=3484, stack(0x00000002c1400000,0x00000002c1500000)]
  0x0000016315f28000 JavaThread "Unconstrained build operations Thread 32" [_thread_blocked, id=2068, stack(0x00000002c1500000,0x00000002c1600000)]
  0x0000016315f31000 JavaThread "Unconstrained build operations Thread 33" [_thread_blocked, id=9600, stack(0x00000002c1600000,0x00000002c1700000)]
  0x0000016315f32800 JavaThread "Unconstrained build operations Thread 34" [_thread_blocked, id=12820, stack(0x00000002c1700000,0x00000002c1800000)]
  0x0000016315f33800 JavaThread "Unconstrained build operations Thread 35" [_thread_blocked, id=1648, stack(0x00000002c1800000,0x00000002c1900000)]
  0x0000016315f32000 JavaThread "Unconstrained build operations Thread 36" [_thread_blocked, id=8280, stack(0x00000002c1900000,0x00000002c1a00000)]
  0x0000016315f2e000 JavaThread "Unconstrained build operations Thread 37" [_thread_blocked, id=6960, stack(0x00000002c1a00000,0x00000002c1b00000)]
  0x0000016315f2e800 JavaThread "Unconstrained build operations Thread 38" [_thread_blocked, id=1628, stack(0x00000002c1b00000,0x00000002c1c00000)]
  0x0000016315f34800 JavaThread "Unconstrained build operations Thread 39" [_thread_blocked, id=14224, stack(0x00000002c1c00000,0x00000002c1d00000)]
  0x0000016315f35000 JavaThread "Unconstrained build operations Thread 40" [_thread_blocked, id=13208, stack(0x00000002c1d00000,0x00000002c1e00000)]
  0x0000016315f2f800 JavaThread "Unconstrained build operations Thread 41" [_thread_blocked, id=13504, stack(0x00000002c1e00000,0x00000002c1f00000)]
  0x0000016315f30800 JavaThread "Unconstrained build operations Thread 42" [_thread_blocked, id=6004, stack(0x00000002c1f00000,0x00000002c2000000)]
  0x0000016318a3b000 JavaThread "Unconstrained build operations Thread 43" [_thread_blocked, id=12884, stack(0x00000002c2000000,0x00000002c2100000)]
  0x0000016318a3c000 JavaThread "Unconstrained build operations Thread 44" [_thread_blocked, id=13120, stack(0x00000002c2100000,0x00000002c2200000)]
  0x0000016318a38000 JavaThread "Unconstrained build operations Thread 45" [_thread_blocked, id=3972, stack(0x00000002c2200000,0x00000002c2300000)]
  0x0000016318a38800 JavaThread "Unconstrained build operations Thread 46" [_thread_blocked, id=9712, stack(0x00000002c2300000,0x00000002c2400000)]
  0x0000016318a37000 JavaThread "Unconstrained build operations Thread 47" [_thread_blocked, id=13540, stack(0x00000002c2400000,0x00000002c2500000)]
  0x0000016318a39800 JavaThread "Unconstrained build operations Thread 48" [_thread_blocked, id=13864, stack(0x00000002c2500000,0x00000002c2600000)]
  0x0000016318a3d000 JavaThread "Unconstrained build operations Thread 49" [_thread_blocked, id=13652, stack(0x00000002c2600000,0x00000002c2700000)]
  0x0000016318a3f800 JavaThread "Unconstrained build operations Thread 50" [_thread_blocked, id=5636, stack(0x00000002c2700000,0x00000002c2800000)]
  0x0000016318a3d800 JavaThread "Unconstrained build operations Thread 51" [_thread_blocked, id=11032, stack(0x00000002c2800000,0x00000002c2900000)]
  0x0000016318a3e800 JavaThread "Unconstrained build operations Thread 52" [_thread_blocked, id=13352, stack(0x00000002c2900000,0x00000002c2a00000)]
  0x0000016318a40000 JavaThread "Unconstrained build operations Thread 53" [_thread_blocked, id=14176, stack(0x00000002c2a00000,0x00000002c2b00000)]
  0x0000016318a3a800 JavaThread "Unconstrained build operations Thread 54" [_thread_blocked, id=1504, stack(0x00000002c2b00000,0x00000002c2c00000)]
  0x0000016318a46000 JavaThread "Unconstrained build operations Thread 55" [_thread_blocked, id=13344, stack(0x00000002c2c00000,0x00000002c2d00000)]
  0x0000016318a41000 JavaThread "Unconstrained build operations Thread 56" [_thread_blocked, id=12760, stack(0x00000002c2d00000,0x00000002c2e00000)]
  0x0000016318a45000 JavaThread "Unconstrained build operations Thread 57" [_thread_blocked, id=11328, stack(0x00000002c2e00000,0x00000002c2f00000)]
  0x0000016318a41800 JavaThread "Unconstrained build operations Thread 58" [_thread_blocked, id=7876, stack(0x00000002c2f00000,0x00000002c3000000)]
  0x0000016318a44000 JavaThread "Unconstrained build operations Thread 59" [_thread_blocked, id=9520, stack(0x00000002c3000000,0x00000002c3100000)]
  0x0000016318a42800 JavaThread "Unconstrained build operations Thread 60" [_thread_blocked, id=712, stack(0x00000002c3100000,0x00000002c3200000)]
  0x0000016318a43800 JavaThread "Unconstrained build operations Thread 61" [_thread_blocked, id=14280, stack(0x00000002c3200000,0x00000002c3300000)]
  0x000001631a625800 JavaThread "Unconstrained build operations Thread 62" [_thread_blocked, id=2448, stack(0x00000002c3300000,0x00000002c3400000)]
  0x000001631a625000 JavaThread "Unconstrained build operations Thread 63" [_thread_blocked, id=7888, stack(0x00000002c3400000,0x00000002c3500000)]
  0x000001631a626800 JavaThread "Unconstrained build operations Thread 64" [_thread_blocked, id=1448, stack(0x00000002c3500000,0x00000002c3600000)]
  0x000001631a628000 JavaThread "Unconstrained build operations Thread 65" [_thread_blocked, id=4084, stack(0x00000002c3600000,0x00000002c3700000)]
  0x000001631a627800 JavaThread "Unconstrained build operations Thread 66" [_thread_blocked, id=7784, stack(0x00000002c3700000,0x00000002c3800000)]
  0x000001631a622800 JavaThread "Unconstrained build operations Thread 67" [_thread_blocked, id=11044, stack(0x00000002c3800000,0x00000002c3900000)]
  0x000001631a623000 JavaThread "Unconstrained build operations Thread 68" [_thread_blocked, id=12128, stack(0x00000002c3900000,0x00000002c3a00000)]
  0x000001631a629000 JavaThread "Unconstrained build operations Thread 69" [_thread_blocked, id=2792, stack(0x00000002c3a00000,0x00000002c3b00000)]
  0x000001631a62a000 JavaThread "Unconstrained build operations Thread 70" [_thread_blocked, id=13976, stack(0x00000002c3b00000,0x00000002c3c00000)]
  0x000001631a624000 JavaThread "Unconstrained build operations Thread 71" [_thread_blocked, id=6392, stack(0x00000002c3c00000,0x00000002c3d00000)]
  0x000001631a62a800 JavaThread "Unconstrained build operations Thread 72" [_thread_blocked, id=5268, stack(0x00000002c3d00000,0x00000002c3e00000)]
  0x000001631a62d000 JavaThread "Unconstrained build operations Thread 73" [_thread_blocked, id=14276, stack(0x00000002c3e00000,0x00000002c3f00000)]
  0x000001631a62e000 JavaThread "Unconstrained build operations Thread 74" [_thread_blocked, id=13496, stack(0x00000002c3f00000,0x00000002c4000000)]
  0x000001631a630800 JavaThread "Unconstrained build operations Thread 75" [_thread_blocked, id=7976, stack(0x00000002c4000000,0x00000002c4100000)]
  0x000001631a62e800 JavaThread "Unconstrained build operations Thread 76" [_thread_blocked, id=2772, stack(0x00000002c4100000,0x00000002c4200000)]
  0x000001631a62f800 JavaThread "Unconstrained build operations Thread 77" [_thread_blocked, id=12196, stack(0x00000002c4200000,0x00000002c4300000)]
  0x000001631a631000 JavaThread "Unconstrained build operations Thread 78" [_thread_blocked, id=13912, stack(0x00000002c4300000,0x00000002c4400000)]
  0x000001631a62b800 JavaThread "Unconstrained build operations Thread 79" [_thread_blocked, id=11548, stack(0x00000002c4400000,0x00000002c4500000)]
  0x000001631a62c000 JavaThread "Unconstrained build operations Thread 80" [_thread_blocked, id=8292, stack(0x00000002c4500000,0x00000002c4600000)]
  0x000001631c71b800 JavaThread "Memory manager" [_thread_blocked, id=13900, stack(0x00000002c4600000,0x00000002c4700000)]
  0x000001631c71a000 JavaThread "build event listener" [_thread_blocked, id=11296, stack(0x00000002c4700000,0x00000002c4800000)]
  0x000001631c726000 JavaThread "Cache worker for execution history cache (C:\Users\ACER\Documents\GitHub\Dramkos\.gradle\7.2\executionHistory)" [_thread_blocked, id=11696, stack(0x00000002c4b00000,0x00000002c4c00000)]

Other Threads:
=>0x00000163154a7000 VMThread "VM Thread" [stack: 0x00000002bc200000,0x00000002bc300000] [id=2544]
  0x0000016315fae800 WatcherThread [stack: 0x00000002bcc00000,0x00000002bcd00000] [id=6508]
  0x000001637afb5800 GCTaskThread "GC Thread#0" [stack: 0x00000002bbd00000,0x00000002bbe00000] [id=424]
  0x0000016316c55800 GCTaskThread "GC Thread#1" [stack: 0x00000002bcd00000,0x00000002bce00000] [id=13420]
  0x0000016317dd9800 GCTaskThread "GC Thread#2" [stack: 0x00000002bd800000,0x00000002bd900000] [id=13184]
  0x0000016317dda800 GCTaskThread "GC Thread#3" [stack: 0x00000002bd900000,0x00000002bda00000] [id=6220]
  0x0000016318025800 GCTaskThread "GC Thread#4" [stack: 0x00000002bda00000,0x00000002bdb00000] [id=12740]
  0x0000016318026000 GCTaskThread "GC Thread#5" [stack: 0x00000002bdb00000,0x00000002bdc00000] [id=3324]
  0x0000016318026800 GCTaskThread "GC Thread#6" [stack: 0x00000002bdc00000,0x00000002bdd00000] [id=2520]
  0x0000016318027800 GCTaskThread "GC Thread#7" [stack: 0x00000002bdd00000,0x00000002bde00000] [id=6872]
  0x000001637afea000 ConcurrentGCThread "G1 Main Marker" [stack: 0x00000002bbe00000,0x00000002bbf00000] [id=7852]
  0x000001637afef000 ConcurrentGCThread "G1 Conc#0" [stack: 0x00000002bbf00000,0x00000002bc000000] [id=13800]
  0x0000016317eec800 ConcurrentGCThread "G1 Conc#1" [stack: 0x00000002be000000,0x00000002be100000] [id=7436]
  0x000001637b046800 ConcurrentGCThread "G1 Refine#0" [stack: 0x00000002bc000000,0x00000002bc100000] [id=1356]
  0x000001637b047800 ConcurrentGCThread "G1 Young RemSet Sampling" [stack: 0x00000002bc100000,0x00000002bc200000] [id=3060]

Threads with active compile tasks:

VM state:at safepoint (normal execution)

VM Mutex/Monitor currently owned by a thread:  ([mutex/lock_event])
[0x000001637af99e00] Threads_lock - owner thread: 0x00000163154a7000
[0x000001637af9b000] Heap_lock - owner thread: 0x0000016318028000

Heap address: 0x0000000080000000, size: 2048 MB, Compressed Oops mode: 32-bit
Narrow klass base: 0x0000000000000000, Narrow klass shift: 3
Compressed class space size: 1073741824 Address: 0x0000000100000000

Heap:
 garbage-first heap   total 413696K, used 114324K [0x0000000080000000, 0x0000000100000000)
  region size 1024K, 2 young (2048K), 2 survivors (2048K)
 Metaspace       used 87847K, capacity 90088K, committed 90160K, reserved 1128448K
  class space    used 11339K, capacity 12138K, committed 12160K, reserved 1048576K
Heap Regions: E=young(eden), S=young(survivor), O=old, HS=humongous(starts), HC=humongous(continues), CS=collection set, F=free, A=archive, TAMS=top-at-mark-start (previous, next)
|   0|0x0000000080000000, 0x0000000080100000, 0x0000000080100000|100%| O|  |TAMS 0x0000000080100000, 0x0000000080000000| Untracked 
|   1|0x0000000080100000, 0x0000000080200000, 0x0000000080200000|100%| O|  |TAMS 0x0000000080200000, 0x0000000080100000| Untracked 
|   2|0x0000000080200000, 0x0000000080300000, 0x0000000080300000|100%| O|  |TAMS 0x0000000080300000, 0x0000000080200000| Untracked 
|   3|0x0000000080300000, 0x0000000080400000, 0x0000000080400000|100%|HS|  |TAMS 0x0000000080400000, 0x0000000080300000| Complete 
|   4|0x0000000080400000, 0x0000000080500000, 0x0000000080500000|100%|HC|  |TAMS 0x0000000080500000, 0x0000000080400000| Complete 
|   5|0x0000000080500000, 0x0000000080600000, 0x0000000080600000|100%|HC|  |TAMS 0x0000000080600000, 0x0000000080500000| Complete 
|   6|0x0000000080600000, 0x0000000080700000, 0x0000000080700000|100%| O|  |TAMS 0x0000000080700000, 0x0000000080600000| Untracked 
|   7|0x0000000080700000, 0x0000000080800000, 0x0000000080800000|100%| O|  |TAMS 0x0000000080800000, 0x0000000080700000| Untracked 
|   8|0x0000000080800000, 0x0000000080900000, 0x0000000080900000|100%| O|  |TAMS 0x0000000080900000, 0x0000000080800000| Untracked 
|   9|0x0000000080900000, 0x0000000080a00000, 0x0000000080a00000|100%| O|  |TAMS 0x0000000080a00000, 0x0000000080900000| Untracked 
|  10|0x0000000080a00000, 0x0000000080b00000, 0x0000000080b00000|100%| O|  |TAMS 0x0000000080b00000, 0x0000000080a00000| Untracked 
|  11|0x0000000080b00000, 0x0000000080c00000, 0x0000000080c00000|100%| O|  |TAMS 0x0000000080c00000, 0x0000000080b00000| Untracked 
|  12|0x0000000080c00000, 0x0000000080d00000, 0x0000000080d00000|100%| O|  |TAMS 0x0000000080d00000, 0x0000000080c00000| Untracked 
|  13|0x0000000080d00000, 0x0000000080e00000, 0x0000000080e00000|100%| O|  |TAMS 0x0000000080e00000, 0x0000000080d00000| Untracked 
|  14|0x0000000080e00000, 0x0000000080f00000, 0x0000000080f00000|100%| O|  |TAMS 0x0000000080f00000, 0x0000000080e00000| Untracked 
|  15|0x0000000080f00000, 0x0000000081000000, 0x0000000081000000|100%| O|  |TAMS 0x0000000081000000, 0x0000000080f00000| Untracked 
|  16|0x0000000081000000, 0x0000000081100000, 0x0000000081100000|100%| O|  |TAMS 0x0000000081100000, 0x0000000081000000| Untracked 
|  17|0x0000000081100000, 0x0000000081200000, 0x0000000081200000|100%|HS|  |TAMS 0x0000000081200000, 0x0000000081100000| Complete 
|  18|0x0000000081200000, 0x0000000081300000, 0x0000000081300000|100%|HC|  |TAMS 0x0000000081300000, 0x0000000081200000| Complete 
|  19|0x0000000081300000, 0x0000000081400000, 0x0000000081400000|100%|HS|  |TAMS 0x0000000081400000, 0x0000000081300000| Complete 
|  20|0x0000000081400000, 0x0000000081500000, 0x0000000081500000|100%|HC|  |TAMS 0x0000000081500000, 0x0000000081400000| Complete 
|  21|0x0000000081500000, 0x0000000081600000, 0x0000000081600000|100%|HC|  |TAMS 0x0000000081600000, 0x0000000081500000| Complete 
|  22|0x0000000081600000, 0x0000000081700000, 0x0000000081700000|100%|HS|  |TAMS 0x0000000081700000, 0x0000000081600000| Complete 
|  23|0x0000000081700000, 0x0000000081800000, 0x0000000081800000|100%| O|  |TAMS 0x0000000081800000, 0x0000000081700000| Untracked 
|  24|0x0000000081800000, 0x0000000081900000, 0x0000000081900000|100%| O|  |TAMS 0x0000000081900000, 0x0000000081800000| Untracked 
|  25|0x0000000081900000, 0x0000000081a00000, 0x0000000081a00000|100%| O|  |TAMS 0x0000000081a00000, 0x0000000081900000| Untracked 
|  26|0x0000000081a00000, 0x0000000081b00000, 0x0000000081b00000|100%| O|  |TAMS 0x0000000081b00000, 0x0000000081a00000| Untracked 
|  27|0x0000000081b00000, 0x0000000081c00000, 0x0000000081c00000|100%|HS|  |TAMS 0x0000000081c00000, 0x0000000081b00000| Complete 
|  28|0x0000000081c00000, 0x0000000081d00000, 0x0000000081d00000|100%|HC|  |TAMS 0x0000000081d00000, 0x0000000081c00000| Complete 
|  29|0x0000000081d00000, 0x0000000081e00000, 0x0000000081e00000|100%|HC|  |TAMS 0x0000000081e00000, 0x0000000081d00000| Complete 
|  30|0x0000000081e00000, 0x0000000081f00000, 0x0000000081f00000|100%|HC|  |TAMS 0x0000000081f00000, 0x0000000081e00000| Complete 
|  31|0x0000000081f00000, 0x0000000082000000, 0x0000000082000000|100%| O|  |TAMS 0x0000000082000000, 0x0000000081f00000| Untracked 
|  32|0x0000000082000000, 0x0000000082100000, 0x0000000082100000|100%| O|  |TAMS 0x0000000082100000, 0x0000000082000000| Untracked 
|  33|0x0000000082100000, 0x0000000082200000, 0x0000000082200000|100%| O|  |TAMS 0x0000000082200000, 0x0000000082100000| Untracked 
|  34|0x0000000082200000, 0x0000000082300000, 0x0000000082300000|100%| O|  |TAMS 0x0000000082300000, 0x0000000082200000| Untracked 
|  35|0x0000000082300000, 0x0000000082400000, 0x0000000082400000|100%| O|  |TAMS 0x0000000082400000, 0x0000000082300000| Untracked 
|  36|0x0000000082400000, 0x0000000082500000, 0x0000000082500000|100%| O|  |TAMS 0x0000000082500000, 0x0000000082400000| Untracked 
|  37|0x0000000082500000, 0x0000000082600000, 0x0000000082600000|100%| O|  |TAMS 0x0000000082600000, 0x0000000082500000| Untracked 
|  38|0x0000000082600000, 0x0000000082700000, 0x0000000082700000|100%|HS|  |TAMS 0x0000000082700000, 0x0000000082600000| Complete 
|  39|0x0000000082700000, 0x0000000082800000, 0x0000000082800000|100%|HS|  |TAMS 0x0000000082800000, 0x0000000082700000| Complete 
|  40|0x0000000082800000, 0x0000000082900000, 0x0000000082900000|100%|HC|  |TAMS 0x0000000082900000, 0x0000000082800000| Complete 
|  41|0x0000000082900000, 0x0000000082a00000, 0x0000000082a00000|100%|HC|  |TAMS 0x0000000082a00000, 0x0000000082900000| Complete 
|  42|0x0000000082a00000, 0x0000000082b00000, 0x0000000082b00000|100%| O|  |TAMS 0x0000000082b00000, 0x0000000082a00000| Untracked 
|  43|0x0000000082b00000, 0x0000000082c00000, 0x0000000082c00000|100%| O|  |TAMS 0x0000000082c00000, 0x0000000082b00000| Untracked 
|  44|0x0000000082c00000, 0x0000000082d00000, 0x0000000082d00000|100%| O|  |TAMS 0x0000000082d00000, 0x0000000082c00000| Untracked 
|  45|0x0000000082d00000, 0x0000000082e00000, 0x0000000082e00000|100%| O|  |TAMS 0x0000000082e00000, 0x0000000082d00000| Untracked 
|  46|0x0000000082e00000, 0x0000000082f00000, 0x0000000082f00000|100%| O|  |TAMS 0x0000000082f00000, 0x0000000082e00000| Untracked 
|  47|0x0000000082f00000, 0x0000000083000000, 0x0000000083000000|100%| O|  |TAMS 0x0000000083000000, 0x0000000082f00000| Untracked 
|  48|0x0000000083000000, 0x0000000083100000, 0x0000000083100000|100%|HS|  |TAMS 0x0000000083100000, 0x0000000083000000| Complete 
|  49|0x0000000083100000, 0x0000000083200000, 0x0000000083200000|100%|HC|  |TAMS 0x0000000083200000, 0x0000000083100000| Complete 
|  50|0x0000000083200000, 0x0000000083300000, 0x0000000083300000|100%|HC|  |TAMS 0x0000000083300000, 0x0000000083200000| Complete 
|  51|0x0000000083300000, 0x0000000083400000, 0x0000000083400000|100%|HC|  |TAMS 0x0000000083400000, 0x0000000083300000| Complete 
|  52|0x0000000083400000, 0x0000000083500000, 0x0000000083500000|100%| O|  |TAMS 0x0000000083500000, 0x0000000083400000| Untracked 
|  53|0x0000000083500000, 0x0000000083600000, 0x0000000083600000|100%| O|  |TAMS 0x0000000083600000, 0x0000000083500000| Untracked 
|  54|0x0000000083600000, 0x0000000083700000, 0x0000000083700000|100%| O|  |TAMS 0x0000000083700000, 0x0000000083600000| Untracked 
|  55|0x0000000083700000, 0x0000000083800000, 0x0000000083800000|100%| O|  |TAMS 0x0000000083800000, 0x0000000083700000| Untracked 
|  56|0x0000000083800000, 0x0000000083900000, 0x0000000083900000|100%| O|  |TAMS 0x0000000083900000, 0x0000000083800000| Untracked 
|  57|0x0000000083900000, 0x0000000083a00000, 0x0000000083a00000|100%| O|  |TAMS 0x0000000083a00000, 0x0000000083900000| Untracked 
|  58|0x0000000083a00000, 0x0000000083b00000, 0x0000000083b00000|100%|HS|  |TAMS 0x0000000083b00000, 0x0000000083a00000| Complete 
|  59|0x0000000083b00000, 0x0000000083c00000, 0x0000000083c00000|100%|HS|  |TAMS 0x0000000083c00000, 0x0000000083b00000| Complete 
|  60|0x0000000083c00000, 0x0000000083d00000, 0x0000000083d00000|100%|HS|  |TAMS 0x0000000083d00000, 0x0000000083c00000| Complete 
|  61|0x0000000083d00000, 0x0000000083e00000, 0x0000000083e00000|100%|HS|  |TAMS 0x0000000083e00000, 0x0000000083d00000| Complete 
|  62|0x0000000083e00000, 0x0000000083f00000, 0x0000000083f00000|100%|HS|  |TAMS 0x0000000083f00000, 0x0000000083e00000| Complete 
|  63|0x0000000083f00000, 0x0000000084000000, 0x0000000084000000|100%|HC|  |TAMS 0x0000000084000000, 0x0000000083f00000| Complete 
|  64|0x0000000084000000, 0x0000000084100000, 0x0000000084100000|100%|HC|  |TAMS 0x0000000084100000, 0x0000000084000000| Complete 
|  65|0x0000000084100000, 0x0000000084200000, 0x0000000084200000|100%|HS|  |TAMS 0x0000000084200000, 0x0000000084100000| Complete 
|  66|0x0000000084200000, 0x0000000084300000, 0x0000000084300000|100%|HC|  |TAMS 0x0000000084300000, 0x0000000084200000| Complete 
|  67|0x0000000084300000, 0x0000000084400000, 0x0000000084400000|100%| O|  |TAMS 0x0000000084400000, 0x0000000084300000| Untracked 
|  68|0x0000000084400000, 0x0000000084500000, 0x0000000084500000|100%| O|  |TAMS 0x0000000084500000, 0x0000000084400000| Untracked 
|  69|0x0000000084500000, 0x0000000084600000, 0x0000000084600000|100%| O|  |TAMS 0x0000000084600000, 0x0000000084500000| Untracked 
|  70|0x0000000084600000, 0x0000000084700000, 0x0000000084700000|100%| O|  |TAMS 0x0000000084700000, 0x0000000084600000| Untracked 
|  71|0x0000000084700000, 0x0000000084800000, 0x0000000084800000|100%| O|  |TAMS 0x0000000084800000, 0x0000000084700000| Untracked 
|  72|0x0000000084800000, 0x0000000084900000, 0x0000000084900000|100%| O|  |TAMS 0x0000000084900000, 0x0000000084800000| Untracked 
|  73|0x0000000084900000, 0x0000000084a00000, 0x0000000084a00000|100%| O|  |TAMS 0x0000000084a00000, 0x0000000084900000| Untracked 
|  74|0x0000000084a00000, 0x0000000084b00000, 0x0000000084b00000|100%| O|  |TAMS 0x0000000084b00000, 0x0000000084a00000| Untracked 
|  75|0x0000000084b00000, 0x0000000084c00000, 0x0000000084c00000|100%| O|  |TAMS 0x0000000084c00000, 0x0000000084b00000| Untracked 
|  76|0x0000000084c00000, 0x0000000084d00000, 0x0000000084d00000|100%| O|  |TAMS 0x0000000084d00000, 0x0000000084c00000| Untracked 
|  77|0x0000000084d00000, 0x0000000084e00000, 0x0000000084e00000|100%| O|  |TAMS 0x0000000084e00000, 0x0000000084d00000| Untracked 
|  78|0x0000000084e00000, 0x0000000084f00000, 0x0000000084f00000|100%| O|  |TAMS 0x0000000084ecf800, 0x0000000084e00000| Untracked 
|  79|0x0000000084f00000, 0x0000000085000000, 0x0000000085000000|100%| O|  |TAMS 0x0000000084f00000, 0x0000000084f00000| Untracked 
|  80|0x0000000085000000, 0x0000000085100000, 0x0000000085100000|100%| O|  |TAMS 0x0000000085000000, 0x0000000085000000| Untracked 
|  81|0x0000000085100000, 0x0000000085200000, 0x0000000085200000|100%| O|  |TAMS 0x0000000085100000, 0x0000000085100000| Untracked 
|  82|0x0000000085200000, 0x0000000085300000, 0x0000000085300000|100%| O|  |TAMS 0x0000000085200000, 0x0000000085200000| Untracked 
|  83|0x0000000085300000, 0x0000000085400000, 0x0000000085400000|100%| O|  |TAMS 0x0000000085300000, 0x0000000085300000| Untracked 
|  84|0x0000000085400000, 0x0000000085500000, 0x0000000085500000|100%| O|  |TAMS 0x0000000085400000, 0x0000000085400000| Untracked 
|  85|0x0000000085500000, 0x0000000085600000, 0x0000000085600000|100%| O|  |TAMS 0x0000000085500000, 0x0000000085500000| Untracked 
|  86|0x0000000085600000, 0x0000000085700000, 0x0000000085700000|100%| O|  |TAMS 0x0000000085600000, 0x0000000085600000| Untracked 
|  87|0x0000000085700000, 0x0000000085800000, 0x0000000085800000|100%| O|  |TAMS 0x0000000085700000, 0x0000000085700000| Untracked 
|  88|0x0000000085800000, 0x0000000085900000, 0x0000000085900000|100%| O|  |TAMS 0x0000000085800000, 0x0000000085800000| Untracked 
|  89|0x0000000085900000, 0x0000000085a00000, 0x0000000085a00000|100%| O|  |TAMS 0x0000000085900000, 0x0000000085900000| Untracked 
|  90|0x0000000085a00000, 0x0000000085b00000, 0x0000000085b00000|100%| O|  |TAMS 0x0000000085a00000, 0x0000000085a00000| Untracked 
|  91|0x0000000085b00000, 0x0000000085c00000, 0x0000000085c00000|100%| O|  |TAMS 0x0000000085b00000, 0x0000000085b00000| Untracked 
|  92|0x0000000085c00000, 0x0000000085d00000, 0x0000000085d00000|100%| O|  |TAMS 0x0000000085c00000, 0x0000000085c00000| Untracked 
|  93|0x0000000085d00000, 0x0000000085e00000, 0x0000000085e00000|100%| O|  |TAMS 0x0000000085d00000, 0x0000000085d00000| Untracked 
|  94|0x0000000085e00000, 0x0000000085f00000, 0x0000000085f00000|100%|HS|  |TAMS 0x0000000085e00000, 0x0000000085e00000| Complete 
|  95|0x0000000085f00000, 0x0000000086000000, 0x0000000086000000|100%|HC|  |TAMS 0x0000000085f00000, 0x0000000085f00000| Complete 
|  96|0x0000000086000000, 0x0000000086100000, 0x0000000086100000|100%|HS|  |TAMS 0x0000000086000000, 0x0000000086000000| Complete 
|  97|0x0000000086100000, 0x0000000086200000, 0x0000000086200000|100%|HC|  |TAMS 0x0000000086100000, 0x0000000086100000| Complete 
|  98|0x0000000086200000, 0x0000000086300000, 0x0000000086300000|100%|HC|  |TAMS 0x0000000086200000, 0x0000000086200000| Complete 
|  99|0x0000000086300000, 0x0000000086400000, 0x0000000086400000|100%|HS|  |TAMS 0x0000000086300000, 0x0000000086300000| Complete 
| 100|0x0000000086400000, 0x0000000086500000, 0x0000000086500000|100%|HS|  |TAMS 0x0000000086400000, 0x0000000086400000| Complete 
| 101|0x0000000086500000, 0x0000000086600000, 0x0000000086600000|100%|HC|  |TAMS 0x0000000086500000, 0x0000000086500000| Complete 
| 102|0x0000000086600000, 0x0000000086700000, 0x0000000086700000|100%|HC|  |TAMS 0x0000000086600000, 0x0000000086600000| Complete 
| 103|0x0000000086700000, 0x0000000086800000, 0x0000000086800000|100%|HC|  |TAMS 0x0000000086700000, 0x0000000086700000| Complete 
| 104|0x0000000086800000, 0x0000000086800000, 0x0000000086900000|  0%| F|  |TAMS 0x0000000086800000, 0x0000000086800000| Untracked 
| 105|0x0000000086900000, 0x0000000086a00000, 0x0000000086a00000|100%| O|  |TAMS 0x0000000086900000, 0x0000000086900000| Untracked 
| 106|0x0000000086a00000, 0x0000000086b00000, 0x0000000086b00000|100%| O|  |TAMS 0x0000000086a00000, 0x0000000086a00000| Untracked 
| 107|0x0000000086b00000, 0x0000000086c00000, 0x0000000086c00000|100%| O|  |TAMS 0x0000000086b00000, 0x0000000086b00000| Untracked 
| 108|0x0000000086c00000, 0x0000000086d00000, 0x0000000086d00000|100%| O|  |TAMS 0x0000000086c00000, 0x0000000086c00000| Untracked 
| 109|0x0000000086d00000, 0x0000000086e00000, 0x0000000086e00000|100%| O|  |TAMS 0x0000000086d00000, 0x0000000086d00000| Untracked 
| 110|0x0000000086e00000, 0x0000000086f00000, 0x0000000086f00000|100%| O|  |TAMS 0x0000000086e00000, 0x0000000086e00000| Untracked 
| 111|0x0000000086f00000, 0x0000000086f2a600, 0x0000000087000000| 16%| O|  |TAMS 0x0000000086f00000, 0x0000000086f00000| Untracked 
| 112|0x0000000087000000, 0x0000000087000000, 0x0000000087100000|  0%| F|  |TAMS 0x0000000087000000, 0x0000000087000000| Untracked 
| 113|0x0000000087100000, 0x0000000087100000, 0x0000000087200000|  0%| F|  |TAMS 0x0000000087100000, 0x0000000087100000| Untracked 
| 114|0x0000000087200000, 0x0000000087200000, 0x0000000087300000|  0%| F|  |TAMS 0x0000000087200000, 0x0000000087200000| Untracked 
| 115|0x0000000087300000, 0x0000000087300000, 0x0000000087400000|  0%| F|  |TAMS 0x0000000087300000, 0x0000000087300000| Untracked 
| 116|0x0000000087400000, 0x0000000087400000, 0x0000000087500000|  0%| F|  |TAMS 0x0000000087400000, 0x0000000087400000| Untracked 
| 117|0x0000000087500000, 0x0000000087500000, 0x0000000087600000|  0%| F|  |TAMS 0x0000000087500000, 0x0000000087500000| Untracked 
| 118|0x0000000087600000, 0x0000000087600000, 0x0000000087700000|  0%| F|  |TAMS 0x0000000087600000, 0x0000000087600000| Untracked 
| 119|0x0000000087700000, 0x0000000087700000, 0x0000000087800000|  0%| F|  |TAMS 0x0000000087700000, 0x0000000087700000| Untracked 
| 120|0x0000000087800000, 0x0000000087800000, 0x0000000087900000|  0%| F|  |TAMS 0x0000000087800000, 0x0000000087800000| Untracked 
| 121|0x0000000087900000, 0x0000000087900000, 0x0000000087a00000|  0%| F|  |TAMS 0x0000000087900000, 0x0000000087900000| Untracked 
| 122|0x0000000087a00000, 0x0000000087a00000, 0x0000000087b00000|  0%| F|  |TAMS 0x0000000087a00000, 0x0000000087a00000| Untracked 
| 123|0x0000000087b00000, 0x0000000087b00000, 0x0000000087c00000|  0%| F|  |TAMS 0x0000000087b00000, 0x0000000087b00000| Untracked 
| 124|0x0000000087c00000, 0x0000000087c00000, 0x0000000087d00000|  0%| F|  |TAMS 0x0000000087c00000, 0x0000000087c00000| Untracked 
| 125|0x0000000087d00000, 0x0000000087d00000, 0x0000000087e00000|  0%| F|  |TAMS 0x0000000087d00000, 0x0000000087d00000| Untracked 
| 126|0x0000000087e00000, 0x0000000087e00000, 0x0000000087f00000|  0%| F|  |TAMS 0x0000000087e00000, 0x0000000087e00000| Untracked 
| 127|0x0000000087f00000, 0x0000000087f00000, 0x0000000088000000|  0%| F|  |TAMS 0x0000000087f00000, 0x0000000087f00000| Untracked 
| 128|0x0000000088000000, 0x0000000088000000, 0x0000000088100000|  0%| F|  |TAMS 0x0000000088000000, 0x0000000088000000| Untracked 
| 129|0x0000000088100000, 0x0000000088100000, 0x0000000088200000|  0%| F|  |TAMS 0x0000000088100000, 0x0000000088100000| Untracked 
| 130|0x0000000088200000, 0x0000000088200000, 0x0000000088300000|  0%| F|  |TAMS 0x0000000088200000, 0x0000000088200000| Untracked 
| 131|0x0000000088300000, 0x0000000088300000, 0x0000000088400000|  0%| F|  |TAMS 0x0000000088300000, 0x0000000088300000| Untracked 
| 132|0x0000000088400000, 0x0000000088400000, 0x0000000088500000|  0%| F|  |TAMS 0x0000000088400000, 0x0000000088400000| Untracked 
| 133|0x0000000088500000, 0x0000000088500000, 0x0000000088600000|  0%| F|  |TAMS 0x0000000088500000, 0x0000000088500000| Untracked 
| 134|0x0000000088600000, 0x0000000088600000, 0x0000000088700000|  0%| F|  |TAMS 0x0000000088600000, 0x0000000088600000| Untracked 
| 135|0x0000000088700000, 0x0000000088700000, 0x0000000088800000|  0%| F|  |TAMS 0x0000000088700000, 0x0000000088700000| Untracked 
| 136|0x0000000088800000, 0x0000000088800000, 0x0000000088900000|  0%| F|  |TAMS 0x0000000088800000, 0x0000000088800000| Untracked 
| 137|0x0000000088900000, 0x0000000088900000, 0x0000000088a00000|  0%| F|  |TAMS 0x0000000088900000, 0x0000000088900000| Untracked 
| 138|0x0000000088a00000, 0x0000000088a00000, 0x0000000088b00000|  0%| F|  |TAMS 0x0000000088a00000, 0x0000000088a00000| Untracked 
| 139|0x0000000088b00000, 0x0000000088b00000, 0x0000000088c00000|  0%| F|  |TAMS 0x0000000088b00000, 0x0000000088b00000| Untracked 
| 140|0x0000000088c00000, 0x0000000088c00000, 0x0000000088d00000|  0%| F|  |TAMS 0x0000000088c00000, 0x0000000088c00000| Untracked 
| 141|0x0000000088d00000, 0x0000000088d00000, 0x0000000088e00000|  0%| F|  |TAMS 0x0000000088d00000, 0x0000000088d00000| Untracked 
| 142|0x0000000088e00000, 0x0000000088e00000, 0x0000000088f00000|  0%| F|  |TAMS 0x0000000088e00000, 0x0000000088e00000| Untracked 
| 143|0x0000000088f00000, 0x0000000088f00000, 0x0000000089000000|  0%| F|  |TAMS 0x0000000088f00000, 0x0000000088f00000| Untracked 
| 144|0x0000000089000000, 0x0000000089000000, 0x0000000089100000|  0%| F|  |TAMS 0x0000000089000000, 0x0000000089000000| Untracked 
| 145|0x0000000089100000, 0x0000000089100000, 0x0000000089200000|  0%| F|  |TAMS 0x0000000089100000, 0x0000000089100000| Untracked 
| 146|0x0000000089200000, 0x0000000089200000, 0x0000000089300000|  0%| F|  |TAMS 0x0000000089200000, 0x0000000089200000| Untracked 
| 147|0x0000000089300000, 0x0000000089300000, 0x0000000089400000|  0%| F|  |TAMS 0x0000000089300000, 0x0000000089300000| Untracked 
| 148|0x0000000089400000, 0x0000000089400000, 0x0000000089500000|  0%| F|  |TAMS 0x0000000089400000, 0x0000000089400000| Untracked 
| 149|0x0000000089500000, 0x0000000089500000, 0x0000000089600000|  0%| F|  |TAMS 0x0000000089500000, 0x0000000089500000| Untracked 
| 150|0x0000000089600000, 0x0000000089600000, 0x0000000089700000|  0%| F|  |TAMS 0x0000000089600000, 0x0000000089600000| Untracked 
| 151|0x0000000089700000, 0x0000000089700000, 0x0000000089800000|  0%| F|  |TAMS 0x0000000089700000, 0x0000000089700000| Untracked 
| 152|0x0000000089800000, 0x0000000089800000, 0x0000000089900000|  0%| F|  |TAMS 0x0000000089800000, 0x0000000089800000| Untracked 
| 153|0x0000000089900000, 0x0000000089900000, 0x0000000089a00000|  0%| F|  |TAMS 0x0000000089900000, 0x0000000089900000| Untracked 
| 154|0x0000000089a00000, 0x0000000089a00000, 0x0000000089b00000|  0%| F|  |TAMS 0x0000000089a00000, 0x0000000089a00000| Untracked 
| 155|0x0000000089b00000, 0x0000000089b00000, 0x0000000089c00000|  0%| F|  |TAMS 0x0000000089b00000, 0x0000000089b00000| Untracked 
| 156|0x0000000089c00000, 0x0000000089c00000, 0x0000000089d00000|  0%| F|  |TAMS 0x0000000089c00000, 0x0000000089c00000| Untracked 
| 157|0x0000000089d00000, 0x0000000089d00000, 0x0000000089e00000|  0%| F|  |TAMS 0x0000000089d00000, 0x0000000089d00000| Untracked 
| 158|0x0000000089e00000, 0x0000000089e00000, 0x0000000089f00000|  0%| F|  |TAMS 0x0000000089e00000, 0x0000000089e00000| Untracked 
| 159|0x0000000089f00000, 0x0000000089f00000, 0x000000008a000000|  0%| F|  |TAMS 0x0000000089f00000, 0x0000000089f00000| Untracked 
| 160|0x000000008a000000, 0x000000008a000000, 0x000000008a100000|  0%| F|  |TAMS 0x000000008a000000, 0x000000008a000000| Untracked 
| 161|0x000000008a100000, 0x000000008a100000, 0x000000008a200000|  0%| F|  |TAMS 0x000000008a100000, 0x000000008a100000| Untracked 
| 162|0x000000008a200000, 0x000000008a200000, 0x000000008a300000|  0%| F|  |TAMS 0x000000008a200000, 0x000000008a200000| Untracked 
| 163|0x000000008a300000, 0x000000008a300000, 0x000000008a400000|  0%| F|  |TAMS 0x000000008a300000, 0x000000008a300000| Untracked 
| 164|0x000000008a400000, 0x000000008a400000, 0x000000008a500000|  0%| F|  |TAMS 0x000000008a400000, 0x000000008a400000| Untracked 
| 165|0x000000008a500000, 0x000000008a500000, 0x000000008a600000|  0%| F|  |TAMS 0x000000008a500000, 0x000000008a500000| Untracked 
| 166|0x000000008a600000, 0x000000008a600000, 0x000000008a700000|  0%| F|  |TAMS 0x000000008a600000, 0x000000008a600000| Untracked 
| 167|0x000000008a700000, 0x000000008a700000, 0x000000008a800000|  0%| F|  |TAMS 0x000000008a700000, 0x000000008a700000| Untracked 
| 168|0x000000008a800000, 0x000000008a800000, 0x000000008a900000|  0%| F|  |TAMS 0x000000008a800000, 0x000000008a800000| Untracked 
| 169|0x000000008a900000, 0x000000008a900000, 0x000000008aa00000|  0%| F|  |TAMS 0x000000008a900000, 0x000000008a900000| Untracked 
| 170|0x000000008aa00000, 0x000000008aa00000, 0x000000008ab00000|  0%| F|  |TAMS 0x000000008aa00000, 0x000000008aa00000| Untracked 
| 171|0x000000008ab00000, 0x000000008ab00000, 0x000000008ac00000|  0%| F|  |TAMS 0x000000008ab00000, 0x000000008ab00000| Untracked 
| 172|0x000000008ac00000, 0x000000008ac00000, 0x000000008ad00000|  0%| F|  |TAMS 0x000000008ac00000, 0x000000008ac00000| Untracked 
| 173|0x000000008ad00000, 0x000000008ad00000, 0x000000008ae00000|  0%| F|  |TAMS 0x000000008ad00000, 0x000000008ad00000| Untracked 
| 174|0x000000008ae00000, 0x000000008ae00000, 0x000000008af00000|  0%| F|  |TAMS 0x000000008ae00000, 0x000000008ae00000| Untracked 
| 175|0x000000008af00000, 0x000000008af00000, 0x000000008b000000|  0%| F|  |TAMS 0x000000008af00000, 0x000000008af00000| Untracked 
| 176|0x000000008b000000, 0x000000008b000000, 0x000000008b100000|  0%| F|  |TAMS 0x000000008b000000, 0x000000008b000000| Untracked 
| 177|0x000000008b100000, 0x000000008b100000, 0x000000008b200000|  0%| F|  |TAMS 0x000000008b100000, 0x000000008b100000| Untracked 
| 178|0x000000008b200000, 0x000000008b200000, 0x000000008b300000|  0%| F|  |TAMS 0x000000008b200000, 0x000000008b200000| Untracked 
| 179|0x000000008b300000, 0x000000008b300000, 0x000000008b400000|  0%| F|  |TAMS 0x000000008b300000, 0x000000008b300000| Untracked 
| 180|0x000000008b400000, 0x000000008b400000, 0x000000008b500000|  0%| F|  |TAMS 0x000000008b400000, 0x000000008b400000| Untracked 
| 181|0x000000008b500000, 0x000000008b500000, 0x000000008b600000|  0%| F|  |TAMS 0x000000008b500000, 0x000000008b500000| Untracked 
| 182|0x000000008b600000, 0x000000008b600000, 0x000000008b700000|  0%| F|  |TAMS 0x000000008b600000, 0x000000008b600000| Untracked 
| 183|0x000000008b700000, 0x000000008b700000, 0x000000008b800000|  0%| F|  |TAMS 0x000000008b700000, 0x000000008b700000| Untracked 
| 184|0x000000008b800000, 0x000000008b800000, 0x000000008b900000|  0%| F|  |TAMS 0x000000008b800000, 0x000000008b800000| Untracked 
| 185|0x000000008b900000, 0x000000008b900000, 0x000000008ba00000|  0%| F|  |TAMS 0x000000008b900000, 0x000000008b900000| Untracked 
| 186|0x000000008ba00000, 0x000000008ba00000, 0x000000008bb00000|  0%| F|  |TAMS 0x000000008ba00000, 0x000000008ba00000| Untracked 
| 187|0x000000008bb00000, 0x000000008bb00000, 0x000000008bc00000|  0%| F|  |TAMS 0x000000008bb00000, 0x000000008bb00000| Untracked 
| 188|0x000000008bc00000, 0x000000008bc00000, 0x000000008bd00000|  0%| F|  |TAMS 0x000000008bc00000, 0x000000008bc00000| Untracked 
| 189|0x000000008bd00000, 0x000000008bd00000, 0x000000008be00000|  0%| F|  |TAMS 0x000000008bd00000, 0x000000008bd00000| Untracked 
| 190|0x000000008be00000, 0x000000008be00000, 0x000000008bf00000|  0%| F|  |TAMS 0x000000008be00000, 0x000000008be00000| Untracked 
| 191|0x000000008bf00000, 0x000000008bf00000, 0x000000008c000000|  0%| F|  |TAMS 0x000000008bf00000, 0x000000008bf00000| Untracked 
| 192|0x000000008c000000, 0x000000008c000000, 0x000000008c100000|  0%| F|  |TAMS 0x000000008c000000, 0x000000008c000000| Untracked 
| 193|0x000000008c100000, 0x000000008c100000, 0x000000008c200000|  0%| F|  |TAMS 0x000000008c100000, 0x000000008c100000| Untracked 
| 194|0x000000008c200000, 0x000000008c200000, 0x000000008c300000|  0%| F|  |TAMS 0x000000008c200000, 0x000000008c200000| Untracked 
| 195|0x000000008c300000, 0x000000008c300000, 0x000000008c400000|  0%| F|  |TAMS 0x000000008c300000, 0x000000008c300000| Untracked 
| 196|0x000000008c400000, 0x000000008c400000, 0x000000008c500000|  0%| F|  |TAMS 0x000000008c400000, 0x000000008c400000| Untracked 
| 197|0x000000008c500000, 0x000000008c500000, 0x000000008c600000|  0%| F|  |TAMS 0x000000008c500000, 0x000000008c500000| Untracked 
| 198|0x000000008c600000, 0x000000008c600000, 0x000000008c700000|  0%| F|  |TAMS 0x000000008c600000, 0x000000008c600000| Untracked 
| 199|0x000000008c700000, 0x000000008c700000, 0x000000008c800000|  0%| F|  |TAMS 0x000000008c700000, 0x000000008c700000| Untracked 
| 200|0x000000008c800000, 0x000000008c800000, 0x000000008c900000|  0%| F|  |TAMS 0x000000008c800000, 0x000000008c800000| Untracked 
| 201|0x000000008c900000, 0x000000008c900000, 0x000000008ca00000|  0%| F|  |TAMS 0x000000008c900000, 0x000000008c900000| Untracked 
| 202|0x000000008ca00000, 0x000000008ca00000, 0x000000008cb00000|  0%| F|  |TAMS 0x000000008ca00000, 0x000000008ca00000| Untracked 
| 203|0x000000008cb00000, 0x000000008cb00000, 0x000000008cc00000|  0%| F|  |TAMS 0x000000008cb00000, 0x000000008cb00000| Untracked 
| 204|0x000000008cc00000, 0x000000008cc00000, 0x000000008cd00000|  0%| F|  |TAMS 0x000000008cc00000, 0x000000008cc00000| Untracked 
| 205|0x000000008cd00000, 0x000000008cd00000, 0x000000008ce00000|  0%| F|  |TAMS 0x000000008cd00000, 0x000000008cd00000| Untracked 
| 206|0x000000008ce00000, 0x000000008ce00000, 0x000000008cf00000|  0%| F|  |TAMS 0x000000008ce00000, 0x000000008ce00000| Untracked 
| 207|0x000000008cf00000, 0x000000008cf00000, 0x000000008d000000|  0%| F|  |TAMS 0x000000008cf00000, 0x000000008cf00000| Untracked 
| 208|0x000000008d000000, 0x000000008d000000, 0x000000008d100000|  0%| F|  |TAMS 0x000000008d000000, 0x000000008d000000| Untracked 
| 209|0x000000008d100000, 0x000000008d100000, 0x000000008d200000|  0%| F|  |TAMS 0x000000008d100000, 0x000000008d100000| Untracked 
| 210|0x000000008d200000, 0x000000008d200000, 0x000000008d300000|  0%| F|  |TAMS 0x000000008d200000, 0x000000008d200000| Untracked 
| 211|0x000000008d300000, 0x000000008d300000, 0x000000008d400000|  0%| F|  |TAMS 0x000000008d300000, 0x000000008d300000| Untracked 
| 212|0x000000008d400000, 0x000000008d400000, 0x000000008d500000|  0%| F|  |TAMS 0x000000008d400000, 0x000000008d400000| Untracked 
| 213|0x000000008d500000, 0x000000008d500000, 0x000000008d600000|  0%| F|  |TAMS 0x000000008d500000, 0x000000008d500000| Untracked 
| 214|0x000000008d600000, 0x000000008d600000, 0x000000008d700000|  0%| F|  |TAMS 0x000000008d600000, 0x000000008d600000| Untracked 
| 215|0x000000008d700000, 0x000000008d700000, 0x000000008d800000|  0%| F|  |TAMS 0x000000008d700000, 0x000000008d700000| Untracked 
| 216|0x000000008d800000, 0x000000008d800000, 0x000000008d900000|  0%| F|  |TAMS 0x000000008d800000, 0x000000008d800000| Untracked 
| 217|0x000000008d900000, 0x000000008d900000, 0x000000008da00000|  0%| F|  |TAMS 0x000000008d900000, 0x000000008d900000| Untracked 
| 218|0x000000008da00000, 0x000000008da00000, 0x000000008db00000|  0%| F|  |TAMS 0x000000008da00000, 0x000000008da00000| Untracked 
| 219|0x000000008db00000, 0x000000008db00000, 0x000000008dc00000|  0%| F|  |TAMS 0x000000008db00000, 0x000000008db00000| Untracked 
| 220|0x000000008dc00000, 0x000000008dc00000, 0x000000008dd00000|  0%| F|  |TAMS 0x000000008dc00000, 0x000000008dc00000| Untracked 
| 221|0x000000008dd00000, 0x000000008dd00000, 0x000000008de00000|  0%| F|  |TAMS 0x000000008dd00000, 0x000000008dd00000| Untracked 
| 222|0x000000008de00000, 0x000000008de00000, 0x000000008df00000|  0%| F|  |TAMS 0x000000008de00000, 0x000000008de00000| Untracked 
| 223|0x000000008df00000, 0x000000008df00000, 0x000000008e000000|  0%| F|  |TAMS 0x000000008df00000, 0x000000008df00000| Untracked 
| 224|0x000000008e000000, 0x000000008e000000, 0x000000008e100000|  0%| F|  |TAMS 0x000000008e000000, 0x000000008e000000| Untracked 
| 225|0x000000008e100000, 0x000000008e100000, 0x000000008e200000|  0%| F|  |TAMS 0x000000008e100000, 0x000000008e100000| Untracked 
| 226|0x000000008e200000, 0x000000008e200000, 0x000000008e300000|  0%| F|  |TAMS 0x000000008e200000, 0x000000008e200000| Untracked 
| 227|0x000000008e300000, 0x000000008e300000, 0x000000008e400000|  0%| F|  |TAMS 0x000000008e300000, 0x000000008e300000| Untracked 
| 228|0x000000008e400000, 0x000000008e47ab40, 0x000000008e500000| 47%| S|CS|TAMS 0x000000008e400000, 0x000000008e400000| Complete 
| 229|0x000000008e500000, 0x000000008e600000, 0x000000008e600000|100%| S|CS|TAMS 0x000000008e500000, 0x000000008e500000| Complete 
| 230|0x000000008e600000, 0x000000008e600000, 0x000000008e700000|  0%| F|  |TAMS 0x000000008e600000, 0x000000008e600000| Untracked 
| 231|0x000000008e700000, 0x000000008e700000, 0x000000008e800000|  0%| F|  |TAMS 0x000000008e700000, 0x000000008e700000| Untracked 
| 232|0x000000008e800000, 0x000000008e800000, 0x000000008e900000|  0%| F|  |TAMS 0x000000008e800000, 0x000000008e800000| Untracked 
| 233|0x000000008e900000, 0x000000008e900000, 0x000000008ea00000|  0%| F|  |TAMS 0x000000008e900000, 0x000000008e900000| Untracked 
| 234|0x000000008ea00000, 0x000000008ea00000, 0x000000008eb00000|  0%| F|  |TAMS 0x000000008ea00000, 0x000000008ea00000| Untracked 
| 235|0x000000008eb00000, 0x000000008eb00000, 0x000000008ec00000|  0%| F|  |TAMS 0x000000008eb00000, 0x000000008eb00000| Untracked 
| 236|0x000000008ec00000, 0x000000008ec00000, 0x000000008ed00000|  0%| F|  |TAMS 0x000000008ec00000, 0x000000008ec00000| Untracked 
| 237|0x000000008ed00000, 0x000000008ed00000, 0x000000008ee00000|  0%| F|  |TAMS 0x000000008ed00000, 0x000000008ed00000| Untracked 
| 238|0x000000008ee00000, 0x000000008ee00000, 0x000000008ef00000|  0%| F|  |TAMS 0x000000008ee00000, 0x000000008ee00000| Untracked 
| 239|0x000000008ef00000, 0x000000008ef00000, 0x000000008f000000|  0%| F|  |TAMS 0x000000008ef00000, 0x000000008ef00000| Untracked 
| 240|0x000000008f000000, 0x000000008f000000, 0x000000008f100000|  0%| F|  |TAMS 0x000000008f000000, 0x000000008f000000| Untracked 
| 241|0x000000008f100000, 0x000000008f100000, 0x000000008f200000|  0%| F|  |TAMS 0x000000008f100000, 0x000000008f100000| Untracked 
| 242|0x000000008f200000, 0x000000008f200000, 0x000000008f300000|  0%| F|  |TAMS 0x000000008f200000, 0x000000008f200000| Untracked 
| 243|0x000000008f300000, 0x000000008f300000, 0x000000008f400000|  0%| F|  |TAMS 0x000000008f300000, 0x000000008f300000| Untracked 
| 244|0x000000008f400000, 0x000000008f400000, 0x000000008f500000|  0%| F|  |TAMS 0x000000008f400000, 0x000000008f400000| Untracked 
| 245|0x000000008f500000, 0x000000008f500000, 0x000000008f600000|  0%| F|  |TAMS 0x000000008f500000, 0x000000008f500000| Untracked 
| 246|0x000000008f600000, 0x000000008f600000, 0x000000008f700000|  0%| F|  |TAMS 0x000000008f600000, 0x000000008f600000| Untracked 
| 247|0x000000008f700000, 0x000000008f700000, 0x000000008f800000|  0%| F|  |TAMS 0x000000008f700000, 0x000000008f700000| Untracked 
| 248|0x000000008f800000, 0x000000008f800000, 0x000000008f900000|  0%| F|  |TAMS 0x000000008f800000, 0x000000008f800000| Untracked 
| 249|0x000000008f900000, 0x000000008f900000, 0x000000008fa00000|  0%| F|  |TAMS 0x000000008f900000, 0x000000008f900000| Untracked 
| 250|0x000000008fa00000, 0x000000008fa00000, 0x000000008fb00000|  0%| F|  |TAMS 0x000000008fa00000, 0x000000008fa00000| Untracked 
| 251|0x000000008fb00000, 0x000000008fb00000, 0x000000008fc00000|  0%| F|  |TAMS 0x000000008fb00000, 0x000000008fb00000| Untracked 
| 252|0x000000008fc00000, 0x000000008fc00000, 0x000000008fd00000|  0%| F|  |TAMS 0x000000008fc00000, 0x000000008fc00000| Untracked 
| 253|0x000000008fd00000, 0x000000008fd00000, 0x000000008fe00000|  0%| F|  |TAMS 0x000000008fd00000, 0x000000008fd00000| Untracked 
| 254|0x000000008fe00000, 0x000000008fe00000, 0x000000008ff00000|  0%| F|  |TAMS 0x000000008fe00000, 0x000000008fe00000| Untracked 
| 255|0x000000008ff00000, 0x000000008ff00000, 0x0000000090000000|  0%| F|  |TAMS 0x000000008ff00000, 0x000000008ff00000| Untracked 
| 256|0x0000000090000000, 0x0000000090000000, 0x0000000090100000|  0%| F|  |TAMS 0x0000000090000000, 0x0000000090000000| Untracked 
| 257|0x0000000090100000, 0x0000000090100000, 0x0000000090200000|  0%| F|  |TAMS 0x0000000090100000, 0x0000000090100000| Untracked 
| 258|0x0000000090200000, 0x0000000090200000, 0x0000000090300000|  0%| F|  |TAMS 0x0000000090200000, 0x0000000090200000| Untracked 
| 259|0x0000000090300000, 0x0000000090300000, 0x0000000090400000|  0%| F|  |TAMS 0x0000000090300000, 0x0000000090300000| Untracked 
| 260|0x0000000090400000, 0x0000000090400000, 0x0000000090500000|  0%| F|  |TAMS 0x0000000090400000, 0x0000000090400000| Untracked 
| 261|0x0000000090500000, 0x0000000090500000, 0x0000000090600000|  0%| F|  |TAMS 0x0000000090500000, 0x0000000090500000| Untracked 
| 262|0x0000000090600000, 0x0000000090600000, 0x0000000090700000|  0%| F|  |TAMS 0x0000000090600000, 0x0000000090600000| Untracked 
| 263|0x0000000090700000, 0x0000000090700000, 0x0000000090800000|  0%| F|  |TAMS 0x0000000090700000, 0x0000000090700000| Untracked 
| 264|0x0000000090800000, 0x0000000090800000, 0x0000000090900000|  0%| F|  |TAMS 0x0000000090800000, 0x0000000090800000| Untracked 

Card table byte_map: [0x000001637f1e0000,0x000001637f5e0000] _byte_map_base: 0x000001637ede0000

Marking Bits (Prev, Next): (CMBitMap*) 0x000001637afe1140, (CMBitMap*) 0x000001637afe1108
 Prev Bits: [0x0000016311000000, 0x0000016313000000)
 Next Bits: [0x000001630f000000, 0x0000016311000000)

Polling page: 0x0000016378ef0000

Metaspace:

Usage:
  Non-class:     76.12 MB capacity,    74.71 MB ( 98%) used,     1.18 MB (  2%) free+waste,   239.13 KB ( <1%) overhead. 
      Class:     11.85 MB capacity,    11.07 MB ( 93%) used,   686.88 KB (  6%) free+waste,   111.19 KB ( <1%) overhead. 
       Both:     87.98 MB capacity,    85.79 MB ( 98%) used,     1.85 MB (  2%) free+waste,   350.31 KB ( <1%) overhead. 

Virtual space:
  Non-class space:       78.00 MB reserved,      76.17 MB ( 98%) committed 
      Class space:        1.00 GB reserved,      11.88 MB (  1%) committed 
             Both:        1.08 GB reserved,      88.05 MB (  8%) committed 

Chunk freelists:
   Non-Class:  50.00 KB
       Class:  22.00 KB
        Both:  72.00 KB

MaxMetaspaceSize: 17179869184.00 GB
CompressedClassSpaceSize: 1.00 GB
Initial GC threshold: 20.80 MB
Current GC threshold: 120.50 MB
CDS: off

CodeHeap 'non-profiled nmethods': size=120000Kb used=5757Kb max_used=5757Kb free=114242Kb
 bounds [0x0000016307ad0000, 0x0000016308070000, 0x000001630f000000]
CodeHeap 'profiled nmethods': size=120000Kb used=20276Kb max_used=20276Kb free=99724Kb
 bounds [0x00000163005a0000, 0x0000016301970000, 0x0000016307ad0000]
CodeHeap 'non-nmethods': size=5760Kb used=2379Kb max_used=2424Kb free=3380Kb
 bounds [0x0000016300000000, 0x0000016300270000, 0x00000163005a0000]
 total_blobs=10248 nmethods=9353 adapters=807
 compilation: enabled
              stopped_count=0, restarted_count=0
 full_count=0

Compilation events (20 events):
Event: 79.064 Thread 0x000001631551e800 9464       3       org.gradle.internal.operations.DefaultBuildOperationRunner::call (24 bytes)
Event: 79.067 Thread 0x000001631551e800 nmethod 9464 0x0000016301964b10 code [0x0000016301964d60, 0x0000016301965748]
Event: 79.067 Thread 0x000001631551e800 9465       3       org.gradle.internal.operations.DefaultBuildOperationRunner$CallableBuildOperationWorker::<init> (5 bytes)
Event: 79.067 Thread 0x000001631551e800 nmethod 9465 0x0000016301965b10 code [0x0000016301965cc0, 0x0000016301965e78]
Event: 79.067 Thread 0x000001631551e800 9466       3       org.gradle.internal.operations.DefaultBuildOperationRunner$CallableBuildOperationWorker::<init> (5 bytes)
Event: 79.067 Thread 0x000001631551e800 nmethod 9466 0x0000016301965f90 code [0x0000016301966140, 0x0000016301966298]
Event: 79.068 Thread 0x000001631551e800 9467       3       org.gradle.internal.operations.DefaultBuildOperationRunner$CallableBuildOperationWorker::execute (10 bytes)
Event: 79.069 Thread 0x000001631551e800 nmethod 9467 0x0000016301966390 code [0x0000016301966560, 0x0000016301966908]
Event: 79.069 Thread 0x000001631551e800 9468       3       org.gradle.internal.operations.DefaultBuildOperationRunner$CallableBuildOperationWorker::execute (12 bytes)
Event: 79.069 Thread 0x000001631551e800 nmethod 9468 0x0000016301966a10 code [0x0000016301966be0, 0x0000016301966e08]
Event: 79.087 Thread 0x000001631551e800 9469       3       org.gradle.api.internal.collections.AbstractIterationOrderRetainingElementSource::realizePending (54 bytes)
Event: 79.087 Thread 0x000001631551e800 nmethod 9469 0x0000016301966f10 code [0x0000016301967120, 0x00000163019676b8]
Event: 79.124 Thread 0x000001631551e800 9470       3       org.gradle.tooling.internal.adapter.ProtocolToModelAdapter::access$200 (4 bytes)
Event: 79.124 Thread 0x000001631551e800 nmethod 9470 0x0000016301967890 code [0x0000016301967a40, 0x0000016301967b38]
Event: 79.127 Thread 0x000001631551e800 9471       3       org.gradle.tooling.internal.adapter.TypeInspector::visit (198 bytes)
Event: 79.132 Thread 0x000001631551e800 nmethod 9471 0x0000016301967c10 code [0x00000163019681c0, 0x000001630196b568]
Event: 79.132 Thread 0x000001631551e800 9472       3       org.gradle.tooling.internal.adapter.ProtocolToModelAdapter$TypeSpecificMappingAction::restrictTo (19 bytes)
Event: 79.132 Thread 0x000001631551e800 nmethod 9472 0x000001630196c710 code [0x000001630196c8e0, 0x000001630196cb68]
Event: 79.143 Thread 0x000001631551e800 9473       3       java.util.HashMap$Values::size (8 bytes)
Event: 79.143 Thread 0x000001631551e800 nmethod 9473 0x000001630196cc90 code [0x000001630196ce40, 0x000001630196cf58]

GC Heap History (20 events):
Event: 33.561 GC heap after
{Heap after GC invocations=29 (full 0):
 garbage-first heap   total 121856K, used 55050K [0x0000000080000000, 0x0000000100000000)
  region size 1024K, 6 young (6144K), 6 survivors (6144K)
 Metaspace       used 51363K, capacity 52839K, committed 53040K, reserved 1095680K
  class space    used 6525K, capacity 7032K, committed 7040K, reserved 1048576K
}
Event: 37.774 GC heap before
{Heap before GC invocations=29 (full 0):
 garbage-first heap   total 121856K, used 100106K [0x0000000080000000, 0x0000000100000000)
  region size 1024K, 46 young (47104K), 6 survivors (6144K)
 Metaspace       used 54080K, capacity 55701K, committed 55856K, reserved 1097728K
  class space    used 6975K, capacity 7516K, committed 7552K, reserved 1048576K
}
Event: 37.880 GC heap after
{Heap after GC invocations=30 (full 0):
 garbage-first heap   total 121856K, used 62037K [0x0000000080000000, 0x0000000100000000)
  region size 1024K, 6 young (6144K), 6 survivors (6144K)
 Metaspace       used 54080K, capacity 55701K, committed 55856K, reserved 1097728K
  class space    used 6975K, capacity 7516K, committed 7552K, reserved 1048576K
}
Event: 41.603 GC heap before
{Heap before GC invocations=30 (full 0):
 garbage-first heap   total 121856K, used 97877K [0x0000000080000000, 0x0000000100000000)
  region size 1024K, 42 young (43008K), 6 survivors (6144K)
 Metaspace       used 55988K, capacity 57615K, committed 57904K, reserved 1099776K
  class space    used 7196K, capacity 7742K, committed 7808K, reserved 1048576K
}
Event: 41.865 GC heap after
{Heap after GC invocations=31 (full 0):
 garbage-first heap   total 174080K, used 63708K [0x0000000080000000, 0x0000000100000000)
  region size 1024K, 5 young (5120K), 5 survivors (5120K)
 Metaspace       used 55988K, capacity 57615K, committed 57904K, reserved 1099776K
  class space    used 7196K, capacity 7742K, committed 7808K, reserved 1048576K
}
Event: 46.420 GC heap before
{Heap before GC invocations=32 (full 0):
 garbage-first heap   total 174080K, used 125148K [0x0000000080000000, 0x0000000100000000)
  region size 1024K, 57 young (58368K), 5 survivors (5120K)
 Metaspace       used 59241K, capacity 60895K, committed 61104K, reserved 1101824K
  class space    used 7590K, capacity 8186K, committed 8192K, reserved 1048576K
}
Event: 46.663 GC heap after
{Heap after GC invocations=33 (full 0):
 garbage-first heap   total 174080K, used 80508K [0x0000000080000000, 0x0000000100000000)
  region size 1024K, 8 young (8192K), 8 survivors (8192K)
 Metaspace       used 59241K, capacity 60895K, committed 61104K, reserved 1101824K
  class space    used 7590K, capacity 8186K, committed 8192K, reserved 1048576K
}
Event: 49.626 GC heap before
{Heap before GC invocations=33 (full 0):
 garbage-first heap   total 174080K, used 133756K [0x0000000080000000, 0x0000000100000000)
  region size 1024K, 60 young (61440K), 8 survivors (8192K)
 Metaspace       used 67736K, capacity 69639K, committed 69936K, reserved 1110016K
  class space    used 8641K, capacity 9288K, committed 9344K, reserved 1048576K
}
Event: 49.683 GC heap after
{Heap after GC invocations=34 (full 0):
 garbage-first heap   total 174080K, used 83899K [0x0000000080000000, 0x0000000100000000)
  region size 1024K, 4 young (4096K), 4 survivors (4096K)
 Metaspace       used 67736K, capacity 69639K, committed 69936K, reserved 1110016K
  class space    used 8641K, capacity 9288K, committed 9344K, reserved 1048576K
}
Event: 50.836 GC heap before
{Heap before GC invocations=34 (full 0):
 garbage-first heap   total 174080K, used 128955K [0x0000000080000000, 0x0000000100000000)
  region size 1024K, 50 young (51200K), 4 survivors (4096K)
 Metaspace       used 71315K, capacity 73115K, committed 73264K, reserved 1112064K
  class space    used 9089K, capacity 9757K, committed 9856K, reserved 1048576K
}
Event: 50.906 GC heap after
{Heap after GC invocations=35 (full 0):
 garbage-first heap   total 174080K, used 87524K [0x0000000080000000, 0x0000000100000000)
  region size 1024K, 7 young (7168K), 7 survivors (7168K)
 Metaspace       used 71315K, capacity 73115K, committed 73264K, reserved 1112064K
  class space    used 9089K, capacity 9757K, committed 9856K, reserved 1048576K
}
Event: 54.868 GC heap before
{Heap before GC invocations=36 (full 0):
 garbage-first heap   total 174080K, used 140772K [0x0000000080000000, 0x0000000100000000)
  region size 1024K, 58 young (59392K), 7 survivors (7168K)
 Metaspace       used 74490K, capacity 76401K, committed 76720K, reserved 1116160K
  class space    used 9490K, capacity 10162K, committed 10240K, reserved 1048576K
}
Event: 54.991 GC heap after
{Heap after GC invocations=37 (full 0):
 garbage-first heap   total 271360K, used 90526K [0x0000000080000000, 0x0000000100000000)
  region size 1024K, 7 young (7168K), 7 survivors (7168K)
 Metaspace       used 74490K, capacity 76401K, committed 76720K, reserved 1116160K
  class space    used 9490K, capacity 10162K, committed 10240K, reserved 1048576K
}
Event: 63.267 GC heap before
{Heap before GC invocations=37 (full 0):
 garbage-first heap   total 271360K, used 165278K [0x0000000080000000, 0x0000000100000000)
  region size 1024K, 80 young (81920K), 7 survivors (7168K)
 Metaspace       used 80703K, capacity 82655K, committed 82864K, reserved 1120256K
  class space    used 10451K, capacity 11174K, committed 11264K, reserved 1048576K
}
Event: 63.905 GC heap after
{Heap after GC invocations=38 (full 0):
 garbage-first heap   total 271360K, used 95703K [0x0000000080000000, 0x0000000100000000)
  region size 1024K, 9 young (9216K), 9 survivors (9216K)
 Metaspace       used 80703K, capacity 82655K, committed 82864K, reserved 1120256K
  class space    used 10451K, capacity 11174K, committed 11264K, reserved 1048576K
}
Event: 65.267 GC heap before
{Heap before GC invocations=38 (full 0):
 garbage-first heap   total 271360K, used 99799K [0x0000000080000000, 0x0000000100000000)
  region size 1024K, 13 young (13312K), 9 survivors (9216K)
 Metaspace       used 81037K, capacity 82959K, committed 83120K, reserved 1122304K
  class space    used 10507K, capacity 11211K, committed 11264K, reserved 1048576K
}
Event: 65.379 GC heap after
{Heap after GC invocations=39 (full 0):
 garbage-first heap   total 271360K, used 96952K [0x0000000080000000, 0x0000000100000000)
  region size 1024K, 2 young (2048K), 2 survivors (2048K)
 Metaspace       used 81037K, capacity 82959K, committed 83120K, reserved 1122304K
  class space    used 10507K, capacity 11211K, committed 11264K, reserved 1048576K
}
Event: 77.332 GC heap before
{Heap before GC invocations=39 (full 0):
 garbage-first heap   total 271360K, used 159416K [0x0000000080000000, 0x0000000100000000)
  region size 1024K, 54 young (55296K), 2 survivors (2048K)
 Metaspace       used 84554K, capacity 86683K, committed 86832K, reserved 1124352K
  class space    used 11010K, capacity 11800K, committed 11904K, reserved 1048576K
}
Event: 77.482 GC heap after
{Heap after GC invocations=40 (full 0):
 garbage-first heap   total 271360K, used 112481K [0x0000000080000000, 0x0000000100000000)
  region size 1024K, 7 young (7168K), 7 survivors (7168K)
 Metaspace       used 84554K, capacity 86683K, committed 86832K, reserved 1124352K
  class space    used 11010K, capacity 11800K, committed 11904K, reserved 1048576K
}
Event: 79.148 GC heap before
{Heap before GC invocations=40 (full 0):
 garbage-first heap   total 271360K, used 149345K [0x0000000080000000, 0x0000000100000000)
  region size 1024K, 42 young (43008K), 7 survivors (7168K)
 Metaspace       used 87847K, capacity 90088K, committed 90160K, reserved 1128448K
  class space    used 11339K, capacity 12138K, committed 12160K, reserved 1048576K
}

Deoptimization events (20 events):
Event: 79.043 Thread 0x0000016318028000 Uncommon trap: trap_request=0xffffff4d fr.pc=0x0000016307f91328 relative=0x0000000000000e28
Event: 79.043 Thread 0x0000016318028000 Uncommon trap: reason=unstable_if action=reinterpret pc=0x0000016307f91328 method=org.objectweb.asm.MethodWriter.<init>(Lorg/objectweb/asm/SymbolTable;ILjava/lang/String;Ljava/lang/String;Ljava/lang/String;[Ljava/lang/String;I)V @ 100 c2
Event: 79.043 Thread 0x0000016318028000 DEOPT PACKING pc=0x0000016307f91328 sp=0x00000002bd4f99a0
Event: 79.043 Thread 0x0000016318028000 DEOPT UNPACKING pc=0x000001630004a1af sp=0x00000002bd4f9988 mode 2
Event: 79.044 Thread 0x0000016318028000 Uncommon trap: trap_request=0xffffff4d fr.pc=0x0000016307fed728 relative=0x0000000000000068
Event: 79.044 Thread 0x0000016318028000 Uncommon trap: reason=unstable_if action=reinterpret pc=0x0000016307fed728 method=org.objectweb.asm.AnnotationWriter.computeAnnotationsSize(Lorg/objectweb/asm/AnnotationWriter;Lorg/objectweb/asm/AnnotationWriter;Lorg/objectweb/asm/AnnotationWriter;Lorg/ob
Event: 79.044 Thread 0x0000016318028000 DEOPT PACKING pc=0x0000016307fed728 sp=0x00000002bd4f9d30
Event: 79.044 Thread 0x0000016318028000 DEOPT UNPACKING pc=0x000001630004a1af sp=0x00000002bd4f9cb8 mode 2
Event: 79.044 Thread 0x0000016318028000 Uncommon trap: trap_request=0xffffff4d fr.pc=0x000001630806d89c relative=0x00000000000004dc
Event: 79.044 Thread 0x0000016318028000 Uncommon trap: reason=unstable_if action=reinterpret pc=0x000001630806d89c method=org.objectweb.asm.MethodWriter.computeMethodInfoSize()I @ 342 c2
Event: 79.044 Thread 0x0000016318028000 DEOPT PACKING pc=0x000001630806d89c sp=0x00000002bd4f9dd0
Event: 79.044 Thread 0x0000016318028000 DEOPT UNPACKING pc=0x000001630004a1af sp=0x00000002bd4f9d68 mode 2
Event: 79.044 Thread 0x0000016318028000 Uncommon trap: trap_request=0xffffff4d fr.pc=0x0000016307fc33e0 relative=0x00000000000000a0
Event: 79.044 Thread 0x0000016318028000 Uncommon trap: reason=unstable_if action=reinterpret pc=0x0000016307fc33e0 method=org.objectweb.asm.AnnotationWriter.putAnnotations(Lorg/objectweb/asm/SymbolTable;Lorg/objectweb/asm/AnnotationWriter;Lorg/objectweb/asm/AnnotationWriter;Lorg/objectweb/asm/A
Event: 79.044 Thread 0x0000016318028000 DEOPT PACKING pc=0x0000016307fc33e0 sp=0x00000002bd4f9d10
Event: 79.044 Thread 0x0000016318028000 DEOPT UNPACKING pc=0x000001630004a1af sp=0x00000002bd4f9ca0 mode 2
Event: 79.045 Thread 0x0000016318028000 Uncommon trap: trap_request=0xffffff4d fr.pc=0x0000016307fc7834 relative=0x0000000000001d74
Event: 79.045 Thread 0x0000016318028000 Uncommon trap: reason=unstable_if action=reinterpret pc=0x0000016307fc7834 method=org.objectweb.asm.MethodWriter.putMethodInfo(Lorg/objectweb/asm/ByteVector;)V @ 108 c2
Event: 79.045 Thread 0x0000016318028000 DEOPT PACKING pc=0x0000016307fc7834 sp=0x00000002bd4f9d70
Event: 79.045 Thread 0x0000016318028000 DEOPT UNPACKING pc=0x000001630004a1af sp=0x00000002bd4f9d38 mode 2

Classes redefined (0 events):
No events

Internal exceptions (20 events):
Event: 77.499 Thread 0x0000016318028000 Exception <a 'java/lang/ClassNotFoundException'{0x00000000908344f8}: java/lang/NumberCustomizer> (0x00000000908344f8) thrown at [./src/hotspot/share/classfile/systemDictionary.cpp, line 231]
Event: 77.501 Thread 0x0000016318028000 Exception <a 'java/lang/ClassNotFoundException'{0x0000000090840aa8}: java/lang/IntegerCustomizer> (0x0000000090840aa8) thrown at [./src/hotspot/share/classfile/systemDictionary.cpp, line 231]
Event: 77.544 Thread 0x0000016318028000 Exception <a 'java/lang/ClassNotFoundException'{0x00000000908a1d68}: org/gradle/internal/extensibility/DefaultConventionBeanInfo> (0x00000000908a1d68) thrown at [./src/hotspot/share/classfile/systemDictionary.cpp, line 231]
Event: 77.545 Thread 0x0000016318028000 Exception <a 'java/lang/ClassNotFoundException'{0x00000000908b7ec0}: org/gradle/internal/extensibility/DefaultConventionCustomizer> (0x00000000908b7ec0) thrown at [./src/hotspot/share/classfile/systemDictionary.cpp, line 231]
Event: 77.607 Thread 0x0000016318028000 Exception <a 'java/lang/ClassNotFoundException'{0x000000009075eb68}: org/gradle/internal/extensibility/DefaultExtensionsSchemaBeanInfo> (0x000000009075eb68) thrown at [./src/hotspot/share/classfile/systemDictionary.cpp, line 231]
Event: 77.613 Thread 0x0000016318028000 Exception <a 'java/lang/ClassNotFoundException'{0x0000000090775f00}: org/gradle/internal/extensibility/DefaultExtensionsSchemaCustomizer> (0x0000000090775f00) thrown at [./src/hotspot/share/classfile/systemDictionary.cpp, line 231]
Event: 77.625 Thread 0x0000016318028000 Exception <a 'java/lang/ClassNotFoundException'{0x00000000907b5240}: org/gradle/internal/extensibility/ExtensionsStorage$ExtensionHolderBeanInfo> (0x00000000907b5240) thrown at [./src/hotspot/share/classfile/systemDictionary.cpp, line 231]
Event: 77.628 Thread 0x0000016318028000 Exception <a 'java/lang/ClassNotFoundException'{0x00000000907cd928}: org/gradle/internal/extensibility/ExtensionsStorage$ExtensionHolderCustomizer> (0x00000000907cd928) thrown at [./src/hotspot/share/classfile/systemDictionary.cpp, line 231]
Event: 77.717 Thread 0x0000016318028000 Exception <a 'java/lang/ClassNotFoundException'{0x00000000905fe6c8}: org/codehaus/groovy/runtime/NullObjectBeanInfo> (0x00000000905fe6c8) thrown at [./src/hotspot/share/classfile/systemDictionary.cpp, line 231]
Event: 77.736 Thread 0x0000016318028000 Exception <a 'java/lang/ClassNotFoundException'{0x00000000903d5ff0}: org/codehaus/groovy/runtime/NullObjectCustomizer> (0x00000000903d5ff0) thrown at [./src/hotspot/share/classfile/systemDictionary.cpp, line 231]
Event: 77.911 Thread 0x0000016318028000 Exception <a 'java/lang/ClassNotFoundException'{0x000000008fe57400}: org/gradle/api/internal/tasks/DefaultSourceSetContainer_DecoratedBeanInfo> (0x000000008fe57400) thrown at [./src/hotspot/share/classfile/systemDictionary.cpp, line 231]
Event: 77.913 Thread 0x0000016318028000 Exception <a 'java/lang/ClassNotFoundException'{0x000000008fe79080}: org/gradle/api/internal/tasks/DefaultSourceSetContainerBeanInfo> (0x000000008fe79080) thrown at [./src/hotspot/share/classfile/systemDictionary.cpp, line 231]
Event: 77.915 Thread 0x0000016318028000 Exception <a 'java/lang/ClassNotFoundException'{0x000000008fe9afe0}: org/gradle/api/internal/tasks/DefaultSourceSetContainerCustomizer> (0x000000008fe9afe0) thrown at [./src/hotspot/share/classfile/systemDictionary.cpp, line 231]
Event: 77.920 Thread 0x0000016318028000 Exception <a 'java/lang/ClassNotFoundException'{0x000000008fecba18}: org/gradle/api/internal/tasks/DefaultSourceSetContainer_DecoratedCustomizer> (0x000000008fecba18) thrown at [./src/hotspot/share/classfile/systemDictionary.cpp, line 231]
Event: 78.224 Thread 0x0000016318028000 Exception <a 'java/lang/NoSuchMethodError'{0x000000008fcd9120}: <clinit>> (0x000000008fcd9120) thrown at [./src/hotspot/share/prims/jni.cpp, line 1365]
Event: 78.238 Thread 0x0000016318028000 Exception <a 'java/lang/NoSuchMethodError'{0x000000008fcfcd08}: <clinit>> (0x000000008fcfcd08) thrown at [./src/hotspot/share/prims/jni.cpp, line 1365]
Event: 78.419 Thread 0x0000016318028000 Exception <a 'java/lang/NoSuchMethodError'{0x000000008f71cca8}: <clinit>> (0x000000008f71cca8) thrown at [./src/hotspot/share/prims/jni.cpp, line 1365]
Event: 78.421 Thread 0x0000016318028000 Exception <a 'java/lang/NoSuchMethodError'{0x000000008f72a618}: <clinit>> (0x000000008f72a618) thrown at [./src/hotspot/share/prims/jni.cpp, line 1365]
Event: 78.423 Thread 0x0000016318028000 Exception <a 'java/lang/NoSuchMethodError'{0x000000008f737898}: <clinit>> (0x000000008f737898) thrown at [./src/hotspot/share/prims/jni.cpp, line 1365]
Event: 78.644 Thread 0x0000016318028000 Exception <a 'java/lang/NoSuchMethodError'{0x000000008f3488c8}: <clinit>> (0x000000008f3488c8) thrown at [./src/hotspot/share/prims/jni.cpp, line 1365]

Events (20 events):
Event: 79.138 loading class kotlin/LazyKt__LazyKt done
Event: 79.138 loading class kotlin/LazyKt__LazyJVMKt
Event: 79.138 loading class kotlin/LazyKt__LazyJVMKt done
Event: 79.139 loading class kotlin/SynchronizedLazyImpl
Event: 79.139 loading class kotlin/SynchronizedLazyImpl done
Event: 79.140 loading class kotlin/Lazy
Event: 79.140 loading class kotlin/Lazy done
Event: 79.140 loading class kotlin/UNINITIALIZED_VALUE
Event: 79.140 loading class kotlin/UNINITIALIZED_VALUE done
Event: 79.141 loading class com/android/tools/idea/gradle/project/sync/AndroidExtraModelProviderWorker$populateAndroidModels$buildNameMap$1$1
Event: 79.141 loading class com/android/tools/idea/gradle/project/sync/AndroidExtraModelProviderWorker$populateAndroidModels$buildNameMap$1$1 done
Event: 79.141 loading class com/android/ide/gradle/model/composites/BuildMap
Event: 79.141 loading class com/android/ide/gradle/model/composites/BuildMap done
Event: 79.143 loading class com/android/ide/gradle/model/composites/BuildMapImpl
Event: 79.143 loading class com/android/ide/gradle/model/composites/BuildMapImpl done
Event: 79.147 loading class kotlin/TuplesKt
Event: 79.147 loading class kotlin/TuplesKt done
Event: 79.147 loading class kotlin/Pair
Event: 79.147 loading class kotlin/Pair done
Event: 79.147 Executing VM operation: G1CollectForAllocation


Dynamic libraries:
0x00007ff6ba7d0000 - 0x00007ff6ba7da000 	C:\Program Files\Android\Android Studio\jre\bin\java.exe
0x00007ff8e6b20000 - 0x00007ff8e6d29000 	C:\WINDOWS\SYSTEM32\ntdll.dll
0x00007ff8e55e0000 - 0x00007ff8e569d000 	C:\WINDOWS\System32\KERNEL32.DLL
0x00007ff8e41b0000 - 0x00007ff8e4529000 	C:\WINDOWS\System32\KERNELBASE.dll
0x00007ff8e4010000 - 0x00007ff8e4121000 	C:\WINDOWS\System32\ucrtbase.dll
0x00007ff8d7390000 - 0x00007ff8d73a7000 	C:\Program Files\Android\Android Studio\jre\bin\VCRUNTIME140.dll
0x00007ff8d7400000 - 0x00007ff8d7419000 	C:\Program Files\Android\Android Studio\jre\bin\jli.dll
0x00007ff8e6760000 - 0x00007ff8e690c000 	C:\WINDOWS\System32\USER32.dll
0x00007ff8e4990000 - 0x00007ff8e49b6000 	C:\WINDOWS\System32\win32u.dll
0x00007ff8e5700000 - 0x00007ff8e5729000 	C:\WINDOWS\System32\GDI32.dll
0x00007ff8d38f0000 - 0x00007ff8d3b95000 	C:\WINDOWS\WinSxS\amd64_microsoft.windows.common-controls_6595b64144ccf1df_6.0.22000.120_none_9d947278b86cc467\COMCTL32.dll
0x00007ff8e4870000 - 0x00007ff8e4982000 	C:\WINDOWS\System32\gdi32full.dll
0x00007ff8e4660000 - 0x00007ff8e46fd000 	C:\WINDOWS\System32\msvcp_win.dll
0x00007ff8e5530000 - 0x00007ff8e55d3000 	C:\WINDOWS\System32\msvcrt.dll
0x00007ff8e4fd0000 - 0x00007ff8e5001000 	C:\WINDOWS\System32\IMM32.DLL
0x00007ff8c28f0000 - 0x00007ff8c298d000 	C:\Program Files\Android\Android Studio\jre\bin\msvcp140.dll
0x00007ff8a2320000 - 0x00007ff8a2e05000 	C:\Program Files\Android\Android Studio\jre\bin\server\jvm.dll
0x00007ff8e5730000 - 0x00007ff8e57de000 	C:\WINDOWS\System32\ADVAPI32.dll
0x00007ff8e57e0000 - 0x00007ff8e587e000 	C:\WINDOWS\System32\sechost.dll
0x00007ff8e5320000 - 0x00007ff8e5440000 	C:\WINDOWS\System32\RPCRT4.dll
0x00007ff8e6910000 - 0x00007ff8e6918000 	C:\WINDOWS\System32\PSAPI.DLL
0x00007ff8de830000 - 0x00007ff8de863000 	C:\WINDOWS\SYSTEM32\WINMM.dll
0x00007ff8d3820000 - 0x00007ff8d3829000 	C:\WINDOWS\SYSTEM32\WSOCK32.dll
0x00007ff8dc650000 - 0x00007ff8dc65a000 	C:\WINDOWS\SYSTEM32\VERSION.dll
0x00007ff8e6980000 - 0x00007ff8e69ef000 	C:\WINDOWS\System32\WS2_32.dll
0x00007ff8e3110000 - 0x00007ff8e3128000 	C:\WINDOWS\SYSTEM32\kernel.appcore.dll
0x00007ff8c1030000 - 0x00007ff8c1041000 	C:\Program Files\Android\Android Studio\jre\bin\verify.dll
0x00007ff8d6900000 - 0x00007ff8d6b21000 	C:\WINDOWS\SYSTEM32\DBGHELP.DLL
0x00007ff8d6680000 - 0x00007ff8d66b1000 	C:\WINDOWS\SYSTEM32\dbgcore.DLL
0x00007ff8e4130000 - 0x00007ff8e41af000 	C:\WINDOWS\System32\bcryptPrimitives.dll
0x00007ff8c1000000 - 0x00007ff8c1029000 	C:\Program Files\Android\Android Studio\jre\bin\java.dll
0x00007ff8d4a90000 - 0x00007ff8d4a9b000 	C:\Program Files\Android\Android Studio\jre\bin\jimage.dll
0x00007ff8b38e0000 - 0x00007ff8b38f8000 	C:\Program Files\Android\Android Studio\jre\bin\zip.dll
0x00007ff8e5ba0000 - 0x00007ff8e634f000 	C:\WINDOWS\System32\SHELL32.dll
0x00007ff8e2180000 - 0x00007ff8e29e8000 	C:\WINDOWS\SYSTEM32\windows.storage.dll
0x00007ff8e63e0000 - 0x00007ff8e6758000 	C:\WINDOWS\System32\combase.dll
0x00007ff8e2010000 - 0x00007ff8e2176000 	C:\WINDOWS\SYSTEM32\wintypes.dll
0x00007ff8e5440000 - 0x00007ff8e552a000 	C:\WINDOWS\System32\SHCORE.dll
0x00007ff8e6920000 - 0x00007ff8e697d000 	C:\WINDOWS\System32\shlwapi.dll
0x00007ff8e3f40000 - 0x00007ff8e3f61000 	C:\WINDOWS\SYSTEM32\profapi.dll
0x00007ff8b38c0000 - 0x00007ff8b38da000 	C:\Program Files\Android\Android Studio\jre\bin\net.dll
0x00007ff8dcaf0000 - 0x00007ff8dcbfc000 	C:\WINDOWS\SYSTEM32\WINHTTP.dll
0x00007ff8e3540000 - 0x00007ff8e35a7000 	C:\WINDOWS\system32\mswsock.dll
0x00007ff8b38a0000 - 0x00007ff8b38b4000 	C:\Program Files\Android\Android Studio\jre\bin\nio.dll
0x00007ff8d73d0000 - 0x00007ff8d73f7000 	C:\Users\ACER\.gradle\native\e1d6ef7f7dcc3fd88c89a11ec53ec762bb8ba0a96d01ffa2cd45eb1d1d8dd5c5\windows-amd64\native-platform.dll
0x00007ff8b9950000 - 0x00007ff8b9a94000 	C:\Users\ACER\.gradle\native\5664cfc778a61ccfe75a443a1ab52a65af34e5dc3c78e0209fed803814484fcb\windows-amd64\native-platform-file-events.dll
0x00007ff8d4a70000 - 0x00007ff8d4a7a000 	C:\Program Files\Android\Android Studio\jre\bin\management.dll
0x00007ff8c1ac0000 - 0x00007ff8c1acd000 	C:\Program Files\Android\Android Studio\jre\bin\management_ext.dll
0x00007ff8e3780000 - 0x00007ff8e3798000 	C:\WINDOWS\SYSTEM32\CRYPTSP.dll
0x00007ff8e3070000 - 0x00007ff8e30a5000 	C:\WINDOWS\system32\rsaenh.dll
0x00007ff8e3630000 - 0x00007ff8e3659000 	C:\WINDOWS\SYSTEM32\USERENV.dll
0x00007ff8e3900000 - 0x00007ff8e3927000 	C:\WINDOWS\SYSTEM32\bcrypt.dll
0x00007ff8e37a0000 - 0x00007ff8e37ac000 	C:\WINDOWS\SYSTEM32\CRYPTBASE.dll
0x00007ff8e2c80000 - 0x00007ff8e2cad000 	C:\WINDOWS\SYSTEM32\IPHLPAPI.DLL
0x00007ff8e5260000 - 0x00007ff8e5269000 	C:\WINDOWS\System32\NSI.dll
0x00007ff8dcab0000 - 0x00007ff8dcac9000 	C:\WINDOWS\SYSTEM32\dhcpcsvc6.DLL
0x00007ff8dd610000 - 0x00007ff8dd62e000 	C:\WINDOWS\SYSTEM32\dhcpcsvc.DLL
0x00007ff8e2cb0000 - 0x00007ff8e2d98000 	C:\WINDOWS\SYSTEM32\DNSAPI.dll

dbghelp: loaded successfully - version: 4.0.5 - missing functions: none
symbol engine: initialized successfully - sym options: 0x614 - pdb path: .;C:\Program Files\Android\Android Studio\jre\bin;C:\WINDOWS\SYSTEM32;C:\WINDOWS\WinSxS\amd64_microsoft.windows.common-controls_6595b64144ccf1df_6.0.22000.120_none_9d947278b86cc467;C:\Program Files\Android\Android Studio\jre\bin\server;C:\Users\ACER\.gradle\native\e1d6ef7f7dcc3fd88c89a11ec53ec762bb8ba0a96d01ffa2cd45eb1d1d8dd5c5\windows-amd64;C:\Users\ACER\.gradle\native\5664cfc778a61ccfe75a443a1ab52a65af34e5dc3c78e0209fed803814484fcb\windows-amd64

VM Arguments:
jvm_args: --add-opens=java.base/java.util=ALL-UNNAMED --add-opens=java.base/java.lang=ALL-UNNAMED --add-opens=java.base/java.lang.invoke=ALL-UNNAMED --add-opens=java.base/java.util=ALL-UNNAMED --add-opens=java.prefs/java.util.prefs=ALL-UNNAMED --add-opens=java.prefs/java.util.prefs=ALL-UNNAMED --add-opens=java.base/java.nio.charset=ALL-UNNAMED --add-opens=java.base/java.net=ALL-UNNAMED --add-opens=java.base/java.util.concurrent.atomic=ALL-UNNAMED -Xmx2048m -Dfile.encoding=UTF-8 -Duser.country=ID -Duser.language=en -Duser.variant 
java_command: org.gradle.launcher.daemon.bootstrap.GradleDaemon 7.2
java_class_path (initial): C:\Users\ACER\.gradle\wrapper\dists\gradle-7.2-bin\2dnblmf4td7x66yl1d74lt32g\gradle-7.2\lib\gradle-launcher-7.2.jar
Launcher Type: SUN_STANDARD

[Global flags]
     intx CICompilerCount                          = 4                                         {product} {ergonomic}
     uint ConcGCThreads                            = 2                                         {product} {ergonomic}
     uint G1ConcRefinementThreads                  = 8                                         {product} {ergonomic}
   size_t G1HeapRegionSize                         = 1048576                                   {product} {ergonomic}
    uintx GCDrainStackTargetSize                   = 64                                        {product} {ergonomic}
   size_t InitialHeapSize                          = 58720256                                  {product} {ergonomic}
   size_t MarkStackSize                            = 4194304                                   {product} {ergonomic}
   size_t MaxHeapSize                              = 2147483648                                {product} {command line}
   size_t MaxNewSize                               = 1287651328                                {product} {ergonomic}
   size_t MinHeapDeltaBytes                        = 1048576                                   {product} {ergonomic}
    uintx NonNMethodCodeHeapSize                   = 5836300                                {pd product} {ergonomic}
    uintx NonProfiledCodeHeapSize                  = 122910970                              {pd product} {ergonomic}
    uintx ProfiledCodeHeapSize                     = 122910970                              {pd product} {ergonomic}
    uintx ReservedCodeCacheSize                    = 251658240                              {pd product} {ergonomic}
     bool SegmentedCodeCache                       = true                                      {product} {ergonomic}
     bool UseCompressedClassPointers               = true                                 {lp64_product} {ergonomic}
     bool UseCompressedOops                        = true                                 {lp64_product} {ergonomic}
     bool UseG1GC                                  = true                                      {product} {ergonomic}
     bool UseLargePagesIndividualAllocation        = false                                  {pd product} {ergonomic}

Logging:
Log output configuration:
 #0: stdout all=warning uptime,level,tags
 #1: stderr all=off uptime,level,tags

Environment Variables:
PATH=C:\Program Files\Common Files\Oracle\Java\javapath;C:\Program Files (x86)\Common Files\Oracle\Java\javapath;C:\WINDOWS\system32;C:\WINDOWS;C:\WINDOWS\System32\Wbem;C:\WINDOWS\System32\WindowsPowerShell\v1.0\;C:\WINDOWS\System32\OpenSSH\;C:\MinGW\bin;C:\Program Files\Microsoft VS Code\bin;C:\Program Files\nodejs\;C:\Program Files\Java\jdk-18.0.1.1\bin;C:\Program Files\Java\jdk-18.0.1.1\bin;C:\Program Files\Git\cmd;C:\Users\ACER\AppData\Local\Microsoft\WindowsApps;C:\Users\ACER\AppData\Roaming\npm;C:\Users\ACER\AppData\Local\GitHubDesktop\bin;C:\ProgramData\ACER\GitHubDesktop\bin
USERNAME=ACER
OS=Windows_NT
PROCESSOR_IDENTIFIER=AMD64 Family 23 Model 24 Stepping 1, AuthenticAMD



---------------  S Y S T E M  ---------------

OS: Windows 10 , 64 bit Build 22000 (10.0.22000.675)
OS uptime: 0 days 6:10 hours

CPU:total 8 (initial active 8) (8 cores per cpu, 2 threads per core) family 23 model 24 stepping 1 microcode 0x0, cmov, cx8, fxsr, mmx, sse, sse2, sse3, ssse3, sse4.1, sse4.2, popcnt, avx, avx2, aes, clmul, mmxext, 3dnowpref, lzcnt, sse4a, ht, tsc, tscinvbit, tscinv, bmi1, bmi2, adx, sha, fma

Memory: 4k page, system-wide physical 3514M (18M free)
TotalPageFile size 14266M (AvailPageFile size 24M)
current process WorkingSet (physical memory assigned to process): 196M, peak: 236M
current process commit charge ("private bytes"): 546M, peak: 685M

vm_info: OpenJDK 64-Bit Server VM (11.0.12+7-b1504.28-7817840) for windows-amd64 JRE (11.0.12+7-b1504.28-7817840), built on Oct 13 2021 22:12:33 by "builder" with MS VC++ 14.0 (VS2015)

END.
